11-Jan-2017 01:08:53.736 INFO [main] org.apache.catalina.startup.VersionLoggerListener.log Server version:        Apache Tomcat/8.0.24
11-Jan-2017 01:08:53.737 INFO [main] org.apache.catalina.startup.VersionLoggerListener.log Server built:          Jul 1 2015 20:19:55 UTC
11-Jan-2017 01:08:53.738 INFO [main] org.apache.catalina.startup.VersionLoggerListener.log Server number:         8.0.24.0
11-Jan-2017 01:08:53.738 INFO [main] org.apache.catalina.startup.VersionLoggerListener.log OS Name:               Mac OS X
11-Jan-2017 01:08:53.738 INFO [main] org.apache.catalina.startup.VersionLoggerListener.log OS Version:            10.12.2
11-Jan-2017 01:08:53.738 INFO [main] org.apache.catalina.startup.VersionLoggerListener.log Architecture:          x86_64
11-Jan-2017 01:08:53.738 INFO [main] org.apache.catalina.startup.VersionLoggerListener.log Java Home:             /Library/Java/JavaVirtualMachines/jdk1.8.0_111.jdk/Contents/Home/jre
11-Jan-2017 01:08:53.738 INFO [main] org.apache.catalina.startup.VersionLoggerListener.log JVM Version:           1.8.0_111-b14
11-Jan-2017 01:08:53.738 INFO [main] org.apache.catalina.startup.VersionLoggerListener.log JVM Vendor:            Oracle Corporation
11-Jan-2017 01:08:53.738 INFO [main] org.apache.catalina.startup.VersionLoggerListener.log CATALINA_BASE:         /Users/agabaisaac/iot/mist-framework/mist-camunda-tomcat/server/apache-tomcat-8.0.24
11-Jan-2017 01:08:53.739 INFO [main] org.apache.catalina.startup.VersionLoggerListener.log CATALINA_HOME:         /Users/agabaisaac/iot/mist-framework/mist-camunda-tomcat/server/apache-tomcat-8.0.24
11-Jan-2017 01:08:53.739 INFO [main] org.apache.catalina.startup.VersionLoggerListener.log Command line argument: -Djava.util.logging.config.file=./server/apache-tomcat-8.0.24/conf/logging.properties
11-Jan-2017 01:08:53.739 INFO [main] org.apache.catalina.startup.VersionLoggerListener.log Command line argument: -Djava.util.logging.manager=org.apache.juli.ClassLoaderLogManager
11-Jan-2017 01:08:53.740 INFO [main] org.apache.catalina.startup.VersionLoggerListener.log Command line argument: -Xmx512m
11-Jan-2017 01:08:53.740 INFO [main] org.apache.catalina.startup.VersionLoggerListener.log Command line argument: -XX:MaxPermSize=256m
11-Jan-2017 01:08:53.740 INFO [main] org.apache.catalina.startup.VersionLoggerListener.log Command line argument: -XX:PermSize=256m
11-Jan-2017 01:08:53.740 INFO [main] org.apache.catalina.startup.VersionLoggerListener.log Command line argument: -Djava.endorsed.dirs=./server/apache-tomcat-8.0.24/endorsed
11-Jan-2017 01:08:53.740 INFO [main] org.apache.catalina.startup.VersionLoggerListener.log Command line argument: -Dcatalina.base=./server/apache-tomcat-8.0.24
11-Jan-2017 01:08:53.740 INFO [main] org.apache.catalina.startup.VersionLoggerListener.log Command line argument: -Dcatalina.home=./server/apache-tomcat-8.0.24
11-Jan-2017 01:08:53.740 INFO [main] org.apache.catalina.startup.VersionLoggerListener.log Command line argument: -Djava.io.tmpdir=./server/apache-tomcat-8.0.24/temp
11-Jan-2017 01:08:53.741 INFO [main] org.apache.catalina.core.AprLifecycleListener.lifecycleEvent The APR based Apache Tomcat Native library which allows optimal performance in production environments was not found on the java.library.path: /Users/agabaisaac/Library/Java/Extensions:/Library/Java/Extensions:/Network/Library/Java/Extensions:/System/Library/Java/Extensions:/usr/lib/java:.
11-Jan-2017 01:08:53.932 INFO [main] org.apache.coyote.AbstractProtocol.init Initializing ProtocolHandler ["http-nio-8080"]
11-Jan-2017 01:08:53.974 INFO [main] org.apache.tomcat.util.net.NioSelectorPool.getSharedSelector Using a shared selector for servlet write/read
11-Jan-2017 01:08:53.977 INFO [main] org.apache.coyote.AbstractProtocol.init Initializing ProtocolHandler ["ajp-nio-8009"]
11-Jan-2017 01:08:53.978 INFO [main] org.apache.tomcat.util.net.NioSelectorPool.getSharedSelector Using a shared selector for servlet write/read
11-Jan-2017 01:08:53.979 INFO [main] org.apache.catalina.startup.Catalina.load Initialization processed in 730 ms
11-Jan-2017 01:08:54.006 WARNING [main] org.apache.tomcat.jdbc.pool.ConnectionPool.init maxIdle is larger than maxActive, setting maxIdle to: 20
11-Jan-2017 01:08:56.495 INFO [main] org.camunda.commons.logging.BaseLogger.logInfo ENGINE-08046 Found camunda bpm platform configuration in CATALINA_BASE/CATALINA_HOME conf directory [/Users/agabaisaac/iot/mist-framework/mist-camunda-tomcat/server/apache-tomcat-8.0.24/conf/bpm-platform.xml] at 'file:/Users/agabaisaac/iot/mist-framework/mist-camunda-tomcat/server/apache-tomcat-8.0.24/conf/bpm-platform.xml'
11-Jan-2017 01:08:56.678 INFO [main] org.camunda.commons.logging.BaseLogger.logInfo ENGINE-12003 Plugin 'ProcessApplicationEventListenerPlugin' activated on process engine 'default'
11-Jan-2017 01:08:56.682 INFO [main] org.camunda.commons.logging.BaseLogger.logInfo ENGINE-12003 Plugin 'SpinProcessEnginePlugin' activated on process engine 'default'
11-Jan-2017 01:08:56.686 INFO [main] org.camunda.commons.logging.BaseLogger.logInfo SPIN-01010 Discovered Spin data format provider: org.camunda.spin.impl.json.jackson.format.JacksonJsonDataFormatProvider[name = application/json]
11-Jan-2017 01:08:56.843 INFO [main] org.camunda.commons.logging.BaseLogger.logInfo SPIN-01010 Discovered Spin data format provider: org.camunda.spin.impl.xml.dom.format.DomXmlDataFormatProvider[name = application/xml]
11-Jan-2017 01:08:56.864 INFO [main] org.camunda.commons.logging.BaseLogger.logInfo SPIN-01009 Discovered Spin data format: org.camunda.spin.impl.xml.dom.format.DomXmlDataFormat[name = application/xml]
11-Jan-2017 01:08:56.864 INFO [main] org.camunda.commons.logging.BaseLogger.logInfo SPIN-01009 Discovered Spin data format: org.camunda.spin.impl.json.jackson.format.JacksonJsonDataFormat[name = application/json]
11-Jan-2017 01:08:56.864 INFO [main] org.camunda.commons.logging.BaseLogger.logInfo ENGINE-12003 Plugin 'ConnectProcessEnginePlugin' activated on process engine 'default'
11-Jan-2017 01:08:57.084 INFO [main] org.camunda.commons.logging.BaseLogger.logInfo CNCT-01004 Discovered provider for connector id 'http-connector' and class 'org.camunda.connect.httpclient.impl.HttpConnectorImpl': 'org.camunda.connect.httpclient.impl.HttpConnectorProviderImpl'
11-Jan-2017 01:08:57.086 INFO [main] org.camunda.commons.logging.BaseLogger.logInfo CNCT-01004 Discovered provider for connector id 'soap-http-connector' and class 'org.camunda.connect.httpclient.soap.impl.SoapHttpConnectorImpl': 'org.camunda.connect.httpclient.soap.impl.SoapHttpConnectorProviderImpl'
11-Jan-2017 01:08:59.070 INFO [main] org.camunda.commons.logging.BaseLogger.logInfo ENGINE-00001 Process Engine default created.
11-Jan-2017 01:08:59.071 INFO [main] org.camunda.commons.logging.BaseLogger.logInfo ENGINE-14014 Starting up the JobExecutor[org.camunda.bpm.engine.impl.jobexecutor.RuntimeContainerJobExecutor].
11-Jan-2017 01:08:59.073 INFO [Thread-6] org.camunda.commons.logging.BaseLogger.logInfo ENGINE-14018 JobExecutor[org.camunda.bpm.engine.impl.jobexecutor.RuntimeContainerJobExecutor] starting to acquire jobs
11-Jan-2017 01:09:04.087 INFO [main] org.camunda.commons.logging.BaseLogger.logInfo ENGINE-08048 Camunda BPM platform sucessfully started at 'Apache Tomcat/8.0.24'.
11-Jan-2017 01:09:04.099 INFO [main] org.apache.catalina.core.StandardService.startInternal Starting service Catalina
11-Jan-2017 01:09:04.100 INFO [main] org.apache.catalina.core.StandardEngine.startInternal Starting Servlet Engine: Apache Tomcat/8.0.24
11-Jan-2017 01:09:04.123 INFO [localhost-startStop-1] org.apache.catalina.startup.HostConfig.deployWAR Deploying web application archive /Users/agabaisaac/iot/mist-framework/mist-camunda-tomcat/server/apache-tomcat-8.0.24/webapps/mistBpmn.war
11-Jan-2017 01:09:05.514 INFO [localhost-startStop-1] org.camunda.commons.logging.BaseLogger.logInfo ENGINE-07015 Detected @ProcessApplication class 'ee.ut.mobilelab.mistbpmn.InstantiateProcessByMessageDelegate'
11-Jan-2017 01:09:05.550 INFO [localhost-startStop-1] org.apache.jasper.servlet.TldScanner.scanJars At least one JAR was scanned for TLDs yet contained no TLDs. Enable debug logging for this logger for a complete list of JARs that were scanned but no TLDs were found in them. Skipping unneeded JARs during scanning can improve startup time and JSP compilation time.
11-Jan-2017 01:09:05.587 INFO [localhost-startStop-1] org.camunda.commons.logging.BaseLogger.logInfo ENGINE-08024 Found processes.xml file at file:/Users/agabaisaac/iot/mist-framework/mist-camunda-tomcat/server/apache-tomcat-8.0.24/webapps/mistBpmn/WEB-INF/classes/META-INF/processes.xml
11-Jan-2017 01:09:05.603 INFO [localhost-startStop-1] org.camunda.commons.logging.BaseLogger.logInfo ENGINE-08023 Deployment summary for process archive 'ut-mist-camunda': 

        message_start_process.bpmn

11-Jan-2017 01:09:06.277 INFO [localhost-startStop-1] org.camunda.commons.logging.BaseLogger.logInfo ENGINE-07021 ProcessApplication 'UT Mist Camunda App' registered for DB deployments [e1f18845-33d2-11e6-b73e-b827eb5fc0fd, bcd6b3a0-cf71-11e6-a944-acde48001122, d0623bc3-33d8-11e6-a1b0-b827eb5fc0fd, 9deea0f4-d127-11e6-838d-acde48001122, d038d192-cfba-11e6-a944-acde48001122, 5f4f4dbf-cfbd-11e6-a944-acde48001122, 27c43c73-33c3-11e6-b73e-b827eb5fc0fd, b017fc03-cf94-11e6-a944-acde48001122, 6a1214fa-33d1-11e6-b73e-b827eb5fc0fd, 9a58f2df-33d5-11e6-b73e-b827eb5fc0fd, abfa69b9-cf5a-11e6-a187-acde48001122, 5f960ba0-d126-11e6-838d-acde48001122, 5ffc14c0-33bd-11e6-b73e-b827eb5fc0fd]. Will execute process definitions 

        Instantiating_Process[version: 4, id: Instantiating_Process:4:e20bee1c-33d2-11e6-b73e-b827eb5fc0fd]
        Message_Start_Process[version: 4, id: Message_Start_Process:4:e20a195a-33d2-11e6-b73e-b827eb5fc0fd]
        Message_Start_Process[version: 8, id: Message_Start_Process:8:bcd8d682-cf71-11e6-a944-acde48001122]
        Instantiating_Process[version: 6, id: Instantiating_Process:6:d07cc8aa-33d8-11e6-a1b0-b827eb5fc0fd]
        Message_Start_Process[version: 6, id: Message_Start_Process:6:d07a7eb8-33d8-11e6-a1b0-b827eb5fc0fd]
        Message_Start_Process[version: 13, id: Message_Start_Process:13:9df09cc6-d127-11e6-838d-acde48001122]
        Message_Start_Process[version: 10, id: Message_Start_Process:10:d03af474-cfba-11e6-a944-acde48001122]
        Message_Start_Process[version: 11, id: Message_Start_Process:11:5f50fb71-cfbd-11e6-a944-acde48001122]
        Instantiating_Process[version: 2, id: Instantiating_Process:2:27fe383a-33c3-11e6-b73e-b827eb5fc0fd]
        Message_Start_Process[version: 2, id: Message_Start_Process:2:27fc6378-33c3-11e6-b73e-b827eb5fc0fd]
        Message_Start_Process[version: 9, id: Message_Start_Process:9:b01a9416-cf94-11e6-a944-acde48001122]
        Instantiating_Process[version: 3, id: Instantiating_Process:3:6a4cd411-33d1-11e6-b73e-b827eb5fc0fd]
        Message_Start_Process[version: 3, id: Message_Start_Process:3:6a4ab12f-33d1-11e6-b73e-b827eb5fc0fd]
        Instantiating_Process[version: 5, id: Instantiating_Process:5:9a783ab6-33d5-11e6-b73e-b827eb5fc0fd]
        Message_Start_Process[version: 5, id: Message_Start_Process:5:9a76db24-33d5-11e6-b73e-b827eb5fc0fd]
        Message_Start_Process[version: 7, id: Message_Start_Process:7:abfe133b-cf5a-11e6-a187-acde48001122]
        Message_Start_Process[version: 12, id: Message_Start_Process:12:5f982e82-d126-11e6-838d-acde48001122]
        Instantiating_Process[version: 1, id: Instantiating_Process:1:60265917-33bd-11e6-b73e-b827eb5fc0fd]
        Message_Start_Process[version: 1, id: Message_Start_Process:1:60240f25-33bd-11e6-b73e-b827eb5fc0fd]
Deployment does not provide any case definitions.
11-Jan-2017 01:09:06.283 INFO [localhost-startStop-1] org.camunda.commons.logging.BaseLogger.logInfo SPIN-01010 Discovered Spin data format provider: org.camunda.spin.impl.json.jackson.format.JacksonJsonDataFormatProvider[name = application/json]
11-Jan-2017 01:09:06.283 INFO [localhost-startStop-1] org.camunda.commons.logging.BaseLogger.logInfo SPIN-01010 Discovered Spin data format provider: org.camunda.spin.impl.xml.dom.format.DomXmlDataFormatProvider[name = application/xml]
11-Jan-2017 01:09:06.284 INFO [localhost-startStop-1] org.camunda.commons.logging.BaseLogger.logInfo SPIN-01009 Discovered Spin data format: org.camunda.spin.impl.xml.dom.format.DomXmlDataFormat[name = application/xml]
11-Jan-2017 01:09:06.285 INFO [localhost-startStop-1] org.camunda.commons.logging.BaseLogger.logInfo SPIN-01009 Discovered Spin data format: org.camunda.spin.impl.json.jackson.format.JacksonJsonDataFormat[name = application/json]
11-Jan-2017 01:09:06.286 INFO [localhost-startStop-1] org.camunda.commons.logging.BaseLogger.logInfo ENGINE-08050 Process application UT Mist Camunda App successfully deployed
11-Jan-2017 01:09:06.327 INFO [localhost-startStop-1] org.apache.catalina.startup.HostConfig.deployWAR Deployment of web application archive /Users/agabaisaac/iot/mist-framework/mist-camunda-tomcat/server/apache-tomcat-8.0.24/webapps/mistBpmn.war has finished in 2,203 ms
11-Jan-2017 01:09:06.328 INFO [localhost-startStop-1] org.apache.catalina.startup.HostConfig.deployDirectory Deploying web application directory /Users/agabaisaac/iot/mist-framework/mist-camunda-tomcat/server/apache-tomcat-8.0.24/webapps/camunda
11-Jan-2017 01:09:07.762 INFO [localhost-startStop-1] org.apache.jasper.servlet.TldScanner.scanJars At least one JAR was scanned for TLDs yet contained no TLDs. Enable debug logging for this logger for a complete list of JARs that were scanned but no TLDs were found in them. Skipping unneeded JARs during scanning can improve startup time and JSP compilation time.
11-Jan-2017 01:09:08.054 INFO [localhost-startStop-1] org.apache.catalina.startup.HostConfig.deployDirectory Deployment of web application directory /Users/agabaisaac/iot/mist-framework/mist-camunda-tomcat/server/apache-tomcat-8.0.24/webapps/camunda has finished in 1,726 ms
11-Jan-2017 01:09:08.054 INFO [localhost-startStop-1] org.apache.catalina.startup.HostConfig.deployDirectory Deploying web application directory /Users/agabaisaac/iot/mist-framework/mist-camunda-tomcat/server/apache-tomcat-8.0.24/webapps/camunda-welcome
11-Jan-2017 01:09:09.234 INFO [localhost-startStop-1] org.apache.jasper.servlet.TldScanner.scanJars At least one JAR was scanned for TLDs yet contained no TLDs. Enable debug logging for this logger for a complete list of JARs that were scanned but no TLDs were found in them. Skipping unneeded JARs during scanning can improve startup time and JSP compilation time.
11-Jan-2017 01:09:09.237 INFO [localhost-startStop-1] org.apache.catalina.startup.HostConfig.deployDirectory Deployment of web application directory /Users/agabaisaac/iot/mist-framework/mist-camunda-tomcat/server/apache-tomcat-8.0.24/webapps/camunda-welcome has finished in 1,183 ms
11-Jan-2017 01:09:09.237 INFO [localhost-startStop-1] org.apache.catalina.startup.HostConfig.deployDirectory Deploying web application directory /Users/agabaisaac/iot/mist-framework/mist-camunda-tomcat/server/apache-tomcat-8.0.24/webapps/engine-rest
11-Jan-2017 01:09:10.674 INFO [localhost-startStop-1] org.apache.jasper.servlet.TldScanner.scanJars At least one JAR was scanned for TLDs yet contained no TLDs. Enable debug logging for this logger for a complete list of JARs that were scanned but no TLDs were found in them. Skipping unneeded JARs during scanning can improve startup time and JSP compilation time.
11-Jan-2017 01:09:10.803 INFO [localhost-startStop-1] org.jboss.resteasy.logging.impl.Slf4jLogger.info Deploying javax.ws.rs.core.Application: class org.camunda.bpm.engine.rest.impl.application.DefaultApplication
11-Jan-2017 01:09:10.923 INFO [localhost-startStop-1] org.apache.catalina.startup.HostConfig.deployDirectory Deployment of web application directory /Users/agabaisaac/iot/mist-framework/mist-camunda-tomcat/server/apache-tomcat-8.0.24/webapps/engine-rest has finished in 1,686 ms
11-Jan-2017 01:09:10.926 INFO [localhost-startStop-1] org.apache.catalina.startup.HostConfig.deployDirectory Deploying web application directory /Users/agabaisaac/iot/mist-framework/mist-camunda-tomcat/server/apache-tomcat-8.0.24/webapps/h2
11-Jan-2017 01:09:11.985 INFO [localhost-startStop-1] org.apache.jasper.servlet.TldScanner.scanJars At least one JAR was scanned for TLDs yet contained no TLDs. Enable debug logging for this logger for a complete list of JARs that were scanned but no TLDs were found in them. Skipping unneeded JARs during scanning can improve startup time and JSP compilation time.
11-Jan-2017 01:09:16.994 INFO [localhost-startStop-1] org.apache.catalina.startup.HostConfig.deployDirectory Deployment of web application directory /Users/agabaisaac/iot/mist-framework/mist-camunda-tomcat/server/apache-tomcat-8.0.24/webapps/h2 has finished in 6,068 ms
11-Jan-2017 01:09:16.995 INFO [localhost-startStop-1] org.apache.catalina.startup.HostConfig.deployDirectory Deploying web application directory /Users/agabaisaac/iot/mist-framework/mist-camunda-tomcat/server/apache-tomcat-8.0.24/webapps/host-manager
11-Jan-2017 01:09:18.042 INFO [localhost-startStop-1] org.apache.jasper.servlet.TldScanner.scanJars At least one JAR was scanned for TLDs yet contained no TLDs. Enable debug logging for this logger for a complete list of JARs that were scanned but no TLDs were found in them. Skipping unneeded JARs during scanning can improve startup time and JSP compilation time.
11-Jan-2017 01:09:18.047 INFO [localhost-startStop-1] org.apache.catalina.startup.HostConfig.deployDirectory Deployment of web application directory /Users/agabaisaac/iot/mist-framework/mist-camunda-tomcat/server/apache-tomcat-8.0.24/webapps/host-manager has finished in 1,051 ms
11-Jan-2017 01:09:18.047 INFO [localhost-startStop-1] org.apache.catalina.startup.HostConfig.deployDirectory Deploying web application directory /Users/agabaisaac/iot/mist-framework/mist-camunda-tomcat/server/apache-tomcat-8.0.24/webapps/manager
11-Jan-2017 01:09:19.040 INFO [localhost-startStop-1] org.apache.jasper.servlet.TldScanner.scanJars At least one JAR was scanned for TLDs yet contained no TLDs. Enable debug logging for this logger for a complete list of JARs that were scanned but no TLDs were found in them. Skipping unneeded JARs during scanning can improve startup time and JSP compilation time.
11-Jan-2017 01:09:19.126 INFO [localhost-startStop-1] org.apache.catalina.startup.HostConfig.deployDirectory Deployment of web application directory /Users/agabaisaac/iot/mist-framework/mist-camunda-tomcat/server/apache-tomcat-8.0.24/webapps/manager has finished in 1,078 ms
11-Jan-2017 01:09:19.126 INFO [localhost-startStop-1] org.apache.catalina.startup.HostConfig.deployDirectory Deploying web application directory /Users/agabaisaac/iot/mist-framework/mist-camunda-tomcat/server/apache-tomcat-8.0.24/webapps/ROOT
11-Jan-2017 01:09:20.120 INFO [localhost-startStop-1] org.apache.jasper.servlet.TldScanner.scanJars At least one JAR was scanned for TLDs yet contained no TLDs. Enable debug logging for this logger for a complete list of JARs that were scanned but no TLDs were found in them. Skipping unneeded JARs during scanning can improve startup time and JSP compilation time.
11-Jan-2017 01:09:20.122 INFO [localhost-startStop-1] org.apache.catalina.startup.HostConfig.deployDirectory Deployment of web application directory /Users/agabaisaac/iot/mist-framework/mist-camunda-tomcat/server/apache-tomcat-8.0.24/webapps/ROOT has finished in 995 ms
11-Jan-2017 01:09:20.125 INFO [main] org.apache.coyote.AbstractProtocol.start Starting ProtocolHandler ["http-nio-8080"]
11-Jan-2017 01:09:20.132 INFO [main] org.apache.coyote.AbstractProtocol.start Starting ProtocolHandler ["ajp-nio-8009"]
11-Jan-2017 01:09:20.133 INFO [main] org.apache.catalina.startup.Catalina.start Server startup in 26153 ms
11-Jan-2017 22:38:33.414 INFO [main] org.apache.catalina.startup.VersionLoggerListener.log Server version:        Apache Tomcat/8.0.24
11-Jan-2017 22:38:33.416 INFO [main] org.apache.catalina.startup.VersionLoggerListener.log Server built:          Jul 1 2015 20:19:55 UTC
11-Jan-2017 22:38:33.416 INFO [main] org.apache.catalina.startup.VersionLoggerListener.log Server number:         8.0.24.0
11-Jan-2017 22:38:33.416 INFO [main] org.apache.catalina.startup.VersionLoggerListener.log OS Name:               Mac OS X
11-Jan-2017 22:38:33.416 INFO [main] org.apache.catalina.startup.VersionLoggerListener.log OS Version:            10.12.2
11-Jan-2017 22:38:33.416 INFO [main] org.apache.catalina.startup.VersionLoggerListener.log Architecture:          x86_64
11-Jan-2017 22:38:33.416 INFO [main] org.apache.catalina.startup.VersionLoggerListener.log Java Home:             /Library/Java/JavaVirtualMachines/jdk1.8.0_111.jdk/Contents/Home/jre
11-Jan-2017 22:38:33.416 INFO [main] org.apache.catalina.startup.VersionLoggerListener.log JVM Version:           1.8.0_111-b14
11-Jan-2017 22:38:33.416 INFO [main] org.apache.catalina.startup.VersionLoggerListener.log JVM Vendor:            Oracle Corporation
11-Jan-2017 22:38:33.416 INFO [main] org.apache.catalina.startup.VersionLoggerListener.log CATALINA_BASE:         /Users/agabaisaac/iot/mist-framework/mist-camunda-tomcat/server/apache-tomcat-8.0.24
11-Jan-2017 22:38:33.417 INFO [main] org.apache.catalina.startup.VersionLoggerListener.log CATALINA_HOME:         /Users/agabaisaac/iot/mist-framework/mist-camunda-tomcat/server/apache-tomcat-8.0.24
11-Jan-2017 22:38:33.417 INFO [main] org.apache.catalina.startup.VersionLoggerListener.log Command line argument: -Djava.util.logging.config.file=./server/apache-tomcat-8.0.24/conf/logging.properties
11-Jan-2017 22:38:33.418 INFO [main] org.apache.catalina.startup.VersionLoggerListener.log Command line argument: -Djava.util.logging.manager=org.apache.juli.ClassLoaderLogManager
11-Jan-2017 22:38:33.418 INFO [main] org.apache.catalina.startup.VersionLoggerListener.log Command line argument: -Xmx512m
11-Jan-2017 22:38:33.418 INFO [main] org.apache.catalina.startup.VersionLoggerListener.log Command line argument: -XX:MaxPermSize=256m
11-Jan-2017 22:38:33.418 INFO [main] org.apache.catalina.startup.VersionLoggerListener.log Command line argument: -XX:PermSize=256m
11-Jan-2017 22:38:33.418 INFO [main] org.apache.catalina.startup.VersionLoggerListener.log Command line argument: -Djava.endorsed.dirs=./server/apache-tomcat-8.0.24/endorsed
11-Jan-2017 22:38:33.418 INFO [main] org.apache.catalina.startup.VersionLoggerListener.log Command line argument: -Dcatalina.base=./server/apache-tomcat-8.0.24
11-Jan-2017 22:38:33.418 INFO [main] org.apache.catalina.startup.VersionLoggerListener.log Command line argument: -Dcatalina.home=./server/apache-tomcat-8.0.24
11-Jan-2017 22:38:33.418 INFO [main] org.apache.catalina.startup.VersionLoggerListener.log Command line argument: -Djava.io.tmpdir=./server/apache-tomcat-8.0.24/temp
11-Jan-2017 22:38:33.419 INFO [main] org.apache.catalina.core.AprLifecycleListener.lifecycleEvent The APR based Apache Tomcat Native library which allows optimal performance in production environments was not found on the java.library.path: /Users/agabaisaac/Library/Java/Extensions:/Library/Java/Extensions:/Network/Library/Java/Extensions:/System/Library/Java/Extensions:/usr/lib/java:.
11-Jan-2017 22:38:33.628 INFO [main] org.apache.coyote.AbstractProtocol.init Initializing ProtocolHandler ["http-nio-8080"]
11-Jan-2017 22:38:33.664 SEVERE [main] org.apache.coyote.AbstractProtocol.init Failed to initialize end point associated with ProtocolHandler ["http-nio-8080"]
 java.net.BindException: Address already in use
	at sun.nio.ch.Net.bind0(Native Method)
	at sun.nio.ch.Net.bind(Net.java:433)
	at sun.nio.ch.Net.bind(Net.java:425)
	at sun.nio.ch.ServerSocketChannelImpl.bind(ServerSocketChannelImpl.java:223)
	at sun.nio.ch.ServerSocketAdaptor.bind(ServerSocketAdaptor.java:74)
	at org.apache.tomcat.util.net.NioEndpoint.bind(NioEndpoint.java:339)
	at org.apache.tomcat.util.net.AbstractEndpoint.init(AbstractEndpoint.java:737)
	at org.apache.coyote.AbstractProtocol.init(AbstractProtocol.java:457)
	at org.apache.coyote.http11.AbstractHttp11JsseProtocol.init(AbstractHttp11JsseProtocol.java:120)
	at org.apache.catalina.connector.Connector.initInternal(Connector.java:960)
	at org.apache.catalina.util.LifecycleBase.init(LifecycleBase.java:102)
	at org.apache.catalina.core.StandardService.initInternal(StandardService.java:567)
	at org.apache.catalina.util.LifecycleBase.init(LifecycleBase.java:102)
	at org.apache.catalina.core.StandardServer.initInternal(StandardServer.java:851)
	at org.apache.catalina.util.LifecycleBase.init(LifecycleBase.java:102)
	at org.apache.catalina.startup.Catalina.load(Catalina.java:576)
	at org.apache.catalina.startup.Catalina.load(Catalina.java:599)
	at sun.reflect.NativeMethodAccessorImpl.invoke0(Native Method)
	at sun.reflect.NativeMethodAccessorImpl.invoke(NativeMethodAccessorImpl.java:62)
	at sun.reflect.DelegatingMethodAccessorImpl.invoke(DelegatingMethodAccessorImpl.java:43)
	at java.lang.reflect.Method.invoke(Method.java:498)
	at org.apache.catalina.startup.Bootstrap.load(Bootstrap.java:310)
	at org.apache.catalina.startup.Bootstrap.main(Bootstrap.java:484)

11-Jan-2017 22:38:33.665 SEVERE [main] org.apache.catalina.core.StandardService.initInternal Failed to initialize connector [Connector[HTTP/1.1-8080]]
 org.apache.catalina.LifecycleException: Failed to initialize component [Connector[HTTP/1.1-8080]]
	at org.apache.catalina.util.LifecycleBase.init(LifecycleBase.java:106)
	at org.apache.catalina.core.StandardService.initInternal(StandardService.java:567)
	at org.apache.catalina.util.LifecycleBase.init(LifecycleBase.java:102)
	at org.apache.catalina.core.StandardServer.initInternal(StandardServer.java:851)
	at org.apache.catalina.util.LifecycleBase.init(LifecycleBase.java:102)
	at org.apache.catalina.startup.Catalina.load(Catalina.java:576)
	at org.apache.catalina.startup.Catalina.load(Catalina.java:599)
	at sun.reflect.NativeMethodAccessorImpl.invoke0(Native Method)
	at sun.reflect.NativeMethodAccessorImpl.invoke(NativeMethodAccessorImpl.java:62)
	at sun.reflect.DelegatingMethodAccessorImpl.invoke(DelegatingMethodAccessorImpl.java:43)
	at java.lang.reflect.Method.invoke(Method.java:498)
	at org.apache.catalina.startup.Bootstrap.load(Bootstrap.java:310)
	at org.apache.catalina.startup.Bootstrap.main(Bootstrap.java:484)
Caused by: org.apache.catalina.LifecycleException: Protocol handler initialization failed
	at org.apache.catalina.connector.Connector.initInternal(Connector.java:962)
	at org.apache.catalina.util.LifecycleBase.init(LifecycleBase.java:102)
	... 12 more
Caused by: java.net.BindException: Address already in use
	at sun.nio.ch.Net.bind0(Native Method)
	at sun.nio.ch.Net.bind(Net.java:433)
	at sun.nio.ch.Net.bind(Net.java:425)
	at sun.nio.ch.ServerSocketChannelImpl.bind(ServerSocketChannelImpl.java:223)
	at sun.nio.ch.ServerSocketAdaptor.bind(ServerSocketAdaptor.java:74)
	at org.apache.tomcat.util.net.NioEndpoint.bind(NioEndpoint.java:339)
	at org.apache.tomcat.util.net.AbstractEndpoint.init(AbstractEndpoint.java:737)
	at org.apache.coyote.AbstractProtocol.init(AbstractProtocol.java:457)
	at org.apache.coyote.http11.AbstractHttp11JsseProtocol.init(AbstractHttp11JsseProtocol.java:120)
	at org.apache.catalina.connector.Connector.initInternal(Connector.java:960)
	... 13 more

11-Jan-2017 22:38:33.666 INFO [main] org.apache.coyote.AbstractProtocol.init Initializing ProtocolHandler ["ajp-nio-8009"]
11-Jan-2017 22:38:33.667 SEVERE [main] org.apache.coyote.AbstractProtocol.init Failed to initialize end point associated with ProtocolHandler ["ajp-nio-8009"]
 java.net.BindException: Address already in use
	at sun.nio.ch.Net.bind0(Native Method)
	at sun.nio.ch.Net.bind(Net.java:433)
	at sun.nio.ch.Net.bind(Net.java:425)
	at sun.nio.ch.ServerSocketChannelImpl.bind(ServerSocketChannelImpl.java:223)
	at sun.nio.ch.ServerSocketAdaptor.bind(ServerSocketAdaptor.java:74)
	at org.apache.tomcat.util.net.NioEndpoint.bind(NioEndpoint.java:339)
	at org.apache.tomcat.util.net.AbstractEndpoint.init(AbstractEndpoint.java:737)
	at org.apache.coyote.AbstractProtocol.init(AbstractProtocol.java:457)
	at org.apache.catalina.connector.Connector.initInternal(Connector.java:960)
	at org.apache.catalina.util.LifecycleBase.init(LifecycleBase.java:102)
	at org.apache.catalina.core.StandardService.initInternal(StandardService.java:567)
	at org.apache.catalina.util.LifecycleBase.init(LifecycleBase.java:102)
	at org.apache.catalina.core.StandardServer.initInternal(StandardServer.java:851)
	at org.apache.catalina.util.LifecycleBase.init(LifecycleBase.java:102)
	at org.apache.catalina.startup.Catalina.load(Catalina.java:576)
	at org.apache.catalina.startup.Catalina.load(Catalina.java:599)
	at sun.reflect.NativeMethodAccessorImpl.invoke0(Native Method)
	at sun.reflect.NativeMethodAccessorImpl.invoke(NativeMethodAccessorImpl.java:62)
	at sun.reflect.DelegatingMethodAccessorImpl.invoke(DelegatingMethodAccessorImpl.java:43)
	at java.lang.reflect.Method.invoke(Method.java:498)
	at org.apache.catalina.startup.Bootstrap.load(Bootstrap.java:310)
	at org.apache.catalina.startup.Bootstrap.main(Bootstrap.java:484)

11-Jan-2017 22:38:33.667 SEVERE [main] org.apache.catalina.core.StandardService.initInternal Failed to initialize connector [Connector[AJP/1.3-8009]]
 org.apache.catalina.LifecycleException: Failed to initialize component [Connector[AJP/1.3-8009]]
	at org.apache.catalina.util.LifecycleBase.init(LifecycleBase.java:106)
	at org.apache.catalina.core.StandardService.initInternal(StandardService.java:567)
	at org.apache.catalina.util.LifecycleBase.init(LifecycleBase.java:102)
	at org.apache.catalina.core.StandardServer.initInternal(StandardServer.java:851)
	at org.apache.catalina.util.LifecycleBase.init(LifecycleBase.java:102)
	at org.apache.catalina.startup.Catalina.load(Catalina.java:576)
	at org.apache.catalina.startup.Catalina.load(Catalina.java:599)
	at sun.reflect.NativeMethodAccessorImpl.invoke0(Native Method)
	at sun.reflect.NativeMethodAccessorImpl.invoke(NativeMethodAccessorImpl.java:62)
	at sun.reflect.DelegatingMethodAccessorImpl.invoke(DelegatingMethodAccessorImpl.java:43)
	at java.lang.reflect.Method.invoke(Method.java:498)
	at org.apache.catalina.startup.Bootstrap.load(Bootstrap.java:310)
	at org.apache.catalina.startup.Bootstrap.main(Bootstrap.java:484)
Caused by: org.apache.catalina.LifecycleException: Protocol handler initialization failed
	at org.apache.catalina.connector.Connector.initInternal(Connector.java:962)
	at org.apache.catalina.util.LifecycleBase.init(LifecycleBase.java:102)
	... 12 more
Caused by: java.net.BindException: Address already in use
	at sun.nio.ch.Net.bind0(Native Method)
	at sun.nio.ch.Net.bind(Net.java:433)
	at sun.nio.ch.Net.bind(Net.java:425)
	at sun.nio.ch.ServerSocketChannelImpl.bind(ServerSocketChannelImpl.java:223)
	at sun.nio.ch.ServerSocketAdaptor.bind(ServerSocketAdaptor.java:74)
	at org.apache.tomcat.util.net.NioEndpoint.bind(NioEndpoint.java:339)
	at org.apache.tomcat.util.net.AbstractEndpoint.init(AbstractEndpoint.java:737)
	at org.apache.coyote.AbstractProtocol.init(AbstractProtocol.java:457)
	at org.apache.catalina.connector.Connector.initInternal(Connector.java:960)
	... 13 more

11-Jan-2017 22:38:33.668 INFO [main] org.apache.catalina.startup.Catalina.load Initialization processed in 807 ms
11-Jan-2017 22:38:33.699 WARNING [main] org.apache.tomcat.jdbc.pool.ConnectionPool.init maxIdle is larger than maxActive, setting maxIdle to: 20
11-Jan-2017 22:38:35.788 SEVERE [main] org.apache.tomcat.jdbc.pool.ConnectionPool.init Unable to create initial connections of pool.
 org.h2.jdbc.JdbcSQLException: Database may be already in use: "Locked by another process". Possible solutions: close all other connection(s); use the server mode [90020-168]
	at org.h2.message.DbException.getJdbcSQLException(DbException.java:329)
	at org.h2.message.DbException.get(DbException.java:169)
	at org.h2.message.DbException.get(DbException.java:146)
	at org.h2.store.FileLock.getExceptionAlreadyInUse(FileLock.java:441)
	at org.h2.store.FileLock.lockFile(FileLock.java:337)
	at org.h2.store.FileLock.lock(FileLock.java:129)
	at org.h2.engine.Database.open(Database.java:542)
	at org.h2.engine.Database.openDatabase(Database.java:222)
	at org.h2.engine.Database.<init>(Database.java:217)
	at org.h2.engine.Engine.openSession(Engine.java:56)
	at org.h2.engine.Engine.openSession(Engine.java:159)
	at org.h2.engine.Engine.createSessionAndValidate(Engine.java:138)
	at org.h2.engine.Engine.createSession(Engine.java:121)
	at org.h2.engine.Engine.createSession(Engine.java:28)
	at org.h2.engine.SessionRemote.connectEmbeddedOrServer(SessionRemote.java:305)
	at org.h2.jdbc.JdbcConnection.<init>(JdbcConnection.java:108)
	at org.h2.jdbc.JdbcConnection.<init>(JdbcConnection.java:92)
	at org.h2.Driver.connect(Driver.java:72)
	at org.apache.tomcat.jdbc.pool.PooledConnection.connectUsingDriver(PooledConnection.java:307)
	at org.apache.tomcat.jdbc.pool.PooledConnection.connect(PooledConnection.java:200)
	at org.apache.tomcat.jdbc.pool.ConnectionPool.createConnection(ConnectionPool.java:699)
	at org.apache.tomcat.jdbc.pool.ConnectionPool.borrowConnection(ConnectionPool.java:633)
	at org.apache.tomcat.jdbc.pool.ConnectionPool.init(ConnectionPool.java:484)
	at org.apache.tomcat.jdbc.pool.ConnectionPool.<init>(ConnectionPool.java:142)
	at org.apache.tomcat.jdbc.pool.DataSourceProxy.pCreatePool(DataSourceProxy.java:115)
	at org.apache.tomcat.jdbc.pool.DataSourceProxy.createPool(DataSourceProxy.java:102)
	at org.apache.tomcat.jdbc.pool.DataSourceFactory.createDataSource(DataSourceFactory.java:553)
	at org.apache.tomcat.jdbc.pool.DataSourceFactory.getObjectInstance(DataSourceFactory.java:241)
	at org.apache.naming.factory.FactoryBase.getObjectInstance(FactoryBase.java:94)
	at javax.naming.spi.NamingManager.getObjectInstance(NamingManager.java:321)
	at org.apache.naming.NamingContext.lookup(NamingContext.java:841)
	at org.apache.naming.NamingContext.lookup(NamingContext.java:152)
	at org.apache.naming.NamingContext.lookup(NamingContext.java:829)
	at org.apache.naming.NamingContext.lookup(NamingContext.java:166)
	at org.apache.catalina.core.NamingContextListener.addResource(NamingContextListener.java:1084)
	at org.apache.catalina.core.NamingContextListener.createNamingContext(NamingContextListener.java:663)
	at org.apache.catalina.core.NamingContextListener.lifecycleEvent(NamingContextListener.java:256)
	at org.apache.catalina.util.LifecycleSupport.fireLifecycleEvent(LifecycleSupport.java:117)
	at org.apache.catalina.util.LifecycleBase.fireLifecycleEvent(LifecycleBase.java:90)
	at org.apache.catalina.core.StandardServer.startInternal(StandardServer.java:761)
	at org.apache.catalina.util.LifecycleBase.start(LifecycleBase.java:150)
	at org.apache.catalina.startup.Catalina.start(Catalina.java:625)
	at sun.reflect.NativeMethodAccessorImpl.invoke0(Native Method)
	at sun.reflect.NativeMethodAccessorImpl.invoke(NativeMethodAccessorImpl.java:62)
	at sun.reflect.DelegatingMethodAccessorImpl.invoke(DelegatingMethodAccessorImpl.java:43)
	at java.lang.reflect.Method.invoke(Method.java:498)
	at org.apache.catalina.startup.Bootstrap.start(Bootstrap.java:351)
	at org.apache.catalina.startup.Bootstrap.main(Bootstrap.java:485)

11-Jan-2017 22:38:35.790 WARNING [main] org.apache.naming.NamingContext.lookup Unexpected exception resolving reference
 org.h2.jdbc.JdbcSQLException: Database may be already in use: "Locked by another process". Possible solutions: close all other connection(s); use the server mode [90020-168]
	at org.h2.message.DbException.getJdbcSQLException(DbException.java:329)
	at org.h2.message.DbException.get(DbException.java:169)
	at org.h2.message.DbException.get(DbException.java:146)
	at org.h2.store.FileLock.getExceptionAlreadyInUse(FileLock.java:441)
	at org.h2.store.FileLock.lockFile(FileLock.java:337)
	at org.h2.store.FileLock.lock(FileLock.java:129)
	at org.h2.engine.Database.open(Database.java:542)
	at org.h2.engine.Database.openDatabase(Database.java:222)
	at org.h2.engine.Database.<init>(Database.java:217)
	at org.h2.engine.Engine.openSession(Engine.java:56)
	at org.h2.engine.Engine.openSession(Engine.java:159)
	at org.h2.engine.Engine.createSessionAndValidate(Engine.java:138)
	at org.h2.engine.Engine.createSession(Engine.java:121)
	at org.h2.engine.Engine.createSession(Engine.java:28)
	at org.h2.engine.SessionRemote.connectEmbeddedOrServer(SessionRemote.java:305)
	at org.h2.jdbc.JdbcConnection.<init>(JdbcConnection.java:108)
	at org.h2.jdbc.JdbcConnection.<init>(JdbcConnection.java:92)
	at org.h2.Driver.connect(Driver.java:72)
	at org.apache.tomcat.jdbc.pool.PooledConnection.connectUsingDriver(PooledConnection.java:307)
	at org.apache.tomcat.jdbc.pool.PooledConnection.connect(PooledConnection.java:200)
	at org.apache.tomcat.jdbc.pool.ConnectionPool.createConnection(ConnectionPool.java:699)
	at org.apache.tomcat.jdbc.pool.ConnectionPool.borrowConnection(ConnectionPool.java:633)
	at org.apache.tomcat.jdbc.pool.ConnectionPool.init(ConnectionPool.java:484)
	at org.apache.tomcat.jdbc.pool.ConnectionPool.<init>(ConnectionPool.java:142)
	at org.apache.tomcat.jdbc.pool.DataSourceProxy.pCreatePool(DataSourceProxy.java:115)
	at org.apache.tomcat.jdbc.pool.DataSourceProxy.createPool(DataSourceProxy.java:102)
	at org.apache.tomcat.jdbc.pool.DataSourceFactory.createDataSource(DataSourceFactory.java:553)
	at org.apache.tomcat.jdbc.pool.DataSourceFactory.getObjectInstance(DataSourceFactory.java:241)
	at org.apache.naming.factory.FactoryBase.getObjectInstance(FactoryBase.java:94)
	at javax.naming.spi.NamingManager.getObjectInstance(NamingManager.java:321)
	at org.apache.naming.NamingContext.lookup(NamingContext.java:841)
	at org.apache.naming.NamingContext.lookup(NamingContext.java:152)
	at org.apache.naming.NamingContext.lookup(NamingContext.java:829)
	at org.apache.naming.NamingContext.lookup(NamingContext.java:166)
	at org.apache.catalina.core.NamingContextListener.addResource(NamingContextListener.java:1084)
	at org.apache.catalina.core.NamingContextListener.createNamingContext(NamingContextListener.java:663)
	at org.apache.catalina.core.NamingContextListener.lifecycleEvent(NamingContextListener.java:256)
	at org.apache.catalina.util.LifecycleSupport.fireLifecycleEvent(LifecycleSupport.java:117)
	at org.apache.catalina.util.LifecycleBase.fireLifecycleEvent(LifecycleBase.java:90)
	at org.apache.catalina.core.StandardServer.startInternal(StandardServer.java:761)
	at org.apache.catalina.util.LifecycleBase.start(LifecycleBase.java:150)
	at org.apache.catalina.startup.Catalina.start(Catalina.java:625)
	at sun.reflect.NativeMethodAccessorImpl.invoke0(Native Method)
	at sun.reflect.NativeMethodAccessorImpl.invoke(NativeMethodAccessorImpl.java:62)
	at sun.reflect.DelegatingMethodAccessorImpl.invoke(DelegatingMethodAccessorImpl.java:43)
	at java.lang.reflect.Method.invoke(Method.java:498)
	at org.apache.catalina.startup.Bootstrap.start(Bootstrap.java:351)
	at org.apache.catalina.startup.Bootstrap.main(Bootstrap.java:485)

11-Jan-2017 22:38:35.790 WARNING [main] org.apache.catalina.core.NamingContextListener.addResource Failed to register in JMX: javax.naming.NamingException: Database may be already in use: "Locked by another process". Possible solutions: close all other connection(s); use the server mode [90020-168]
11-Jan-2017 22:38:35.810 INFO [main] org.camunda.commons.logging.BaseLogger.logInfo ENGINE-08046 Found camunda bpm platform configuration in CATALINA_BASE/CATALINA_HOME conf directory [/Users/agabaisaac/iot/mist-framework/mist-camunda-tomcat/server/apache-tomcat-8.0.24/conf/bpm-platform.xml] at 'file:/Users/agabaisaac/iot/mist-framework/mist-camunda-tomcat/server/apache-tomcat-8.0.24/conf/bpm-platform.xml'
11-Jan-2017 22:38:36.028 INFO [main] org.camunda.commons.logging.BaseLogger.logInfo ENGINE-12003 Plugin 'ProcessApplicationEventListenerPlugin' activated on process engine 'default'
11-Jan-2017 22:38:36.035 INFO [main] org.camunda.commons.logging.BaseLogger.logInfo ENGINE-12003 Plugin 'SpinProcessEnginePlugin' activated on process engine 'default'
11-Jan-2017 22:38:36.041 INFO [main] org.camunda.commons.logging.BaseLogger.logInfo SPIN-01010 Discovered Spin data format provider: org.camunda.spin.impl.json.jackson.format.JacksonJsonDataFormatProvider[name = application/json]
11-Jan-2017 22:38:36.234 INFO [main] org.camunda.commons.logging.BaseLogger.logInfo SPIN-01010 Discovered Spin data format provider: org.camunda.spin.impl.xml.dom.format.DomXmlDataFormatProvider[name = application/xml]
11-Jan-2017 22:38:36.258 INFO [main] org.camunda.commons.logging.BaseLogger.logInfo SPIN-01009 Discovered Spin data format: org.camunda.spin.impl.xml.dom.format.DomXmlDataFormat[name = application/xml]
11-Jan-2017 22:38:36.258 INFO [main] org.camunda.commons.logging.BaseLogger.logInfo SPIN-01009 Discovered Spin data format: org.camunda.spin.impl.json.jackson.format.JacksonJsonDataFormat[name = application/json]
11-Jan-2017 22:38:36.258 INFO [main] org.camunda.commons.logging.BaseLogger.logInfo ENGINE-12003 Plugin 'ConnectProcessEnginePlugin' activated on process engine 'default'
11-Jan-2017 22:38:36.434 INFO [main] org.camunda.commons.logging.BaseLogger.logInfo CNCT-01004 Discovered provider for connector id 'http-connector' and class 'org.camunda.connect.httpclient.impl.HttpConnectorImpl': 'org.camunda.connect.httpclient.impl.HttpConnectorProviderImpl'
11-Jan-2017 22:38:36.437 INFO [main] org.camunda.commons.logging.BaseLogger.logInfo CNCT-01004 Discovered provider for connector id 'soap-http-connector' and class 'org.camunda.connect.httpclient.soap.impl.SoapHttpConnectorImpl': 'org.camunda.connect.httpclient.soap.impl.SoapHttpConnectorProviderImpl'
11-Jan-2017 22:38:36.656 WARNING [main] org.apache.tomcat.jdbc.pool.ConnectionPool.init maxIdle is larger than maxActive, setting maxIdle to: 20
11-Jan-2017 22:38:38.659 SEVERE [main] org.apache.tomcat.jdbc.pool.ConnectionPool.init Unable to create initial connections of pool.
 org.h2.jdbc.JdbcSQLException: Database may be already in use: "Locked by another process". Possible solutions: close all other connection(s); use the server mode [90020-168]
	at org.h2.message.DbException.getJdbcSQLException(DbException.java:329)
	at org.h2.message.DbException.get(DbException.java:169)
	at org.h2.message.DbException.get(DbException.java:146)
	at org.h2.store.FileLock.getExceptionAlreadyInUse(FileLock.java:441)
	at org.h2.store.FileLock.lockFile(FileLock.java:337)
	at org.h2.store.FileLock.lock(FileLock.java:129)
	at org.h2.engine.Database.open(Database.java:542)
	at org.h2.engine.Database.openDatabase(Database.java:222)
	at org.h2.engine.Database.<init>(Database.java:217)
	at org.h2.engine.Engine.openSession(Engine.java:56)
	at org.h2.engine.Engine.openSession(Engine.java:159)
	at org.h2.engine.Engine.createSessionAndValidate(Engine.java:138)
	at org.h2.engine.Engine.createSession(Engine.java:121)
	at org.h2.engine.Engine.createSession(Engine.java:28)
	at org.h2.engine.SessionRemote.connectEmbeddedOrServer(SessionRemote.java:305)
	at org.h2.jdbc.JdbcConnection.<init>(JdbcConnection.java:108)
	at org.h2.jdbc.JdbcConnection.<init>(JdbcConnection.java:92)
	at org.h2.Driver.connect(Driver.java:72)
	at org.apache.tomcat.jdbc.pool.PooledConnection.connectUsingDriver(PooledConnection.java:307)
	at org.apache.tomcat.jdbc.pool.PooledConnection.connect(PooledConnection.java:200)
	at org.apache.tomcat.jdbc.pool.ConnectionPool.createConnection(ConnectionPool.java:699)
	at org.apache.tomcat.jdbc.pool.ConnectionPool.borrowConnection(ConnectionPool.java:633)
	at org.apache.tomcat.jdbc.pool.ConnectionPool.init(ConnectionPool.java:484)
	at org.apache.tomcat.jdbc.pool.ConnectionPool.<init>(ConnectionPool.java:142)
	at org.apache.tomcat.jdbc.pool.DataSourceProxy.pCreatePool(DataSourceProxy.java:115)
	at org.apache.tomcat.jdbc.pool.DataSourceProxy.createPool(DataSourceProxy.java:102)
	at org.apache.tomcat.jdbc.pool.DataSourceFactory.createDataSource(DataSourceFactory.java:553)
	at org.apache.tomcat.jdbc.pool.DataSourceFactory.getObjectInstance(DataSourceFactory.java:241)
	at org.apache.naming.factory.FactoryBase.getObjectInstance(FactoryBase.java:94)
	at javax.naming.spi.NamingManager.getObjectInstance(NamingManager.java:321)
	at org.apache.naming.NamingContext.lookup(NamingContext.java:841)
	at org.apache.naming.NamingContext.lookup(NamingContext.java:152)
	at org.apache.naming.NamingContext.lookup(NamingContext.java:829)
	at org.apache.naming.NamingContext.lookup(NamingContext.java:166)
	at org.apache.naming.SelectorContext.lookup(SelectorContext.java:157)
	at javax.naming.InitialContext.lookup(InitialContext.java:417)
	at org.camunda.bpm.engine.impl.cfg.ProcessEngineConfigurationImpl.initDataSource(ProcessEngineConfigurationImpl.java:843)
	at org.camunda.bpm.engine.impl.cfg.ProcessEngineConfigurationImpl.init(ProcessEngineConfigurationImpl.java:647)
	at org.camunda.bpm.engine.impl.cfg.ProcessEngineConfigurationImpl.buildProcessEngine(ProcessEngineConfigurationImpl.java:612)
	at org.camunda.bpm.container.impl.jmx.services.JmxManagedProcessEngineController.start(JmxManagedProcessEngineController.java:34)
	at org.camunda.bpm.container.impl.jmx.MBeanServiceContainer.startService(MBeanServiceContainer.java:73)
	at org.camunda.bpm.container.impl.jmx.MBeanServiceContainer.startService(MBeanServiceContainer.java:59)
	at org.camunda.bpm.container.impl.deployment.StartProcessEngineStep.performOperationStep(StartProcessEngineStep.java:119)
	at org.camunda.bpm.container.impl.spi.DeploymentOperation.execute(DeploymentOperation.java:114)
	at org.camunda.bpm.container.impl.jmx.MBeanServiceContainer.executeDeploymentOperation(MBeanServiceContainer.java:156)
	at org.camunda.bpm.container.impl.spi.DeploymentOperation$DeploymentOperationBuilder.execute(DeploymentOperation.java:203)
	at org.camunda.bpm.container.impl.tomcat.TomcatBpmPlatformBootstrap.deployBpmPlatform(TomcatBpmPlatformBootstrap.java:72)
	at org.camunda.bpm.container.impl.tomcat.TomcatBpmPlatformBootstrap.lifecycleEvent(TomcatBpmPlatformBootstrap.java:57)
	at org.apache.catalina.util.LifecycleSupport.fireLifecycleEvent(LifecycleSupport.java:117)
	at org.apache.catalina.util.LifecycleBase.fireLifecycleEvent(LifecycleBase.java:90)
	at org.apache.catalina.util.LifecycleBase.setStateInternal(LifecycleBase.java:402)
	at org.apache.catalina.util.LifecycleBase.setState(LifecycleBase.java:347)
	at org.apache.catalina.core.StandardServer.startInternal(StandardServer.java:762)
	at org.apache.catalina.util.LifecycleBase.start(LifecycleBase.java:150)
	at org.apache.catalina.startup.Catalina.start(Catalina.java:625)
	at sun.reflect.NativeMethodAccessorImpl.invoke0(Native Method)
	at sun.reflect.NativeMethodAccessorImpl.invoke(NativeMethodAccessorImpl.java:62)
	at sun.reflect.DelegatingMethodAccessorImpl.invoke(DelegatingMethodAccessorImpl.java:43)
	at java.lang.reflect.Method.invoke(Method.java:498)
	at org.apache.catalina.startup.Bootstrap.start(Bootstrap.java:351)
	at org.apache.catalina.startup.Bootstrap.main(Bootstrap.java:485)

11-Jan-2017 22:38:38.660 WARNING [main] org.apache.naming.NamingContext.lookup Unexpected exception resolving reference
 org.h2.jdbc.JdbcSQLException: Database may be already in use: "Locked by another process". Possible solutions: close all other connection(s); use the server mode [90020-168]
	at org.h2.message.DbException.getJdbcSQLException(DbException.java:329)
	at org.h2.message.DbException.get(DbException.java:169)
	at org.h2.message.DbException.get(DbException.java:146)
	at org.h2.store.FileLock.getExceptionAlreadyInUse(FileLock.java:441)
	at org.h2.store.FileLock.lockFile(FileLock.java:337)
	at org.h2.store.FileLock.lock(FileLock.java:129)
	at org.h2.engine.Database.open(Database.java:542)
	at org.h2.engine.Database.openDatabase(Database.java:222)
	at org.h2.engine.Database.<init>(Database.java:217)
	at org.h2.engine.Engine.openSession(Engine.java:56)
	at org.h2.engine.Engine.openSession(Engine.java:159)
	at org.h2.engine.Engine.createSessionAndValidate(Engine.java:138)
	at org.h2.engine.Engine.createSession(Engine.java:121)
	at org.h2.engine.Engine.createSession(Engine.java:28)
	at org.h2.engine.SessionRemote.connectEmbeddedOrServer(SessionRemote.java:305)
	at org.h2.jdbc.JdbcConnection.<init>(JdbcConnection.java:108)
	at org.h2.jdbc.JdbcConnection.<init>(JdbcConnection.java:92)
	at org.h2.Driver.connect(Driver.java:72)
	at org.apache.tomcat.jdbc.pool.PooledConnection.connectUsingDriver(PooledConnection.java:307)
	at org.apache.tomcat.jdbc.pool.PooledConnection.connect(PooledConnection.java:200)
	at org.apache.tomcat.jdbc.pool.ConnectionPool.createConnection(ConnectionPool.java:699)
	at org.apache.tomcat.jdbc.pool.ConnectionPool.borrowConnection(ConnectionPool.java:633)
	at org.apache.tomcat.jdbc.pool.ConnectionPool.init(ConnectionPool.java:484)
	at org.apache.tomcat.jdbc.pool.ConnectionPool.<init>(ConnectionPool.java:142)
	at org.apache.tomcat.jdbc.pool.DataSourceProxy.pCreatePool(DataSourceProxy.java:115)
	at org.apache.tomcat.jdbc.pool.DataSourceProxy.createPool(DataSourceProxy.java:102)
	at org.apache.tomcat.jdbc.pool.DataSourceFactory.createDataSource(DataSourceFactory.java:553)
	at org.apache.tomcat.jdbc.pool.DataSourceFactory.getObjectInstance(DataSourceFactory.java:241)
	at org.apache.naming.factory.FactoryBase.getObjectInstance(FactoryBase.java:94)
	at javax.naming.spi.NamingManager.getObjectInstance(NamingManager.java:321)
	at org.apache.naming.NamingContext.lookup(NamingContext.java:841)
	at org.apache.naming.NamingContext.lookup(NamingContext.java:152)
	at org.apache.naming.NamingContext.lookup(NamingContext.java:829)
	at org.apache.naming.NamingContext.lookup(NamingContext.java:166)
	at org.apache.naming.SelectorContext.lookup(SelectorContext.java:157)
	at javax.naming.InitialContext.lookup(InitialContext.java:417)
	at org.camunda.bpm.engine.impl.cfg.ProcessEngineConfigurationImpl.initDataSource(ProcessEngineConfigurationImpl.java:843)
	at org.camunda.bpm.engine.impl.cfg.ProcessEngineConfigurationImpl.init(ProcessEngineConfigurationImpl.java:647)
	at org.camunda.bpm.engine.impl.cfg.ProcessEngineConfigurationImpl.buildProcessEngine(ProcessEngineConfigurationImpl.java:612)
	at org.camunda.bpm.container.impl.jmx.services.JmxManagedProcessEngineController.start(JmxManagedProcessEngineController.java:34)
	at org.camunda.bpm.container.impl.jmx.MBeanServiceContainer.startService(MBeanServiceContainer.java:73)
	at org.camunda.bpm.container.impl.jmx.MBeanServiceContainer.startService(MBeanServiceContainer.java:59)
	at org.camunda.bpm.container.impl.deployment.StartProcessEngineStep.performOperationStep(StartProcessEngineStep.java:119)
	at org.camunda.bpm.container.impl.spi.DeploymentOperation.execute(DeploymentOperation.java:114)
	at org.camunda.bpm.container.impl.jmx.MBeanServiceContainer.executeDeploymentOperation(MBeanServiceContainer.java:156)
	at org.camunda.bpm.container.impl.spi.DeploymentOperation$DeploymentOperationBuilder.execute(DeploymentOperation.java:203)
	at org.camunda.bpm.container.impl.tomcat.TomcatBpmPlatformBootstrap.deployBpmPlatform(TomcatBpmPlatformBootstrap.java:72)
	at org.camunda.bpm.container.impl.tomcat.TomcatBpmPlatformBootstrap.lifecycleEvent(TomcatBpmPlatformBootstrap.java:57)
	at org.apache.catalina.util.LifecycleSupport.fireLifecycleEvent(LifecycleSupport.java:117)
	at org.apache.catalina.util.LifecycleBase.fireLifecycleEvent(LifecycleBase.java:90)
	at org.apache.catalina.util.LifecycleBase.setStateInternal(LifecycleBase.java:402)
	at org.apache.catalina.util.LifecycleBase.setState(LifecycleBase.java:347)
	at org.apache.catalina.core.StandardServer.startInternal(StandardServer.java:762)
	at org.apache.catalina.util.LifecycleBase.start(LifecycleBase.java:150)
	at org.apache.catalina.startup.Catalina.start(Catalina.java:625)
	at sun.reflect.NativeMethodAccessorImpl.invoke0(Native Method)
	at sun.reflect.NativeMethodAccessorImpl.invoke(NativeMethodAccessorImpl.java:62)
	at sun.reflect.DelegatingMethodAccessorImpl.invoke(DelegatingMethodAccessorImpl.java:43)
	at java.lang.reflect.Method.invoke(Method.java:498)
	at org.apache.catalina.startup.Bootstrap.start(Bootstrap.java:351)
	at org.apache.catalina.startup.Bootstrap.main(Bootstrap.java:485)

11-Jan-2017 22:38:38.661 SEVERE [main] org.apache.catalina.startup.Catalina.start The required Server component failed to start so Tomcat is unable to start.
 org.apache.catalina.LifecycleException: Failed to start component [StandardServer[8005]]
	at org.apache.catalina.util.LifecycleBase.start(LifecycleBase.java:154)
	at org.apache.catalina.startup.Catalina.start(Catalina.java:625)
	at sun.reflect.NativeMethodAccessorImpl.invoke0(Native Method)
	at sun.reflect.NativeMethodAccessorImpl.invoke(NativeMethodAccessorImpl.java:62)
	at sun.reflect.DelegatingMethodAccessorImpl.invoke(DelegatingMethodAccessorImpl.java:43)
	at java.lang.reflect.Method.invoke(Method.java:498)
	at org.apache.catalina.startup.Bootstrap.start(Bootstrap.java:351)
	at org.apache.catalina.startup.Bootstrap.main(Bootstrap.java:485)
Caused by: org.camunda.bpm.engine.ProcessEngineException: ENGINE-08043 Exception while performing 'deploy BPM platform' => 'Start process engine default': couldn't lookup datasource from java:jdbc/ProcessEngine: Database may be already in use: "Locked by another process". Possible solutions: close all other connection(s); use the server mode [90020-168]
	at org.camunda.bpm.container.impl.ContainerIntegrationLogger.exceptionWhilePerformingOperationStep(ContainerIntegrationLogger.java:312)
	at org.camunda.bpm.container.impl.spi.DeploymentOperation.execute(DeploymentOperation.java:130)
	at org.camunda.bpm.container.impl.jmx.MBeanServiceContainer.executeDeploymentOperation(MBeanServiceContainer.java:156)
	at org.camunda.bpm.container.impl.spi.DeploymentOperation$DeploymentOperationBuilder.execute(DeploymentOperation.java:203)
	at org.camunda.bpm.container.impl.tomcat.TomcatBpmPlatformBootstrap.deployBpmPlatform(TomcatBpmPlatformBootstrap.java:72)
	at org.camunda.bpm.container.impl.tomcat.TomcatBpmPlatformBootstrap.lifecycleEvent(TomcatBpmPlatformBootstrap.java:57)
	at org.apache.catalina.util.LifecycleSupport.fireLifecycleEvent(LifecycleSupport.java:117)
	at org.apache.catalina.util.LifecycleBase.fireLifecycleEvent(LifecycleBase.java:90)
	at org.apache.catalina.util.LifecycleBase.setStateInternal(LifecycleBase.java:402)
	at org.apache.catalina.util.LifecycleBase.setState(LifecycleBase.java:347)
	at org.apache.catalina.core.StandardServer.startInternal(StandardServer.java:762)
	at org.apache.catalina.util.LifecycleBase.start(LifecycleBase.java:150)
	... 7 more
Caused by: org.camunda.bpm.engine.ProcessEngineException: couldn't lookup datasource from java:jdbc/ProcessEngine: Database may be already in use: "Locked by another process". Possible solutions: close all other connection(s); use the server mode [90020-168]
	at org.camunda.bpm.engine.impl.cfg.ProcessEngineConfigurationImpl.initDataSource(ProcessEngineConfigurationImpl.java:845)
	at org.camunda.bpm.engine.impl.cfg.ProcessEngineConfigurationImpl.init(ProcessEngineConfigurationImpl.java:647)
	at org.camunda.bpm.engine.impl.cfg.ProcessEngineConfigurationImpl.buildProcessEngine(ProcessEngineConfigurationImpl.java:612)
	at org.camunda.bpm.container.impl.jmx.services.JmxManagedProcessEngineController.start(JmxManagedProcessEngineController.java:34)
	at org.camunda.bpm.container.impl.jmx.MBeanServiceContainer.startService(MBeanServiceContainer.java:73)
	at org.camunda.bpm.container.impl.jmx.MBeanServiceContainer.startService(MBeanServiceContainer.java:59)
	at org.camunda.bpm.container.impl.deployment.StartProcessEngineStep.performOperationStep(StartProcessEngineStep.java:119)
	at org.camunda.bpm.container.impl.spi.DeploymentOperation.execute(DeploymentOperation.java:114)
	... 17 more
Caused by: javax.naming.NamingException: Database may be already in use: "Locked by another process". Possible solutions: close all other connection(s); use the server mode [90020-168]
	at org.apache.naming.NamingContext.lookup(NamingContext.java:858)
	at org.apache.naming.NamingContext.lookup(NamingContext.java:152)
	at org.apache.naming.NamingContext.lookup(NamingContext.java:829)
	at org.apache.naming.NamingContext.lookup(NamingContext.java:166)
	at org.apache.naming.SelectorContext.lookup(SelectorContext.java:157)
	at javax.naming.InitialContext.lookup(InitialContext.java:417)
	at org.camunda.bpm.engine.impl.cfg.ProcessEngineConfigurationImpl.initDataSource(ProcessEngineConfigurationImpl.java:843)
	... 24 more

11-Jan-2017 22:38:38.663 SEVERE [main] org.camunda.commons.logging.BaseLogger.logError ENGINE-08044 Exception while performing 'Stop managed thread pool': Cannot stop service org.camunda.bpm.platform:type=executor-service: no such service registered: service is null
 org.camunda.bpm.engine.exception.NullValueException: Cannot stop service org.camunda.bpm.platform:type=executor-service: no such service registered: service is null
	at sun.reflect.NativeConstructorAccessorImpl.newInstance0(Native Method)
	at sun.reflect.NativeConstructorAccessorImpl.newInstance(NativeConstructorAccessorImpl.java:62)
	at sun.reflect.DelegatingConstructorAccessorImpl.newInstance(DelegatingConstructorAccessorImpl.java:45)
	at java.lang.reflect.Constructor.newInstance(Constructor.java:423)
	at org.camunda.bpm.engine.impl.util.EnsureUtil.generateException(EnsureUtil.java:334)
	at org.camunda.bpm.engine.impl.util.EnsureUtil.ensureNotNull(EnsureUtil.java:49)
	at org.camunda.bpm.engine.impl.util.EnsureUtil.ensureNotNull(EnsureUtil.java:44)
	at org.camunda.bpm.container.impl.jmx.MBeanServiceContainer.stopService(MBeanServiceContainer.java:117)
	at org.camunda.bpm.container.impl.jmx.MBeanServiceContainer.stopService(MBeanServiceContainer.java:105)
	at org.camunda.bpm.container.impl.deployment.jobexecutor.StopManagedThreadPoolStep.performOperationStep(StopManagedThreadPoolStep.java:33)
	at org.camunda.bpm.container.impl.spi.DeploymentOperation.execute(DeploymentOperation.java:114)
	at org.camunda.bpm.container.impl.jmx.MBeanServiceContainer.executeDeploymentOperation(MBeanServiceContainer.java:156)
	at org.camunda.bpm.container.impl.spi.DeploymentOperation$DeploymentOperationBuilder.execute(DeploymentOperation.java:203)
	at org.camunda.bpm.container.impl.tomcat.TomcatBpmPlatformBootstrap.undeployBpmPlatform(TomcatBpmPlatformBootstrap.java:90)
	at org.camunda.bpm.container.impl.tomcat.TomcatBpmPlatformBootstrap.lifecycleEvent(TomcatBpmPlatformBootstrap.java:62)
	at org.apache.catalina.util.LifecycleSupport.fireLifecycleEvent(LifecycleSupport.java:117)
	at org.apache.catalina.util.LifecycleBase.fireLifecycleEvent(LifecycleBase.java:90)
	at org.apache.catalina.util.LifecycleBase.setStateInternal(LifecycleBase.java:402)
	at org.apache.catalina.util.LifecycleBase.setState(LifecycleBase.java:347)
	at org.apache.catalina.core.StandardServer.stopInternal(StandardServer.java:785)
	at org.apache.catalina.util.LifecycleBase.stop(LifecycleBase.java:232)
	at org.apache.catalina.util.LifecycleBase.destroy(LifecycleBase.java:272)
	at org.apache.catalina.startup.Catalina.start(Catalina.java:629)
	at sun.reflect.NativeMethodAccessorImpl.invoke0(Native Method)
	at sun.reflect.NativeMethodAccessorImpl.invoke(NativeMethodAccessorImpl.java:62)
	at sun.reflect.DelegatingMethodAccessorImpl.invoke(DelegatingMethodAccessorImpl.java:43)
	at java.lang.reflect.Method.invoke(Method.java:498)
	at org.apache.catalina.startup.Bootstrap.start(Bootstrap.java:351)
	at org.apache.catalina.startup.Bootstrap.main(Bootstrap.java:485)

11-Jan-2017 22:38:38.664 SEVERE [main] org.camunda.commons.logging.BaseLogger.logError ENGINE-08044 Exception while performing 'Unregistering BPM Platform Plugins': Cannot stop service org.camunda.bpm.platform:type=bpm-platform-plugins: no such service registered: service is null
 org.camunda.bpm.engine.exception.NullValueException: Cannot stop service org.camunda.bpm.platform:type=bpm-platform-plugins: no such service registered: service is null
	at sun.reflect.NativeConstructorAccessorImpl.newInstance0(Native Method)
	at sun.reflect.NativeConstructorAccessorImpl.newInstance(NativeConstructorAccessorImpl.java:62)
	at sun.reflect.DelegatingConstructorAccessorImpl.newInstance(DelegatingConstructorAccessorImpl.java:45)
	at java.lang.reflect.Constructor.newInstance(Constructor.java:423)
	at org.camunda.bpm.engine.impl.util.EnsureUtil.generateException(EnsureUtil.java:334)
	at org.camunda.bpm.engine.impl.util.EnsureUtil.ensureNotNull(EnsureUtil.java:49)
	at org.camunda.bpm.engine.impl.util.EnsureUtil.ensureNotNull(EnsureUtil.java:44)
	at org.camunda.bpm.container.impl.jmx.MBeanServiceContainer.stopService(MBeanServiceContainer.java:117)
	at org.camunda.bpm.container.impl.jmx.MBeanServiceContainer.stopService(MBeanServiceContainer.java:105)
	at org.camunda.bpm.container.impl.deployment.UnregisterBpmPlatformPluginsStep.performOperationStep(UnregisterBpmPlatformPluginsStep.java:33)
	at org.camunda.bpm.container.impl.spi.DeploymentOperation.execute(DeploymentOperation.java:114)
	at org.camunda.bpm.container.impl.jmx.MBeanServiceContainer.executeDeploymentOperation(MBeanServiceContainer.java:156)
	at org.camunda.bpm.container.impl.spi.DeploymentOperation$DeploymentOperationBuilder.execute(DeploymentOperation.java:203)
	at org.camunda.bpm.container.impl.tomcat.TomcatBpmPlatformBootstrap.undeployBpmPlatform(TomcatBpmPlatformBootstrap.java:90)
	at org.camunda.bpm.container.impl.tomcat.TomcatBpmPlatformBootstrap.lifecycleEvent(TomcatBpmPlatformBootstrap.java:62)
	at org.apache.catalina.util.LifecycleSupport.fireLifecycleEvent(LifecycleSupport.java:117)
	at org.apache.catalina.util.LifecycleBase.fireLifecycleEvent(LifecycleBase.java:90)
	at org.apache.catalina.util.LifecycleBase.setStateInternal(LifecycleBase.java:402)
	at org.apache.catalina.util.LifecycleBase.setState(LifecycleBase.java:347)
	at org.apache.catalina.core.StandardServer.stopInternal(StandardServer.java:785)
	at org.apache.catalina.util.LifecycleBase.stop(LifecycleBase.java:232)
	at org.apache.catalina.util.LifecycleBase.destroy(LifecycleBase.java:272)
	at org.apache.catalina.startup.Catalina.start(Catalina.java:629)
	at sun.reflect.NativeMethodAccessorImpl.invoke0(Native Method)
	at sun.reflect.NativeMethodAccessorImpl.invoke(NativeMethodAccessorImpl.java:62)
	at sun.reflect.DelegatingMethodAccessorImpl.invoke(DelegatingMethodAccessorImpl.java:43)
	at java.lang.reflect.Method.invoke(Method.java:498)
	at org.apache.catalina.startup.Bootstrap.start(Bootstrap.java:351)
	at org.apache.catalina.startup.Bootstrap.main(Bootstrap.java:485)

11-Jan-2017 22:38:38.665 INFO [main] org.camunda.commons.logging.BaseLogger.logInfo ENGINE-08049 Camunda BPM platform stopped at 'Apache Tomcat/8.0.24'
11-Jan-2017 22:38:38.665 WARNING [main] org.apache.catalina.util.LifecycleBase.destroy Calling stop() on failed component [StandardServer[8005]] to trigger clean-up did not complete.
 org.apache.catalina.LifecycleException: Failed to stop component [StandardServer[8005]]
	at org.apache.catalina.util.LifecycleBase.stop(LifecycleBase.java:236)
	at org.apache.catalina.util.LifecycleBase.destroy(LifecycleBase.java:272)
	at org.apache.catalina.startup.Catalina.start(Catalina.java:629)
	at sun.reflect.NativeMethodAccessorImpl.invoke0(Native Method)
	at sun.reflect.NativeMethodAccessorImpl.invoke(NativeMethodAccessorImpl.java:62)
	at sun.reflect.DelegatingMethodAccessorImpl.invoke(DelegatingMethodAccessorImpl.java:43)
	at java.lang.reflect.Method.invoke(Method.java:498)
	at org.apache.catalina.startup.Bootstrap.start(Bootstrap.java:351)
	at org.apache.catalina.startup.Bootstrap.main(Bootstrap.java:485)
Caused by: org.apache.catalina.LifecycleException: An invalid Lifecycle transition was attempted ([before_stop]) for component [StandardService[Catalina]] in state [INITIALIZED]
	at org.apache.catalina.util.LifecycleBase.invalidTransition(LifecycleBase.java:409)
	at org.apache.catalina.util.LifecycleBase.stop(LifecycleBase.java:219)
	at org.apache.catalina.core.StandardServer.stopInternal(StandardServer.java:790)
	at org.apache.catalina.util.LifecycleBase.stop(LifecycleBase.java:232)
	... 8 more

11-Jan-2017 22:38:38.666 INFO [main] org.apache.coyote.AbstractProtocol.stop Stopping ProtocolHandler ["http-nio-8080"]
11-Jan-2017 22:38:38.666 INFO [main] org.apache.coyote.AbstractProtocol.destroy Destroying ProtocolHandler ["http-nio-8080"]
11-Jan-2017 22:38:38.666 INFO [main] org.apache.coyote.AbstractProtocol.stop Stopping ProtocolHandler ["ajp-nio-8009"]
11-Jan-2017 22:38:38.667 INFO [main] org.apache.coyote.AbstractProtocol.destroy Destroying ProtocolHandler ["ajp-nio-8009"]
