14-Jun-2016 11:24:29.878 INFO [main] org.apache.catalina.startup.VersionLoggerListener.log Server version:        Apache Tomcat/8.0.24
14-Jun-2016 11:24:29.884 INFO [main] org.apache.catalina.startup.VersionLoggerListener.log Server built:          Jul 1 2015 20:19:55 UTC
14-Jun-2016 11:24:29.898 INFO [main] org.apache.catalina.startup.VersionLoggerListener.log Server number:         8.0.24.0
14-Jun-2016 11:24:29.899 INFO [main] org.apache.catalina.startup.VersionLoggerListener.log OS Name:               Linux
14-Jun-2016 11:24:29.899 INFO [main] org.apache.catalina.startup.VersionLoggerListener.log OS Version:            4.4.11-v7+
14-Jun-2016 11:24:29.901 INFO [main] org.apache.catalina.startup.VersionLoggerListener.log Architecture:          arm
14-Jun-2016 11:24:29.902 INFO [main] org.apache.catalina.startup.VersionLoggerListener.log Java Home:             /usr/lib/jvm/jdk-8-oracle-arm32-vfp-hflt/jre
14-Jun-2016 11:24:29.903 INFO [main] org.apache.catalina.startup.VersionLoggerListener.log JVM Version:           1.8.0_65-b17
14-Jun-2016 11:24:29.903 INFO [main] org.apache.catalina.startup.VersionLoggerListener.log JVM Vendor:            Oracle Corporation
14-Jun-2016 11:24:29.904 INFO [main] org.apache.catalina.startup.VersionLoggerListener.log CATALINA_BASE:         /home/pi/camunda-rasberry/server/apache-tomcat-8.0.24
14-Jun-2016 11:24:29.904 INFO [main] org.apache.catalina.startup.VersionLoggerListener.log CATALINA_HOME:         /home/pi/camunda-rasberry/server/apache-tomcat-8.0.24
14-Jun-2016 11:24:29.905 INFO [main] org.apache.catalina.startup.VersionLoggerListener.log Command line argument: -Djava.util.logging.config.file=./server/apache-tomcat-8.0.24/conf/logging.properties
14-Jun-2016 11:24:29.906 INFO [main] org.apache.catalina.startup.VersionLoggerListener.log Command line argument: -Djava.util.logging.manager=org.apache.juli.ClassLoaderLogManager
14-Jun-2016 11:24:29.907 INFO [main] org.apache.catalina.startup.VersionLoggerListener.log Command line argument: -Xmx512m
14-Jun-2016 11:24:29.907 INFO [main] org.apache.catalina.startup.VersionLoggerListener.log Command line argument: -XX:MaxPermSize=256m
14-Jun-2016 11:24:29.908 INFO [main] org.apache.catalina.startup.VersionLoggerListener.log Command line argument: -XX:PermSize=256m
14-Jun-2016 11:24:29.908 INFO [main] org.apache.catalina.startup.VersionLoggerListener.log Command line argument: -Djava.endorsed.dirs=./server/apache-tomcat-8.0.24/endorsed
14-Jun-2016 11:24:29.909 INFO [main] org.apache.catalina.startup.VersionLoggerListener.log Command line argument: -Dcatalina.base=./server/apache-tomcat-8.0.24
14-Jun-2016 11:24:29.909 INFO [main] org.apache.catalina.startup.VersionLoggerListener.log Command line argument: -Dcatalina.home=./server/apache-tomcat-8.0.24
14-Jun-2016 11:24:29.910 INFO [main] org.apache.catalina.startup.VersionLoggerListener.log Command line argument: -Djava.io.tmpdir=./server/apache-tomcat-8.0.24/temp
14-Jun-2016 11:24:29.910 INFO [main] org.apache.catalina.core.AprLifecycleListener.lifecycleEvent The APR based Apache Tomcat Native library which allows optimal performance in production environments was not found on the java.library.path: /usr/java/packages/lib/arm:/lib:/usr/lib
14-Jun-2016 11:24:30.770 INFO [main] org.apache.coyote.AbstractProtocol.init Initializing ProtocolHandler ["http-nio-8080"]
14-Jun-2016 11:24:30.871 INFO [main] org.apache.tomcat.util.net.NioSelectorPool.getSharedSelector Using a shared selector for servlet write/read
14-Jun-2016 11:24:30.880 INFO [main] org.apache.coyote.AbstractProtocol.init Initializing ProtocolHandler ["ajp-nio-8009"]
14-Jun-2016 11:24:30.886 INFO [main] org.apache.tomcat.util.net.NioSelectorPool.getSharedSelector Using a shared selector for servlet write/read
14-Jun-2016 11:24:30.888 INFO [main] org.apache.catalina.startup.Catalina.load Initialization processed in 3241 ms
14-Jun-2016 11:24:31.002 WARNING [main] org.apache.tomcat.jdbc.pool.ConnectionPool.init maxIdle is larger than maxActive, setting maxIdle to: 20
14-Jun-2016 11:24:38.731 INFO [main] org.camunda.commons.logging.BaseLogger.logInfo ENGINE-08046 Found camunda bpm platform configuration in CATALINA_BASE/CATALINA_HOME conf directory [/home/pi/camunda-rasberry/server/apache-tomcat-8.0.24/conf/bpm-platform.xml] at 'file:/home/pi/camunda-rasberry/server/apache-tomcat-8.0.24/conf/bpm-platform.xml'
14-Jun-2016 11:24:41.057 INFO [main] org.camunda.commons.logging.BaseLogger.logInfo ENGINE-12003 Plugin 'ProcessApplicationEventListenerPlugin' activated on process engine 'default'
14-Jun-2016 11:24:41.133 INFO [main] org.camunda.commons.logging.BaseLogger.logInfo ENGINE-12003 Plugin 'SpinProcessEnginePlugin' activated on process engine 'default'
14-Jun-2016 11:24:41.172 INFO [main] org.camunda.commons.logging.BaseLogger.logInfo SPIN-01010 Discovered Spin data format provider: org.camunda.spin.impl.json.jackson.format.JacksonJsonDataFormatProvider[name = application/json]
14-Jun-2016 11:24:42.991 INFO [main] org.camunda.commons.logging.BaseLogger.logInfo SPIN-01010 Discovered Spin data format provider: org.camunda.spin.impl.xml.dom.format.DomXmlDataFormatProvider[name = application/xml]
14-Jun-2016 11:24:43.133 INFO [main] org.camunda.commons.logging.BaseLogger.logInfo SPIN-01009 Discovered Spin data format: org.camunda.spin.impl.xml.dom.format.DomXmlDataFormat[name = application/xml]
14-Jun-2016 11:24:43.135 INFO [main] org.camunda.commons.logging.BaseLogger.logInfo SPIN-01009 Discovered Spin data format: org.camunda.spin.impl.json.jackson.format.JacksonJsonDataFormat[name = application/json]
14-Jun-2016 11:24:43.137 INFO [main] org.camunda.commons.logging.BaseLogger.logInfo ENGINE-12003 Plugin 'ConnectProcessEnginePlugin' activated on process engine 'default'
14-Jun-2016 11:24:45.074 INFO [main] org.camunda.commons.logging.BaseLogger.logInfo CNCT-01004 Discovered provider for connector id 'http-connector' and class 'org.camunda.connect.httpclient.impl.HttpConnectorImpl': 'org.camunda.connect.httpclient.impl.HttpConnectorProviderImpl'
14-Jun-2016 11:24:45.093 INFO [main] org.camunda.commons.logging.BaseLogger.logInfo CNCT-01004 Discovered provider for connector id 'soap-http-connector' and class 'org.camunda.connect.httpclient.soap.impl.SoapHttpConnectorImpl': 'org.camunda.connect.httpclient.soap.impl.SoapHttpConnectorProviderImpl'
14-Jun-2016 11:25:02.960 INFO [main] org.camunda.commons.logging.BaseLogger.logInfo ENGINE-00001 Process Engine default created.
14-Jun-2016 11:25:02.966 INFO [main] org.camunda.commons.logging.BaseLogger.logInfo ENGINE-14014 Starting up the JobExecutor[org.camunda.bpm.engine.impl.jobexecutor.RuntimeContainerJobExecutor].
14-Jun-2016 11:25:02.973 INFO [Thread-6] org.camunda.commons.logging.BaseLogger.logInfo ENGINE-14018 JobExecutor[org.camunda.bpm.engine.impl.jobexecutor.RuntimeContainerJobExecutor] starting to acquire jobs
14-Jun-2016 11:25:02.980 INFO [main] org.camunda.commons.logging.BaseLogger.logInfo ENGINE-08048 Camunda BPM platform sucessfully started at 'Apache Tomcat/8.0.24'.
14-Jun-2016 11:25:03.044 INFO [main] org.apache.catalina.core.StandardService.startInternal Starting service Catalina
14-Jun-2016 11:25:03.045 INFO [main] org.apache.catalina.core.StandardEngine.startInternal Starting Servlet Engine: Apache Tomcat/8.0.24
14-Jun-2016 11:25:03.164 INFO [localhost-startStop-1] org.apache.catalina.startup.HostConfig.deployWAR Deploying web application archive /home/pi/camunda-rasberry/server/apache-tomcat-8.0.24/webapps/loan-approval-0.0.1-SNAPSHOT.war
14-Jun-2016 11:25:13.598 INFO [localhost-startStop-1] org.apache.jasper.servlet.TldScanner.scanJars At least one JAR was scanned for TLDs yet contained no TLDs. Enable debug logging for this logger for a complete list of JARs that were scanned but no TLDs were found in them. Skipping unneeded JARs during scanning can improve startup time and JSP compilation time.
14-Jun-2016 11:25:13.607 INFO [localhost-startStop-1] org.camunda.commons.logging.BaseLogger.logInfo ENGINE-07015 Detected @ProcessApplication class 'org.openhab.camunda.openhab_camunda.LoanApprovalApplication'
14-Jun-2016 11:25:13.649 INFO [localhost-startStop-1] org.camunda.commons.logging.BaseLogger.logInfo ENGINE-08024 Found processes.xml file at file:/home/pi/camunda-rasberry/server/apache-tomcat-8.0.24/webapps/loan-approval-0.0.1-SNAPSHOT/WEB-INF/classes/META-INF/processes.xml
14-Jun-2016 11:25:13.707 INFO [localhost-startStop-1] org.camunda.commons.logging.BaseLogger.logInfo ENGINE-08023 Deployment summary for process archive 'loan-approval': 

        loan-approval.bpmn

14-Jun-2016 11:25:15.153 INFO [localhost-startStop-1] org.camunda.commons.logging.BaseLogger.logInfo ENGINE-07021 ProcessApplication 'Loan Approval App' registered for DB deployments [5f0657e0-3173-11e6-9306-b827eb5fc0fd]. Will execute process definitions 

        approve-loan[version: 1, id: approve-loan:1:5f191c92-3173-11e6-9306-b827eb5fc0fd]
Deployment does not provide any case definitions.
14-Jun-2016 11:25:15.177 INFO [localhost-startStop-1] org.camunda.commons.logging.BaseLogger.logInfo SPIN-01010 Discovered Spin data format provider: org.camunda.spin.impl.json.jackson.format.JacksonJsonDataFormatProvider[name = application/json]
14-Jun-2016 11:25:15.179 INFO [localhost-startStop-1] org.camunda.commons.logging.BaseLogger.logInfo SPIN-01010 Discovered Spin data format provider: org.camunda.spin.impl.xml.dom.format.DomXmlDataFormatProvider[name = application/xml]
14-Jun-2016 11:25:15.187 INFO [localhost-startStop-1] org.camunda.commons.logging.BaseLogger.logInfo SPIN-01009 Discovered Spin data format: org.camunda.spin.impl.xml.dom.format.DomXmlDataFormat[name = application/xml]
14-Jun-2016 11:25:15.188 INFO [localhost-startStop-1] org.camunda.commons.logging.BaseLogger.logInfo SPIN-01009 Discovered Spin data format: org.camunda.spin.impl.json.jackson.format.JacksonJsonDataFormat[name = application/json]
14-Jun-2016 11:25:15.195 INFO [localhost-startStop-1] org.camunda.commons.logging.BaseLogger.logInfo ENGINE-08050 Process application Loan Approval App successfully deployed
14-Jun-2016 11:25:15.321 INFO [localhost-startStop-1] org.apache.catalina.startup.HostConfig.deployWAR Deployment of web application archive /home/pi/camunda-rasberry/server/apache-tomcat-8.0.24/webapps/loan-approval-0.0.1-SNAPSHOT.war has finished in 12,155 ms
14-Jun-2016 11:25:15.324 INFO [localhost-startStop-1] org.apache.catalina.startup.HostConfig.deployDirectory Deploying web application directory /home/pi/camunda-rasberry/server/apache-tomcat-8.0.24/webapps/h2
14-Jun-2016 11:25:21.018 INFO [localhost-startStop-1] org.apache.jasper.servlet.TldScanner.scanJars At least one JAR was scanned for TLDs yet contained no TLDs. Enable debug logging for this logger for a complete list of JARs that were scanned but no TLDs were found in them. Skipping unneeded JARs during scanning can improve startup time and JSP compilation time.
14-Jun-2016 11:25:21.041 INFO [localhost-startStop-1] org.apache.catalina.startup.HostConfig.deployDirectory Deployment of web application directory /home/pi/camunda-rasberry/server/apache-tomcat-8.0.24/webapps/h2 has finished in 5,717 ms
14-Jun-2016 11:25:21.042 INFO [localhost-startStop-1] org.apache.catalina.startup.HostConfig.deployDirectory Deploying web application directory /home/pi/camunda-rasberry/server/apache-tomcat-8.0.24/webapps/host-manager
14-Jun-2016 11:25:26.456 INFO [localhost-startStop-1] org.apache.jasper.servlet.TldScanner.scanJars At least one JAR was scanned for TLDs yet contained no TLDs. Enable debug logging for this logger for a complete list of JARs that were scanned but no TLDs were found in them. Skipping unneeded JARs during scanning can improve startup time and JSP compilation time.
14-Jun-2016 11:25:26.483 INFO [localhost-startStop-1] org.apache.catalina.startup.HostConfig.deployDirectory Deployment of web application directory /home/pi/camunda-rasberry/server/apache-tomcat-8.0.24/webapps/host-manager has finished in 5,441 ms
14-Jun-2016 11:25:26.484 INFO [localhost-startStop-1] org.apache.catalina.startup.HostConfig.deployDirectory Deploying web application directory /home/pi/camunda-rasberry/server/apache-tomcat-8.0.24/webapps/docs
14-Jun-2016 11:25:31.290 INFO [localhost-startStop-1] org.apache.jasper.servlet.TldScanner.scanJars At least one JAR was scanned for TLDs yet contained no TLDs. Enable debug logging for this logger for a complete list of JARs that were scanned but no TLDs were found in them. Skipping unneeded JARs during scanning can improve startup time and JSP compilation time.
14-Jun-2016 11:25:31.297 INFO [localhost-startStop-1] org.apache.catalina.startup.HostConfig.deployDirectory Deployment of web application directory /home/pi/camunda-rasberry/server/apache-tomcat-8.0.24/webapps/docs has finished in 4,812 ms
14-Jun-2016 11:25:31.297 INFO [localhost-startStop-1] org.apache.catalina.startup.HostConfig.deployDirectory Deploying web application directory /home/pi/camunda-rasberry/server/apache-tomcat-8.0.24/webapps/camunda-invoice
14-Jun-2016 11:25:37.723 INFO [localhost-startStop-1] org.apache.jasper.servlet.TldScanner.scanJars At least one JAR was scanned for TLDs yet contained no TLDs. Enable debug logging for this logger for a complete list of JARs that were scanned but no TLDs were found in them. Skipping unneeded JARs during scanning can improve startup time and JSP compilation time.
14-Jun-2016 11:25:37.724 INFO [localhost-startStop-1] org.camunda.commons.logging.BaseLogger.logInfo ENGINE-07015 Detected @ProcessApplication class 'org.camunda.bpm.example.invoice.InvoiceProcessApplication'
14-Jun-2016 11:25:37.736 INFO [localhost-startStop-1] org.camunda.commons.logging.BaseLogger.logInfo ENGINE-08024 Found processes.xml file at file:/home/pi/camunda-rasberry/server/apache-tomcat-8.0.24/webapps/camunda-invoice/WEB-INF/classes/META-INF/processes.xml
14-Jun-2016 11:25:37.817 INFO [localhost-startStop-1] org.camunda.commons.logging.BaseLogger.logInfo ENGINE-08023 Deployment summary for process archive 'camunda-invoice': 

        assign-approver-groups.dmn
        invoice.v2.bpmn

14-Jun-2016 11:25:38.029 INFO [localhost-startStop-1] org.camunda.commons.logging.BaseLogger.logInfo ENGINE-07021 ProcessApplication 'camunda-invoice' registered for DB deployments [a434be7e-2e50-11e6-bd6a-0013ef70219b, a88c7ee4-2e50-11e6-bd6a-0013ef70219b]. Will execute process definitions 

        invoice[version: 1, id: invoice:1:a5e02391-2e50-11e6-bd6a-0013ef70219b]
        invoice[version: 2, id: invoice:2:a967c3b7-2e50-11e6-bd6a-0013ef70219b]
Deployment does not provide any case definitions.
14-Jun-2016 11:25:38.036 INFO [localhost-startStop-1] org.camunda.commons.logging.BaseLogger.logInfo SPIN-01010 Discovered Spin data format provider: org.camunda.spin.impl.json.jackson.format.JacksonJsonDataFormatProvider[name = application/json]
14-Jun-2016 11:25:38.037 INFO [localhost-startStop-1] org.camunda.commons.logging.BaseLogger.logInfo SPIN-01010 Discovered Spin data format provider: org.camunda.spin.impl.xml.dom.format.DomXmlDataFormatProvider[name = application/xml]
14-Jun-2016 11:25:38.041 INFO [localhost-startStop-1] org.camunda.commons.logging.BaseLogger.logInfo SPIN-01009 Discovered Spin data format: org.camunda.spin.impl.xml.dom.format.DomXmlDataFormat[name = application/xml]
14-Jun-2016 11:25:38.042 INFO [localhost-startStop-1] org.camunda.commons.logging.BaseLogger.logInfo SPIN-01009 Discovered Spin data format: org.camunda.spin.impl.json.jackson.format.JacksonJsonDataFormat[name = application/json]
14-Jun-2016 11:25:38.575 WARNING [localhost-startStop-1] org.camunda.commons.logging.BaseLogger.logWarn ENGINE-09004 Warnings during parsing: 
* Exclusive Gateway 'reviewSuccessful_gw' has outgoing sequence flow 'reviewSuccessful' without condition which is not the default flow. We assume it to be the default flow, but it is bad modeling practice, better set the default flow in your gateway. | invoice.v1.bpmn | line 0 | column 0
14-Jun-2016 11:25:44.301 INFO [localhost-startStop-1] null.null 

  ... Now notfying creditor Bobby's Office Supplies


14-Jun-2016 11:25:45.778 INFO [localhost-startStop-1] org.camunda.commons.logging.BaseLogger.logInfo ENGINE-08050 Process application camunda-invoice successfully deployed
14-Jun-2016 11:25:45.786 INFO [localhost-startStop-1] org.apache.catalina.startup.HostConfig.deployDirectory Deployment of web application directory /home/pi/camunda-rasberry/server/apache-tomcat-8.0.24/webapps/camunda-invoice has finished in 14,489 ms
14-Jun-2016 11:25:45.787 INFO [localhost-startStop-1] org.apache.catalina.startup.HostConfig.deployDirectory Deploying web application directory /home/pi/camunda-rasberry/server/apache-tomcat-8.0.24/webapps/camunda-welcome
14-Jun-2016 11:25:54.403 INFO [localhost-startStop-1] org.apache.jasper.servlet.TldScanner.scanJars At least one JAR was scanned for TLDs yet contained no TLDs. Enable debug logging for this logger for a complete list of JARs that were scanned but no TLDs were found in them. Skipping unneeded JARs during scanning can improve startup time and JSP compilation time.
14-Jun-2016 11:25:54.417 INFO [localhost-startStop-1] org.apache.catalina.startup.HostConfig.deployDirectory Deployment of web application directory /home/pi/camunda-rasberry/server/apache-tomcat-8.0.24/webapps/camunda-welcome has finished in 8,629 ms
14-Jun-2016 11:25:54.418 INFO [localhost-startStop-1] org.apache.catalina.startup.HostConfig.deployDirectory Deploying web application directory /home/pi/camunda-rasberry/server/apache-tomcat-8.0.24/webapps/ROOT
14-Jun-2016 11:25:59.202 INFO [localhost-startStop-1] org.apache.jasper.servlet.TldScanner.scanJars At least one JAR was scanned for TLDs yet contained no TLDs. Enable debug logging for this logger for a complete list of JARs that were scanned but no TLDs were found in them. Skipping unneeded JARs during scanning can improve startup time and JSP compilation time.
14-Jun-2016 11:25:59.208 INFO [localhost-startStop-1] org.apache.catalina.startup.HostConfig.deployDirectory Deployment of web application directory /home/pi/camunda-rasberry/server/apache-tomcat-8.0.24/webapps/ROOT has finished in 4,790 ms
14-Jun-2016 11:25:59.209 INFO [localhost-startStop-1] org.apache.catalina.startup.HostConfig.deployDirectory Deploying web application directory /home/pi/camunda-rasberry/server/apache-tomcat-8.0.24/webapps/camunda
14-Jun-2016 11:26:06.560 INFO [localhost-startStop-1] org.apache.jasper.servlet.TldScanner.scanJars At least one JAR was scanned for TLDs yet contained no TLDs. Enable debug logging for this logger for a complete list of JARs that were scanned but no TLDs were found in them. Skipping unneeded JARs during scanning can improve startup time and JSP compilation time.
14-Jun-2016 11:26:06.595 SEVERE [localhost-startStop-1] org.apache.catalina.session.StandardManager.doLoad standardManager.loading.ioe
 java.io.EOFException
	at java.io.ObjectInputStream$PeekInputStream.readFully(ObjectInputStream.java:2335)
	at java.io.ObjectInputStream$BlockDataInputStream.readShort(ObjectInputStream.java:2804)
	at java.io.ObjectInputStream.readStreamHeader(ObjectInputStream.java:802)
	at java.io.ObjectInputStream.<init>(ObjectInputStream.java:299)
	at org.apache.catalina.util.CustomObjectInputStream.<init>(CustomObjectInputStream.java:56)
	at org.apache.catalina.session.StandardManager.doLoad(StandardManager.java:223)
	at org.apache.catalina.session.StandardManager.load(StandardManager.java:180)
	at org.apache.catalina.session.StandardManager.startInternal(StandardManager.java:460)
	at org.apache.catalina.util.LifecycleBase.start(LifecycleBase.java:150)
	at org.apache.catalina.core.StandardContext.startInternal(StandardContext.java:5184)
	at org.apache.catalina.util.LifecycleBase.start(LifecycleBase.java:150)
	at org.apache.catalina.core.ContainerBase.addChildInternal(ContainerBase.java:725)
	at org.apache.catalina.core.ContainerBase.addChild(ContainerBase.java:701)
	at org.apache.catalina.core.StandardHost.addChild(StandardHost.java:717)
	at org.apache.catalina.startup.HostConfig.deployDirectory(HostConfig.java:1101)
	at org.apache.catalina.startup.HostConfig$DeployDirectory.run(HostConfig.java:1786)
	at java.util.concurrent.Executors$RunnableAdapter.call(Executors.java:511)
	at java.util.concurrent.FutureTask.run(FutureTask.java:266)
	at java.util.concurrent.ThreadPoolExecutor.runWorker(ThreadPoolExecutor.java:1142)
	at java.util.concurrent.ThreadPoolExecutor$Worker.run(ThreadPoolExecutor.java:617)
	at java.lang.Thread.run(Thread.java:745)

14-Jun-2016 11:26:06.598 SEVERE [localhost-startStop-1] org.apache.catalina.session.StandardManager.startInternal Exception loading sessions from persistent storage
 java.io.EOFException
	at java.io.ObjectInputStream$PeekInputStream.readFully(ObjectInputStream.java:2335)
	at java.io.ObjectInputStream$BlockDataInputStream.readShort(ObjectInputStream.java:2804)
	at java.io.ObjectInputStream.readStreamHeader(ObjectInputStream.java:802)
	at java.io.ObjectInputStream.<init>(ObjectInputStream.java:299)
	at org.apache.catalina.util.CustomObjectInputStream.<init>(CustomObjectInputStream.java:56)
	at org.apache.catalina.session.StandardManager.doLoad(StandardManager.java:223)
	at org.apache.catalina.session.StandardManager.load(StandardManager.java:180)
	at org.apache.catalina.session.StandardManager.startInternal(StandardManager.java:460)
	at org.apache.catalina.util.LifecycleBase.start(LifecycleBase.java:150)
	at org.apache.catalina.core.StandardContext.startInternal(StandardContext.java:5184)
	at org.apache.catalina.util.LifecycleBase.start(LifecycleBase.java:150)
	at org.apache.catalina.core.ContainerBase.addChildInternal(ContainerBase.java:725)
	at org.apache.catalina.core.ContainerBase.addChild(ContainerBase.java:701)
	at org.apache.catalina.core.StandardHost.addChild(StandardHost.java:717)
	at org.apache.catalina.startup.HostConfig.deployDirectory(HostConfig.java:1101)
	at org.apache.catalina.startup.HostConfig$DeployDirectory.run(HostConfig.java:1786)
	at java.util.concurrent.Executors$RunnableAdapter.call(Executors.java:511)
	at java.util.concurrent.FutureTask.run(FutureTask.java:266)
	at java.util.concurrent.ThreadPoolExecutor.runWorker(ThreadPoolExecutor.java:1142)
	at java.util.concurrent.ThreadPoolExecutor$Worker.run(ThreadPoolExecutor.java:617)
	at java.lang.Thread.run(Thread.java:745)

14-Jun-2016 11:26:07.438 INFO [localhost-startStop-1] org.apache.catalina.startup.HostConfig.deployDirectory Deployment of web application directory /home/pi/camunda-rasberry/server/apache-tomcat-8.0.24/webapps/camunda has finished in 8,229 ms
14-Jun-2016 11:26:07.439 INFO [localhost-startStop-1] org.apache.catalina.startup.HostConfig.deployDirectory Deploying web application directory /home/pi/camunda-rasberry/server/apache-tomcat-8.0.24/webapps/engine-rest
14-Jun-2016 11:26:13.583 INFO [localhost-startStop-1] org.apache.jasper.servlet.TldScanner.scanJars At least one JAR was scanned for TLDs yet contained no TLDs. Enable debug logging for this logger for a complete list of JARs that were scanned but no TLDs were found in them. Skipping unneeded JARs during scanning can improve startup time and JSP compilation time.
14-Jun-2016 11:26:14.348 INFO [localhost-startStop-1] org.jboss.resteasy.logging.impl.Slf4jLogger.info Deploying javax.ws.rs.core.Application: class org.camunda.bpm.engine.rest.impl.application.DefaultApplication
14-Jun-2016 11:26:14.661 INFO [localhost-startStop-1] org.apache.catalina.startup.HostConfig.deployDirectory Deployment of web application directory /home/pi/camunda-rasberry/server/apache-tomcat-8.0.24/webapps/engine-rest has finished in 7,222 ms
14-Jun-2016 11:26:14.662 INFO [localhost-startStop-1] org.apache.catalina.startup.HostConfig.deployDirectory Deploying web application directory /home/pi/camunda-rasberry/server/apache-tomcat-8.0.24/webapps/examples
14-Jun-2016 11:26:20.484 INFO [localhost-startStop-1] org.apache.jasper.servlet.TldScanner.scanJars At least one JAR was scanned for TLDs yet contained no TLDs. Enable debug logging for this logger for a complete list of JARs that were scanned but no TLDs were found in them. Skipping unneeded JARs during scanning can improve startup time and JSP compilation time.
14-Jun-2016 11:26:20.536 INFO [localhost-startStop-1] org.apache.catalina.startup.HostConfig.deployDirectory Deployment of web application directory /home/pi/camunda-rasberry/server/apache-tomcat-8.0.24/webapps/examples has finished in 5,874 ms
14-Jun-2016 11:26:20.537 INFO [localhost-startStop-1] org.apache.catalina.startup.HostConfig.deployDirectory Deploying web application directory /home/pi/camunda-rasberry/server/apache-tomcat-8.0.24/webapps/manager
14-Jun-2016 11:26:26.077 INFO [localhost-startStop-1] org.apache.jasper.servlet.TldScanner.scanJars At least one JAR was scanned for TLDs yet contained no TLDs. Enable debug logging for this logger for a complete list of JARs that were scanned but no TLDs were found in them. Skipping unneeded JARs during scanning can improve startup time and JSP compilation time.
14-Jun-2016 11:26:26.120 INFO [localhost-startStop-1] org.apache.catalina.startup.HostConfig.deployDirectory Deployment of web application directory /home/pi/camunda-rasberry/server/apache-tomcat-8.0.24/webapps/manager has finished in 5,583 ms
14-Jun-2016 11:26:26.134 INFO [main] org.apache.coyote.AbstractProtocol.start Starting ProtocolHandler ["http-nio-8080"]
14-Jun-2016 11:26:26.156 INFO [main] org.apache.coyote.AbstractProtocol.start Starting ProtocolHandler ["ajp-nio-8009"]
14-Jun-2016 11:26:26.159 INFO [main] org.apache.catalina.startup.Catalina.start Server startup in 115270 ms
14-Jun-2016 11:27:17.281 INFO [http-nio-8080-exec-2] org.jboss.resteasy.logging.impl.Slf4jLogger.info Deploying javax.ws.rs.core.Application: class org.camunda.bpm.cockpit.impl.web.CockpitApplication
14-Jun-2016 11:27:18.144 INFO [http-nio-8080-exec-4] org.jboss.resteasy.logging.impl.Slf4jLogger.info Deploying javax.ws.rs.core.Application: class org.camunda.bpm.webapp.impl.engine.EngineRestApplication
14-Jun-2016 11:27:25.592 INFO [http-nio-8080-exec-6] org.jboss.resteasy.logging.impl.Slf4jLogger.info Deploying javax.ws.rs.core.Application: class org.camunda.bpm.admin.impl.web.AdminApplication
14-Jun-2016 11:28:13.235 INFO [http-nio-8080-exec-8] org.jboss.resteasy.logging.impl.Slf4jLogger.info Deploying javax.ws.rs.core.Application: class org.camunda.bpm.tasklist.impl.web.TasklistApplication
14-Jun-2016 12:32:33.699 INFO [http-nio-8080-exec-3] org.apache.catalina.startup.HostConfig.deployWAR Deploying web application archive /home/pi/camunda-rasberry/server/apache-tomcat-8.0.24/webapps/openhabcamunda-0.0.1.war
14-Jun-2016 12:32:40.538 INFO [http-nio-8080-exec-3] org.apache.jasper.servlet.TldScanner.scanJars At least one JAR was scanned for TLDs yet contained no TLDs. Enable debug logging for this logger for a complete list of JARs that were scanned but no TLDs were found in them. Skipping unneeded JARs during scanning can improve startup time and JSP compilation time.
14-Jun-2016 12:32:40.544 INFO [http-nio-8080-exec-3] org.camunda.commons.logging.BaseLogger.logInfo ENGINE-07015 Detected @ProcessApplication class 'LoanApprovalApplication'
14-Jun-2016 12:32:40.556 INFO [http-nio-8080-exec-3] org.camunda.commons.logging.BaseLogger.logInfo ENGINE-08024 Found processes.xml file at file:/home/pi/camunda-rasberry/server/apache-tomcat-8.0.24/webapps/openhabcamunda-0.0.1/WEB-INF/classes/META-INF/processes.xml
14-Jun-2016 12:32:40.615 INFO [http-nio-8080-exec-3] org.camunda.commons.logging.BaseLogger.logInfo ENGINE-08023 Deployment summary for process archive 'loan-approval': 

        loan-approval.bpmn

14-Jun-2016 12:32:41.159 INFO [http-nio-8080-exec-3] org.camunda.commons.logging.BaseLogger.logInfo ENGINE-07021 ProcessApplication 'Loan Approval App' registered for DB deployments [5f0657e0-3173-11e6-9306-b827eb5fc0fd]. Will execute process definitions 

        approve-loan[version: 1, id: approve-loan:1:5f191c92-3173-11e6-9306-b827eb5fc0fd]
Deployment does not provide any case definitions.
14-Jun-2016 12:32:41.292 SEVERE [http-nio-8080-exec-3] org.apache.catalina.core.StandardContext.startInternal One or more listeners failed to start. Full details will be found in the appropriate container log file
14-Jun-2016 12:32:41.297 SEVERE [http-nio-8080-exec-3] org.apache.catalina.core.StandardContext.startInternal Context [/openhabcamunda-0.0.1] startup failed due to previous errors
14-Jun-2016 12:32:41.300 WARNING [http-nio-8080-exec-3] org.camunda.commons.logging.BaseLogger.logWarn ENGINE-07017 Calling undeploy() on process application that is not deployed.
14-Jun-2016 12:32:41.378 INFO [http-nio-8080-exec-3] org.apache.catalina.startup.HostConfig.deployWAR Deployment of web application archive /home/pi/camunda-rasberry/server/apache-tomcat-8.0.24/webapps/openhabcamunda-0.0.1.war has finished in 7,679 ms
14-Jun-2016 12:32:58.115 INFO [http-nio-8080-exec-5] org.apache.jasper.servlet.TldScanner.scanJars At least one JAR was scanned for TLDs yet contained no TLDs. Enable debug logging for this logger for a complete list of JARs that were scanned but no TLDs were found in them. Skipping unneeded JARs during scanning can improve startup time and JSP compilation time.
14-Jun-2016 12:32:58.650 INFO [http-nio-8080-exec-5] org.camunda.commons.logging.BaseLogger.logInfo ENGINE-07015 Detected @ProcessApplication class 'LoanApprovalApplication'
14-Jun-2016 12:32:58.656 INFO [http-nio-8080-exec-5] org.camunda.commons.logging.BaseLogger.logInfo ENGINE-08024 Found processes.xml file at file:/home/pi/camunda-rasberry/server/apache-tomcat-8.0.24/webapps/openhabcamunda-0.0.1/WEB-INF/classes/META-INF/processes.xml
14-Jun-2016 12:32:58.682 INFO [http-nio-8080-exec-5] org.camunda.commons.logging.BaseLogger.logInfo ENGINE-08023 Deployment summary for process archive 'loan-approval': 

        loan-approval.bpmn

14-Jun-2016 12:32:58.833 INFO [http-nio-8080-exec-5] org.camunda.commons.logging.BaseLogger.logInfo ENGINE-07021 ProcessApplication 'Loan Approval App' registered for DB deployments [5f0657e0-3173-11e6-9306-b827eb5fc0fd]. Will execute process definitions 

        approve-loan[version: 1, id: approve-loan:1:5f191c92-3173-11e6-9306-b827eb5fc0fd]
Deployment does not provide any case definitions.
14-Jun-2016 12:32:58.981 SEVERE [http-nio-8080-exec-5] org.apache.catalina.core.StandardContext.startInternal One or more listeners failed to start. Full details will be found in the appropriate container log file
14-Jun-2016 12:32:58.986 SEVERE [http-nio-8080-exec-5] org.apache.catalina.core.StandardContext.startInternal Context [/openhabcamunda-0.0.1] startup failed due to previous errors
14-Jun-2016 12:32:58.988 WARNING [http-nio-8080-exec-5] org.camunda.commons.logging.BaseLogger.logWarn ENGINE-07017 Calling undeploy() on process application that is not deployed.
14-Jun-2016 12:40:42.647 INFO [http-nio-8080-exec-11] org.apache.catalina.startup.HostConfig.deployWAR Deploying web application archive /home/pi/camunda-rasberry/server/apache-tomcat-8.0.24/webapps/openhabcamunda-0.0.2.war
14-Jun-2016 12:40:49.086 INFO [http-nio-8080-exec-11] org.apache.jasper.servlet.TldScanner.scanJars At least one JAR was scanned for TLDs yet contained no TLDs. Enable debug logging for this logger for a complete list of JARs that were scanned but no TLDs were found in them. Skipping unneeded JARs during scanning can improve startup time and JSP compilation time.
14-Jun-2016 12:40:49.087 INFO [http-nio-8080-exec-11] org.camunda.commons.logging.BaseLogger.logInfo ENGINE-07015 Detected @ProcessApplication class 'LoanApprovalApplication'
14-Jun-2016 12:40:49.092 INFO [http-nio-8080-exec-11] org.camunda.commons.logging.BaseLogger.logInfo ENGINE-08024 Found processes.xml file at file:/home/pi/camunda-rasberry/server/apache-tomcat-8.0.24/webapps/openhabcamunda-0.0.2/WEB-INF/classes/META-INF/processes.xml
14-Jun-2016 12:40:49.110 INFO [http-nio-8080-exec-11] org.camunda.commons.logging.BaseLogger.logInfo ENGINE-08023 Deployment summary for process archive 'open-hab-camunda': 

        loan-approval.bpmn

14-Jun-2016 12:40:49.234 INFO [http-nio-8080-exec-11] org.camunda.commons.logging.BaseLogger.logInfo ENGINE-07021 ProcessApplication 'Loan Approval App' registered for DB deployments [5f0657e0-3173-11e6-9306-b827eb5fc0fd, 38ecd112-322d-11e6-9c79-b827eb5fc0fd]. Will execute process definitions 

        approve-loan[version: 1, id: approve-loan:1:5f191c92-3173-11e6-9306-b827eb5fc0fd]
        approve-loan[version: 2, id: approve-loan:2:38fa3e94-322d-11e6-9c79-b827eb5fc0fd]
Deployment does not provide any case definitions.
14-Jun-2016 12:40:49.359 SEVERE [http-nio-8080-exec-11] org.apache.catalina.core.StandardContext.startInternal One or more listeners failed to start. Full details will be found in the appropriate container log file
14-Jun-2016 12:40:49.362 SEVERE [http-nio-8080-exec-11] org.apache.catalina.core.StandardContext.startInternal Context [/openhabcamunda-0.0.2] startup failed due to previous errors
14-Jun-2016 12:40:49.363 WARNING [http-nio-8080-exec-11] org.camunda.commons.logging.BaseLogger.logWarn ENGINE-07017 Calling undeploy() on process application that is not deployed.
14-Jun-2016 12:40:49.383 INFO [http-nio-8080-exec-11] org.apache.catalina.startup.HostConfig.deployWAR Deployment of web application archive /home/pi/camunda-rasberry/server/apache-tomcat-8.0.24/webapps/openhabcamunda-0.0.2.war has finished in 6,736 ms
14-Jun-2016 12:41:00.584 INFO [http-nio-8080-exec-12] org.apache.jasper.servlet.TldScanner.scanJars At least one JAR was scanned for TLDs yet contained no TLDs. Enable debug logging for this logger for a complete list of JARs that were scanned but no TLDs were found in them. Skipping unneeded JARs during scanning can improve startup time and JSP compilation time.
14-Jun-2016 12:41:00.586 INFO [http-nio-8080-exec-12] org.camunda.commons.logging.BaseLogger.logInfo ENGINE-07015 Detected @ProcessApplication class 'LoanApprovalApplication'
14-Jun-2016 12:41:00.591 INFO [http-nio-8080-exec-12] org.camunda.commons.logging.BaseLogger.logInfo ENGINE-08024 Found processes.xml file at file:/home/pi/camunda-rasberry/server/apache-tomcat-8.0.24/webapps/openhabcamunda-0.0.2/WEB-INF/classes/META-INF/processes.xml
14-Jun-2016 12:41:00.608 INFO [http-nio-8080-exec-12] org.camunda.commons.logging.BaseLogger.logInfo ENGINE-08023 Deployment summary for process archive 'open-hab-camunda': 

        loan-approval.bpmn

14-Jun-2016 12:41:00.729 INFO [http-nio-8080-exec-12] org.camunda.commons.logging.BaseLogger.logInfo ENGINE-07021 ProcessApplication 'Loan Approval App' registered for DB deployments [5f0657e0-3173-11e6-9306-b827eb5fc0fd, 38ecd112-322d-11e6-9c79-b827eb5fc0fd]. Will execute process definitions 

        approve-loan[version: 1, id: approve-loan:1:5f191c92-3173-11e6-9306-b827eb5fc0fd]
        approve-loan[version: 2, id: approve-loan:2:38fa3e94-322d-11e6-9c79-b827eb5fc0fd]
Deployment does not provide any case definitions.
14-Jun-2016 12:41:00.936 SEVERE [http-nio-8080-exec-12] org.apache.catalina.core.StandardContext.startInternal One or more listeners failed to start. Full details will be found in the appropriate container log file
14-Jun-2016 12:41:00.941 SEVERE [http-nio-8080-exec-12] org.apache.catalina.core.StandardContext.startInternal Context [/openhabcamunda-0.0.2] startup failed due to previous errors
14-Jun-2016 12:41:00.943 WARNING [http-nio-8080-exec-12] org.camunda.commons.logging.BaseLogger.logWarn ENGINE-07017 Calling undeploy() on process application that is not deployed.
14-Jun-2016 12:41:12.949 INFO [http-nio-8080-exec-14] org.apache.jasper.servlet.TldScanner.scanJars At least one JAR was scanned for TLDs yet contained no TLDs. Enable debug logging for this logger for a complete list of JARs that were scanned but no TLDs were found in them. Skipping unneeded JARs during scanning can improve startup time and JSP compilation time.
14-Jun-2016 12:41:12.951 INFO [http-nio-8080-exec-14] org.camunda.commons.logging.BaseLogger.logInfo ENGINE-07015 Detected @ProcessApplication class 'LoanApprovalApplication'
14-Jun-2016 12:41:12.956 INFO [http-nio-8080-exec-14] org.camunda.commons.logging.BaseLogger.logInfo ENGINE-08024 Found processes.xml file at file:/home/pi/camunda-rasberry/server/apache-tomcat-8.0.24/webapps/openhabcamunda-0.0.2/WEB-INF/classes/META-INF/processes.xml
14-Jun-2016 12:41:12.970 INFO [http-nio-8080-exec-14] org.camunda.commons.logging.BaseLogger.logInfo ENGINE-08023 Deployment summary for process archive 'open-hab-camunda': 

        loan-approval.bpmn

14-Jun-2016 12:41:13.089 INFO [http-nio-8080-exec-14] org.camunda.commons.logging.BaseLogger.logInfo ENGINE-07021 ProcessApplication 'Loan Approval App' registered for DB deployments [5f0657e0-3173-11e6-9306-b827eb5fc0fd, 38ecd112-322d-11e6-9c79-b827eb5fc0fd]. Will execute process definitions 

        approve-loan[version: 1, id: approve-loan:1:5f191c92-3173-11e6-9306-b827eb5fc0fd]
        approve-loan[version: 2, id: approve-loan:2:38fa3e94-322d-11e6-9c79-b827eb5fc0fd]
Deployment does not provide any case definitions.
14-Jun-2016 12:41:13.276 SEVERE [42] org.apache.catalina.core.StandardContext.startInternal One or more listeners failed to start. Full details will be found in the appropriate container log file
14-Jun-2016 12:41:13.277 SEVERE [42] org.apache.catalina.core.StandardContext.startInternal Context [/openhabcamunda-0.0.2] startup failed due to previous errors
14-Jun-2016 12:41:13.278 WARNING [42] org.camunda.commons.logging.BaseLogger.logWarn ENGINE-07017 Calling undeploy() on process application that is not deployed.
14-Jun-2016 12:42:59.616 INFO [main] org.apache.catalina.core.StandardServer.await A valid shutdown command was received via the shutdown port. Stopping the Server instance.
14-Jun-2016 12:42:59.620 INFO [main] org.camunda.commons.logging.BaseLogger.logInfo ENGINE-14015 Shutting down the JobExecutor[org.camunda.bpm.engine.impl.jobexecutor.RuntimeContainerJobExecutor]
14-Jun-2016 12:42:59.621 INFO [Thread-6] org.camunda.commons.logging.BaseLogger.logInfo ENGINE-14020 JobExecutor[org.camunda.bpm.engine.impl.jobexecutor.RuntimeContainerJobExecutor] stopped job acquisition
14-Jun-2016 12:42:59.652 INFO [main] org.camunda.commons.logging.BaseLogger.logInfo ENGINE-08051 Process application camunda-invoice undeployed
14-Jun-2016 12:42:59.775 INFO [main] org.camunda.commons.logging.BaseLogger.logInfo ENGINE-08051 Process application Loan Approval App undeployed
14-Jun-2016 12:42:59.797 INFO [main] org.camunda.commons.logging.BaseLogger.logInfo ENGINE-00007 Process Engine default closed
14-Jun-2016 12:42:59.798 INFO [main] org.camunda.commons.logging.BaseLogger.logInfo ENGINE-08049 Camunda BPM platform stopped at 'Apache Tomcat/8.0.24'
14-Jun-2016 12:42:59.800 INFO [main] org.apache.coyote.AbstractProtocol.pause Pausing ProtocolHandler ["http-nio-8080"]
14-Jun-2016 12:42:59.855 INFO [main] org.apache.coyote.AbstractProtocol.pause Pausing ProtocolHandler ["ajp-nio-8009"]
14-Jun-2016 12:42:59.907 INFO [main] org.apache.catalina.core.StandardService.stopInternal Stopping service Catalina
14-Jun-2016 12:42:59.929 WARNING [localhost-startStop-2] org.camunda.commons.logging.BaseLogger.logWarn ENGINE-07017 Calling undeploy() on process application that is not deployed.
14-Jun-2016 12:42:59.942 WARNING [localhost-startStop-2] org.camunda.commons.logging.BaseLogger.logWarn ENGINE-07017 Calling undeploy() on process application that is not deployed.
14-Jun-2016 12:43:00.081 INFO [main] org.apache.coyote.AbstractProtocol.stop Stopping ProtocolHandler ["http-nio-8080"]
14-Jun-2016 12:43:00.147 INFO [main] org.apache.coyote.AbstractProtocol.stop Stopping ProtocolHandler ["ajp-nio-8009"]
14-Jun-2016 12:43:00.150 INFO [main] org.apache.coyote.AbstractProtocol.destroy Destroying ProtocolHandler ["http-nio-8080"]
14-Jun-2016 12:43:00.154 INFO [main] org.apache.coyote.AbstractProtocol.destroy Destroying ProtocolHandler ["ajp-nio-8009"]
14-Jun-2016 12:46:55.028 INFO [main] org.apache.catalina.startup.VersionLoggerListener.log Server version:        Apache Tomcat/8.0.24
14-Jun-2016 12:46:55.037 INFO [main] org.apache.catalina.startup.VersionLoggerListener.log Server built:          Jul 1 2015 20:19:55 UTC
14-Jun-2016 12:46:55.038 INFO [main] org.apache.catalina.startup.VersionLoggerListener.log Server number:         8.0.24.0
14-Jun-2016 12:46:55.039 INFO [main] org.apache.catalina.startup.VersionLoggerListener.log OS Name:               Linux
14-Jun-2016 12:46:55.040 INFO [main] org.apache.catalina.startup.VersionLoggerListener.log OS Version:            4.4.11-v7+
14-Jun-2016 12:46:55.041 INFO [main] org.apache.catalina.startup.VersionLoggerListener.log Architecture:          arm
14-Jun-2016 12:46:55.042 INFO [main] org.apache.catalina.startup.VersionLoggerListener.log Java Home:             /usr/lib/jvm/jdk-8-oracle-arm32-vfp-hflt/jre
14-Jun-2016 12:46:55.043 INFO [main] org.apache.catalina.startup.VersionLoggerListener.log JVM Version:           1.8.0_65-b17
14-Jun-2016 12:46:55.044 INFO [main] org.apache.catalina.startup.VersionLoggerListener.log JVM Vendor:            Oracle Corporation
14-Jun-2016 12:46:55.045 INFO [main] org.apache.catalina.startup.VersionLoggerListener.log CATALINA_BASE:         /home/pi/camunda-rasberry/server/apache-tomcat-8.0.24
14-Jun-2016 12:46:55.046 INFO [main] org.apache.catalina.startup.VersionLoggerListener.log CATALINA_HOME:         /home/pi/camunda-rasberry/server/apache-tomcat-8.0.24
14-Jun-2016 12:46:55.049 INFO [main] org.apache.catalina.startup.VersionLoggerListener.log Command line argument: -Djava.util.logging.config.file=./server/apache-tomcat-8.0.24/conf/logging.properties
14-Jun-2016 12:46:55.050 INFO [main] org.apache.catalina.startup.VersionLoggerListener.log Command line argument: -Djava.util.logging.manager=org.apache.juli.ClassLoaderLogManager
14-Jun-2016 12:46:55.051 INFO [main] org.apache.catalina.startup.VersionLoggerListener.log Command line argument: -Xmx512m
14-Jun-2016 12:46:55.052 INFO [main] org.apache.catalina.startup.VersionLoggerListener.log Command line argument: -XX:MaxPermSize=256m
14-Jun-2016 12:46:55.053 INFO [main] org.apache.catalina.startup.VersionLoggerListener.log Command line argument: -XX:PermSize=256m
14-Jun-2016 12:46:55.054 INFO [main] org.apache.catalina.startup.VersionLoggerListener.log Command line argument: -Djava.endorsed.dirs=./server/apache-tomcat-8.0.24/endorsed
14-Jun-2016 12:46:55.056 INFO [main] org.apache.catalina.startup.VersionLoggerListener.log Command line argument: -Dcatalina.base=./server/apache-tomcat-8.0.24
14-Jun-2016 12:46:55.057 INFO [main] org.apache.catalina.startup.VersionLoggerListener.log Command line argument: -Dcatalina.home=./server/apache-tomcat-8.0.24
14-Jun-2016 12:46:55.058 INFO [main] org.apache.catalina.startup.VersionLoggerListener.log Command line argument: -Djava.io.tmpdir=./server/apache-tomcat-8.0.24/temp
14-Jun-2016 12:46:55.060 INFO [main] org.apache.catalina.core.AprLifecycleListener.lifecycleEvent The APR based Apache Tomcat Native library which allows optimal performance in production environments was not found on the java.library.path: /usr/java/packages/lib/arm:/lib:/usr/lib
14-Jun-2016 12:46:55.656 INFO [main] org.apache.coyote.AbstractProtocol.init Initializing ProtocolHandler ["http-nio-8080"]
14-Jun-2016 12:46:55.723 INFO [main] org.apache.tomcat.util.net.NioSelectorPool.getSharedSelector Using a shared selector for servlet write/read
14-Jun-2016 12:46:55.733 INFO [main] org.apache.coyote.AbstractProtocol.init Initializing ProtocolHandler ["ajp-nio-8009"]
14-Jun-2016 12:46:55.739 INFO [main] org.apache.tomcat.util.net.NioSelectorPool.getSharedSelector Using a shared selector for servlet write/read
14-Jun-2016 12:46:55.740 INFO [main] org.apache.catalina.startup.Catalina.load Initialization processed in 3535 ms
14-Jun-2016 12:46:55.823 WARNING [main] org.apache.tomcat.jdbc.pool.ConnectionPool.init maxIdle is larger than maxActive, setting maxIdle to: 20
14-Jun-2016 12:47:02.715 INFO [main] org.camunda.commons.logging.BaseLogger.logInfo ENGINE-08046 Found camunda bpm platform configuration in CATALINA_BASE/CATALINA_HOME conf directory [/home/pi/camunda-rasberry/server/apache-tomcat-8.0.24/conf/bpm-platform.xml] at 'file:/home/pi/camunda-rasberry/server/apache-tomcat-8.0.24/conf/bpm-platform.xml'
14-Jun-2016 12:47:03.368 INFO [main] org.camunda.commons.logging.BaseLogger.logInfo ENGINE-12003 Plugin 'ProcessApplicationEventListenerPlugin' activated on process engine 'default'
14-Jun-2016 12:47:03.403 INFO [main] org.camunda.commons.logging.BaseLogger.logInfo ENGINE-12003 Plugin 'SpinProcessEnginePlugin' activated on process engine 'default'
14-Jun-2016 12:47:03.424 INFO [main] org.camunda.commons.logging.BaseLogger.logInfo SPIN-01010 Discovered Spin data format provider: org.camunda.spin.impl.json.jackson.format.JacksonJsonDataFormatProvider[name = application/json]
14-Jun-2016 12:47:04.169 INFO [main] org.camunda.commons.logging.BaseLogger.logInfo SPIN-01010 Discovered Spin data format provider: org.camunda.spin.impl.xml.dom.format.DomXmlDataFormatProvider[name = application/xml]
14-Jun-2016 12:47:04.216 INFO [main] org.camunda.commons.logging.BaseLogger.logInfo SPIN-01009 Discovered Spin data format: org.camunda.spin.impl.xml.dom.format.DomXmlDataFormat[name = application/xml]
14-Jun-2016 12:47:04.217 INFO [main] org.camunda.commons.logging.BaseLogger.logInfo SPIN-01009 Discovered Spin data format: org.camunda.spin.impl.json.jackson.format.JacksonJsonDataFormat[name = application/json]
14-Jun-2016 12:47:04.217 INFO [main] org.camunda.commons.logging.BaseLogger.logInfo ENGINE-12003 Plugin 'ConnectProcessEnginePlugin' activated on process engine 'default'
14-Jun-2016 12:47:04.969 INFO [main] org.camunda.commons.logging.BaseLogger.logInfo CNCT-01004 Discovered provider for connector id 'http-connector' and class 'org.camunda.connect.httpclient.impl.HttpConnectorImpl': 'org.camunda.connect.httpclient.impl.HttpConnectorProviderImpl'
14-Jun-2016 12:47:04.978 INFO [main] org.camunda.commons.logging.BaseLogger.logInfo CNCT-01004 Discovered provider for connector id 'soap-http-connector' and class 'org.camunda.connect.httpclient.soap.impl.SoapHttpConnectorImpl': 'org.camunda.connect.httpclient.soap.impl.SoapHttpConnectorProviderImpl'
14-Jun-2016 12:47:18.017 INFO [main] org.camunda.commons.logging.BaseLogger.logInfo ENGINE-00001 Process Engine default created.
14-Jun-2016 12:47:18.024 INFO [main] org.camunda.commons.logging.BaseLogger.logInfo ENGINE-14014 Starting up the JobExecutor[org.camunda.bpm.engine.impl.jobexecutor.RuntimeContainerJobExecutor].
14-Jun-2016 12:47:18.031 INFO [Thread-6] org.camunda.commons.logging.BaseLogger.logInfo ENGINE-14018 JobExecutor[org.camunda.bpm.engine.impl.jobexecutor.RuntimeContainerJobExecutor] starting to acquire jobs
14-Jun-2016 12:47:18.038 INFO [main] org.camunda.commons.logging.BaseLogger.logInfo ENGINE-08048 Camunda BPM platform sucessfully started at 'Apache Tomcat/8.0.24'.
14-Jun-2016 12:47:18.101 INFO [main] org.apache.catalina.core.StandardService.startInternal Starting service Catalina
14-Jun-2016 12:47:18.102 INFO [main] org.apache.catalina.core.StandardEngine.startInternal Starting Servlet Engine: Apache Tomcat/8.0.24
14-Jun-2016 12:47:18.154 INFO [localhost-startStop-1] org.apache.catalina.startup.HostConfig.deployDirectory Deploying web application directory /home/pi/camunda-rasberry/server/apache-tomcat-8.0.24/webapps/h2
14-Jun-2016 12:47:26.954 INFO [localhost-startStop-1] org.apache.jasper.servlet.TldScanner.scanJars At least one JAR was scanned for TLDs yet contained no TLDs. Enable debug logging for this logger for a complete list of JARs that were scanned but no TLDs were found in them. Skipping unneeded JARs during scanning can improve startup time and JSP compilation time.
14-Jun-2016 12:47:27.156 INFO [localhost-startStop-1] org.apache.catalina.startup.HostConfig.deployDirectory Deployment of web application directory /home/pi/camunda-rasberry/server/apache-tomcat-8.0.24/webapps/h2 has finished in 8,998 ms
14-Jun-2016 12:47:27.157 INFO [localhost-startStop-1] org.apache.catalina.startup.HostConfig.deployDirectory Deploying web application directory /home/pi/camunda-rasberry/server/apache-tomcat-8.0.24/webapps/host-manager
14-Jun-2016 12:47:32.797 INFO [localhost-startStop-1] org.apache.jasper.servlet.TldScanner.scanJars At least one JAR was scanned for TLDs yet contained no TLDs. Enable debug logging for this logger for a complete list of JARs that were scanned but no TLDs were found in them. Skipping unneeded JARs during scanning can improve startup time and JSP compilation time.
14-Jun-2016 12:47:32.814 INFO [localhost-startStop-1] org.apache.catalina.startup.HostConfig.deployDirectory Deployment of web application directory /home/pi/camunda-rasberry/server/apache-tomcat-8.0.24/webapps/host-manager has finished in 5,657 ms
14-Jun-2016 12:47:33.435 INFO [localhost-startStop-1] org.apache.catalina.startup.HostConfig.deployDirectory Deploying web application directory /home/pi/camunda-rasberry/server/apache-tomcat-8.0.24/webapps/docs
14-Jun-2016 12:47:38.791 INFO [localhost-startStop-1] org.apache.jasper.servlet.TldScanner.scanJars At least one JAR was scanned for TLDs yet contained no TLDs. Enable debug logging for this logger for a complete list of JARs that were scanned but no TLDs were found in them. Skipping unneeded JARs during scanning can improve startup time and JSP compilation time.
14-Jun-2016 12:47:38.797 INFO [localhost-startStop-1] org.apache.catalina.startup.HostConfig.deployDirectory Deployment of web application directory /home/pi/camunda-rasberry/server/apache-tomcat-8.0.24/webapps/docs has finished in 5,361 ms
14-Jun-2016 12:47:38.797 INFO [localhost-startStop-1] org.apache.catalina.startup.HostConfig.deployDirectory Deploying web application directory /home/pi/camunda-rasberry/server/apache-tomcat-8.0.24/webapps/camunda-invoice
14-Jun-2016 12:47:45.918 INFO [localhost-startStop-1] org.apache.jasper.servlet.TldScanner.scanJars At least one JAR was scanned for TLDs yet contained no TLDs. Enable debug logging for this logger for a complete list of JARs that were scanned but no TLDs were found in them. Skipping unneeded JARs during scanning can improve startup time and JSP compilation time.
14-Jun-2016 12:47:45.919 INFO [localhost-startStop-1] org.camunda.commons.logging.BaseLogger.logInfo ENGINE-07015 Detected @ProcessApplication class 'org.camunda.bpm.example.invoice.InvoiceProcessApplication'
14-Jun-2016 12:47:45.953 INFO [localhost-startStop-1] org.camunda.commons.logging.BaseLogger.logInfo ENGINE-08024 Found processes.xml file at file:/home/pi/camunda-rasberry/server/apache-tomcat-8.0.24/webapps/camunda-invoice/WEB-INF/classes/META-INF/processes.xml
14-Jun-2016 12:47:46.076 INFO [localhost-startStop-1] org.camunda.commons.logging.BaseLogger.logInfo ENGINE-08023 Deployment summary for process archive 'camunda-invoice': 

        assign-approver-groups.dmn
        invoice.v2.bpmn

14-Jun-2016 12:47:47.636 INFO [localhost-startStop-1] org.camunda.commons.logging.BaseLogger.logInfo ENGINE-07021 ProcessApplication 'camunda-invoice' registered for DB deployments [a434be7e-2e50-11e6-bd6a-0013ef70219b, a88c7ee4-2e50-11e6-bd6a-0013ef70219b]. Will execute process definitions 

        invoice[version: 1, id: invoice:1:a5e02391-2e50-11e6-bd6a-0013ef70219b]
        invoice[version: 2, id: invoice:2:a967c3b7-2e50-11e6-bd6a-0013ef70219b]
Deployment does not provide any case definitions.
14-Jun-2016 12:47:47.659 INFO [localhost-startStop-1] org.camunda.commons.logging.BaseLogger.logInfo SPIN-01010 Discovered Spin data format provider: org.camunda.spin.impl.json.jackson.format.JacksonJsonDataFormatProvider[name = application/json]
14-Jun-2016 12:47:47.661 INFO [localhost-startStop-1] org.camunda.commons.logging.BaseLogger.logInfo SPIN-01010 Discovered Spin data format provider: org.camunda.spin.impl.xml.dom.format.DomXmlDataFormatProvider[name = application/xml]
14-Jun-2016 12:47:47.664 INFO [localhost-startStop-1] org.camunda.commons.logging.BaseLogger.logInfo SPIN-01009 Discovered Spin data format: org.camunda.spin.impl.xml.dom.format.DomXmlDataFormat[name = application/xml]
14-Jun-2016 12:47:47.665 INFO [localhost-startStop-1] org.camunda.commons.logging.BaseLogger.logInfo SPIN-01009 Discovered Spin data format: org.camunda.spin.impl.json.jackson.format.JacksonJsonDataFormat[name = application/json]
14-Jun-2016 12:47:48.236 WARNING [localhost-startStop-1] org.camunda.commons.logging.BaseLogger.logWarn ENGINE-09004 Warnings during parsing: 
* Exclusive Gateway 'reviewSuccessful_gw' has outgoing sequence flow 'reviewSuccessful' without condition which is not the default flow. We assume it to be the default flow, but it is bad modeling practice, better set the default flow in your gateway. | invoice.v1.bpmn | line 0 | column 0
14-Jun-2016 12:47:53.716 INFO [localhost-startStop-1] null.null 

  ... Now notfying creditor Bobby's Office Supplies


14-Jun-2016 12:47:58.629 INFO [localhost-startStop-1] org.camunda.commons.logging.BaseLogger.logInfo ENGINE-08050 Process application camunda-invoice successfully deployed
14-Jun-2016 12:47:58.641 INFO [localhost-startStop-1] org.apache.catalina.startup.HostConfig.deployDirectory Deployment of web application directory /home/pi/camunda-rasberry/server/apache-tomcat-8.0.24/webapps/camunda-invoice has finished in 19,843 ms
14-Jun-2016 12:47:58.642 INFO [localhost-startStop-1] org.apache.catalina.startup.HostConfig.deployDirectory Deploying web application directory /home/pi/camunda-rasberry/server/apache-tomcat-8.0.24/webapps/camunda-welcome
14-Jun-2016 12:48:06.676 INFO [localhost-startStop-1] org.apache.jasper.servlet.TldScanner.scanJars At least one JAR was scanned for TLDs yet contained no TLDs. Enable debug logging for this logger for a complete list of JARs that were scanned but no TLDs were found in them. Skipping unneeded JARs during scanning can improve startup time and JSP compilation time.
14-Jun-2016 12:48:07.038 INFO [localhost-startStop-1] org.apache.catalina.startup.HostConfig.deployDirectory Deployment of web application directory /home/pi/camunda-rasberry/server/apache-tomcat-8.0.24/webapps/camunda-welcome has finished in 8,395 ms
14-Jun-2016 12:48:07.038 INFO [localhost-startStop-1] org.apache.catalina.startup.HostConfig.deployDirectory Deploying web application directory /home/pi/camunda-rasberry/server/apache-tomcat-8.0.24/webapps/ROOT
14-Jun-2016 12:48:11.764 INFO [localhost-startStop-1] org.apache.jasper.servlet.TldScanner.scanJars At least one JAR was scanned for TLDs yet contained no TLDs. Enable debug logging for this logger for a complete list of JARs that were scanned but no TLDs were found in them. Skipping unneeded JARs during scanning can improve startup time and JSP compilation time.
14-Jun-2016 12:48:11.769 INFO [localhost-startStop-1] org.apache.catalina.startup.HostConfig.deployDirectory Deployment of web application directory /home/pi/camunda-rasberry/server/apache-tomcat-8.0.24/webapps/ROOT has finished in 4,730 ms
14-Jun-2016 12:48:11.769 INFO [localhost-startStop-1] org.apache.catalina.startup.HostConfig.deployDirectory Deploying web application directory /home/pi/camunda-rasberry/server/apache-tomcat-8.0.24/webapps/camunda
14-Jun-2016 12:48:17.959 INFO [localhost-startStop-1] org.apache.jasper.servlet.TldScanner.scanJars At least one JAR was scanned for TLDs yet contained no TLDs. Enable debug logging for this logger for a complete list of JARs that were scanned but no TLDs were found in them. Skipping unneeded JARs during scanning can improve startup time and JSP compilation time.
14-Jun-2016 12:48:18.877 INFO [localhost-startStop-1] org.apache.catalina.startup.HostConfig.deployDirectory Deployment of web application directory /home/pi/camunda-rasberry/server/apache-tomcat-8.0.24/webapps/camunda has finished in 7,107 ms
14-Jun-2016 12:48:18.877 INFO [localhost-startStop-1] org.apache.catalina.startup.HostConfig.deployDirectory Deploying web application directory /home/pi/camunda-rasberry/server/apache-tomcat-8.0.24/webapps/engine-rest
14-Jun-2016 12:48:27.254 INFO [localhost-startStop-1] org.apache.jasper.servlet.TldScanner.scanJars At least one JAR was scanned for TLDs yet contained no TLDs. Enable debug logging for this logger for a complete list of JARs that were scanned but no TLDs were found in them. Skipping unneeded JARs during scanning can improve startup time and JSP compilation time.
14-Jun-2016 12:48:27.603 INFO [localhost-startStop-1] org.jboss.resteasy.logging.impl.Slf4jLogger.info Deploying javax.ws.rs.core.Application: class org.camunda.bpm.engine.rest.impl.application.DefaultApplication
14-Jun-2016 12:48:27.874 INFO [localhost-startStop-1] org.apache.catalina.startup.HostConfig.deployDirectory Deployment of web application directory /home/pi/camunda-rasberry/server/apache-tomcat-8.0.24/webapps/engine-rest has finished in 8,997 ms
14-Jun-2016 12:48:27.875 INFO [localhost-startStop-1] org.apache.catalina.startup.HostConfig.deployDirectory Deploying web application directory /home/pi/camunda-rasberry/server/apache-tomcat-8.0.24/webapps/examples
14-Jun-2016 12:48:33.112 INFO [localhost-startStop-1] org.apache.jasper.servlet.TldScanner.scanJars At least one JAR was scanned for TLDs yet contained no TLDs. Enable debug logging for this logger for a complete list of JARs that were scanned but no TLDs were found in them. Skipping unneeded JARs during scanning can improve startup time and JSP compilation time.
14-Jun-2016 12:48:33.158 INFO [localhost-startStop-1] org.apache.catalina.startup.HostConfig.deployDirectory Deployment of web application directory /home/pi/camunda-rasberry/server/apache-tomcat-8.0.24/webapps/examples has finished in 5,282 ms
14-Jun-2016 12:48:33.158 INFO [localhost-startStop-1] org.apache.catalina.startup.HostConfig.deployDirectory Deploying web application directory /home/pi/camunda-rasberry/server/apache-tomcat-8.0.24/webapps/manager
14-Jun-2016 12:48:37.869 INFO [localhost-startStop-1] org.apache.jasper.servlet.TldScanner.scanJars At least one JAR was scanned for TLDs yet contained no TLDs. Enable debug logging for this logger for a complete list of JARs that were scanned but no TLDs were found in them. Skipping unneeded JARs during scanning can improve startup time and JSP compilation time.
14-Jun-2016 12:48:37.887 INFO [localhost-startStop-1] org.apache.catalina.startup.HostConfig.deployDirectory Deployment of web application directory /home/pi/camunda-rasberry/server/apache-tomcat-8.0.24/webapps/manager has finished in 4,728 ms
14-Jun-2016 12:48:37.901 INFO [main] org.apache.coyote.AbstractProtocol.start Starting ProtocolHandler ["http-nio-8080"]
14-Jun-2016 12:48:37.926 INFO [main] org.apache.coyote.AbstractProtocol.start Starting ProtocolHandler ["ajp-nio-8009"]
14-Jun-2016 12:48:37.929 INFO [main] org.apache.catalina.startup.Catalina.start Server startup in 102187 ms
14-Jun-2016 12:49:21.719 INFO [http-nio-8080-exec-5] org.apache.catalina.startup.HostConfig.deployWAR Deploying web application archive /home/pi/camunda-rasberry/server/apache-tomcat-8.0.24/webapps/openhabcamunda-0.0.2.war
14-Jun-2016 12:49:26.675 INFO [http-nio-8080-exec-5] org.apache.jasper.servlet.TldScanner.scanJars At least one JAR was scanned for TLDs yet contained no TLDs. Enable debug logging for this logger for a complete list of JARs that were scanned but no TLDs were found in them. Skipping unneeded JARs during scanning can improve startup time and JSP compilation time.
14-Jun-2016 12:49:26.676 INFO [http-nio-8080-exec-5] org.camunda.commons.logging.BaseLogger.logInfo ENGINE-07015 Detected @ProcessApplication class 'LoanApprovalApplication'
14-Jun-2016 12:49:26.682 INFO [http-nio-8080-exec-5] org.camunda.commons.logging.BaseLogger.logInfo ENGINE-08024 Found processes.xml file at file:/home/pi/camunda-rasberry/server/apache-tomcat-8.0.24/webapps/openhabcamunda-0.0.2/WEB-INF/classes/META-INF/processes.xml
14-Jun-2016 12:49:26.717 INFO [http-nio-8080-exec-5] org.camunda.commons.logging.BaseLogger.logInfo ENGINE-08023 Deployment summary for process archive 'openhab-camunda': 

        loan-approval.bpmn

14-Jun-2016 12:49:26.864 INFO [http-nio-8080-exec-5] org.camunda.commons.logging.BaseLogger.logInfo ENGINE-07021 ProcessApplication 'OpenHab Camunda App' registered for DB deployments [5f0657e0-3173-11e6-9306-b827eb5fc0fd, 38ecd112-322d-11e6-9c79-b827eb5fc0fd, 6d71fd51-322e-11e6-a50e-b827eb5fc0fd]. Will execute process definitions 

        approve-loan[version: 1, id: approve-loan:1:5f191c92-3173-11e6-9306-b827eb5fc0fd]
        approve-loan[version: 2, id: approve-loan:2:38fa3e94-322d-11e6-9c79-b827eb5fc0fd]
        approve-loan[version: 3, id: approve-loan:3:6d81b4c3-322e-11e6-a50e-b827eb5fc0fd]
Deployment does not provide any case definitions.
14-Jun-2016 12:49:26.877 INFO [http-nio-8080-exec-5] org.camunda.commons.logging.BaseLogger.logInfo SPIN-01010 Discovered Spin data format provider: org.camunda.spin.impl.json.jackson.format.JacksonJsonDataFormatProvider[name = application/json]
14-Jun-2016 12:49:26.879 INFO [http-nio-8080-exec-5] org.camunda.commons.logging.BaseLogger.logInfo SPIN-01010 Discovered Spin data format provider: org.camunda.spin.impl.xml.dom.format.DomXmlDataFormatProvider[name = application/xml]
14-Jun-2016 12:49:26.884 INFO [http-nio-8080-exec-5] org.camunda.commons.logging.BaseLogger.logInfo SPIN-01009 Discovered Spin data format: org.camunda.spin.impl.xml.dom.format.DomXmlDataFormat[name = application/xml]
14-Jun-2016 12:49:26.885 INFO [http-nio-8080-exec-5] org.camunda.commons.logging.BaseLogger.logInfo SPIN-01009 Discovered Spin data format: org.camunda.spin.impl.json.jackson.format.JacksonJsonDataFormat[name = application/json]
14-Jun-2016 12:49:26.887 INFO [http-nio-8080-exec-5] org.camunda.commons.logging.BaseLogger.logInfo ENGINE-08050 Process application OpenHab Camunda App successfully deployed
14-Jun-2016 12:49:26.896 INFO [http-nio-8080-exec-5] org.apache.catalina.startup.HostConfig.deployWAR Deployment of web application archive /home/pi/camunda-rasberry/server/apache-tomcat-8.0.24/webapps/openhabcamunda-0.0.2.war has finished in 5,177 ms
14-Jun-2016 12:49:48.576 INFO [http-nio-8080-exec-6] org.jboss.resteasy.logging.impl.Slf4jLogger.info Deploying javax.ws.rs.core.Application: class org.camunda.bpm.webapp.impl.engine.EngineRestApplication
14-Jun-2016 12:49:48.825 INFO [http-nio-8080-exec-6] org.camunda.commons.logging.BaseLogger.logInfo ENGINE-00002 Process engine already initialized
14-Jun-2016 12:51:37.304 INFO [http-nio-8080-exec-9] org.jboss.resteasy.logging.impl.Slf4jLogger.info Deploying javax.ws.rs.core.Application: class org.camunda.bpm.admin.impl.web.AdminApplication
14-Jun-2016 12:51:44.604 INFO [http-nio-8080-exec-9] org.jboss.resteasy.logging.impl.Slf4jLogger.info Deploying javax.ws.rs.core.Application: class org.camunda.bpm.tasklist.impl.web.TasklistApplication
14-Jun-2016 12:52:12.322 INFO [http-nio-8080-exec-6] org.jboss.resteasy.logging.impl.Slf4jLogger.info Deploying javax.ws.rs.core.Application: class org.camunda.bpm.cockpit.impl.web.CockpitApplication
14-Jun-2016 13:10:40.179 INFO [ContainerBackgroundProcessor[StandardEngine[Catalina]]] org.apache.catalina.startup.HostConfig.undeploy Undeploying context [/openhabcamunda-0.0.2]
14-Jun-2016 13:10:40.495 INFO [ContainerBackgroundProcessor[StandardEngine[Catalina]]] org.camunda.commons.logging.BaseLogger.logInfo ENGINE-08051 Process application OpenHab Camunda App undeployed
14-Jun-2016 13:12:02.697 INFO [http-nio-8080-exec-2] org.apache.catalina.startup.HostConfig.deployWAR Deploying web application archive /home/pi/camunda-rasberry/server/apache-tomcat-8.0.24/webapps/openhabcamunda-0.0.2.war
14-Jun-2016 13:12:09.061 INFO [http-nio-8080-exec-2] org.apache.jasper.servlet.TldScanner.scanJars At least one JAR was scanned for TLDs yet contained no TLDs. Enable debug logging for this logger for a complete list of JARs that were scanned but no TLDs were found in them. Skipping unneeded JARs during scanning can improve startup time and JSP compilation time.
14-Jun-2016 13:12:09.065 INFO [http-nio-8080-exec-2] org.camunda.commons.logging.BaseLogger.logInfo ENGINE-07015 Detected @ProcessApplication class 'LoanApprovalApplication'
14-Jun-2016 13:12:09.077 INFO [http-nio-8080-exec-2] org.camunda.commons.logging.BaseLogger.logInfo ENGINE-08024 Found processes.xml file at file:/home/pi/camunda-rasberry/server/apache-tomcat-8.0.24/webapps/openhabcamunda-0.0.2/WEB-INF/classes/META-INF/processes.xml
14-Jun-2016 13:12:09.127 INFO [http-nio-8080-exec-2] org.camunda.commons.logging.BaseLogger.logInfo ENGINE-08023 Deployment summary for process archive 'openhab-camunda': 

        loan-approval.bpmn

14-Jun-2016 13:12:09.451 INFO [http-nio-8080-exec-2] org.camunda.commons.logging.BaseLogger.logInfo ENGINE-07021 ProcessApplication 'OpenHab Camunda App' registered for DB deployments [99869933-3231-11e6-a50e-b827eb5fc0fd, 5f0657e0-3173-11e6-9306-b827eb5fc0fd, 38ecd112-322d-11e6-9c79-b827eb5fc0fd, 6d71fd51-322e-11e6-a50e-b827eb5fc0fd]. Will execute process definitions 

        approve-loan[version: 4, id: approve-loan:4:99a96375-3231-11e6-a50e-b827eb5fc0fd]
        approve-loan[version: 1, id: approve-loan:1:5f191c92-3173-11e6-9306-b827eb5fc0fd]
        approve-loan[version: 2, id: approve-loan:2:38fa3e94-322d-11e6-9c79-b827eb5fc0fd]
        approve-loan[version: 3, id: approve-loan:3:6d81b4c3-322e-11e6-a50e-b827eb5fc0fd]
Deployment does not provide any case definitions.
14-Jun-2016 13:12:09.495 INFO [http-nio-8080-exec-2] org.camunda.commons.logging.BaseLogger.logInfo SPIN-01010 Discovered Spin data format provider: org.camunda.spin.impl.json.jackson.format.JacksonJsonDataFormatProvider[name = application/json]
14-Jun-2016 13:12:09.499 INFO [http-nio-8080-exec-2] org.camunda.commons.logging.BaseLogger.logInfo SPIN-01010 Discovered Spin data format provider: org.camunda.spin.impl.xml.dom.format.DomXmlDataFormatProvider[name = application/xml]
14-Jun-2016 13:12:09.509 INFO [http-nio-8080-exec-2] org.camunda.commons.logging.BaseLogger.logInfo SPIN-01009 Discovered Spin data format: org.camunda.spin.impl.xml.dom.format.DomXmlDataFormat[name = application/xml]
14-Jun-2016 13:12:09.512 INFO [http-nio-8080-exec-2] org.camunda.commons.logging.BaseLogger.logInfo SPIN-01009 Discovered Spin data format: org.camunda.spin.impl.json.jackson.format.JacksonJsonDataFormat[name = application/json]
14-Jun-2016 13:12:09.517 INFO [http-nio-8080-exec-2] org.camunda.commons.logging.BaseLogger.logInfo ENGINE-08050 Process application OpenHab Camunda App successfully deployed
14-Jun-2016 13:12:09.543 INFO [http-nio-8080-exec-2] org.apache.catalina.startup.HostConfig.deployWAR Deployment of web application archive /home/pi/camunda-rasberry/server/apache-tomcat-8.0.24/webapps/openhabcamunda-0.0.2.war has finished in 6,846 ms
14-Jun-2016 13:19:11.472 INFO [ContainerBackgroundProcessor[StandardEngine[Catalina]]] org.apache.catalina.startup.HostConfig.undeploy Undeploying context [/openhabcamunda-0.0.2]
14-Jun-2016 13:19:11.869 INFO [ContainerBackgroundProcessor[StandardEngine[Catalina]]] org.camunda.commons.logging.BaseLogger.logInfo ENGINE-08051 Process application OpenHab Camunda App undeployed
14-Jun-2016 13:19:29.888 INFO [http-nio-8080-exec-14] org.apache.catalina.startup.HostConfig.deployWAR Deploying web application archive /home/pi/camunda-rasberry/server/apache-tomcat-8.0.24/webapps/openhabcamunda-0.0.2.war
14-Jun-2016 13:19:34.947 INFO [http-nio-8080-exec-14] org.apache.jasper.servlet.TldScanner.scanJars At least one JAR was scanned for TLDs yet contained no TLDs. Enable debug logging for this logger for a complete list of JARs that were scanned but no TLDs were found in them. Skipping unneeded JARs during scanning can improve startup time and JSP compilation time.
14-Jun-2016 13:19:34.969 INFO [http-nio-8080-exec-14] org.camunda.commons.logging.BaseLogger.logInfo ENGINE-07015 Detected @ProcessApplication class 'LoanApprovalApplication'
14-Jun-2016 13:19:34.974 INFO [http-nio-8080-exec-14] org.camunda.commons.logging.BaseLogger.logInfo ENGINE-08024 Found processes.xml file at file:/home/pi/camunda-rasberry/server/apache-tomcat-8.0.24/webapps/openhabcamunda-0.0.2/WEB-INF/classes/META-INF/processes.xml
14-Jun-2016 13:19:34.991 INFO [http-nio-8080-exec-14] org.camunda.commons.logging.BaseLogger.logInfo ENGINE-08023 Deployment summary for process archive 'openhab-camunda': 

        loan-approval.bpmn

14-Jun-2016 13:19:35.108 INFO [http-nio-8080-exec-14] org.camunda.commons.logging.BaseLogger.logInfo ENGINE-07021 ProcessApplication 'OpenHab Camunda App' registered for DB deployments [99869933-3231-11e6-a50e-b827eb5fc0fd, 5f0657e0-3173-11e6-9306-b827eb5fc0fd, 38ecd112-322d-11e6-9c79-b827eb5fc0fd, 6d71fd51-322e-11e6-a50e-b827eb5fc0fd]. Will execute process definitions 

        approve-loan[version: 4, id: approve-loan:4:99a96375-3231-11e6-a50e-b827eb5fc0fd]
        approve-loan[version: 1, id: approve-loan:1:5f191c92-3173-11e6-9306-b827eb5fc0fd]
        approve-loan[version: 2, id: approve-loan:2:38fa3e94-322d-11e6-9c79-b827eb5fc0fd]
        approve-loan[version: 3, id: approve-loan:3:6d81b4c3-322e-11e6-a50e-b827eb5fc0fd]
Deployment does not provide any case definitions.
14-Jun-2016 13:19:35.113 INFO [http-nio-8080-exec-14] org.camunda.commons.logging.BaseLogger.logInfo SPIN-01010 Discovered Spin data format provider: org.camunda.spin.impl.json.jackson.format.JacksonJsonDataFormatProvider[name = application/json]
14-Jun-2016 13:19:35.116 INFO [http-nio-8080-exec-14] org.camunda.commons.logging.BaseLogger.logInfo SPIN-01010 Discovered Spin data format provider: org.camunda.spin.impl.xml.dom.format.DomXmlDataFormatProvider[name = application/xml]
14-Jun-2016 13:19:35.120 INFO [http-nio-8080-exec-14] org.camunda.commons.logging.BaseLogger.logInfo SPIN-01009 Discovered Spin data format: org.camunda.spin.impl.xml.dom.format.DomXmlDataFormat[name = application/xml]
14-Jun-2016 13:19:35.121 INFO [http-nio-8080-exec-14] org.camunda.commons.logging.BaseLogger.logInfo SPIN-01009 Discovered Spin data format: org.camunda.spin.impl.json.jackson.format.JacksonJsonDataFormat[name = application/json]
14-Jun-2016 13:19:35.122 INFO [http-nio-8080-exec-14] org.camunda.commons.logging.BaseLogger.logInfo ENGINE-08050 Process application OpenHab Camunda App successfully deployed
14-Jun-2016 13:19:35.131 INFO [http-nio-8080-exec-14] org.apache.catalina.startup.HostConfig.deployWAR Deployment of web application archive /home/pi/camunda-rasberry/server/apache-tomcat-8.0.24/webapps/openhabcamunda-0.0.2.war has finished in 5,243 ms
