07-Jul-2016 09:29:21.005 INFO [main] org.apache.catalina.startup.VersionLoggerListener.log Server version:        Apache Tomcat/8.0.24
07-Jul-2016 09:29:21.011 INFO [main] org.apache.catalina.startup.VersionLoggerListener.log Server built:          Jul 1 2015 20:19:55 UTC
07-Jul-2016 09:29:21.020 INFO [main] org.apache.catalina.startup.VersionLoggerListener.log Server number:         8.0.24.0
07-Jul-2016 09:29:21.021 INFO [main] org.apache.catalina.startup.VersionLoggerListener.log OS Name:               Linux
07-Jul-2016 09:29:21.021 INFO [main] org.apache.catalina.startup.VersionLoggerListener.log OS Version:            4.4.11-v7+
07-Jul-2016 09:29:21.021 INFO [main] org.apache.catalina.startup.VersionLoggerListener.log Architecture:          arm
07-Jul-2016 09:29:21.022 INFO [main] org.apache.catalina.startup.VersionLoggerListener.log Java Home:             /usr/lib/jvm/jdk-8-oracle-arm32-vfp-hflt/jre
07-Jul-2016 09:29:21.022 INFO [main] org.apache.catalina.startup.VersionLoggerListener.log JVM Version:           1.8.0_65-b17
07-Jul-2016 09:29:21.023 INFO [main] org.apache.catalina.startup.VersionLoggerListener.log JVM Vendor:            Oracle Corporation
07-Jul-2016 09:29:21.024 INFO [main] org.apache.catalina.startup.VersionLoggerListener.log CATALINA_BASE:         /home/pi/camunda-rasberry/server/apache-tomcat-8.0.24
07-Jul-2016 09:29:21.024 INFO [main] org.apache.catalina.startup.VersionLoggerListener.log CATALINA_HOME:         /home/pi/camunda-rasberry/server/apache-tomcat-8.0.24
07-Jul-2016 09:29:21.026 INFO [main] org.apache.catalina.startup.VersionLoggerListener.log Command line argument: -Djava.util.logging.config.file=./server/apache-tomcat-8.0.24/conf/logging.properties
07-Jul-2016 09:29:21.026 INFO [main] org.apache.catalina.startup.VersionLoggerListener.log Command line argument: -Djava.util.logging.manager=org.apache.juli.ClassLoaderLogManager
07-Jul-2016 09:29:21.027 INFO [main] org.apache.catalina.startup.VersionLoggerListener.log Command line argument: -Xmx512m
07-Jul-2016 09:29:21.027 INFO [main] org.apache.catalina.startup.VersionLoggerListener.log Command line argument: -XX:MaxPermSize=256m
07-Jul-2016 09:29:21.028 INFO [main] org.apache.catalina.startup.VersionLoggerListener.log Command line argument: -XX:PermSize=256m
07-Jul-2016 09:29:21.029 INFO [main] org.apache.catalina.startup.VersionLoggerListener.log Command line argument: -Djava.endorsed.dirs=./server/apache-tomcat-8.0.24/endorsed
07-Jul-2016 09:29:21.029 INFO [main] org.apache.catalina.startup.VersionLoggerListener.log Command line argument: -Dcatalina.base=./server/apache-tomcat-8.0.24
07-Jul-2016 09:29:21.030 INFO [main] org.apache.catalina.startup.VersionLoggerListener.log Command line argument: -Dcatalina.home=./server/apache-tomcat-8.0.24
07-Jul-2016 09:29:21.030 INFO [main] org.apache.catalina.startup.VersionLoggerListener.log Command line argument: -Djava.io.tmpdir=./server/apache-tomcat-8.0.24/temp
07-Jul-2016 09:29:21.031 INFO [main] org.apache.catalina.core.AprLifecycleListener.lifecycleEvent The APR based Apache Tomcat Native library which allows optimal performance in production environments was not found on the java.library.path: /usr/java/packages/lib/arm:/lib:/usr/lib
07-Jul-2016 09:29:22.459 INFO [main] org.apache.coyote.AbstractProtocol.init Initializing ProtocolHandler ["http-nio-8080"]
07-Jul-2016 09:29:22.634 INFO [main] org.apache.tomcat.util.net.NioSelectorPool.getSharedSelector Using a shared selector for servlet write/read
07-Jul-2016 09:29:22.655 INFO [main] org.apache.coyote.AbstractProtocol.init Initializing ProtocolHandler ["ajp-nio-8009"]
07-Jul-2016 09:29:22.666 INFO [main] org.apache.tomcat.util.net.NioSelectorPool.getSharedSelector Using a shared selector for servlet write/read
07-Jul-2016 09:29:22.673 INFO [main] org.apache.catalina.startup.Catalina.load Initialization processed in 3838 ms
07-Jul-2016 09:29:22.882 WARNING [main] org.apache.tomcat.jdbc.pool.ConnectionPool.init maxIdle is larger than maxActive, setting maxIdle to: 20
07-Jul-2016 09:29:31.926 INFO [main] org.camunda.commons.logging.BaseLogger.logInfo ENGINE-08046 Found camunda bpm platform configuration in CATALINA_BASE/CATALINA_HOME conf directory [/home/pi/camunda-rasberry/server/apache-tomcat-8.0.24/conf/bpm-platform.xml] at 'file:/home/pi/camunda-rasberry/server/apache-tomcat-8.0.24/conf/bpm-platform.xml'
07-Jul-2016 09:29:32.831 INFO [main] org.camunda.commons.logging.BaseLogger.logInfo ENGINE-12003 Plugin 'ProcessApplicationEventListenerPlugin' activated on process engine 'default'
07-Jul-2016 09:29:32.877 INFO [main] org.camunda.commons.logging.BaseLogger.logInfo ENGINE-12003 Plugin 'SpinProcessEnginePlugin' activated on process engine 'default'
07-Jul-2016 09:29:32.901 INFO [main] org.camunda.commons.logging.BaseLogger.logInfo SPIN-01010 Discovered Spin data format provider: org.camunda.spin.impl.json.jackson.format.JacksonJsonDataFormatProvider[name = application/json]
07-Jul-2016 09:29:33.726 INFO [main] org.camunda.commons.logging.BaseLogger.logInfo SPIN-01010 Discovered Spin data format provider: org.camunda.spin.impl.xml.dom.format.DomXmlDataFormatProvider[name = application/xml]
07-Jul-2016 09:29:33.795 INFO [main] org.camunda.commons.logging.BaseLogger.logInfo SPIN-01009 Discovered Spin data format: org.camunda.spin.impl.xml.dom.format.DomXmlDataFormat[name = application/xml]
07-Jul-2016 09:29:33.796 INFO [main] org.camunda.commons.logging.BaseLogger.logInfo SPIN-01009 Discovered Spin data format: org.camunda.spin.impl.json.jackson.format.JacksonJsonDataFormat[name = application/json]
07-Jul-2016 09:29:33.797 INFO [main] org.camunda.commons.logging.BaseLogger.logInfo ENGINE-12003 Plugin 'ConnectProcessEnginePlugin' activated on process engine 'default'
07-Jul-2016 09:29:34.807 INFO [main] org.camunda.commons.logging.BaseLogger.logInfo CNCT-01004 Discovered provider for connector id 'http-connector' and class 'org.camunda.connect.httpclient.impl.HttpConnectorImpl': 'org.camunda.connect.httpclient.impl.HttpConnectorProviderImpl'
07-Jul-2016 09:29:34.816 INFO [main] org.camunda.commons.logging.BaseLogger.logInfo CNCT-01004 Discovered provider for connector id 'soap-http-connector' and class 'org.camunda.connect.httpclient.soap.impl.SoapHttpConnectorImpl': 'org.camunda.connect.httpclient.soap.impl.SoapHttpConnectorProviderImpl'
07-Jul-2016 09:29:48.442 INFO [main] org.camunda.commons.logging.BaseLogger.logInfo ENGINE-00001 Process Engine default created.
07-Jul-2016 09:29:48.453 INFO [main] org.camunda.commons.logging.BaseLogger.logInfo ENGINE-14014 Starting up the JobExecutor[org.camunda.bpm.engine.impl.jobexecutor.RuntimeContainerJobExecutor].
07-Jul-2016 09:29:48.466 INFO [Thread-6] org.camunda.commons.logging.BaseLogger.logInfo ENGINE-14018 JobExecutor[org.camunda.bpm.engine.impl.jobexecutor.RuntimeContainerJobExecutor] starting to acquire jobs
07-Jul-2016 09:29:48.476 INFO [main] org.camunda.commons.logging.BaseLogger.logInfo ENGINE-08048 Camunda BPM platform sucessfully started at 'Apache Tomcat/8.0.24'.
07-Jul-2016 09:29:48.593 INFO [main] org.apache.catalina.core.StandardService.startInternal Starting service Catalina
07-Jul-2016 09:29:48.595 INFO [main] org.apache.catalina.core.StandardEngine.startInternal Starting Servlet Engine: Apache Tomcat/8.0.24
07-Jul-2016 09:29:48.807 INFO [localhost-startStop-1] org.apache.catalina.startup.HostConfig.deployWAR Deploying web application archive /home/pi/camunda-rasberry/server/apache-tomcat-8.0.24/webapps/open-hab-camunda-system-0.0.1.war
07-Jul-2016 09:30:03.886 INFO [localhost-startStop-1] org.apache.jasper.servlet.TldScanner.scanJars At least one JAR was scanned for TLDs yet contained no TLDs. Enable debug logging for this logger for a complete list of JARs that were scanned but no TLDs were found in them. Skipping unneeded JARs during scanning can improve startup time and JSP compilation time.
07-Jul-2016 09:30:03.894 INFO [localhost-startStop-1] org.camunda.commons.logging.BaseLogger.logInfo ENGINE-07015 Detected @ProcessApplication class 'org.camunda.bpm.example.event.message.InstantiateProcessByMessageDelegate'
07-Jul-2016 09:30:03.933 INFO [localhost-startStop-1] org.camunda.commons.logging.BaseLogger.logInfo ENGINE-08024 Found processes.xml file at file:/home/pi/camunda-rasberry/server/apache-tomcat-8.0.24/webapps/open-hab-camunda-system-0.0.1/WEB-INF/classes/META-INF/processes.xml
07-Jul-2016 09:30:03.997 INFO [localhost-startStop-1] org.camunda.commons.logging.BaseLogger.logInfo ENGINE-08023 Deployment summary for process archive 'openhab-camunda-message': 

        message_start_process.png
        instantiating_process.png
        message_start_process.bpmn
        instantiating_process.bpmn

07-Jul-2016 09:30:05.764 INFO [localhost-startStop-1] org.camunda.commons.logging.BaseLogger.logInfo ENGINE-07021 ProcessApplication 'Openhab Camunda Message App' registered for DB deployments [27c43c73-33c3-11e6-b73e-b827eb5fc0fd, 6a1214fa-33d1-11e6-b73e-b827eb5fc0fd, e1f18845-33d2-11e6-b73e-b827eb5fc0fd, 9a58f2df-33d5-11e6-b73e-b827eb5fc0fd, d0623bc3-33d8-11e6-a1b0-b827eb5fc0fd, 5ffc14c0-33bd-11e6-b73e-b827eb5fc0fd]. Will execute process definitions 

        Instantiating_Process[version: 2, id: Instantiating_Process:2:27fe383a-33c3-11e6-b73e-b827eb5fc0fd]
        Message_Start_Process[version: 2, id: Message_Start_Process:2:27fc6378-33c3-11e6-b73e-b827eb5fc0fd]
        Instantiating_Process[version: 3, id: Instantiating_Process:3:6a4cd411-33d1-11e6-b73e-b827eb5fc0fd]
        Message_Start_Process[version: 3, id: Message_Start_Process:3:6a4ab12f-33d1-11e6-b73e-b827eb5fc0fd]
        Instantiating_Process[version: 4, id: Instantiating_Process:4:e20bee1c-33d2-11e6-b73e-b827eb5fc0fd]
        Message_Start_Process[version: 4, id: Message_Start_Process:4:e20a195a-33d2-11e6-b73e-b827eb5fc0fd]
        Instantiating_Process[version: 5, id: Instantiating_Process:5:9a783ab6-33d5-11e6-b73e-b827eb5fc0fd]
        Message_Start_Process[version: 5, id: Message_Start_Process:5:9a76db24-33d5-11e6-b73e-b827eb5fc0fd]
        Instantiating_Process[version: 6, id: Instantiating_Process:6:d07cc8aa-33d8-11e6-a1b0-b827eb5fc0fd]
        Message_Start_Process[version: 6, id: Message_Start_Process:6:d07a7eb8-33d8-11e6-a1b0-b827eb5fc0fd]
        Instantiating_Process[version: 1, id: Instantiating_Process:1:60265917-33bd-11e6-b73e-b827eb5fc0fd]
        Message_Start_Process[version: 1, id: Message_Start_Process:1:60240f25-33bd-11e6-b73e-b827eb5fc0fd]
Deployment does not provide any case definitions.
07-Jul-2016 09:30:05.788 INFO [localhost-startStop-1] org.camunda.commons.logging.BaseLogger.logInfo SPIN-01010 Discovered Spin data format provider: org.camunda.spin.impl.json.jackson.format.JacksonJsonDataFormatProvider[name = application/json]
07-Jul-2016 09:30:05.790 INFO [localhost-startStop-1] org.camunda.commons.logging.BaseLogger.logInfo SPIN-01010 Discovered Spin data format provider: org.camunda.spin.impl.xml.dom.format.DomXmlDataFormatProvider[name = application/xml]
07-Jul-2016 09:30:05.794 INFO [localhost-startStop-1] org.camunda.commons.logging.BaseLogger.logInfo SPIN-01009 Discovered Spin data format: org.camunda.spin.impl.xml.dom.format.DomXmlDataFormat[name = application/xml]
07-Jul-2016 09:30:05.795 INFO [localhost-startStop-1] org.camunda.commons.logging.BaseLogger.logInfo SPIN-01009 Discovered Spin data format: org.camunda.spin.impl.json.jackson.format.JacksonJsonDataFormat[name = application/json]
07-Jul-2016 09:30:05.802 INFO [localhost-startStop-1] org.camunda.commons.logging.BaseLogger.logInfo ENGINE-08050 Process application Openhab Camunda Message App successfully deployed
07-Jul-2016 09:30:05.922 INFO [localhost-startStop-1] org.apache.catalina.startup.HostConfig.deployWAR Deployment of web application archive /home/pi/camunda-rasberry/server/apache-tomcat-8.0.24/webapps/open-hab-camunda-system-0.0.1.war has finished in 17,112 ms
07-Jul-2016 09:30:05.925 INFO [localhost-startStop-1] org.apache.catalina.startup.HostConfig.deployWAR Deploying web application archive /home/pi/camunda-rasberry/server/apache-tomcat-8.0.24/webapps/openhabcamunda-0.0.2.war
07-Jul-2016 09:30:11.556 INFO [localhost-startStop-1] org.apache.jasper.servlet.TldScanner.scanJars At least one JAR was scanned for TLDs yet contained no TLDs. Enable debug logging for this logger for a complete list of JARs that were scanned but no TLDs were found in them. Skipping unneeded JARs during scanning can improve startup time and JSP compilation time.
07-Jul-2016 09:30:13.890 INFO [localhost-startStop-1] org.camunda.commons.logging.BaseLogger.logInfo ENGINE-07015 Detected @ProcessApplication class 'LoanApprovalApplication'
07-Jul-2016 09:30:13.899 INFO [localhost-startStop-1] org.camunda.commons.logging.BaseLogger.logInfo ENGINE-08024 Found processes.xml file at file:/home/pi/camunda-rasberry/server/apache-tomcat-8.0.24/webapps/openhabcamunda-0.0.2/WEB-INF/classes/META-INF/processes.xml
07-Jul-2016 09:30:14.549 INFO [localhost-startStop-1] org.camunda.commons.logging.BaseLogger.logInfo ENGINE-08023 Deployment summary for process archive 'openhab-camunda': 

        loan-approval.bpmn

07-Jul-2016 09:30:14.703 INFO [localhost-startStop-1] org.camunda.commons.logging.BaseLogger.logInfo ENGINE-07021 ProcessApplication 'OpenHab Camunda App' registered for DB deployments [99869933-3231-11e6-a50e-b827eb5fc0fd, 5f0657e0-3173-11e6-9306-b827eb5fc0fd, 38ecd112-322d-11e6-9c79-b827eb5fc0fd, 6d71fd51-322e-11e6-a50e-b827eb5fc0fd]. Will execute process definitions 

        approve-loan[version: 4, id: approve-loan:4:99a96375-3231-11e6-a50e-b827eb5fc0fd]
        approve-loan[version: 1, id: approve-loan:1:5f191c92-3173-11e6-9306-b827eb5fc0fd]
        approve-loan[version: 2, id: approve-loan:2:38fa3e94-322d-11e6-9c79-b827eb5fc0fd]
        approve-loan[version: 3, id: approve-loan:3:6d81b4c3-322e-11e6-a50e-b827eb5fc0fd]
Deployment does not provide any case definitions.
07-Jul-2016 09:30:14.708 INFO [localhost-startStop-1] org.camunda.commons.logging.BaseLogger.logInfo SPIN-01010 Discovered Spin data format provider: org.camunda.spin.impl.json.jackson.format.JacksonJsonDataFormatProvider[name = application/json]
07-Jul-2016 09:30:14.710 INFO [localhost-startStop-1] org.camunda.commons.logging.BaseLogger.logInfo SPIN-01010 Discovered Spin data format provider: org.camunda.spin.impl.xml.dom.format.DomXmlDataFormatProvider[name = application/xml]
07-Jul-2016 09:30:14.714 INFO [localhost-startStop-1] org.camunda.commons.logging.BaseLogger.logInfo SPIN-01009 Discovered Spin data format: org.camunda.spin.impl.xml.dom.format.DomXmlDataFormat[name = application/xml]
07-Jul-2016 09:30:14.714 INFO [localhost-startStop-1] org.camunda.commons.logging.BaseLogger.logInfo SPIN-01009 Discovered Spin data format: org.camunda.spin.impl.json.jackson.format.JacksonJsonDataFormat[name = application/json]
07-Jul-2016 09:30:14.715 INFO [localhost-startStop-1] org.camunda.commons.logging.BaseLogger.logInfo ENGINE-08050 Process application OpenHab Camunda App successfully deployed
07-Jul-2016 09:30:14.725 INFO [localhost-startStop-1] org.apache.catalina.startup.HostConfig.deployWAR Deployment of web application archive /home/pi/camunda-rasberry/server/apache-tomcat-8.0.24/webapps/openhabcamunda-0.0.2.war has finished in 8,800 ms
07-Jul-2016 09:30:14.729 INFO [localhost-startStop-1] org.apache.catalina.startup.HostConfig.deployDirectory Deploying web application directory /home/pi/camunda-rasberry/server/apache-tomcat-8.0.24/webapps/h2
07-Jul-2016 09:30:20.396 INFO [localhost-startStop-1] org.apache.jasper.servlet.TldScanner.scanJars At least one JAR was scanned for TLDs yet contained no TLDs. Enable debug logging for this logger for a complete list of JARs that were scanned but no TLDs were found in them. Skipping unneeded JARs during scanning can improve startup time and JSP compilation time.
07-Jul-2016 09:30:20.417 INFO [localhost-startStop-1] org.apache.catalina.startup.HostConfig.deployDirectory Deployment of web application directory /home/pi/camunda-rasberry/server/apache-tomcat-8.0.24/webapps/h2 has finished in 5,689 ms
07-Jul-2016 09:30:20.418 INFO [localhost-startStop-1] org.apache.catalina.startup.HostConfig.deployDirectory Deploying web application directory /home/pi/camunda-rasberry/server/apache-tomcat-8.0.24/webapps/host-manager
07-Jul-2016 09:30:25.267 INFO [localhost-startStop-1] org.apache.jasper.servlet.TldScanner.scanJars At least one JAR was scanned for TLDs yet contained no TLDs. Enable debug logging for this logger for a complete list of JARs that were scanned but no TLDs were found in them. Skipping unneeded JARs during scanning can improve startup time and JSP compilation time.
07-Jul-2016 09:30:25.327 INFO [localhost-startStop-1] org.apache.catalina.startup.HostConfig.deployDirectory Deployment of web application directory /home/pi/camunda-rasberry/server/apache-tomcat-8.0.24/webapps/host-manager has finished in 4,869 ms
07-Jul-2016 09:30:25.330 INFO [localhost-startStop-1] org.apache.catalina.startup.HostConfig.deployDirectory Deploying web application directory /home/pi/camunda-rasberry/server/apache-tomcat-8.0.24/webapps/docs
07-Jul-2016 09:30:30.222 INFO [localhost-startStop-1] org.apache.jasper.servlet.TldScanner.scanJars At least one JAR was scanned for TLDs yet contained no TLDs. Enable debug logging for this logger for a complete list of JARs that were scanned but no TLDs were found in them. Skipping unneeded JARs during scanning can improve startup time and JSP compilation time.
07-Jul-2016 09:30:30.229 INFO [localhost-startStop-1] org.apache.catalina.startup.HostConfig.deployDirectory Deployment of web application directory /home/pi/camunda-rasberry/server/apache-tomcat-8.0.24/webapps/docs has finished in 4,899 ms
07-Jul-2016 09:30:30.230 INFO [localhost-startStop-1] org.apache.catalina.startup.HostConfig.deployDirectory Deploying web application directory /home/pi/camunda-rasberry/server/apache-tomcat-8.0.24/webapps/camunda-invoice
07-Jul-2016 09:30:35.731 INFO [localhost-startStop-1] org.apache.jasper.servlet.TldScanner.scanJars At least one JAR was scanned for TLDs yet contained no TLDs. Enable debug logging for this logger for a complete list of JARs that were scanned but no TLDs were found in them. Skipping unneeded JARs during scanning can improve startup time and JSP compilation time.
07-Jul-2016 09:30:35.732 INFO [localhost-startStop-1] org.camunda.commons.logging.BaseLogger.logInfo ENGINE-07015 Detected @ProcessApplication class 'org.camunda.bpm.example.invoice.InvoiceProcessApplication'
07-Jul-2016 09:30:35.743 INFO [localhost-startStop-1] org.camunda.commons.logging.BaseLogger.logInfo ENGINE-08024 Found processes.xml file at file:/home/pi/camunda-rasberry/server/apache-tomcat-8.0.24/webapps/camunda-invoice/WEB-INF/classes/META-INF/processes.xml
07-Jul-2016 09:30:35.828 INFO [localhost-startStop-1] org.camunda.commons.logging.BaseLogger.logInfo ENGINE-08023 Deployment summary for process archive 'camunda-invoice': 

        assign-approver-groups.dmn
        invoice.v2.bpmn

07-Jul-2016 09:30:36.030 INFO [localhost-startStop-1] org.camunda.commons.logging.BaseLogger.logInfo ENGINE-07021 ProcessApplication 'camunda-invoice' registered for DB deployments [a434be7e-2e50-11e6-bd6a-0013ef70219b, a88c7ee4-2e50-11e6-bd6a-0013ef70219b]. Will execute process definitions 

        invoice[version: 1, id: invoice:1:a5e02391-2e50-11e6-bd6a-0013ef70219b]
        invoice[version: 2, id: invoice:2:a967c3b7-2e50-11e6-bd6a-0013ef70219b]
Deployment does not provide any case definitions.
07-Jul-2016 09:30:36.039 INFO [localhost-startStop-1] org.camunda.commons.logging.BaseLogger.logInfo SPIN-01010 Discovered Spin data format provider: org.camunda.spin.impl.json.jackson.format.JacksonJsonDataFormatProvider[name = application/json]
07-Jul-2016 09:30:36.041 INFO [localhost-startStop-1] org.camunda.commons.logging.BaseLogger.logInfo SPIN-01010 Discovered Spin data format provider: org.camunda.spin.impl.xml.dom.format.DomXmlDataFormatProvider[name = application/xml]
07-Jul-2016 09:30:36.044 INFO [localhost-startStop-1] org.camunda.commons.logging.BaseLogger.logInfo SPIN-01009 Discovered Spin data format: org.camunda.spin.impl.xml.dom.format.DomXmlDataFormat[name = application/xml]
07-Jul-2016 09:30:36.045 INFO [localhost-startStop-1] org.camunda.commons.logging.BaseLogger.logInfo SPIN-01009 Discovered Spin data format: org.camunda.spin.impl.json.jackson.format.JacksonJsonDataFormat[name = application/json]
07-Jul-2016 09:30:36.569 WARNING [localhost-startStop-1] org.camunda.commons.logging.BaseLogger.logWarn ENGINE-09004 Warnings during parsing: 
* Exclusive Gateway 'reviewSuccessful_gw' has outgoing sequence flow 'reviewSuccessful' without condition which is not the default flow. We assume it to be the default flow, but it is bad modeling practice, better set the default flow in your gateway. | invoice.v1.bpmn | line 0 | column 0
07-Jul-2016 09:30:41.774 INFO [localhost-startStop-1] null.null 

  ... Now notfying creditor Bobby's Office Supplies


07-Jul-2016 09:30:43.211 INFO [localhost-startStop-1] org.camunda.commons.logging.BaseLogger.logInfo ENGINE-08050 Process application camunda-invoice successfully deployed
07-Jul-2016 09:30:43.219 INFO [localhost-startStop-1] org.apache.catalina.startup.HostConfig.deployDirectory Deployment of web application directory /home/pi/camunda-rasberry/server/apache-tomcat-8.0.24/webapps/camunda-invoice has finished in 12,988 ms
07-Jul-2016 09:30:43.219 INFO [localhost-startStop-1] org.apache.catalina.startup.HostConfig.deployDirectory Deploying web application directory /home/pi/camunda-rasberry/server/apache-tomcat-8.0.24/webapps/camunda-welcome
07-Jul-2016 09:30:49.421 INFO [localhost-startStop-1] org.apache.jasper.servlet.TldScanner.scanJars At least one JAR was scanned for TLDs yet contained no TLDs. Enable debug logging for this logger for a complete list of JARs that were scanned but no TLDs were found in them. Skipping unneeded JARs during scanning can improve startup time and JSP compilation time.
07-Jul-2016 09:30:49.435 INFO [localhost-startStop-1] org.apache.catalina.startup.HostConfig.deployDirectory Deployment of web application directory /home/pi/camunda-rasberry/server/apache-tomcat-8.0.24/webapps/camunda-welcome has finished in 6,215 ms
07-Jul-2016 09:30:49.436 INFO [localhost-startStop-1] org.apache.catalina.startup.HostConfig.deployDirectory Deploying web application directory /home/pi/camunda-rasberry/server/apache-tomcat-8.0.24/webapps/ROOT
07-Jul-2016 09:30:55.340 INFO [localhost-startStop-1] org.apache.jasper.servlet.TldScanner.scanJars At least one JAR was scanned for TLDs yet contained no TLDs. Enable debug logging for this logger for a complete list of JARs that were scanned but no TLDs were found in them. Skipping unneeded JARs during scanning can improve startup time and JSP compilation time.
07-Jul-2016 09:30:55.347 INFO [localhost-startStop-1] org.apache.catalina.startup.HostConfig.deployDirectory Deployment of web application directory /home/pi/camunda-rasberry/server/apache-tomcat-8.0.24/webapps/ROOT has finished in 5,910 ms
07-Jul-2016 09:30:55.348 INFO [localhost-startStop-1] org.apache.catalina.startup.HostConfig.deployDirectory Deploying web application directory /home/pi/camunda-rasberry/server/apache-tomcat-8.0.24/webapps/camunda
07-Jul-2016 09:31:02.959 INFO [localhost-startStop-1] org.apache.jasper.servlet.TldScanner.scanJars At least one JAR was scanned for TLDs yet contained no TLDs. Enable debug logging for this logger for a complete list of JARs that were scanned but no TLDs were found in them. Skipping unneeded JARs during scanning can improve startup time and JSP compilation time.
07-Jul-2016 09:31:03.842 INFO [localhost-startStop-1] org.apache.catalina.startup.HostConfig.deployDirectory Deployment of web application directory /home/pi/camunda-rasberry/server/apache-tomcat-8.0.24/webapps/camunda has finished in 8,493 ms
07-Jul-2016 09:31:03.842 INFO [localhost-startStop-1] org.apache.catalina.startup.HostConfig.deployDirectory Deploying web application directory /home/pi/camunda-rasberry/server/apache-tomcat-8.0.24/webapps/engine-rest
07-Jul-2016 09:31:10.064 INFO [localhost-startStop-1] org.apache.jasper.servlet.TldScanner.scanJars At least one JAR was scanned for TLDs yet contained no TLDs. Enable debug logging for this logger for a complete list of JARs that were scanned but no TLDs were found in them. Skipping unneeded JARs during scanning can improve startup time and JSP compilation time.
07-Jul-2016 09:31:11.000 INFO [localhost-startStop-1] org.jboss.resteasy.logging.impl.Slf4jLogger.info Deploying javax.ws.rs.core.Application: class org.camunda.bpm.engine.rest.impl.application.DefaultApplication
07-Jul-2016 09:31:11.295 INFO [localhost-startStop-1] org.apache.catalina.startup.HostConfig.deployDirectory Deployment of web application directory /home/pi/camunda-rasberry/server/apache-tomcat-8.0.24/webapps/engine-rest has finished in 7,453 ms
07-Jul-2016 09:31:11.296 INFO [localhost-startStop-1] org.apache.catalina.startup.HostConfig.deployDirectory Deploying web application directory /home/pi/camunda-rasberry/server/apache-tomcat-8.0.24/webapps/examples
