13-Feb-2017 16:36:35.449 SEVERE [http-nio-8080-exec-13] org.apache.catalina.core.StandardWrapperValve.invoke Servlet.service() for servlet [default] in context with path [/engine-rest] threw exception
 org.jboss.resteasy.spi.UnhandledException: java.lang.IllegalStateException: Target host is null
	at org.jboss.resteasy.core.SynchronousDispatcher.handleApplicationException(SynchronousDispatcher.java:365)
	at org.jboss.resteasy.core.SynchronousDispatcher.handleException(SynchronousDispatcher.java:233)
	at org.jboss.resteasy.core.SynchronousDispatcher.handleInvokerException(SynchronousDispatcher.java:209)
	at org.jboss.resteasy.core.SynchronousDispatcher.getResponse(SynchronousDispatcher.java:557)
	at org.jboss.resteasy.core.SynchronousDispatcher.invoke(SynchronousDispatcher.java:524)
	at org.jboss.resteasy.core.SynchronousDispatcher.invokePropagateNotFound(SynchronousDispatcher.java:169)
	at org.jboss.resteasy.plugins.server.servlet.ServletContainerDispatcher.service(ServletContainerDispatcher.java:212)
	at org.jboss.resteasy.plugins.server.servlet.FilterDispatcher.doFilter(FilterDispatcher.java:59)
	at org.apache.catalina.core.ApplicationFilterChain.internalDoFilter(ApplicationFilterChain.java:239)
	at org.apache.catalina.core.ApplicationFilterChain.doFilter(ApplicationFilterChain.java:206)
	at org.camunda.bpm.engine.rest.filter.CacheControlFilter.doFilter(CacheControlFilter.java:41)
	at org.apache.catalina.core.ApplicationFilterChain.internalDoFilter(ApplicationFilterChain.java:239)
	at org.apache.catalina.core.ApplicationFilterChain.doFilter(ApplicationFilterChain.java:206)
	at org.apache.catalina.core.StandardWrapperValve.invoke(StandardWrapperValve.java:219)
	at org.apache.catalina.core.StandardContextValve.invoke(StandardContextValve.java:106)
	at org.apache.catalina.authenticator.AuthenticatorBase.invoke(AuthenticatorBase.java:502)
	at org.apache.catalina.core.StandardHostValve.invoke(StandardHostValve.java:142)
	at org.apache.catalina.valves.ErrorReportValve.invoke(ErrorReportValve.java:79)
	at org.apache.catalina.valves.AbstractAccessLogValve.invoke(AbstractAccessLogValve.java:617)
	at org.apache.catalina.core.StandardEngineValve.invoke(StandardEngineValve.java:88)
	at org.apache.catalina.connector.CoyoteAdapter.service(CoyoteAdapter.java:518)
	at org.apache.coyote.http11.AbstractHttp11Processor.process(AbstractHttp11Processor.java:1091)
	at org.apache.coyote.AbstractProtocol$AbstractConnectionHandler.process(AbstractProtocol.java:668)
	at org.apache.tomcat.util.net.NioEndpoint$SocketProcessor.doRun(NioEndpoint.java:1527)
	at org.apache.tomcat.util.net.NioEndpoint$SocketProcessor.run(NioEndpoint.java:1484)
	at java.util.concurrent.ThreadPoolExecutor.runWorker(ThreadPoolExecutor.java:1142)
	at java.util.concurrent.ThreadPoolExecutor$Worker.run(ThreadPoolExecutor.java:617)
	at org.apache.tomcat.util.threads.TaskThread$WrappingRunnable.run(TaskThread.java:61)
	at java.lang.Thread.run(Thread.java:745)
Caused by: java.lang.IllegalStateException: Target host is null
	at org.apache.http.util.Asserts.notNull(Asserts.java:46)
	at org.apache.http.impl.client.InternalHttpClient.determineRoute(InternalHttpClient.java:125)
	at org.apache.http.impl.client.InternalHttpClient.doExecute(InternalHttpClient.java:185)
	at org.apache.http.impl.client.CloseableHttpClient.execute(CloseableHttpClient.java:82)
	at org.apache.http.impl.client.CloseableHttpClient.execute(CloseableHttpClient.java:106)
	at ee.ut.mobilelab.mistbpmn.StartDockerContainers.executeRequest(StartDockerContainers.java:108)
	at ee.ut.mobilelab.mistbpmn.StartDockerContainers.execute(StartDockerContainers.java:52)
	at org.camunda.bpm.engine.impl.bpmn.delegate.JavaDelegateInvocation.invoke(JavaDelegateInvocation.java:36)
	at org.camunda.bpm.engine.impl.delegate.DelegateInvocation.proceed(DelegateInvocation.java:54)
	at org.camunda.bpm.engine.impl.delegate.DefaultDelegateInterceptor.handleInvocationInContext(DefaultDelegateInterceptor.java:87)
	at org.camunda.bpm.engine.impl.delegate.DefaultDelegateInterceptor.handleInvocation(DefaultDelegateInterceptor.java:59)
	at org.camunda.bpm.engine.impl.bpmn.behavior.ServiceTaskJavaDelegateActivityBehavior.execute(ServiceTaskJavaDelegateActivityBehavior.java:49)
	at org.camunda.bpm.engine.impl.bpmn.behavior.ServiceTaskJavaDelegateActivityBehavior.execute(ServiceTaskJavaDelegateActivityBehavior.java:40)
	at org.camunda.bpm.engine.impl.bpmn.behavior.ClassDelegateActivityBehavior$1.call(ClassDelegateActivityBehavior.java:65)
	at org.camunda.bpm.engine.impl.bpmn.behavior.ClassDelegateActivityBehavior$1.call(ClassDelegateActivityBehavior.java:62)
	at org.camunda.bpm.engine.impl.bpmn.behavior.AbstractBpmnActivityBehavior.executeWithErrorPropagation(AbstractBpmnActivityBehavior.java:105)
	at org.camunda.bpm.engine.impl.bpmn.behavior.ClassDelegateActivityBehavior.execute(ClassDelegateActivityBehavior.java:62)
	at org.camunda.bpm.engine.impl.pvm.runtime.operation.PvmAtomicOperationActivityExecute.execute(PvmAtomicOperationActivityExecute.java:41)
	at org.camunda.bpm.engine.impl.pvm.runtime.operation.PvmAtomicOperationActivityExecute.execute(PvmAtomicOperationActivityExecute.java:26)
	at org.camunda.bpm.engine.impl.interceptor.AtomicOperationInvocation.execute(AtomicOperationInvocation.java:81)
	at org.camunda.bpm.engine.impl.interceptor.CommandContext.invokeNext(CommandContext.java:187)
	at org.camunda.bpm.engine.impl.interceptor.CommandContext.performNext(CommandContext.java:166)
	at org.camunda.bpm.engine.impl.interceptor.CommandContext.performOperation(CommandContext.java:141)
	at org.camunda.bpm.engine.impl.persistence.entity.ExecutionEntity.performOperation(ExecutionEntity.java:589)
	at org.camunda.bpm.engine.impl.persistence.entity.ExecutionEntity.performOperation(ExecutionEntity.java:565)
	at org.camunda.bpm.engine.impl.pvm.runtime.operation.PvmAtomicOperationTransitionNotifyListenerStart.eventNotificationsCompleted(PvmAtomicOperationTransitionNotifyListenerStart.java:56)
	at org.camunda.bpm.engine.impl.pvm.runtime.operation.PvmAtomicOperationTransitionNotifyListenerStart.eventNotificationsCompleted(PvmAtomicOperationTransitionNotifyListenerStart.java:26)
	at org.camunda.bpm.engine.impl.core.operation.AbstractEventAtomicOperation.execute(AbstractEventAtomicOperation.java:65)
	at org.camunda.bpm.engine.impl.interceptor.AtomicOperationInvocation.execute(AtomicOperationInvocation.java:81)
	at org.camunda.bpm.engine.impl.interceptor.CommandContext.invokeNext(CommandContext.java:187)
	at org.camunda.bpm.engine.impl.interceptor.CommandContext.performNext(CommandContext.java:166)
	at org.camunda.bpm.engine.impl.interceptor.CommandContext.performOperation(CommandContext.java:141)
	at org.camunda.bpm.engine.impl.interceptor.CommandContext.performOperation(CommandContext.java:131)
	at org.camunda.bpm.engine.impl.persistence.entity.ExecutionEntity.performOperationSync(ExecutionEntity.java:600)
	at org.camunda.bpm.engine.impl.persistence.entity.ExecutionEntity.performOperationSync(ExecutionEntity.java:575)
	at org.camunda.bpm.engine.impl.core.operation.AbstractEventAtomicOperation.execute(AbstractEventAtomicOperation.java:58)
	at org.camunda.bpm.engine.impl.interceptor.AtomicOperationInvocation.execute(AtomicOperationInvocation.java:81)
	at org.camunda.bpm.engine.impl.interceptor.CommandContext.invokeNext(CommandContext.java:187)
	at org.camunda.bpm.engine.impl.interceptor.CommandContext.performNext(CommandContext.java:166)
	at org.camunda.bpm.engine.impl.interceptor.CommandContext.performOperation(CommandContext.java:141)
	at org.camunda.bpm.engine.impl.interceptor.CommandContext.performOperation(CommandContext.java:131)
	at org.camunda.bpm.engine.impl.persistence.entity.ExecutionEntity.performOperationSync(ExecutionEntity.java:600)
	at org.camunda.bpm.engine.impl.persistence.entity.ExecutionEntity.performOperationSync(ExecutionEntity.java:575)
	at org.camunda.bpm.engine.impl.core.operation.AbstractEventAtomicOperation.execute(AbstractEventAtomicOperation.java:58)
	at org.camunda.bpm.engine.impl.interceptor.AtomicOperationInvocation.execute(AtomicOperationInvocation.java:81)
	at org.camunda.bpm.engine.impl.interceptor.CommandContext.invokeNext(CommandContext.java:187)
	at org.camunda.bpm.engine.impl.interceptor.CommandContext.performNext(CommandContext.java:166)
	at org.camunda.bpm.engine.impl.interceptor.CommandContext.performOperation(CommandContext.java:141)
	at org.camunda.bpm.engine.impl.interceptor.CommandContext.performOperation(CommandContext.java:131)
	at org.camunda.bpm.engine.impl.persistence.entity.ExecutionEntity.performOperationSync(ExecutionEntity.java:600)
	at org.camunda.bpm.engine.impl.persistence.entity.ExecutionEntity.performOperationSync(ExecutionEntity.java:575)
	at org.camunda.bpm.engine.impl.core.operation.AbstractEventAtomicOperation.execute(AbstractEventAtomicOperation.java:58)
	at org.camunda.bpm.engine.impl.interceptor.AtomicOperationInvocation.execute(AtomicOperationInvocation.java:81)
	at org.camunda.bpm.engine.impl.interceptor.CommandContext.invokeNext(CommandContext.java:187)
	at org.camunda.bpm.engine.impl.interceptor.CommandContext.performNext(CommandContext.java:166)
	at org.camunda.bpm.engine.impl.interceptor.CommandContext.performOperation(CommandContext.java:141)
	at org.camunda.bpm.engine.impl.persistence.entity.ExecutionEntity.performOperation(ExecutionEntity.java:589)
	at org.camunda.bpm.engine.impl.persistence.entity.ExecutionEntity.performOperation(ExecutionEntity.java:565)
	at org.camunda.bpm.engine.impl.pvm.runtime.operation.PvmAtomicOperationTransitionCreateScope.scopeCreated(PvmAtomicOperationTransitionCreateScope.java:34)
	at org.camunda.bpm.engine.impl.pvm.runtime.operation.PvmAtomicOperationCreateScope.execute(PvmAtomicOperationCreateScope.java:49)
	at org.camunda.bpm.engine.impl.pvm.runtime.operation.PvmAtomicOperationCreateScope.execute(PvmAtomicOperationCreateScope.java:23)
	at org.camunda.bpm.engine.impl.interceptor.AtomicOperationInvocation.execute(AtomicOperationInvocation.java:81)
	at org.camunda.bpm.engine.impl.interceptor.CommandContext.invokeNext(CommandContext.java:187)
	at org.camunda.bpm.engine.impl.interceptor.CommandContext.performNext(CommandContext.java:174)
	at org.camunda.bpm.engine.impl.interceptor.CommandContext$1.call(CommandContext.java:157)
	at org.camunda.bpm.engine.impl.interceptor.CommandContext$1.call(CommandContext.java:155)
	at org.camunda.bpm.engine.impl.context.ProcessApplicationClassloaderInterceptor.call(ProcessApplicationClassloaderInterceptor.java:44)
	at org.camunda.bpm.application.AbstractProcessApplication.execute(AbstractProcessApplication.java:117)
	at org.camunda.bpm.application.AbstractProcessApplication.execute(AbstractProcessApplication.java:130)
	at org.camunda.bpm.engine.impl.context.Context.executeWithinProcessApplication(Context.java:192)
	at org.camunda.bpm.engine.impl.interceptor.CommandContext.performNext(CommandContext.java:155)
	at org.camunda.bpm.engine.impl.interceptor.CommandContext.performOperation(CommandContext.java:141)
	at org.camunda.bpm.engine.impl.persistence.entity.ExecutionEntity.performOperation(ExecutionEntity.java:589)
	at org.camunda.bpm.engine.impl.persistence.entity.ExecutionEntity.performOperation(ExecutionEntity.java:565)
	at org.camunda.bpm.engine.impl.pvm.runtime.PvmExecutionImpl.start(PvmExecutionImpl.java:230)
	at org.camunda.bpm.engine.impl.persistence.entity.ExecutionEntity.start(ExecutionEntity.java:427)
	at org.camunda.bpm.engine.impl.cmd.AbstractCorrelateMessageCmd.instantiateProcess(AbstractCorrelateMessageCmd.java:59)
	at org.camunda.bpm.engine.impl.cmd.CorrelateMessageCmd.execute(CorrelateMessageCmd.java:69)
	at org.camunda.bpm.engine.impl.cmd.CorrelateMessageCmd.execute(CorrelateMessageCmd.java:34)
	at org.camunda.bpm.engine.impl.interceptor.CommandExecutorImpl.execute(CommandExecutorImpl.java:24)
	at org.camunda.bpm.engine.impl.interceptor.CommandContextInterceptor.execute(CommandContextInterceptor.java:104)
	at org.camunda.bpm.engine.impl.interceptor.ProcessApplicationContextInterceptor.execute(ProcessApplicationContextInterceptor.java:66)
	at org.camunda.bpm.engine.impl.interceptor.LogInterceptor.execute(LogInterceptor.java:30)
	at org.camunda.bpm.engine.impl.MessageCorrelationBuilderImpl.execute(MessageCorrelationBuilderImpl.java:201)
	at org.camunda.bpm.engine.impl.MessageCorrelationBuilderImpl.correlate(MessageCorrelationBuilderImpl.java:152)
	at org.camunda.bpm.engine.rest.impl.MessageRestServiceImpl.deliverMessage(MessageRestServiceImpl.java:50)
	at sun.reflect.NativeMethodAccessorImpl.invoke0(Native Method)
	at sun.reflect.NativeMethodAccessorImpl.invoke(NativeMethodAccessorImpl.java:62)
	at sun.reflect.DelegatingMethodAccessorImpl.invoke(DelegatingMethodAccessorImpl.java:43)
	at java.lang.reflect.Method.invoke(Method.java:498)
	at org.jboss.resteasy.core.MethodInjectorImpl.invoke(MethodInjectorImpl.java:167)
	at org.jboss.resteasy.core.ResourceMethod.invokeOnTarget(ResourceMethod.java:257)
	at org.jboss.resteasy.core.ResourceMethod.invoke(ResourceMethod.java:222)
	at org.jboss.resteasy.core.ResourceLocator.invokeOnTargetObject(ResourceLocator.java:159)
	at org.jboss.resteasy.core.ResourceLocator.invoke(ResourceLocator.java:92)
	at org.jboss.resteasy.core.SynchronousDispatcher.getResponse(SynchronousDispatcher.java:542)
	... 25 more

13-Feb-2017 16:38:01.901 SEVERE [http-nio-8080-exec-15] org.apache.catalina.core.StandardWrapperValve.invoke Servlet.service() for servlet [default] in context with path [/engine-rest] threw exception
 org.jboss.resteasy.spi.UnhandledException: java.lang.IllegalStateException: Target host is null
	at org.jboss.resteasy.core.SynchronousDispatcher.handleApplicationException(SynchronousDispatcher.java:365)
	at org.jboss.resteasy.core.SynchronousDispatcher.handleException(SynchronousDispatcher.java:233)
	at org.jboss.resteasy.core.SynchronousDispatcher.handleInvokerException(SynchronousDispatcher.java:209)
	at org.jboss.resteasy.core.SynchronousDispatcher.getResponse(SynchronousDispatcher.java:557)
	at org.jboss.resteasy.core.SynchronousDispatcher.invoke(SynchronousDispatcher.java:524)
	at org.jboss.resteasy.core.SynchronousDispatcher.invokePropagateNotFound(SynchronousDispatcher.java:169)
	at org.jboss.resteasy.plugins.server.servlet.ServletContainerDispatcher.service(ServletContainerDispatcher.java:212)
	at org.jboss.resteasy.plugins.server.servlet.FilterDispatcher.doFilter(FilterDispatcher.java:59)
	at org.apache.catalina.core.ApplicationFilterChain.internalDoFilter(ApplicationFilterChain.java:239)
	at org.apache.catalina.core.ApplicationFilterChain.doFilter(ApplicationFilterChain.java:206)
	at org.camunda.bpm.engine.rest.filter.CacheControlFilter.doFilter(CacheControlFilter.java:41)
	at org.apache.catalina.core.ApplicationFilterChain.internalDoFilter(ApplicationFilterChain.java:239)
	at org.apache.catalina.core.ApplicationFilterChain.doFilter(ApplicationFilterChain.java:206)
	at org.apache.catalina.core.StandardWrapperValve.invoke(StandardWrapperValve.java:219)
	at org.apache.catalina.core.StandardContextValve.invoke(StandardContextValve.java:106)
	at org.apache.catalina.authenticator.AuthenticatorBase.invoke(AuthenticatorBase.java:502)
	at org.apache.catalina.core.StandardHostValve.invoke(StandardHostValve.java:142)
	at org.apache.catalina.valves.ErrorReportValve.invoke(ErrorReportValve.java:79)
	at org.apache.catalina.valves.AbstractAccessLogValve.invoke(AbstractAccessLogValve.java:617)
	at org.apache.catalina.core.StandardEngineValve.invoke(StandardEngineValve.java:88)
	at org.apache.catalina.connector.CoyoteAdapter.service(CoyoteAdapter.java:518)
	at org.apache.coyote.http11.AbstractHttp11Processor.process(AbstractHttp11Processor.java:1091)
	at org.apache.coyote.AbstractProtocol$AbstractConnectionHandler.process(AbstractProtocol.java:668)
	at org.apache.tomcat.util.net.NioEndpoint$SocketProcessor.doRun(NioEndpoint.java:1527)
	at org.apache.tomcat.util.net.NioEndpoint$SocketProcessor.run(NioEndpoint.java:1484)
	at java.util.concurrent.ThreadPoolExecutor.runWorker(ThreadPoolExecutor.java:1142)
	at java.util.concurrent.ThreadPoolExecutor$Worker.run(ThreadPoolExecutor.java:617)
	at org.apache.tomcat.util.threads.TaskThread$WrappingRunnable.run(TaskThread.java:61)
	at java.lang.Thread.run(Thread.java:745)
Caused by: java.lang.IllegalStateException: Target host is null
	at org.apache.http.util.Asserts.notNull(Asserts.java:46)
	at org.apache.http.impl.client.InternalHttpClient.determineRoute(InternalHttpClient.java:125)
	at org.apache.http.impl.client.InternalHttpClient.doExecute(InternalHttpClient.java:185)
	at org.apache.http.impl.client.CloseableHttpClient.execute(CloseableHttpClient.java:82)
	at org.apache.http.impl.client.CloseableHttpClient.execute(CloseableHttpClient.java:106)
	at ee.ut.mobilelab.mistbpmn.StartDockerContainers.executeRequest(StartDockerContainers.java:108)
	at ee.ut.mobilelab.mistbpmn.StartDockerContainers.execute(StartDockerContainers.java:52)
	at org.camunda.bpm.engine.impl.bpmn.delegate.JavaDelegateInvocation.invoke(JavaDelegateInvocation.java:36)
	at org.camunda.bpm.engine.impl.delegate.DelegateInvocation.proceed(DelegateInvocation.java:54)
	at org.camunda.bpm.engine.impl.delegate.DefaultDelegateInterceptor.handleInvocationInContext(DefaultDelegateInterceptor.java:87)
	at org.camunda.bpm.engine.impl.delegate.DefaultDelegateInterceptor.handleInvocation(DefaultDelegateInterceptor.java:59)
	at org.camunda.bpm.engine.impl.bpmn.behavior.ServiceTaskJavaDelegateActivityBehavior.execute(ServiceTaskJavaDelegateActivityBehavior.java:49)
	at org.camunda.bpm.engine.impl.bpmn.behavior.ServiceTaskJavaDelegateActivityBehavior.execute(ServiceTaskJavaDelegateActivityBehavior.java:40)
	at org.camunda.bpm.engine.impl.bpmn.behavior.ClassDelegateActivityBehavior$1.call(ClassDelegateActivityBehavior.java:65)
	at org.camunda.bpm.engine.impl.bpmn.behavior.ClassDelegateActivityBehavior$1.call(ClassDelegateActivityBehavior.java:62)
	at org.camunda.bpm.engine.impl.bpmn.behavior.AbstractBpmnActivityBehavior.executeWithErrorPropagation(AbstractBpmnActivityBehavior.java:105)
	at org.camunda.bpm.engine.impl.bpmn.behavior.ClassDelegateActivityBehavior.execute(ClassDelegateActivityBehavior.java:62)
	at org.camunda.bpm.engine.impl.pvm.runtime.operation.PvmAtomicOperationActivityExecute.execute(PvmAtomicOperationActivityExecute.java:41)
	at org.camunda.bpm.engine.impl.pvm.runtime.operation.PvmAtomicOperationActivityExecute.execute(PvmAtomicOperationActivityExecute.java:26)
	at org.camunda.bpm.engine.impl.interceptor.AtomicOperationInvocation.execute(AtomicOperationInvocation.java:81)
	at org.camunda.bpm.engine.impl.interceptor.CommandContext.invokeNext(CommandContext.java:187)
	at org.camunda.bpm.engine.impl.interceptor.CommandContext.performNext(CommandContext.java:166)
	at org.camunda.bpm.engine.impl.interceptor.CommandContext.performOperation(CommandContext.java:141)
	at org.camunda.bpm.engine.impl.persistence.entity.ExecutionEntity.performOperation(ExecutionEntity.java:589)
	at org.camunda.bpm.engine.impl.persistence.entity.ExecutionEntity.performOperation(ExecutionEntity.java:565)
	at org.camunda.bpm.engine.impl.pvm.runtime.operation.PvmAtomicOperationTransitionNotifyListenerStart.eventNotificationsCompleted(PvmAtomicOperationTransitionNotifyListenerStart.java:56)
	at org.camunda.bpm.engine.impl.pvm.runtime.operation.PvmAtomicOperationTransitionNotifyListenerStart.eventNotificationsCompleted(PvmAtomicOperationTransitionNotifyListenerStart.java:26)
	at org.camunda.bpm.engine.impl.core.operation.AbstractEventAtomicOperation.execute(AbstractEventAtomicOperation.java:65)
	at org.camunda.bpm.engine.impl.interceptor.AtomicOperationInvocation.execute(AtomicOperationInvocation.java:81)
	at org.camunda.bpm.engine.impl.interceptor.CommandContext.invokeNext(CommandContext.java:187)
	at org.camunda.bpm.engine.impl.interceptor.CommandContext.performNext(CommandContext.java:166)
	at org.camunda.bpm.engine.impl.interceptor.CommandContext.performOperation(CommandContext.java:141)
	at org.camunda.bpm.engine.impl.interceptor.CommandContext.performOperation(CommandContext.java:131)
	at org.camunda.bpm.engine.impl.persistence.entity.ExecutionEntity.performOperationSync(ExecutionEntity.java:600)
	at org.camunda.bpm.engine.impl.persistence.entity.ExecutionEntity.performOperationSync(ExecutionEntity.java:575)
	at org.camunda.bpm.engine.impl.core.operation.AbstractEventAtomicOperation.execute(AbstractEventAtomicOperation.java:58)
	at org.camunda.bpm.engine.impl.interceptor.AtomicOperationInvocation.execute(AtomicOperationInvocation.java:81)
	at org.camunda.bpm.engine.impl.interceptor.CommandContext.invokeNext(CommandContext.java:187)
	at org.camunda.bpm.engine.impl.interceptor.CommandContext.performNext(CommandContext.java:166)
	at org.camunda.bpm.engine.impl.interceptor.CommandContext.performOperation(CommandContext.java:141)
	at org.camunda.bpm.engine.impl.interceptor.CommandContext.performOperation(CommandContext.java:131)
	at org.camunda.bpm.engine.impl.persistence.entity.ExecutionEntity.performOperationSync(ExecutionEntity.java:600)
	at org.camunda.bpm.engine.impl.persistence.entity.ExecutionEntity.performOperationSync(ExecutionEntity.java:575)
	at org.camunda.bpm.engine.impl.core.operation.AbstractEventAtomicOperation.execute(AbstractEventAtomicOperation.java:58)
	at org.camunda.bpm.engine.impl.interceptor.AtomicOperationInvocation.execute(AtomicOperationInvocation.java:81)
	at org.camunda.bpm.engine.impl.interceptor.CommandContext.invokeNext(CommandContext.java:187)
	at org.camunda.bpm.engine.impl.interceptor.CommandContext.performNext(CommandContext.java:166)
	at org.camunda.bpm.engine.impl.interceptor.CommandContext.performOperation(CommandContext.java:141)
	at org.camunda.bpm.engine.impl.interceptor.CommandContext.performOperation(CommandContext.java:131)
	at org.camunda.bpm.engine.impl.persistence.entity.ExecutionEntity.performOperationSync(ExecutionEntity.java:600)
	at org.camunda.bpm.engine.impl.persistence.entity.ExecutionEntity.performOperationSync(ExecutionEntity.java:575)
	at org.camunda.bpm.engine.impl.core.operation.AbstractEventAtomicOperation.execute(AbstractEventAtomicOperation.java:58)
	at org.camunda.bpm.engine.impl.interceptor.AtomicOperationInvocation.execute(AtomicOperationInvocation.java:81)
	at org.camunda.bpm.engine.impl.interceptor.CommandContext.invokeNext(CommandContext.java:187)
	at org.camunda.bpm.engine.impl.interceptor.CommandContext.performNext(CommandContext.java:166)
	at org.camunda.bpm.engine.impl.interceptor.CommandContext.performOperation(CommandContext.java:141)
	at org.camunda.bpm.engine.impl.persistence.entity.ExecutionEntity.performOperation(ExecutionEntity.java:589)
	at org.camunda.bpm.engine.impl.persistence.entity.ExecutionEntity.performOperation(ExecutionEntity.java:565)
	at org.camunda.bpm.engine.impl.pvm.runtime.operation.PvmAtomicOperationTransitionCreateScope.scopeCreated(PvmAtomicOperationTransitionCreateScope.java:34)
	at org.camunda.bpm.engine.impl.pvm.runtime.operation.PvmAtomicOperationCreateScope.execute(PvmAtomicOperationCreateScope.java:49)
	at org.camunda.bpm.engine.impl.pvm.runtime.operation.PvmAtomicOperationCreateScope.execute(PvmAtomicOperationCreateScope.java:23)
	at org.camunda.bpm.engine.impl.interceptor.AtomicOperationInvocation.execute(AtomicOperationInvocation.java:81)
	at org.camunda.bpm.engine.impl.interceptor.CommandContext.invokeNext(CommandContext.java:187)
	at org.camunda.bpm.engine.impl.interceptor.CommandContext.performNext(CommandContext.java:174)
	at org.camunda.bpm.engine.impl.interceptor.CommandContext$1.call(CommandContext.java:157)
	at org.camunda.bpm.engine.impl.interceptor.CommandContext$1.call(CommandContext.java:155)
	at org.camunda.bpm.engine.impl.context.ProcessApplicationClassloaderInterceptor.call(ProcessApplicationClassloaderInterceptor.java:44)
	at org.camunda.bpm.application.AbstractProcessApplication.execute(AbstractProcessApplication.java:117)
	at org.camunda.bpm.application.AbstractProcessApplication.execute(AbstractProcessApplication.java:130)
	at org.camunda.bpm.engine.impl.context.Context.executeWithinProcessApplication(Context.java:192)
	at org.camunda.bpm.engine.impl.interceptor.CommandContext.performNext(CommandContext.java:155)
	at org.camunda.bpm.engine.impl.interceptor.CommandContext.performOperation(CommandContext.java:141)
	at org.camunda.bpm.engine.impl.persistence.entity.ExecutionEntity.performOperation(ExecutionEntity.java:589)
	at org.camunda.bpm.engine.impl.persistence.entity.ExecutionEntity.performOperation(ExecutionEntity.java:565)
	at org.camunda.bpm.engine.impl.pvm.runtime.PvmExecutionImpl.start(PvmExecutionImpl.java:230)
	at org.camunda.bpm.engine.impl.persistence.entity.ExecutionEntity.start(ExecutionEntity.java:427)
	at org.camunda.bpm.engine.impl.cmd.AbstractCorrelateMessageCmd.instantiateProcess(AbstractCorrelateMessageCmd.java:59)
	at org.camunda.bpm.engine.impl.cmd.CorrelateMessageCmd.execute(CorrelateMessageCmd.java:69)
	at org.camunda.bpm.engine.impl.cmd.CorrelateMessageCmd.execute(CorrelateMessageCmd.java:34)
	at org.camunda.bpm.engine.impl.interceptor.CommandExecutorImpl.execute(CommandExecutorImpl.java:24)
	at org.camunda.bpm.engine.impl.interceptor.CommandContextInterceptor.execute(CommandContextInterceptor.java:104)
	at org.camunda.bpm.engine.impl.interceptor.ProcessApplicationContextInterceptor.execute(ProcessApplicationContextInterceptor.java:66)
	at org.camunda.bpm.engine.impl.interceptor.LogInterceptor.execute(LogInterceptor.java:30)
	at org.camunda.bpm.engine.impl.MessageCorrelationBuilderImpl.execute(MessageCorrelationBuilderImpl.java:201)
	at org.camunda.bpm.engine.impl.MessageCorrelationBuilderImpl.correlate(MessageCorrelationBuilderImpl.java:152)
	at org.camunda.bpm.engine.rest.impl.MessageRestServiceImpl.deliverMessage(MessageRestServiceImpl.java:50)
	at sun.reflect.NativeMethodAccessorImpl.invoke0(Native Method)
	at sun.reflect.NativeMethodAccessorImpl.invoke(NativeMethodAccessorImpl.java:62)
	at sun.reflect.DelegatingMethodAccessorImpl.invoke(DelegatingMethodAccessorImpl.java:43)
	at java.lang.reflect.Method.invoke(Method.java:498)
	at org.jboss.resteasy.core.MethodInjectorImpl.invoke(MethodInjectorImpl.java:167)
	at org.jboss.resteasy.core.ResourceMethod.invokeOnTarget(ResourceMethod.java:257)
	at org.jboss.resteasy.core.ResourceMethod.invoke(ResourceMethod.java:222)
	at org.jboss.resteasy.core.ResourceLocator.invokeOnTargetObject(ResourceLocator.java:159)
	at org.jboss.resteasy.core.ResourceLocator.invoke(ResourceLocator.java:92)
	at org.jboss.resteasy.core.SynchronousDispatcher.getResponse(SynchronousDispatcher.java:542)
	... 25 more

