03-Jan-2017 00:01:36.798 INFO [http-nio-8080-exec-87] org.apache.catalina.core.ApplicationContext.log Manager: init: Associated with Deployer 'Catalina:type=Deployer,host=localhost'
03-Jan-2017 00:01:36.798 INFO [http-nio-8080-exec-87] org.apache.catalina.core.ApplicationContext.log Manager: init: Global resources are available
03-Jan-2017 00:01:36.800 INFO [http-nio-8080-exec-87] org.apache.catalina.core.ApplicationContext.log Manager: undeploy: Undeploying web application at '/deployMe'
03-Jan-2017 00:04:22.130 INFO [http-nio-8080-exec-86] org.apache.catalina.core.ApplicationContext.log HTMLManager: undeploy: Undeploying web application at '/mist-2.1'
03-Jan-2017 00:04:22.781 INFO [http-nio-8080-exec-86] org.apache.catalina.core.ApplicationContext.log HTMLManager: list: Listing contexts for virtual host 'localhost'
03-Jan-2017 00:23:39.943 INFO [http-nio-8080-exec-100] org.apache.catalina.core.ApplicationContext.log HTMLManager: undeploy: Undeploying web application at '/mist-2.1'
03-Jan-2017 00:23:39.943 INFO [http-nio-8080-exec-100] org.apache.catalina.core.ApplicationContext.log HTMLManager: list: Listing contexts for virtual host 'localhost'
03-Jan-2017 00:26:01.398 INFO [http-nio-8080-exec-103] org.apache.catalina.core.ApplicationContext.log Manager: deploy: Deploying web application '/mistBpmn'
03-Jan-2017 00:26:01.399 INFO [http-nio-8080-exec-103] org.apache.catalina.core.ApplicationContext.log Manager: Uploading WAR file to /Users/agabaisaac/iot/camunda-rasberry/server/apache-tomcat-8.0.24/webapps/mistBpmn.war.tmp
03-Jan-2017 00:26:12.792 INFO [http-nio-8080-exec-105] org.apache.catalina.core.ApplicationContext.log HTMLManager: undeploy: Undeploying web application at '/mist-2.1'
03-Jan-2017 00:26:12.793 INFO [http-nio-8080-exec-105] org.apache.catalina.core.ApplicationContext.log HTMLManager: list: Listing contexts for virtual host 'localhost'
03-Jan-2017 10:10:39.669 INFO [http-nio-8080-exec-103] org.apache.catalina.core.ApplicationContext.log Manager: undeploy: Undeploying web application at '/mistBpmn'
03-Jan-2017 10:12:19.812 INFO [http-nio-8080-exec-107] org.apache.catalina.core.ApplicationContext.log Manager: deploy: Deploying web application '/mistBpmn'
03-Jan-2017 10:12:19.813 INFO [http-nio-8080-exec-107] org.apache.catalina.core.ApplicationContext.log Manager: Uploading WAR file to /Users/agabaisaac/iot/camunda-rasberry/server/apache-tomcat-8.0.24/webapps/mistBpmn.war.tmp
03-Jan-2017 10:13:42.632 INFO [http-nio-8080-exec-106] org.apache.catalina.core.ApplicationContext.log Manager: undeploy: Undeploying web application at '/mistBpmn'
03-Jan-2017 10:14:00.269 INFO [http-nio-8080-exec-102] org.apache.catalina.core.ApplicationContext.log Manager: deploy: Deploying web application '/mistBpmn'
03-Jan-2017 10:14:00.269 INFO [http-nio-8080-exec-102] org.apache.catalina.core.ApplicationContext.log Manager: Uploading WAR file to /Users/agabaisaac/iot/camunda-rasberry/server/apache-tomcat-8.0.24/webapps/mistBpmn.war.tmp
03-Jan-2017 10:15:30.983 INFO [http-nio-8080-exec-113] org.apache.catalina.core.ApplicationContext.log Manager: undeploy: Undeploying web application at '/mistBpmn'
03-Jan-2017 10:15:48.415 INFO [http-nio-8080-exec-112] org.apache.catalina.core.ApplicationContext.log Manager: deploy: Deploying web application '/mistBpmn'
03-Jan-2017 10:15:48.415 INFO [http-nio-8080-exec-112] org.apache.catalina.core.ApplicationContext.log Manager: Uploading WAR file to /Users/agabaisaac/iot/camunda-rasberry/server/apache-tomcat-8.0.24/webapps/mistBpmn.war.tmp
03-Jan-2017 10:26:42.421 INFO [http-nio-8080-exec-119] org.apache.catalina.core.ApplicationContext.log Manager: undeploy: Undeploying web application at '/mistBpmn'
03-Jan-2017 10:27:35.999 INFO [http-nio-8080-exec-122] org.apache.catalina.core.ApplicationContext.log Manager: deploy: Deploying web application '/mistBpmn'
03-Jan-2017 10:27:35.999 INFO [http-nio-8080-exec-122] org.apache.catalina.core.ApplicationContext.log Manager: Uploading WAR file to /Users/agabaisaac/iot/camunda-rasberry/server/apache-tomcat-8.0.24/webapps/mistBpmn.war.tmp
03-Jan-2017 10:36:02.474 INFO [http-nio-8080-exec-129] org.apache.catalina.core.ApplicationContext.log Manager: undeploy: Undeploying web application at '/mistBpmn'
03-Jan-2017 10:36:33.250 INFO [http-nio-8080-exec-128] org.apache.catalina.core.ApplicationContext.log Manager: deploy: Deploying web application '/mistBpmn'
03-Jan-2017 10:36:33.250 INFO [http-nio-8080-exec-128] org.apache.catalina.core.ApplicationContext.log Manager: Uploading WAR file to /Users/agabaisaac/iot/camunda-rasberry/server/apache-tomcat-8.0.24/webapps/mistBpmn.war.tmp
03-Jan-2017 10:38:48.167 INFO [http-nio-8080-exec-140] org.apache.catalina.core.ApplicationContext.log Manager: undeploy: Undeploying web application at '/mistBpmn'
03-Jan-2017 10:39:02.198 INFO [http-nio-8080-exec-142] org.apache.catalina.core.ApplicationContext.log Manager: deploy: Deploying web application '/mistBpmn'
03-Jan-2017 10:39:02.198 INFO [http-nio-8080-exec-142] org.apache.catalina.core.ApplicationContext.log Manager: Uploading WAR file to /Users/agabaisaac/iot/camunda-rasberry/server/apache-tomcat-8.0.24/webapps/mistBpmn.war.tmp
03-Jan-2017 10:43:27.040 INFO [http-nio-8080-exec-149] org.apache.catalina.core.ApplicationContext.log Manager: undeploy: Undeploying web application at '/mistBpmn'
03-Jan-2017 10:43:51.340 INFO [http-nio-8080-exec-154] org.apache.catalina.core.ApplicationContext.log Manager: deploy: Deploying web application '/mistBpmn'
03-Jan-2017 10:43:51.340 INFO [http-nio-8080-exec-154] org.apache.catalina.core.ApplicationContext.log Manager: Uploading WAR file to /Users/agabaisaac/iot/camunda-rasberry/server/apache-tomcat-8.0.24/webapps/mistBpmn.war.tmp
03-Jan-2017 10:46:19.385 INFO [http-nio-8080-exec-157] org.apache.catalina.core.ApplicationContext.log Manager: undeploy: Undeploying web application at '/mistBpmn'
03-Jan-2017 10:46:38.911 INFO [http-nio-8080-exec-160] org.apache.catalina.core.ApplicationContext.log Manager: deploy: Deploying web application '/mistBpmn'
03-Jan-2017 10:46:38.911 INFO [http-nio-8080-exec-160] org.apache.catalina.core.ApplicationContext.log Manager: Uploading WAR file to /Users/agabaisaac/iot/camunda-rasberry/server/apache-tomcat-8.0.24/webapps/mistBpmn.war.tmp
