02-Jan-2017 00:04:32.098 INFO [http-nio-8080-exec-213] org.apache.catalina.core.ApplicationContext.log HTMLManager: undeploy: Undeploying web application at '/mist-0.8'
02-Jan-2017 00:04:32.645 INFO [http-nio-8080-exec-213] org.apache.catalina.core.ApplicationContext.log HTMLManager: list: Listing contexts for virtual host 'localhost'
02-Jan-2017 00:05:03.871 INFO [http-nio-8080-exec-208] org.apache.catalina.core.ApplicationContext.log HTMLManager: list: Listing contexts for virtual host 'localhost'
02-Jan-2017 00:06:01.678 INFO [http-nio-8080-exec-220] org.apache.catalina.core.ApplicationContext.log HTMLManager: undeploy: Undeploying web application at '/mist-0.9'
02-Jan-2017 00:06:02.201 INFO [http-nio-8080-exec-220] org.apache.catalina.core.ApplicationContext.log HTMLManager: list: Listing contexts for virtual host 'localhost'
02-Jan-2017 00:06:13.608 INFO [http-nio-8080-exec-212] org.apache.catalina.core.ApplicationContext.log HTMLManager: undeploy: Undeploying web application at '/mist-0.9'
02-Jan-2017 00:06:13.608 INFO [http-nio-8080-exec-212] org.apache.catalina.core.ApplicationContext.log HTMLManager: list: Listing contexts for virtual host 'localhost'
02-Jan-2017 00:07:41.484 INFO [http-nio-8080-exec-224] org.apache.catalina.core.ApplicationContext.log HTMLManager: stop: Stopping web application '/camunda-welcome'
02-Jan-2017 00:07:41.491 INFO [http-nio-8080-exec-224] org.apache.catalina.core.ApplicationContext.log HTMLManager: list: Listing contexts for virtual host 'localhost'
02-Jan-2017 00:09:58.857 INFO [http-nio-8080-exec-2] org.apache.catalina.core.ApplicationContext.log HTMLManager: init: Associated with Deployer 'Catalina:type=Deployer,host=localhost'
02-Jan-2017 00:09:58.857 INFO [http-nio-8080-exec-2] org.apache.catalina.core.ApplicationContext.log HTMLManager: init: Global resources are available
02-Jan-2017 00:09:58.861 INFO [http-nio-8080-exec-2] org.apache.catalina.core.ApplicationContext.log HTMLManager: stop: Stopping web application '/camunda'
02-Jan-2017 00:09:58.875 INFO [http-nio-8080-exec-2] org.apache.catalina.core.ApplicationContext.log HTMLManager: list: Listing contexts for virtual host 'localhost'
02-Jan-2017 00:10:15.342 INFO [http-nio-8080-exec-4] org.apache.catalina.core.ApplicationContext.log HTMLManager: stop: Stopping web application '/camunda-welcome'
02-Jan-2017 00:10:15.348 INFO [http-nio-8080-exec-4] org.apache.catalina.core.ApplicationContext.log HTMLManager: list: Listing contexts for virtual host 'localhost'
02-Jan-2017 00:13:24.839 INFO [http-nio-8080-exec-9] org.apache.catalina.core.ApplicationContext.log HTMLManager: stop: Stopping web application '/host-manager'
02-Jan-2017 00:13:24.845 INFO [http-nio-8080-exec-9] org.apache.catalina.core.ApplicationContext.log HTMLManager: list: Listing contexts for virtual host 'localhost'
02-Jan-2017 00:13:50.048 INFO [http-nio-8080-exec-11] org.apache.catalina.core.ApplicationContext.log HTMLManager: stop: Stopping web application '/h2'
02-Jan-2017 00:13:50.052 INFO [http-nio-8080-exec-11] org.apache.catalina.core.ApplicationContext.log HTMLManager: list: Listing contexts for virtual host 'localhost'
02-Jan-2017 00:18:00.806 INFO [http-nio-8080-exec-14] org.apache.catalina.core.ApplicationContext.log HTMLManager: stop: Stopping web application '/h2'
02-Jan-2017 00:18:00.807 INFO [http-nio-8080-exec-14] org.apache.catalina.core.ApplicationContext.log HTMLManager: list: Listing contexts for virtual host 'localhost'
02-Jan-2017 00:19:33.142 INFO [http-nio-8080-exec-18] org.apache.catalina.core.ApplicationContext.log HTMLManager: list: Listing contexts for virtual host 'localhost'
02-Jan-2017 00:27:48.370 INFO [http-nio-8080-exec-13] org.apache.catalina.core.ApplicationContext.log HTMLManager: list: Listing contexts for virtual host 'localhost'
02-Jan-2017 00:28:00.865 INFO [http-nio-8080-exec-19] org.apache.catalina.core.ApplicationContext.log HTMLManager: undeploy: Undeploying web application at '/mist-0.9'
02-Jan-2017 00:28:01.718 INFO [http-nio-8080-exec-19] org.apache.catalina.core.ApplicationContext.log HTMLManager: list: Listing contexts for virtual host 'localhost'
02-Jan-2017 21:36:49.906 INFO [http-nio-8080-exec-4] org.apache.catalina.core.ApplicationContext.log HTMLManager: init: Associated with Deployer 'Catalina:type=Deployer,host=localhost'
02-Jan-2017 21:36:49.906 INFO [http-nio-8080-exec-4] org.apache.catalina.core.ApplicationContext.log HTMLManager: init: Global resources are available
02-Jan-2017 21:37:17.321 INFO [http-nio-8080-exec-7] org.apache.catalina.core.ApplicationContext.log HTMLManager: list: Listing contexts for virtual host 'localhost'
02-Jan-2017 21:37:42.392 INFO [http-nio-8080-exec-8] org.apache.catalina.core.ApplicationContext.log HTMLManager: list: Listing contexts for virtual host 'localhost'
02-Jan-2017 21:40:47.767 INFO [http-nio-8080-exec-10] org.apache.catalina.core.ApplicationContext.log HTMLManager: undeploy: Undeploying web application at '/mist-1'
02-Jan-2017 21:40:48.275 INFO [http-nio-8080-exec-10] org.apache.catalina.core.ApplicationContext.log HTMLManager: list: Listing contexts for virtual host 'localhost'
02-Jan-2017 21:40:57.951 INFO [http-nio-8080-exec-2] org.apache.catalina.core.ApplicationContext.log HTMLManager: undeploy: Undeploying web application at '/mist-0.91'
02-Jan-2017 21:40:58.779 INFO [http-nio-8080-exec-2] org.apache.catalina.core.ApplicationContext.log HTMLManager: list: Listing contexts for virtual host 'localhost'
02-Jan-2017 21:41:33.148 INFO [http-nio-8080-exec-6] org.apache.catalina.core.ApplicationContext.log HTMLManager: list: Listing contexts for virtual host 'localhost'
02-Jan-2017 22:01:44.649 INFO [http-nio-8080-exec-12] org.apache.catalina.core.ApplicationContext.log HTMLManager: undeploy: Undeploying web application at '/mist-2'
02-Jan-2017 22:01:45.178 INFO [http-nio-8080-exec-12] org.apache.catalina.core.ApplicationContext.log HTMLManager: list: Listing contexts for virtual host 'localhost'
02-Jan-2017 22:02:22.445 INFO [http-nio-8080-exec-17] org.apache.catalina.core.ApplicationContext.log HTMLManager: list: Listing contexts for virtual host 'localhost'
02-Jan-2017 22:10:57.993 INFO [http-nio-8080-exec-24] org.apache.catalina.core.ApplicationContext.log HTMLManager: undeploy: Undeploying web application at '/mist-2'
02-Jan-2017 22:10:58.720 INFO [http-nio-8080-exec-24] org.apache.catalina.core.ApplicationContext.log HTMLManager: list: Listing contexts for virtual host 'localhost'
02-Jan-2017 22:11:16.530 INFO [http-nio-8080-exec-23] org.apache.catalina.core.ApplicationContext.log HTMLManager: list: Listing contexts for virtual host 'localhost'
02-Jan-2017 22:25:50.511 INFO [http-nio-8080-exec-34] org.apache.catalina.core.ApplicationContext.log HTMLManager: undeploy: Undeploying web application at '/mist-2'
02-Jan-2017 22:25:51.238 INFO [http-nio-8080-exec-34] org.apache.catalina.core.ApplicationContext.log HTMLManager: list: Listing contexts for virtual host 'localhost'
02-Jan-2017 22:26:08.986 INFO [http-nio-8080-exec-40] org.apache.catalina.core.ApplicationContext.log HTMLManager: list: Listing contexts for virtual host 'localhost'
02-Jan-2017 22:35:02.714 INFO [http-nio-8080-exec-42] org.apache.catalina.core.ApplicationContext.log HTMLManager: undeploy: Undeploying web application at '/mist-2'
02-Jan-2017 22:35:03.400 INFO [http-nio-8080-exec-42] org.apache.catalina.core.ApplicationContext.log HTMLManager: list: Listing contexts for virtual host 'localhost'
02-Jan-2017 22:35:32.839 INFO [http-nio-8080-exec-46] org.apache.catalina.core.ApplicationContext.log HTMLManager: list: Listing contexts for virtual host 'localhost'
02-Jan-2017 22:38:21.659 INFO [http-nio-8080-exec-52] org.apache.catalina.core.ApplicationContext.log HTMLManager: undeploy: Undeploying web application at '/mist-2'
02-Jan-2017 22:38:22.381 INFO [http-nio-8080-exec-52] org.apache.catalina.core.ApplicationContext.log HTMLManager: list: Listing contexts for virtual host 'localhost'
02-Jan-2017 22:38:59.742 INFO [http-nio-8080-exec-54] org.apache.catalina.core.ApplicationContext.log HTMLManager: list: Listing contexts for virtual host 'localhost'
02-Jan-2017 22:58:57.361 INFO [http-nio-8080-exec-59] org.apache.catalina.core.ApplicationContext.log HTMLManager: undeploy: Undeploying web application at '/mist-2.1'
02-Jan-2017 22:58:58.017 INFO [http-nio-8080-exec-59] org.apache.catalina.core.ApplicationContext.log HTMLManager: list: Listing contexts for virtual host 'localhost'
02-Jan-2017 22:59:40.563 INFO [http-nio-8080-exec-64] org.apache.catalina.core.ApplicationContext.log HTMLManager: list: Listing contexts for virtual host 'localhost'
02-Jan-2017 23:07:07.585 INFO [http-nio-8080-exec-67] org.apache.catalina.core.ApplicationContext.log HTMLManager: undeploy: Undeploying web application at '/mist-2.1'
02-Jan-2017 23:07:08.236 INFO [http-nio-8080-exec-67] org.apache.catalina.core.ApplicationContext.log HTMLManager: list: Listing contexts for virtual host 'localhost'
02-Jan-2017 23:10:15.324 INFO [http-nio-8080-exec-77] org.apache.catalina.core.ApplicationContext.log HTMLManager: undeploy: Undeploying web application at '/mist-2.1'
02-Jan-2017 23:10:15.324 INFO [http-nio-8080-exec-77] org.apache.catalina.core.ApplicationContext.log HTMLManager: list: Listing contexts for virtual host 'localhost'
02-Jan-2017 23:10:41.388 INFO [http-nio-8080-exec-76] org.apache.catalina.core.ApplicationContext.log HTMLManager: list: Listing contexts for virtual host 'localhost'
02-Jan-2017 23:35:17.173 INFO [http-nio-8080-exec-78] org.apache.catalina.core.ApplicationContext.log HTMLManager: undeploy: Undeploying web application at '/mist-2.1'
02-Jan-2017 23:35:17.834 INFO [http-nio-8080-exec-78] org.apache.catalina.core.ApplicationContext.log HTMLManager: list: Listing contexts for virtual host 'localhost'
02-Jan-2017 23:37:11.152 INFO [http-nio-8080-exec-86] org.apache.catalina.core.ApplicationContext.log HTMLManager: list: Listing contexts for virtual host 'localhost'
