14-Feb-2017 00:45:38.827 INFO [http-nio-8080-exec-17] org.apache.catalina.core.ApplicationContext.log HTMLManager: list: Listing contexts for virtual host 'localhost'
14-Feb-2017 00:46:40.976 INFO [http-nio-8080-exec-18] org.apache.catalina.core.ApplicationContext.log HTMLManager: list: Listing contexts for virtual host 'localhost'
14-Feb-2017 00:49:55.764 INFO [http-nio-8080-exec-10] org.apache.catalina.core.ApplicationContext.log HTMLManager: restart: Reloading web application '/mist-0'
14-Feb-2017 00:49:56.975 INFO [http-nio-8080-exec-10] org.apache.catalina.core.ApplicationContext.log HTMLManager: list: Listing contexts for virtual host 'localhost'
14-Feb-2017 00:50:12.827 INFO [http-nio-8080-exec-12] org.apache.catalina.core.ApplicationContext.log HTMLManager: undeploy: Undeploying web application at '/mist-0'
14-Feb-2017 00:50:13.574 INFO [http-nio-8080-exec-12] org.apache.catalina.core.ApplicationContext.log HTMLManager: list: Listing contexts for virtual host 'localhost'
14-Feb-2017 00:50:43.602 INFO [http-nio-8080-exec-17] org.apache.catalina.core.ApplicationContext.log HTMLManager: list: Listing contexts for virtual host 'localhost'
14-Feb-2017 00:58:48.458 INFO [http-nio-8080-exec-20] org.apache.catalina.core.ApplicationContext.log HTMLManager: undeploy: Undeploying web application at '/mist-0'
14-Feb-2017 00:58:49.161 INFO [http-nio-8080-exec-20] org.apache.catalina.core.ApplicationContext.log HTMLManager: list: Listing contexts for virtual host 'localhost'
14-Feb-2017 01:02:58.430 INFO [http-nio-8080-exec-30] org.apache.catalina.core.ApplicationContext.log HTMLManager: list: Listing contexts for virtual host 'localhost'
14-Feb-2017 01:18:54.652 INFO [http-nio-8080-exec-32] org.apache.catalina.core.ApplicationContext.log HTMLManager: undeploy: Undeploying web application at '/mist-0'
14-Feb-2017 01:18:55.345 INFO [http-nio-8080-exec-32] org.apache.catalina.core.ApplicationContext.log HTMLManager: list: Listing contexts for virtual host 'localhost'
14-Feb-2017 01:19:17.441 INFO [http-nio-8080-exec-30] org.apache.catalina.core.ApplicationContext.log HTMLManager: list: Listing contexts for virtual host 'localhost'
14-Feb-2017 01:21:54.523 INFO [http-nio-8080-exec-41] org.apache.catalina.core.ApplicationContext.log HTMLManager: undeploy: Undeploying web application at '/mist-0'
14-Feb-2017 01:21:55.190 INFO [http-nio-8080-exec-41] org.apache.catalina.core.ApplicationContext.log HTMLManager: list: Listing contexts for virtual host 'localhost'
14-Feb-2017 01:22:56.773 INFO [http-nio-8080-exec-44] org.apache.catalina.core.ApplicationContext.log HTMLManager: list: Listing contexts for virtual host 'localhost'
14-Feb-2017 01:33:56.037 INFO [http-nio-8080-exec-45] org.apache.catalina.core.ApplicationContext.log HTMLManager: undeploy: Undeploying web application at '/mist-0'
14-Feb-2017 01:33:56.698 INFO [http-nio-8080-exec-45] org.apache.catalina.core.ApplicationContext.log HTMLManager: list: Listing contexts for virtual host 'localhost'
14-Feb-2017 01:34:43.054 INFO [http-nio-8080-exec-50] org.apache.catalina.core.ApplicationContext.log HTMLManager: list: Listing contexts for virtual host 'localhost'
14-Feb-2017 01:35:59.437 INFO [http-nio-8080-exec-55] org.apache.catalina.core.ApplicationContext.log HTMLManager: undeploy: Undeploying web application at '/mist-0'
14-Feb-2017 01:36:00.112 INFO [http-nio-8080-exec-55] org.apache.catalina.core.ApplicationContext.log HTMLManager: list: Listing contexts for virtual host 'localhost'
14-Feb-2017 01:36:38.689 INFO [http-nio-8080-exec-57] org.apache.catalina.core.ApplicationContext.log HTMLManager: list: Listing contexts for virtual host 'localhost'
14-Feb-2017 01:38:38.971 INFO [http-nio-8080-exec-58] org.apache.catalina.core.ApplicationContext.log HTMLManager: undeploy: Undeploying web application at '/mist-0'
14-Feb-2017 01:38:39.632 INFO [http-nio-8080-exec-58] org.apache.catalina.core.ApplicationContext.log HTMLManager: list: Listing contexts for virtual host 'localhost'
14-Feb-2017 01:39:13.793 INFO [http-nio-8080-exec-54] org.apache.catalina.core.ApplicationContext.log HTMLManager: list: Listing contexts for virtual host 'localhost'
14-Feb-2017 01:41:57.536 INFO [http-nio-8080-exec-63] org.apache.catalina.core.ApplicationContext.log HTMLManager: undeploy: Undeploying web application at '/mist-0'
14-Feb-2017 01:41:58.194 INFO [http-nio-8080-exec-63] org.apache.catalina.core.ApplicationContext.log HTMLManager: list: Listing contexts for virtual host 'localhost'
14-Feb-2017 01:42:24.923 INFO [http-nio-8080-exec-68] org.apache.catalina.core.ApplicationContext.log HTMLManager: list: Listing contexts for virtual host 'localhost'
14-Feb-2017 01:56:16.120 INFO [http-nio-8080-exec-70] org.apache.catalina.core.ApplicationContext.log HTMLManager: undeploy: Undeploying web application at '/mist-0'
14-Feb-2017 01:56:16.780 INFO [http-nio-8080-exec-70] org.apache.catalina.core.ApplicationContext.log HTMLManager: list: Listing contexts for virtual host 'localhost'
14-Feb-2017 01:56:34.441 INFO [http-nio-8080-exec-78] org.apache.catalina.core.ApplicationContext.log HTMLManager: list: Listing contexts for virtual host 'localhost'
14-Feb-2017 02:04:59.292 INFO [http-nio-8080-exec-80] org.apache.catalina.core.ApplicationContext.log HTMLManager: undeploy: Undeploying web application at '/mist-0'
14-Feb-2017 02:04:59.950 INFO [http-nio-8080-exec-80] org.apache.catalina.core.ApplicationContext.log HTMLManager: list: Listing contexts for virtual host 'localhost'
14-Feb-2017 02:05:17.083 INFO [http-nio-8080-exec-85] org.apache.catalina.core.ApplicationContext.log HTMLManager: list: Listing contexts for virtual host 'localhost'
14-Feb-2017 15:35:58.634 INFO [http-nio-8080-exec-4] org.apache.catalina.core.ApplicationContext.log HTMLManager: init: Associated with Deployer 'Catalina:type=Deployer,host=localhost'
14-Feb-2017 15:35:58.634 INFO [http-nio-8080-exec-4] org.apache.catalina.core.ApplicationContext.log HTMLManager: init: Global resources are available
14-Feb-2017 15:35:58.638 INFO [http-nio-8080-exec-4] org.apache.catalina.core.ApplicationContext.log HTMLManager: list: Listing contexts for virtual host 'localhost'
14-Feb-2017 15:36:54.157 INFO [http-nio-8080-exec-8] org.apache.catalina.core.ApplicationContext.log HTMLManager: list: Listing contexts for virtual host 'localhost'
14-Feb-2017 15:37:11.811 INFO [http-nio-8080-exec-9] org.apache.catalina.core.ApplicationContext.log HTMLManager: undeploy: Undeploying web application at '/mist-0'
14-Feb-2017 15:37:12.817 INFO [http-nio-8080-exec-9] org.apache.catalina.core.ApplicationContext.log HTMLManager: list: Listing contexts for virtual host 'localhost'
14-Feb-2017 15:40:59.642 INFO [http-nio-8080-exec-14] org.apache.catalina.core.ApplicationContext.log HTMLManager: list: Listing contexts for virtual host 'localhost'
14-Feb-2017 21:21:41.610 INFO [http-nio-8080-exec-1] org.apache.catalina.core.ApplicationContext.log HTMLManager: init: Associated with Deployer 'Catalina:type=Deployer,host=localhost'
14-Feb-2017 21:21:41.610 INFO [http-nio-8080-exec-1] org.apache.catalina.core.ApplicationContext.log HTMLManager: init: Global resources are available
14-Feb-2017 21:21:51.021 INFO [http-nio-8080-exec-3] org.apache.catalina.core.ApplicationContext.log HTMLManager: list: Listing contexts for virtual host 'localhost'
14-Feb-2017 21:22:00.721 INFO [http-nio-8080-exec-8] org.apache.catalina.core.ApplicationContext.log HTMLManager: undeploy: Undeploying web application at '/mist-0'
14-Feb-2017 21:22:01.683 INFO [http-nio-8080-exec-8] org.apache.catalina.core.ApplicationContext.log HTMLManager: list: Listing contexts for virtual host 'localhost'
14-Feb-2017 21:22:31.766 INFO [http-nio-8080-exec-10] org.apache.catalina.core.ApplicationContext.log HTMLManager: list: Listing contexts for virtual host 'localhost'
14-Feb-2017 21:35:49.137 INFO [http-nio-8080-exec-9] org.apache.catalina.core.ApplicationContext.log HTMLManager: undeploy: Undeploying web application at '/mist-0'
14-Feb-2017 21:35:49.922 INFO [http-nio-8080-exec-9] org.apache.catalina.core.ApplicationContext.log HTMLManager: list: Listing contexts for virtual host 'localhost'
14-Feb-2017 21:36:12.759 INFO [http-nio-8080-exec-17] org.apache.catalina.core.ApplicationContext.log HTMLManager: list: Listing contexts for virtual host 'localhost'
14-Feb-2017 21:49:04.131 INFO [http-nio-8080-exec-1] org.apache.catalina.core.ApplicationContext.log HTMLManager: init: Associated with Deployer 'Catalina:type=Deployer,host=localhost'
14-Feb-2017 21:49:04.131 INFO [http-nio-8080-exec-1] org.apache.catalina.core.ApplicationContext.log HTMLManager: init: Global resources are available
14-Feb-2017 21:49:04.181 INFO [http-nio-8080-exec-1] org.apache.catalina.core.ApplicationContext.log HTMLManager: list: Listing contexts for virtual host 'localhost'
14-Feb-2017 22:04:59.386 INFO [http-nio-8080-exec-3] org.apache.catalina.core.ApplicationContext.log HTMLManager: undeploy: Undeploying web application at '/mist-0'
14-Feb-2017 22:05:00.326 INFO [http-nio-8080-exec-3] org.apache.catalina.core.ApplicationContext.log HTMLManager: list: Listing contexts for virtual host 'localhost'
14-Feb-2017 22:26:23.827 INFO [http-nio-8080-exec-9] org.apache.catalina.core.ApplicationContext.log HTMLManager: list: Listing contexts for virtual host 'localhost'
14-Feb-2017 22:35:35.716 INFO [http-nio-8080-exec-11] org.apache.catalina.core.ApplicationContext.log HTMLManager: undeploy: Undeploying web application at '/mist-0'
14-Feb-2017 22:35:36.509 INFO [http-nio-8080-exec-11] org.apache.catalina.core.ApplicationContext.log HTMLManager: list: Listing contexts for virtual host 'localhost'
14-Feb-2017 22:36:07.410 INFO [http-nio-8080-exec-13] org.apache.catalina.core.ApplicationContext.log HTMLManager: list: Listing contexts for virtual host 'localhost'
