12-Feb-2017 02:24:04.632 INFO [http-nio-8080-exec-1] org.apache.catalina.core.ApplicationContext.log Manager: init: Associated with Deployer 'Catalina:type=Deployer,host=localhost'
12-Feb-2017 02:24:04.632 INFO [http-nio-8080-exec-1] org.apache.catalina.core.ApplicationContext.log Manager: init: Global resources are available
12-Feb-2017 02:24:04.637 INFO [http-nio-8080-exec-1] org.apache.catalina.core.ApplicationContext.log Manager: deploy: Deploying web application '/mistBpmn'
12-Feb-2017 02:24:04.638 INFO [http-nio-8080-exec-1] org.apache.catalina.core.ApplicationContext.log Manager: Uploading WAR file to /Users/agabaisaac/iot/camunda-rasberry/server/apache-tomcat-8.0.24/webapps/mistBpmn.war.tmp
12-Feb-2017 02:29:12.523 INFO [http-nio-8080-exec-14] org.apache.catalina.core.ApplicationContext.log HTMLManager: init: Associated with Deployer 'Catalina:type=Deployer,host=localhost'
12-Feb-2017 02:29:12.523 INFO [http-nio-8080-exec-14] org.apache.catalina.core.ApplicationContext.log HTMLManager: init: Global resources are available
12-Feb-2017 02:29:12.530 INFO [http-nio-8080-exec-14] org.apache.catalina.core.ApplicationContext.log HTMLManager: list: Listing contexts for virtual host 'localhost'
12-Feb-2017 02:29:32.421 INFO [http-nio-8080-exec-11] org.apache.catalina.core.ApplicationContext.log HTMLManager: undeploy: Undeploying web application at '/mistBpmn'
12-Feb-2017 02:29:33.220 INFO [http-nio-8080-exec-11] org.apache.catalina.core.ApplicationContext.log HTMLManager: list: Listing contexts for virtual host 'localhost'
12-Feb-2017 02:35:31.721 INFO [http-nio-8080-exec-18] org.apache.catalina.core.ApplicationContext.log Manager: deploy: Deploying web application '/mistBpmn'
12-Feb-2017 02:35:31.721 INFO [http-nio-8080-exec-18] org.apache.catalina.core.ApplicationContext.log Manager: Uploading WAR file to /Users/agabaisaac/iot/camunda-rasberry/server/apache-tomcat-8.0.24/webapps/mistBpmn.war.tmp
12-Feb-2017 02:42:11.516 INFO [http-nio-8080-exec-20] org.apache.catalina.core.ApplicationContext.log HTMLManager: list: Listing contexts for virtual host 'localhost'
12-Feb-2017 02:42:22.641 INFO [http-nio-8080-exec-21] org.apache.catalina.core.ApplicationContext.log HTMLManager: undeploy: Undeploying web application at '/mistBpmn'
12-Feb-2017 02:42:23.396 INFO [http-nio-8080-exec-21] org.apache.catalina.core.ApplicationContext.log HTMLManager: list: Listing contexts for virtual host 'localhost'
12-Feb-2017 02:46:58.647 INFO [http-nio-8080-exec-28] org.apache.catalina.core.ApplicationContext.log Manager: deploy: Deploying web application '/mistBpmn'
12-Feb-2017 02:46:58.647 INFO [http-nio-8080-exec-28] org.apache.catalina.core.ApplicationContext.log Manager: Uploading WAR file to /Users/agabaisaac/iot/camunda-rasberry/server/apache-tomcat-8.0.24/webapps/mistBpmn.war.tmp
12-Feb-2017 02:52:52.199 INFO [http-nio-8080-exec-32] org.apache.catalina.core.ApplicationContext.log HTMLManager: list: Listing contexts for virtual host 'localhost'
12-Feb-2017 02:53:10.232 INFO [http-nio-8080-exec-29] org.apache.catalina.core.ApplicationContext.log HTMLManager: undeploy: Undeploying web application at '/mistBpmn'
12-Feb-2017 02:53:10.956 INFO [http-nio-8080-exec-29] org.apache.catalina.core.ApplicationContext.log HTMLManager: list: Listing contexts for virtual host 'localhost'
12-Feb-2017 02:57:47.836 INFO [http-nio-8080-exec-38] org.apache.catalina.core.ApplicationContext.log Manager: deploy: Deploying web application '/mistBpmn'
12-Feb-2017 02:57:47.836 INFO [http-nio-8080-exec-38] org.apache.catalina.core.ApplicationContext.log Manager: Uploading WAR file to /Users/agabaisaac/iot/camunda-rasberry/server/apache-tomcat-8.0.24/webapps/mistBpmn.war.tmp
12-Feb-2017 03:04:31.315 INFO [http-nio-8080-exec-1] org.apache.catalina.core.ApplicationContext.log HTMLManager: init: Associated with Deployer 'Catalina:type=Deployer,host=localhost'
12-Feb-2017 03:04:31.315 INFO [http-nio-8080-exec-1] org.apache.catalina.core.ApplicationContext.log HTMLManager: init: Global resources are available
12-Feb-2017 03:04:31.327 INFO [http-nio-8080-exec-1] org.apache.catalina.core.ApplicationContext.log HTMLManager: list: Listing contexts for virtual host 'localhost'
12-Feb-2017 03:08:51.190 INFO [http-nio-8080-exec-5] org.apache.catalina.core.ApplicationContext.log Manager: init: Associated with Deployer 'Catalina:type=Deployer,host=localhost'
12-Feb-2017 03:08:51.190 INFO [http-nio-8080-exec-5] org.apache.catalina.core.ApplicationContext.log Manager: init: Global resources are available
12-Feb-2017 03:08:51.191 INFO [http-nio-8080-exec-5] org.apache.catalina.core.ApplicationContext.log Manager: deploy: Deploying web application '/mistBpmn'
12-Feb-2017 03:08:51.191 INFO [http-nio-8080-exec-5] org.apache.catalina.core.ApplicationContext.log Manager: Uploading WAR file to /Users/agabaisaac/iot/camunda-rasberry/server/apache-tomcat-8.0.24/webapps/mistBpmn.war.tmp
12-Feb-2017 03:17:40.853 INFO [http-nio-8080-exec-12] org.apache.catalina.core.ApplicationContext.log HTMLManager: undeploy: Undeploying web application at '/mistBpmn'
12-Feb-2017 03:17:41.663 INFO [http-nio-8080-exec-12] org.apache.catalina.core.ApplicationContext.log HTMLManager: list: Listing contexts for virtual host 'localhost'
12-Feb-2017 03:19:58.594 INFO [http-nio-8080-exec-18] org.apache.catalina.core.ApplicationContext.log Manager: deploy: Deploying web application '/mistBpmn'
12-Feb-2017 03:19:58.594 INFO [http-nio-8080-exec-18] org.apache.catalina.core.ApplicationContext.log Manager: Uploading WAR file to /Users/agabaisaac/iot/camunda-rasberry/server/apache-tomcat-8.0.24/webapps/mistBpmn.war.tmp
12-Feb-2017 03:24:59.020 INFO [http-nio-8080-exec-14] org.apache.catalina.core.ApplicationContext.log HTMLManager: list: Listing contexts for virtual host 'localhost'
12-Feb-2017 03:25:21.154 INFO [http-nio-8080-exec-15] org.apache.catalina.core.ApplicationContext.log HTMLManager: undeploy: Undeploying web application at '/mistBpmn'
12-Feb-2017 03:25:21.902 INFO [http-nio-8080-exec-15] org.apache.catalina.core.ApplicationContext.log HTMLManager: list: Listing contexts for virtual host 'localhost'
12-Feb-2017 03:31:02.892 INFO [http-nio-8080-exec-24] org.apache.catalina.core.ApplicationContext.log Manager: deploy: Deploying web application '/mistBpmn'
12-Feb-2017 03:31:02.892 INFO [http-nio-8080-exec-24] org.apache.catalina.core.ApplicationContext.log Manager: Uploading WAR file to /Users/agabaisaac/iot/camunda-rasberry/server/apache-tomcat-8.0.24/webapps/mistBpmn.war.tmp
