#
# There is insufficient memory for the Java Runtime Environment to continue.
# Native memory allocation (malloc) failed to allocate 268435456 bytes for committing reserved memory.
# Possible reasons:
#   The system is out of physical RAM or swap space
#   In 32 bit mode, the process size limit was hit
# Possible solutions:
#   Reduce memory load on the system
#   Increase physical memory or swap space
#   Check if swap backing store is full
#   Use 64 bit Java on a 64 bit OS
#   Decrease Java heap size (-Xmx/-Xms)
#   Decrease number of Java threads
#   Decrease Java thread stack sizes (-Xss)
#   Set larger code cache with -XX:ReservedCodeCacheSize=
# This output file may be truncated or incomplete.
#
#  Out of Memory Error (os_linux.cpp:2718), pid=4274, tid=3057554544
#
# JRE version:  (7.0_40-b43) (build )
# Java VM: Java HotSpot(TM) Client VM (24.0-b56 mixed mode linux-arm )
# Failed to write core dump. Core dumps have been disabled. To enable core dumping, try "ulimit -c unlimited" before starting Java again
#

---------------  T H R E A D  ---------------

Current thread (0x013b0e50):  JavaThread "Unknown thread" [_thread_in_vm, id=4275, stack(0xb639a000,0xb63ea000)]

Stack: [0xb639a000,0xb63ea000]
[error occurred during error reporting (printing stack bounds), id 0xb]


[error occurred during error reporting (printing native stack), id 0xb]


---------------  P R O C E S S  ---------------

Java Threads: ( => current thread )

Other Threads:

=>0x013b0e50 (exited) JavaThread "Unknown thread" [_thread_in_vm, id=4275, stack(0xb639a000,0xb63ea000)]

VM state:not at safepoint (not fully initialized)

VM Mutex/Monitor currently owned by a thread: None

GC Heap History (0 events):
No events

Deoptimization events (0 events):
No events

Internal exceptions (0 events):
No events

Events (0 events):
No events


Dynamic libraries:
00008000-00009000 r-xp 00000000 b3:06 9407       /usr/lib/jvm/jdk-7-oracle-armhf/jre/bin/java
00010000-00011000 rw-p 00000000 b3:06 9407       /usr/lib/jvm/jdk-7-oracle-armhf/jre/bin/java
013aa000-013cb000 rw-p 00000000 00:00 0          [heap]
83ff4000-83ff7000 rw-p 00000000 00:00 0 
83ff7000-8409f000 rw-p 00000000 00:00 0 
8409f000-840a1000 rw-p 00000000 00:00 0 
840a1000-840f4000 rw-p 00000000 00:00 0 
840f4000-840f7000 rw-p 00000000 00:00 0 
840f7000-8421f000 rw-p 00000000 00:00 0 
8421f000-84460000 rw-p 00000000 00:00 0 
84460000-8ecc0000 rw-p 00000000 00:00 0 
8ecc0000-8f160000 rw-p 00000000 00:00 0 
8f160000-a4220000 rw-p 00000000 00:00 0 
b4239000-b423a000 rw-p 00000000 00:00 0 
b423a000-b42b9000 rw-p 00000000 00:00 0 
b42b9000-b42e1000 rwxp 00000000 00:00 0 
b42e1000-b62b9000 rw-p 00000000 00:00 0 
b62b9000-b62ce000 r-xp 00000000 b3:06 9996       /usr/lib/jvm/jdk-7-oracle-armhf/jre/lib/arm/libzip.so
b62ce000-b62d5000 ---p 00015000 b3:06 9996       /usr/lib/jvm/jdk-7-oracle-armhf/jre/lib/arm/libzip.so
b62d5000-b62d6000 rw-p 00014000 b3:06 9996       /usr/lib/jvm/jdk-7-oracle-armhf/jre/lib/arm/libzip.so
b62d6000-b62e0000 r-xp 00000000 b3:06 12121      /lib/arm-linux-gnueabihf/libnss_files-2.13.so
b62e0000-b62e7000 ---p 0000a000 b3:06 12121      /lib/arm-linux-gnueabihf/libnss_files-2.13.so
b62e7000-b62e8000 r--p 00009000 b3:06 12121      /lib/arm-linux-gnueabihf/libnss_files-2.13.so
b62e8000-b62e9000 rw-p 0000a000 b3:06 12121      /lib/arm-linux-gnueabihf/libnss_files-2.13.so
b62e9000-b62f2000 r-xp 00000000 b3:06 12107      /lib/arm-linux-gnueabihf/libnss_nis-2.13.so
b62f2000-b62f9000 ---p 00009000 b3:06 12107      /lib/arm-linux-gnueabihf/libnss_nis-2.13.so
b62f9000-b62fa000 r--p 00008000 b3:06 12107      /lib/arm-linux-gnueabihf/libnss_nis-2.13.so
b62fa000-b62fb000 rw-p 00009000 b3:06 12107      /lib/arm-linux-gnueabihf/libnss_nis-2.13.so
b62fb000-b630c000 r-xp 00000000 b3:06 12157      /lib/arm-linux-gnueabihf/libnsl-2.13.so
b630c000-b6313000 ---p 00011000 b3:06 12157      /lib/arm-linux-gnueabihf/libnsl-2.13.so
b6313000-b6314000 r--p 00010000 b3:06 12157      /lib/arm-linux-gnueabihf/libnsl-2.13.so
b6314000-b6315000 rw-p 00011000 b3:06 12157      /lib/arm-linux-gnueabihf/libnsl-2.13.so
b6315000-b6317000 rw-p 00000000 00:00 0 
b6317000-b631d000 r-xp 00000000 b3:06 12137      /lib/arm-linux-gnueabihf/libnss_compat-2.13.so
b631d000-b6324000 ---p 00006000 b3:06 12137      /lib/arm-linux-gnueabihf/libnss_compat-2.13.so
b6324000-b6325000 r--p 00005000 b3:06 12137      /lib/arm-linux-gnueabihf/libnss_compat-2.13.so
b6325000-b6326000 rw-p 00006000 b3:06 12137      /lib/arm-linux-gnueabihf/libnss_compat-2.13.so
b6326000-b6346000 r-xp 00000000 b3:06 12196      /lib/arm-linux-gnueabihf/libgcc_s.so.1
b6346000-b634d000 ---p 00020000 b3:06 12196      /lib/arm-linux-gnueabihf/libgcc_s.so.1
b634d000-b634e000 rw-p 0001f000 b3:06 12196      /lib/arm-linux-gnueabihf/libgcc_s.so.1
b634e000-b6370000 r-xp 00000000 b3:06 9970       /usr/lib/jvm/jdk-7-oracle-armhf/jre/lib/arm/libjava.so
b6370000-b6378000 ---p 00022000 b3:06 9970       /usr/lib/jvm/jdk-7-oracle-armhf/jre/lib/arm/libjava.so
b6378000-b6379000 rw-p 00022000 b3:06 9970       /usr/lib/jvm/jdk-7-oracle-armhf/jre/lib/arm/libjava.so
b6379000-b6382000 r-xp 00000000 b3:06 9985       /usr/lib/jvm/jdk-7-oracle-armhf/jre/lib/arm/libverify.so
b6382000-b638a000 ---p 00009000 b3:06 9985       /usr/lib/jvm/jdk-7-oracle-armhf/jre/lib/arm/libverify.so
b638a000-b638b000 rw-p 00009000 b3:06 9985       /usr/lib/jvm/jdk-7-oracle-armhf/jre/lib/arm/libverify.so
b638b000-b6391000 r-xp 00000000 b3:06 12297      /lib/arm-linux-gnueabihf/librt-2.13.so
b6391000-b6398000 ---p 00006000 b3:06 12297      /lib/arm-linux-gnueabihf/librt-2.13.so
b6398000-b6399000 r--p 00005000 b3:06 12297      /lib/arm-linux-gnueabihf/librt-2.13.so
b6399000-b639a000 rw-p 00006000 b3:06 12297      /lib/arm-linux-gnueabihf/librt-2.13.so
b639a000-b639d000 ---p 00000000 00:00 0 
b639d000-b63ea000 rw-p 00000000 00:00 0          [stack:4275]
b63ea000-b6452000 r-xp 00000000 b3:06 12151      /lib/arm-linux-gnueabihf/libm-2.13.so
b6452000-b6459000 ---p 00068000 b3:06 12151      /lib/arm-linux-gnueabihf/libm-2.13.so
b6459000-b645a000 r--p 00067000 b3:06 12151      /lib/arm-linux-gnueabihf/libm-2.13.so
b645a000-b645b000 rw-p 00068000 b3:06 12151      /lib/arm-linux-gnueabihf/libm-2.13.so
b645b000-b6914000 r-xp 00000000 b3:06 9999       /usr/lib/jvm/jdk-7-oracle-armhf/jre/lib/arm/client/libjvm.so
b6914000-b691b000 ---p 004b9000 b3:06 9999       /usr/lib/jvm/jdk-7-oracle-armhf/jre/lib/arm/client/libjvm.so
b691b000-b6941000 rw-p 004b8000 b3:06 9999       /usr/lib/jvm/jdk-7-oracle-armhf/jre/lib/arm/client/libjvm.so
b6941000-b6d5e000 rw-p 00000000 00:00 0 
b6d5e000-b6e81000 r-xp 00000000 b3:06 12301      /lib/arm-linux-gnueabihf/libc-2.13.so
b6e81000-b6e88000 ---p 00123000 b3:06 12301      /lib/arm-linux-gnueabihf/libc-2.13.so
b6e88000-b6e8a000 r--p 00122000 b3:06 12301      /lib/arm-linux-gnueabihf/libc-2.13.so
b6e8a000-b6e8b000 rw-p 00124000 b3:06 12301      /lib/arm-linux-gnueabihf/libc-2.13.so
b6e8b000-b6e8e000 rw-p 00000000 00:00 0 
b6e8e000-b6e90000 r-xp 00000000 b3:06 12171      /lib/arm-linux-gnueabihf/libdl-2.13.so
b6e90000-b6e97000 ---p 00002000 b3:06 12171      /lib/arm-linux-gnueabihf/libdl-2.13.so
b6e97000-b6e98000 r--p 00001000 b3:06 12171      /lib/arm-linux-gnueabihf/libdl-2.13.so
b6e98000-b6e99000 rw-p 00002000 b3:06 12171      /lib/arm-linux-gnueabihf/libdl-2.13.so
b6e99000-b6eac000 r-xp 00000000 b3:06 9979       /usr/lib/jvm/jdk-7-oracle-armhf/jre/lib/arm/jli/libjli.so
b6eac000-b6eb3000 ---p 00013000 b3:06 9979       /usr/lib/jvm/jdk-7-oracle-armhf/jre/lib/arm/jli/libjli.so
b6eb3000-b6eb4000 rw-p 00012000 b3:06 9979       /usr/lib/jvm/jdk-7-oracle-armhf/jre/lib/arm/jli/libjli.so
b6eb4000-b6ec8000 r-xp 00000000 b3:06 12168      /lib/arm-linux-gnueabihf/libpthread-2.13.so
b6ec8000-b6ecf000 ---p 00014000 b3:06 12168      /lib/arm-linux-gnueabihf/libpthread-2.13.so
b6ecf000-b6ed0000 r--p 00013000 b3:06 12168      /lib/arm-linux-gnueabihf/libpthread-2.13.so
b6ed0000-b6ed1000 rw-p 00014000 b3:06 12168      /lib/arm-linux-gnueabihf/libpthread-2.13.so
b6ed1000-b6ed3000 rw-p 00000000 00:00 0 
b6ed6000-b6ede000 rw-s 00000000 b3:06 14075      /tmp/hsperfdata_pi/4274
b6ede000-b6ee0000 r-xp 00000000 b3:06 162589     /usr/lib/arm-linux-gnueabihf/libcofi_rpi.so
b6ee0000-b6ee7000 ---p 00002000 b3:06 162589     /usr/lib/arm-linux-gnueabihf/libcofi_rpi.so
b6ee7000-b6ee8000 rw-p 00001000 b3:06 162589     /usr/lib/arm-linux-gnueabihf/libcofi_rpi.so
b6ee8000-b6f05000 r-xp 00000000 b3:06 12217      /lib/arm-linux-gnueabihf/ld-2.13.so
b6f07000-b6f08000 r--p 00000000 00:00 0 
b6f08000-b6f0c000 rw-p 00000000 00:00 0 
b6f0c000-b6f0d000 r-xp 00000000 00:00 0          [sigpage]
b6f0d000-b6f0e000 r--p 0001d000 b3:06 12217      /lib/arm-linux-gnueabihf/ld-2.13.so
b6f0e000-b6f0f000 rw-p 0001e000 b3:06 12217      /lib/arm-linux-gnueabihf/ld-2.13.so
bedca000-bedeb000 rw-p 00000000 00:00 0          [stack]
ffff0000-ffff1000 r-xp 00000000 00:00 0          [vectors]

VM Arguments:
jvm_args: -Djava.util.logging.config.file=./server/apache-tomcat-8.0.24/conf/logging.properties -Djava.util.logging.manager=org.apache.juli.ClassLoaderLogManager -Xmx512m -XX:MaxPermSize=256m -XX:PermSize=256m -Djava.endorsed.dirs=./server/apache-tomcat-8.0.24/endorsed -Dcatalina.base=./server/apache-tomcat-8.0.24 -Dcatalina.home=./server/apache-tomcat-8.0.24 -Djava.io.tmpdir=./server/apache-tomcat-8.0.24/temp 
java_command: org.apache.catalina.startup.Bootstrap start
Launcher Type: SUN_STANDARD

Environment Variables:
PATH=/usr/local/sbin:/usr/local/bin:/usr/sbin:/usr/bin:/sbin:/bin:/usr/local/games:/usr/games
SHELL=/bin/bash
DISPLAY=:0

Signal Handlers:
SIGSEGV: [libjvm.so+0x455d80], sa_mask[0]=0x7ffbfeff, sa_flags=0x10000004
SIGBUS: [libjvm.so+0x455d80], sa_mask[0]=0x7ffbfeff, sa_flags=0x10000004
SIGFPE: [libjvm.so+0x357bac], sa_mask[0]=0x7ffbfeff, sa_flags=0x10000004
SIGPIPE: [libjvm.so+0x357bac], sa_mask[0]=0x7ffbfeff, sa_flags=0x10000004
SIGXFSZ: [libjvm.so+0x357bac], sa_mask[0]=0x7ffbfeff, sa_flags=0x10000004
SIGILL: [libjvm.so+0x357bac], sa_mask[0]=0x7ffbfeff, sa_flags=0x10000004
SIGUSR1: SIG_DFL, sa_mask[0]=0x00000000, sa_flags=0x00000000
SIGUSR2: [libjvm.so+0x357ef0], sa_mask[0]=0x00000000, sa_flags=0x10000004
SIGHUP: SIG_DFL, sa_mask[0]=0x00000000, sa_flags=0x00000000
SIGINT: SIG_IGN, sa_mask[0]=0x00000000, sa_flags=0x00000000
SIGTERM: SIG_DFL, sa_mask[0]=0x00000000, sa_flags=0x00000000
SIGQUIT: SIG_IGN, sa_mask[0]=0x00000000, sa_flags=0x00000000


---------------  S Y S T E M  ---------------

OS:7.5

uname:Linux 3.12.22+ #691 PREEMPT Wed Jun 18 18:29:58 BST 2014 armv6l
libc:glibc 2.13 NPTL 2.13 
rlimit: STACK 8192k, CORE 0k, NPROC 3434, NOFILE 4096, AS infinity
load average:1.16 1.51 1.60

/proc/meminfo:
MemTotal:         447996 kB
MemFree:           24964 kB
Buffers:            3704 kB
Cached:           121376 kB
SwapCached:         1568 kB
Active:           202728 kB
Inactive:         196652 kB
Active(anon):     135916 kB
Inactive(anon):   140828 kB
Active(file):      66812 kB
Inactive(file):    55824 kB
Unevictable:           0 kB
Mlocked:               0 kB
SwapTotal:        102396 kB
SwapFree:          38560 kB
Dirty:               164 kB
Writeback:             0 kB
AnonPages:        272744 kB
Mapped:            21032 kB
Shmem:              2432 kB
Slab:              10020 kB
SReclaimable:       5008 kB
SUnreclaim:         5012 kB
KernelStack:        1888 kB
PageTables:         3064 kB
NFS_Unstable:          0 kB
Bounce:                0 kB
WritebackTmp:          0 kB
CommitLimit:      326392 kB
Committed_AS:     635384 kB
VmallocTotal:     565248 kB
VmallocUsed:        4044 kB
VmallocChunk:     328012 kB


CPU:total 1 (ARMv6), vfp

/proc/cpuinfo:
processor	: 0
model name	: ARMv6-compatible processor rev 7 (v6l)
Features	: swp half thumb fastmult vfp edsp java tls 
CPU implementer	: 0x41
CPU architecture: 7
CPU variant	: 0x0
CPU part	: 0xb76
CPU revision	: 7

Hardware	: BCM2708
Revision	: 0010
Serial		: 000000009dc14d6d


Memory: 4k page, physical 447996k(24964k free), swap 102396k(38560k free)

vm_info: Java HotSpot(TM) Client VM (24.0-b56) for linux-arm-vfp-hflt JRE (1.7.0_40-b43), built on Aug 26 2013 21:44:37 by "java_re" with gcc 4.7.2 20120910 (prerelease)

time: Tue Jun  7 13:25:07 2016
elapsed time: 0 seconds

