14-Jan-2017 15:38:03.885 INFO [main] org.apache.catalina.startup.VersionLoggerListener.log Server version:        Apache Tomcat/8.0.24
14-Jan-2017 15:38:03.886 INFO [main] org.apache.catalina.startup.VersionLoggerListener.log Server built:          Jul 1 2015 20:19:55 UTC
14-Jan-2017 15:38:03.886 INFO [main] org.apache.catalina.startup.VersionLoggerListener.log Server number:         8.0.24.0
14-Jan-2017 15:38:03.887 INFO [main] org.apache.catalina.startup.VersionLoggerListener.log OS Name:               Mac OS X
14-Jan-2017 15:38:03.887 INFO [main] org.apache.catalina.startup.VersionLoggerListener.log OS Version:            10.12.2
14-Jan-2017 15:38:03.887 INFO [main] org.apache.catalina.startup.VersionLoggerListener.log Architecture:          x86_64
14-Jan-2017 15:38:03.887 INFO [main] org.apache.catalina.startup.VersionLoggerListener.log Java Home:             /Library/Java/JavaVirtualMachines/jdk1.8.0_111.jdk/Contents/Home/jre
14-Jan-2017 15:38:03.887 INFO [main] org.apache.catalina.startup.VersionLoggerListener.log JVM Version:           1.8.0_111-b14
14-Jan-2017 15:38:03.887 INFO [main] org.apache.catalina.startup.VersionLoggerListener.log JVM Vendor:            Oracle Corporation
14-Jan-2017 15:38:03.887 INFO [main] org.apache.catalina.startup.VersionLoggerListener.log CATALINA_BASE:         /Users/agabaisaac/iot/mist-framework/mist-camunda-tomcat/server/apache-tomcat-8.0.24
14-Jan-2017 15:38:03.887 INFO [main] org.apache.catalina.startup.VersionLoggerListener.log CATALINA_HOME:         /Users/agabaisaac/iot/mist-framework/mist-camunda-tomcat/server/apache-tomcat-8.0.24
14-Jan-2017 15:38:03.888 INFO [main] org.apache.catalina.startup.VersionLoggerListener.log Command line argument: -Djava.util.logging.config.file=./server/apache-tomcat-8.0.24/conf/logging.properties
14-Jan-2017 15:38:03.888 INFO [main] org.apache.catalina.startup.VersionLoggerListener.log Command line argument: -Djava.util.logging.manager=org.apache.juli.ClassLoaderLogManager
14-Jan-2017 15:38:03.888 INFO [main] org.apache.catalina.startup.VersionLoggerListener.log Command line argument: -Xmx512m
14-Jan-2017 15:38:03.888 INFO [main] org.apache.catalina.startup.VersionLoggerListener.log Command line argument: -XX:MaxPermSize=256m
14-Jan-2017 15:38:03.888 INFO [main] org.apache.catalina.startup.VersionLoggerListener.log Command line argument: -XX:PermSize=256m
14-Jan-2017 15:38:03.888 INFO [main] org.apache.catalina.startup.VersionLoggerListener.log Command line argument: -Djava.endorsed.dirs=./server/apache-tomcat-8.0.24/endorsed
14-Jan-2017 15:38:03.888 INFO [main] org.apache.catalina.startup.VersionLoggerListener.log Command line argument: -Dcatalina.base=./server/apache-tomcat-8.0.24
14-Jan-2017 15:38:03.889 INFO [main] org.apache.catalina.startup.VersionLoggerListener.log Command line argument: -Dcatalina.home=./server/apache-tomcat-8.0.24
14-Jan-2017 15:38:03.889 INFO [main] org.apache.catalina.startup.VersionLoggerListener.log Command line argument: -Djava.io.tmpdir=./server/apache-tomcat-8.0.24/temp
14-Jan-2017 15:38:03.889 INFO [main] org.apache.catalina.core.AprLifecycleListener.lifecycleEvent The APR based Apache Tomcat Native library which allows optimal performance in production environments was not found on the java.library.path: /Users/agabaisaac/Library/Java/Extensions:/Library/Java/Extensions:/Network/Library/Java/Extensions:/System/Library/Java/Extensions:/usr/lib/java:.
14-Jan-2017 15:38:04.036 INFO [main] org.apache.coyote.AbstractProtocol.init Initializing ProtocolHandler ["http-nio-8080"]
14-Jan-2017 15:38:04.061 INFO [main] org.apache.tomcat.util.net.NioSelectorPool.getSharedSelector Using a shared selector for servlet write/read
14-Jan-2017 15:38:04.063 INFO [main] org.apache.coyote.AbstractProtocol.init Initializing ProtocolHandler ["ajp-nio-8009"]
14-Jan-2017 15:38:04.064 INFO [main] org.apache.tomcat.util.net.NioSelectorPool.getSharedSelector Using a shared selector for servlet write/read
14-Jan-2017 15:38:04.065 INFO [main] org.apache.catalina.startup.Catalina.load Initialization processed in 564 ms
14-Jan-2017 15:38:04.088 WARNING [main] org.apache.tomcat.jdbc.pool.ConnectionPool.init maxIdle is larger than maxActive, setting maxIdle to: 20
14-Jan-2017 15:38:06.633 INFO [main] org.camunda.commons.logging.BaseLogger.logInfo ENGINE-08046 Found camunda bpm platform configuration in CATALINA_BASE/CATALINA_HOME conf directory [/Users/agabaisaac/iot/mist-framework/mist-camunda-tomcat/server/apache-tomcat-8.0.24/conf/bpm-platform.xml] at 'file:/Users/agabaisaac/iot/mist-framework/mist-camunda-tomcat/server/apache-tomcat-8.0.24/conf/bpm-platform.xml'
14-Jan-2017 15:38:06.839 INFO [main] org.camunda.commons.logging.BaseLogger.logInfo ENGINE-12003 Plugin 'ProcessApplicationEventListenerPlugin' activated on process engine 'default'
14-Jan-2017 15:38:06.846 INFO [main] org.camunda.commons.logging.BaseLogger.logInfo ENGINE-12003 Plugin 'SpinProcessEnginePlugin' activated on process engine 'default'
14-Jan-2017 15:38:06.854 INFO [main] org.camunda.commons.logging.BaseLogger.logInfo SPIN-01010 Discovered Spin data format provider: org.camunda.spin.impl.json.jackson.format.JacksonJsonDataFormatProvider[name = application/json]
14-Jan-2017 15:38:07.052 INFO [main] org.camunda.commons.logging.BaseLogger.logInfo SPIN-01010 Discovered Spin data format provider: org.camunda.spin.impl.xml.dom.format.DomXmlDataFormatProvider[name = application/xml]
14-Jan-2017 15:38:07.064 INFO [main] org.camunda.commons.logging.BaseLogger.logInfo SPIN-01009 Discovered Spin data format: org.camunda.spin.impl.xml.dom.format.DomXmlDataFormat[name = application/xml]
14-Jan-2017 15:38:07.064 INFO [main] org.camunda.commons.logging.BaseLogger.logInfo SPIN-01009 Discovered Spin data format: org.camunda.spin.impl.json.jackson.format.JacksonJsonDataFormat[name = application/json]
14-Jan-2017 15:38:07.064 INFO [main] org.camunda.commons.logging.BaseLogger.logInfo ENGINE-12003 Plugin 'ConnectProcessEnginePlugin' activated on process engine 'default'
14-Jan-2017 15:38:07.254 INFO [main] org.camunda.commons.logging.BaseLogger.logInfo CNCT-01004 Discovered provider for connector id 'http-connector' and class 'org.camunda.connect.httpclient.impl.HttpConnectorImpl': 'org.camunda.connect.httpclient.impl.HttpConnectorProviderImpl'
14-Jan-2017 15:38:07.256 INFO [main] org.camunda.commons.logging.BaseLogger.logInfo CNCT-01004 Discovered provider for connector id 'soap-http-connector' and class 'org.camunda.connect.httpclient.soap.impl.SoapHttpConnectorImpl': 'org.camunda.connect.httpclient.soap.impl.SoapHttpConnectorProviderImpl'
14-Jan-2017 15:38:09.095 INFO [main] org.camunda.commons.logging.BaseLogger.logInfo ENGINE-00001 Process Engine default created.
14-Jan-2017 15:38:09.097 INFO [main] org.camunda.commons.logging.BaseLogger.logInfo ENGINE-14014 Starting up the JobExecutor[org.camunda.bpm.engine.impl.jobexecutor.RuntimeContainerJobExecutor].
14-Jan-2017 15:38:09.098 INFO [Thread-6] org.camunda.commons.logging.BaseLogger.logInfo ENGINE-14018 JobExecutor[org.camunda.bpm.engine.impl.jobexecutor.RuntimeContainerJobExecutor] starting to acquire jobs
14-Jan-2017 15:38:14.105 INFO [main] org.camunda.commons.logging.BaseLogger.logInfo ENGINE-08048 Camunda BPM platform sucessfully started at 'Apache Tomcat/8.0.24'.
14-Jan-2017 15:38:14.118 INFO [main] org.apache.catalina.core.StandardService.startInternal Starting service Catalina
14-Jan-2017 15:38:14.119 INFO [main] org.apache.catalina.core.StandardEngine.startInternal Starting Servlet Engine: Apache Tomcat/8.0.24
14-Jan-2017 15:38:14.143 INFO [localhost-startStop-1] org.apache.catalina.startup.HostConfig.deployWAR Deploying web application archive /Users/agabaisaac/iot/mist-framework/mist-camunda-tomcat/server/apache-tomcat-8.0.24/webapps/mistBpmn.war
14-Jan-2017 15:38:15.814 INFO [localhost-startStop-1] org.camunda.commons.logging.BaseLogger.logInfo ENGINE-07015 Detected @ProcessApplication class 'ee.ut.mobilelab.mistbpmn.InstantiateProcessByMessageDelegate'
14-Jan-2017 15:38:15.842 INFO [localhost-startStop-1] org.apache.jasper.servlet.TldScanner.scanJars At least one JAR was scanned for TLDs yet contained no TLDs. Enable debug logging for this logger for a complete list of JARs that were scanned but no TLDs were found in them. Skipping unneeded JARs during scanning can improve startup time and JSP compilation time.
14-Jan-2017 15:38:15.867 INFO [localhost-startStop-1] org.camunda.commons.logging.BaseLogger.logInfo ENGINE-08024 Found processes.xml file at file:/Users/agabaisaac/iot/mist-framework/mist-camunda-tomcat/server/apache-tomcat-8.0.24/webapps/mistBpmn/WEB-INF/classes/META-INF/processes.xml
14-Jan-2017 15:38:15.879 INFO [localhost-startStop-1] org.camunda.commons.logging.BaseLogger.logInfo ENGINE-08023 Deployment summary for process archive 'ut-mist-camunda': 

        message_start_process.bpmn

14-Jan-2017 15:38:16.465 INFO [localhost-startStop-1] org.camunda.commons.logging.BaseLogger.logInfo ENGINE-07021 ProcessApplication 'UT Mist Camunda App' registered for DB deployments [e1f18845-33d2-11e6-b73e-b827eb5fc0fd, bcd6b3a0-cf71-11e6-a944-acde48001122, d0623bc3-33d8-11e6-a1b0-b827eb5fc0fd, 9deea0f4-d127-11e6-838d-acde48001122, d038d192-cfba-11e6-a944-acde48001122, 5f4f4dbf-cfbd-11e6-a944-acde48001122, 27c43c73-33c3-11e6-b73e-b827eb5fc0fd, b017fc03-cf94-11e6-a944-acde48001122, 6a1214fa-33d1-11e6-b73e-b827eb5fc0fd, 9a58f2df-33d5-11e6-b73e-b827eb5fc0fd, abfa69b9-cf5a-11e6-a187-acde48001122, 5f960ba0-d126-11e6-838d-acde48001122, 5ffc14c0-33bd-11e6-b73e-b827eb5fc0fd]. Will execute process definitions 

        Instantiating_Process[version: 4, id: Instantiating_Process:4:e20bee1c-33d2-11e6-b73e-b827eb5fc0fd]
        Message_Start_Process[version: 4, id: Message_Start_Process:4:e20a195a-33d2-11e6-b73e-b827eb5fc0fd]
        Message_Start_Process[version: 8, id: Message_Start_Process:8:bcd8d682-cf71-11e6-a944-acde48001122]
        Instantiating_Process[version: 6, id: Instantiating_Process:6:d07cc8aa-33d8-11e6-a1b0-b827eb5fc0fd]
        Message_Start_Process[version: 6, id: Message_Start_Process:6:d07a7eb8-33d8-11e6-a1b0-b827eb5fc0fd]
        Message_Start_Process[version: 13, id: Message_Start_Process:13:9df09cc6-d127-11e6-838d-acde48001122]
        Message_Start_Process[version: 10, id: Message_Start_Process:10:d03af474-cfba-11e6-a944-acde48001122]
        Message_Start_Process[version: 11, id: Message_Start_Process:11:5f50fb71-cfbd-11e6-a944-acde48001122]
        Instantiating_Process[version: 2, id: Instantiating_Process:2:27fe383a-33c3-11e6-b73e-b827eb5fc0fd]
        Message_Start_Process[version: 2, id: Message_Start_Process:2:27fc6378-33c3-11e6-b73e-b827eb5fc0fd]
        Message_Start_Process[version: 9, id: Message_Start_Process:9:b01a9416-cf94-11e6-a944-acde48001122]
        Instantiating_Process[version: 3, id: Instantiating_Process:3:6a4cd411-33d1-11e6-b73e-b827eb5fc0fd]
        Message_Start_Process[version: 3, id: Message_Start_Process:3:6a4ab12f-33d1-11e6-b73e-b827eb5fc0fd]
        Instantiating_Process[version: 5, id: Instantiating_Process:5:9a783ab6-33d5-11e6-b73e-b827eb5fc0fd]
        Message_Start_Process[version: 5, id: Message_Start_Process:5:9a76db24-33d5-11e6-b73e-b827eb5fc0fd]
        Message_Start_Process[version: 7, id: Message_Start_Process:7:abfe133b-cf5a-11e6-a187-acde48001122]
        Message_Start_Process[version: 12, id: Message_Start_Process:12:5f982e82-d126-11e6-838d-acde48001122]
        Instantiating_Process[version: 1, id: Instantiating_Process:1:60265917-33bd-11e6-b73e-b827eb5fc0fd]
        Message_Start_Process[version: 1, id: Message_Start_Process:1:60240f25-33bd-11e6-b73e-b827eb5fc0fd]
Deployment does not provide any case definitions.
14-Jan-2017 15:38:16.469 INFO [localhost-startStop-1] org.camunda.commons.logging.BaseLogger.logInfo SPIN-01010 Discovered Spin data format provider: org.camunda.spin.impl.json.jackson.format.JacksonJsonDataFormatProvider[name = application/json]
14-Jan-2017 15:38:16.469 INFO [localhost-startStop-1] org.camunda.commons.logging.BaseLogger.logInfo SPIN-01010 Discovered Spin data format provider: org.camunda.spin.impl.xml.dom.format.DomXmlDataFormatProvider[name = application/xml]
14-Jan-2017 15:38:16.472 INFO [localhost-startStop-1] org.camunda.commons.logging.BaseLogger.logInfo SPIN-01009 Discovered Spin data format: org.camunda.spin.impl.xml.dom.format.DomXmlDataFormat[name = application/xml]
14-Jan-2017 15:38:16.472 INFO [localhost-startStop-1] org.camunda.commons.logging.BaseLogger.logInfo SPIN-01009 Discovered Spin data format: org.camunda.spin.impl.json.jackson.format.JacksonJsonDataFormat[name = application/json]
14-Jan-2017 15:38:16.473 INFO [localhost-startStop-1] org.camunda.commons.logging.BaseLogger.logInfo ENGINE-08050 Process application UT Mist Camunda App successfully deployed
14-Jan-2017 15:38:16.495 INFO [localhost-startStop-1] org.apache.catalina.startup.HostConfig.deployWAR Deployment of web application archive /Users/agabaisaac/iot/mist-framework/mist-camunda-tomcat/server/apache-tomcat-8.0.24/webapps/mistBpmn.war has finished in 2,352 ms
14-Jan-2017 15:38:16.497 INFO [localhost-startStop-1] org.apache.catalina.startup.HostConfig.deployDirectory Deploying web application directory /Users/agabaisaac/iot/mist-framework/mist-camunda-tomcat/server/apache-tomcat-8.0.24/webapps/camunda
14-Jan-2017 15:38:17.982 INFO [localhost-startStop-1] org.apache.jasper.servlet.TldScanner.scanJars At least one JAR was scanned for TLDs yet contained no TLDs. Enable debug logging for this logger for a complete list of JARs that were scanned but no TLDs were found in them. Skipping unneeded JARs during scanning can improve startup time and JSP compilation time.
14-Jan-2017 15:38:18.278 INFO [localhost-startStop-1] org.apache.catalina.startup.HostConfig.deployDirectory Deployment of web application directory /Users/agabaisaac/iot/mist-framework/mist-camunda-tomcat/server/apache-tomcat-8.0.24/webapps/camunda has finished in 1,780 ms
14-Jan-2017 15:38:18.278 INFO [localhost-startStop-1] org.apache.catalina.startup.HostConfig.deployDirectory Deploying web application directory /Users/agabaisaac/iot/mist-framework/mist-camunda-tomcat/server/apache-tomcat-8.0.24/webapps/camunda-welcome
14-Jan-2017 15:38:19.225 INFO [localhost-startStop-1] org.apache.jasper.servlet.TldScanner.scanJars At least one JAR was scanned for TLDs yet contained no TLDs. Enable debug logging for this logger for a complete list of JARs that were scanned but no TLDs were found in them. Skipping unneeded JARs during scanning can improve startup time and JSP compilation time.
14-Jan-2017 15:38:19.227 INFO [localhost-startStop-1] org.apache.catalina.startup.HostConfig.deployDirectory Deployment of web application directory /Users/agabaisaac/iot/mist-framework/mist-camunda-tomcat/server/apache-tomcat-8.0.24/webapps/camunda-welcome has finished in 949 ms
14-Jan-2017 15:38:19.228 INFO [localhost-startStop-1] org.apache.catalina.startup.HostConfig.deployDirectory Deploying web application directory /Users/agabaisaac/iot/mist-framework/mist-camunda-tomcat/server/apache-tomcat-8.0.24/webapps/engine-rest
14-Jan-2017 15:38:20.348 INFO [localhost-startStop-1] org.apache.jasper.servlet.TldScanner.scanJars At least one JAR was scanned for TLDs yet contained no TLDs. Enable debug logging for this logger for a complete list of JARs that were scanned but no TLDs were found in them. Skipping unneeded JARs during scanning can improve startup time and JSP compilation time.
14-Jan-2017 15:38:20.443 INFO [localhost-startStop-1] org.jboss.resteasy.logging.impl.Slf4jLogger.info Deploying javax.ws.rs.core.Application: class org.camunda.bpm.engine.rest.impl.application.DefaultApplication
14-Jan-2017 15:38:20.512 INFO [localhost-startStop-1] org.apache.catalina.startup.HostConfig.deployDirectory Deployment of web application directory /Users/agabaisaac/iot/mist-framework/mist-camunda-tomcat/server/apache-tomcat-8.0.24/webapps/engine-rest has finished in 1,284 ms
14-Jan-2017 15:38:20.512 INFO [localhost-startStop-1] org.apache.catalina.startup.HostConfig.deployDirectory Deploying web application directory /Users/agabaisaac/iot/mist-framework/mist-camunda-tomcat/server/apache-tomcat-8.0.24/webapps/h2
14-Jan-2017 15:38:22.053 INFO [localhost-startStop-1] org.apache.jasper.servlet.TldScanner.scanJars At least one JAR was scanned for TLDs yet contained no TLDs. Enable debug logging for this logger for a complete list of JARs that were scanned but no TLDs were found in them. Skipping unneeded JARs during scanning can improve startup time and JSP compilation time.
14-Jan-2017 15:38:27.064 INFO [localhost-startStop-1] org.apache.catalina.startup.HostConfig.deployDirectory Deployment of web application directory /Users/agabaisaac/iot/mist-framework/mist-camunda-tomcat/server/apache-tomcat-8.0.24/webapps/h2 has finished in 6,552 ms
14-Jan-2017 15:38:27.064 INFO [localhost-startStop-1] org.apache.catalina.startup.HostConfig.deployDirectory Deploying web application directory /Users/agabaisaac/iot/mist-framework/mist-camunda-tomcat/server/apache-tomcat-8.0.24/webapps/host-manager
14-Jan-2017 15:38:27.999 INFO [localhost-startStop-1] org.apache.jasper.servlet.TldScanner.scanJars At least one JAR was scanned for TLDs yet contained no TLDs. Enable debug logging for this logger for a complete list of JARs that were scanned but no TLDs were found in them. Skipping unneeded JARs during scanning can improve startup time and JSP compilation time.
14-Jan-2017 15:38:28.013 INFO [localhost-startStop-1] org.apache.catalina.startup.HostConfig.deployDirectory Deployment of web application directory /Users/agabaisaac/iot/mist-framework/mist-camunda-tomcat/server/apache-tomcat-8.0.24/webapps/host-manager has finished in 949 ms
14-Jan-2017 15:38:28.013 INFO [localhost-startStop-1] org.apache.catalina.startup.HostConfig.deployDirectory Deploying web application directory /Users/agabaisaac/iot/mist-framework/mist-camunda-tomcat/server/apache-tomcat-8.0.24/webapps/manager
14-Jan-2017 15:38:29.051 INFO [localhost-startStop-1] org.apache.jasper.servlet.TldScanner.scanJars At least one JAR was scanned for TLDs yet contained no TLDs. Enable debug logging for this logger for a complete list of JARs that were scanned but no TLDs were found in them. Skipping unneeded JARs during scanning can improve startup time and JSP compilation time.
14-Jan-2017 15:38:29.052 INFO [localhost-startStop-1] org.apache.catalina.startup.HostConfig.deployDirectory Deployment of web application directory /Users/agabaisaac/iot/mist-framework/mist-camunda-tomcat/server/apache-tomcat-8.0.24/webapps/manager has finished in 1,039 ms
14-Jan-2017 15:38:29.052 INFO [localhost-startStop-1] org.apache.catalina.startup.HostConfig.deployDirectory Deploying web application directory /Users/agabaisaac/iot/mist-framework/mist-camunda-tomcat/server/apache-tomcat-8.0.24/webapps/ROOT
14-Jan-2017 15:38:30.006 INFO [localhost-startStop-1] org.apache.jasper.servlet.TldScanner.scanJars At least one JAR was scanned for TLDs yet contained no TLDs. Enable debug logging for this logger for a complete list of JARs that were scanned but no TLDs were found in them. Skipping unneeded JARs during scanning can improve startup time and JSP compilation time.
14-Jan-2017 15:38:30.010 INFO [localhost-startStop-1] org.apache.catalina.startup.HostConfig.deployDirectory Deployment of web application directory /Users/agabaisaac/iot/mist-framework/mist-camunda-tomcat/server/apache-tomcat-8.0.24/webapps/ROOT has finished in 958 ms
14-Jan-2017 15:38:30.022 INFO [main] org.apache.coyote.AbstractProtocol.start Starting ProtocolHandler ["http-nio-8080"]
14-Jan-2017 15:38:30.030 INFO [main] org.apache.coyote.AbstractProtocol.start Starting ProtocolHandler ["ajp-nio-8009"]
14-Jan-2017 15:38:30.030 INFO [main] org.apache.catalina.startup.Catalina.start Server startup in 25965 ms
14-Jan-2017 15:40:10.070 INFO [ContainerBackgroundProcessor[StandardEngine[Catalina]]] org.apache.catalina.startup.HostConfig.undeploy Undeploying context [/mistBpmn]
14-Jan-2017 15:40:10.515 INFO [ContainerBackgroundProcessor[StandardEngine[Catalina]]] org.camunda.commons.logging.BaseLogger.logInfo ENGINE-08051 Process application UT Mist Camunda App undeployed
14-Jan-2017 15:40:10.534 INFO [localhost-startStop-2] org.apache.catalina.startup.HostConfig.deployWAR Deploying web application archive /Users/agabaisaac/iot/mist-framework/mist-camunda-tomcat/server/apache-tomcat-8.0.24/webapps/mistBpmn.war
14-Jan-2017 15:40:11.445 INFO [localhost-startStop-2] org.camunda.commons.logging.BaseLogger.logInfo ENGINE-07015 Detected @ProcessApplication class 'ee.ut.mobilelab.mistbpmn.InstantiateProcessByMessageDelegate'
14-Jan-2017 15:40:11.457 INFO [localhost-startStop-2] org.camunda.commons.logging.BaseLogger.logInfo ENGINE-08024 Found processes.xml file at file:/Users/agabaisaac/iot/mist-framework/mist-camunda-tomcat/server/apache-tomcat-8.0.24/webapps/mistBpmn/WEB-INF/classes/META-INF/processes.xml
14-Jan-2017 15:40:11.460 INFO [localhost-startStop-2] org.camunda.commons.logging.BaseLogger.logInfo ENGINE-08023 Deployment summary for process archive 'ut-mist-camunda': 

        message_start_process.bpmn

14-Jan-2017 15:40:11.493 INFO [localhost-startStop-2] org.camunda.commons.logging.BaseLogger.logInfo ENGINE-07021 ProcessApplication 'UT Mist Camunda App' registered for DB deployments [e1f18845-33d2-11e6-b73e-b827eb5fc0fd, bcd6b3a0-cf71-11e6-a944-acde48001122, d0623bc3-33d8-11e6-a1b0-b827eb5fc0fd, 9deea0f4-d127-11e6-838d-acde48001122, d038d192-cfba-11e6-a944-acde48001122, 5f4f4dbf-cfbd-11e6-a944-acde48001122, 27c43c73-33c3-11e6-b73e-b827eb5fc0fd, b017fc03-cf94-11e6-a944-acde48001122, 6a1214fa-33d1-11e6-b73e-b827eb5fc0fd, 9a58f2df-33d5-11e6-b73e-b827eb5fc0fd, abfa69b9-cf5a-11e6-a187-acde48001122, 5f960ba0-d126-11e6-838d-acde48001122, 5ffc14c0-33bd-11e6-b73e-b827eb5fc0fd]. Will execute process definitions 

        Instantiating_Process[version: 4, id: Instantiating_Process:4:e20bee1c-33d2-11e6-b73e-b827eb5fc0fd]
        Message_Start_Process[version: 4, id: Message_Start_Process:4:e20a195a-33d2-11e6-b73e-b827eb5fc0fd]
        Message_Start_Process[version: 8, id: Message_Start_Process:8:bcd8d682-cf71-11e6-a944-acde48001122]
        Instantiating_Process[version: 6, id: Instantiating_Process:6:d07cc8aa-33d8-11e6-a1b0-b827eb5fc0fd]
        Message_Start_Process[version: 6, id: Message_Start_Process:6:d07a7eb8-33d8-11e6-a1b0-b827eb5fc0fd]
        Message_Start_Process[version: 13, id: Message_Start_Process:13:9df09cc6-d127-11e6-838d-acde48001122]
        Message_Start_Process[version: 10, id: Message_Start_Process:10:d03af474-cfba-11e6-a944-acde48001122]
        Message_Start_Process[version: 11, id: Message_Start_Process:11:5f50fb71-cfbd-11e6-a944-acde48001122]
        Instantiating_Process[version: 2, id: Instantiating_Process:2:27fe383a-33c3-11e6-b73e-b827eb5fc0fd]
        Message_Start_Process[version: 2, id: Message_Start_Process:2:27fc6378-33c3-11e6-b73e-b827eb5fc0fd]
        Message_Start_Process[version: 9, id: Message_Start_Process:9:b01a9416-cf94-11e6-a944-acde48001122]
        Instantiating_Process[version: 3, id: Instantiating_Process:3:6a4cd411-33d1-11e6-b73e-b827eb5fc0fd]
        Message_Start_Process[version: 3, id: Message_Start_Process:3:6a4ab12f-33d1-11e6-b73e-b827eb5fc0fd]
        Instantiating_Process[version: 5, id: Instantiating_Process:5:9a783ab6-33d5-11e6-b73e-b827eb5fc0fd]
        Message_Start_Process[version: 5, id: Message_Start_Process:5:9a76db24-33d5-11e6-b73e-b827eb5fc0fd]
        Message_Start_Process[version: 7, id: Message_Start_Process:7:abfe133b-cf5a-11e6-a187-acde48001122]
        Message_Start_Process[version: 12, id: Message_Start_Process:12:5f982e82-d126-11e6-838d-acde48001122]
        Instantiating_Process[version: 1, id: Instantiating_Process:1:60265917-33bd-11e6-b73e-b827eb5fc0fd]
        Message_Start_Process[version: 1, id: Message_Start_Process:1:60240f25-33bd-11e6-b73e-b827eb5fc0fd]
Deployment does not provide any case definitions.
14-Jan-2017 15:40:11.495 INFO [localhost-startStop-2] org.camunda.commons.logging.BaseLogger.logInfo SPIN-01010 Discovered Spin data format provider: org.camunda.spin.impl.json.jackson.format.JacksonJsonDataFormatProvider[name = application/json]
14-Jan-2017 15:40:11.496 INFO [localhost-startStop-2] org.camunda.commons.logging.BaseLogger.logInfo SPIN-01010 Discovered Spin data format provider: org.camunda.spin.impl.xml.dom.format.DomXmlDataFormatProvider[name = application/xml]
14-Jan-2017 15:40:11.497 INFO [localhost-startStop-2] org.camunda.commons.logging.BaseLogger.logInfo SPIN-01009 Discovered Spin data format: org.camunda.spin.impl.xml.dom.format.DomXmlDataFormat[name = application/xml]
14-Jan-2017 15:40:11.497 INFO [localhost-startStop-2] org.camunda.commons.logging.BaseLogger.logInfo SPIN-01009 Discovered Spin data format: org.camunda.spin.impl.json.jackson.format.JacksonJsonDataFormat[name = application/json]
14-Jan-2017 15:40:11.498 INFO [localhost-startStop-2] org.camunda.commons.logging.BaseLogger.logInfo ENGINE-08050 Process application UT Mist Camunda App successfully deployed
14-Jan-2017 15:40:11.499 INFO [localhost-startStop-2] org.apache.catalina.startup.HostConfig.deployWAR Deployment of web application archive /Users/agabaisaac/iot/mist-framework/mist-camunda-tomcat/server/apache-tomcat-8.0.24/webapps/mistBpmn.war has finished in 965 ms
14-Jan-2017 15:40:56.682 INFO [http-nio-8080-exec-3] null.null 2017-01-14 15:40:56.682 Here  in the  final task  to remove and kill containers started
14-Jan-2017 15:40:58.705 INFO [http-nio-8080-exec-3] null.null Here is Acess to open Hab '123'...
14-Jan-2017 15:40:58.710 INFO [http-nio-8080-exec-3] ee.ut.mobilelab.mistbpmn.StartMistContainers.execute 2017-01-14 15:40:56.682 Camunda made Mist-docker Intialization 

14-Jan-2017 15:41:09.662 INFO [http-nio-8080-exec-3] null.null 2017-01-14 15:40:56.682 Mist-docker  started 

14-Jan-2017 15:41:09.662 INFO [http-nio-8080-exec-3] ee.ut.mobilelab.mistbpmn.StartMistContainers.execute 2017-01-14 15:40:56.682  Request made to Mist-docker from Camunda 

14-Jan-2017 15:41:15.206 INFO [http-nio-8080-exec-3] null.null 2017-01-14 15:40:56.682 Camunda received results from Mist-docker 

14-Jan-2017 15:41:15.206 INFO [http-nio-8080-exec-3] ee.ut.mobilelab.mistbpmn.StartMistContainers.execute {"precipitations":0,"airpressure":997.6,"windspeedmax":3,"relativehumidity":88,"visibility":20,"airtemperature":0.6,"wmocode":26038,"name":"Tallinn-Harku","windspeed":0.9,"phenomenon":"Overcast","winddirection":180}

14-Jan-2017 15:41:15.218 INFO [http-nio-8080-exec-3] null.null 2017-01-14 15:41:15.218 Here in Desired Task.
14-Jan-2017 15:41:15.219 INFO [http-nio-8080-exec-3] ee.ut.mobilelab.mistbpmn.DesiredTask.execute 2017-01-14 15:41:15.218 Here is deviceId '123'...
14-Jan-2017 15:41:15.219 INFO [http-nio-8080-exec-3] null.null 2017-01-14 15:41:15.218 Here is the response  that was returned from previous task '{"precipitations":0,"airpressure":997.6,"windspeedmax":3,"relativehumidity":88,"visibility":20,"airtemperature":0.6,"wmocode":26038,"name":"Tallinn-Harku","windspeed":0.9,"phenomenon":"Overcast","winddirection":180}

14-Jan-2017 15:41:15.219 INFO [http-nio-8080-exec-3] ee.ut.mobilelab.mistbpmn.DesiredTask.execute 2017-01-14 15:41:15.218 Here  Desired Task ended 
14-Jan-2017 15:41:15.221 INFO [http-nio-8080-exec-3] null.null 2017-01-14 15:41:15.221 Here  in the  final task  to remove and kill containers started
14-Jan-2017 15:41:17.232 INFO [http-nio-8080-exec-3] null.null 2017-01-14 15:41:15.221 Result from stopping container started e54e6717168a 

14-Jan-2017 15:41:21.249 INFO [http-nio-8080-exec-3] null.null 2017-01-14 15:41:15.221 Result from stopping containers finishede54e6717168a 

14-Jan-2017 21:46:31.732 INFO [ContainerBackgroundProcessor[StandardEngine[Catalina]]] org.apache.catalina.startup.HostConfig.undeploy Undeploying context [/mistBpmn]
14-Jan-2017 21:46:32.020 INFO [ContainerBackgroundProcessor[StandardEngine[Catalina]]] org.camunda.commons.logging.BaseLogger.logInfo ENGINE-08051 Process application UT Mist Camunda App undeployed
14-Jan-2017 21:46:32.039 INFO [localhost-startStop-3] org.apache.catalina.startup.HostConfig.deployWAR Deploying web application archive /Users/agabaisaac/iot/mist-framework/mist-camunda-tomcat/server/apache-tomcat-8.0.24/webapps/mistBpmn.war
14-Jan-2017 21:46:33.105 INFO [localhost-startStop-3] org.camunda.commons.logging.BaseLogger.logInfo ENGINE-07015 Detected @ProcessApplication class 'ee.ut.mobilelab.mistbpmn.InstantiateProcessByMessageDelegate'
14-Jan-2017 21:46:33.120 INFO [localhost-startStop-3] org.camunda.commons.logging.BaseLogger.logInfo ENGINE-08024 Found processes.xml file at file:/Users/agabaisaac/iot/mist-framework/mist-camunda-tomcat/server/apache-tomcat-8.0.24/webapps/mistBpmn/WEB-INF/classes/META-INF/processes.xml
14-Jan-2017 21:46:33.124 INFO [localhost-startStop-3] org.camunda.commons.logging.BaseLogger.logInfo ENGINE-08023 Deployment summary for process archive 'ut-mist-camunda': 

        message_start_process.bpmn

14-Jan-2017 21:46:33.161 INFO [localhost-startStop-3] org.camunda.commons.logging.BaseLogger.logInfo ENGINE-07021 ProcessApplication 'UT Mist Camunda App' registered for DB deployments [e1f18845-33d2-11e6-b73e-b827eb5fc0fd, bcd6b3a0-cf71-11e6-a944-acde48001122, d0623bc3-33d8-11e6-a1b0-b827eb5fc0fd, 9deea0f4-d127-11e6-838d-acde48001122, d038d192-cfba-11e6-a944-acde48001122, 5f4f4dbf-cfbd-11e6-a944-acde48001122, 27c43c73-33c3-11e6-b73e-b827eb5fc0fd, b017fc03-cf94-11e6-a944-acde48001122, 6a1214fa-33d1-11e6-b73e-b827eb5fc0fd, 9a58f2df-33d5-11e6-b73e-b827eb5fc0fd, abfa69b9-cf5a-11e6-a187-acde48001122, 5f960ba0-d126-11e6-838d-acde48001122, 5ffc14c0-33bd-11e6-b73e-b827eb5fc0fd]. Will execute process definitions 

        Instantiating_Process[version: 4, id: Instantiating_Process:4:e20bee1c-33d2-11e6-b73e-b827eb5fc0fd]
        Message_Start_Process[version: 4, id: Message_Start_Process:4:e20a195a-33d2-11e6-b73e-b827eb5fc0fd]
        Message_Start_Process[version: 8, id: Message_Start_Process:8:bcd8d682-cf71-11e6-a944-acde48001122]
        Instantiating_Process[version: 6, id: Instantiating_Process:6:d07cc8aa-33d8-11e6-a1b0-b827eb5fc0fd]
        Message_Start_Process[version: 6, id: Message_Start_Process:6:d07a7eb8-33d8-11e6-a1b0-b827eb5fc0fd]
        Message_Start_Process[version: 13, id: Message_Start_Process:13:9df09cc6-d127-11e6-838d-acde48001122]
        Message_Start_Process[version: 10, id: Message_Start_Process:10:d03af474-cfba-11e6-a944-acde48001122]
        Message_Start_Process[version: 11, id: Message_Start_Process:11:5f50fb71-cfbd-11e6-a944-acde48001122]
        Instantiating_Process[version: 2, id: Instantiating_Process:2:27fe383a-33c3-11e6-b73e-b827eb5fc0fd]
        Message_Start_Process[version: 2, id: Message_Start_Process:2:27fc6378-33c3-11e6-b73e-b827eb5fc0fd]
        Message_Start_Process[version: 9, id: Message_Start_Process:9:b01a9416-cf94-11e6-a944-acde48001122]
        Instantiating_Process[version: 3, id: Instantiating_Process:3:6a4cd411-33d1-11e6-b73e-b827eb5fc0fd]
        Message_Start_Process[version: 3, id: Message_Start_Process:3:6a4ab12f-33d1-11e6-b73e-b827eb5fc0fd]
        Instantiating_Process[version: 5, id: Instantiating_Process:5:9a783ab6-33d5-11e6-b73e-b827eb5fc0fd]
        Message_Start_Process[version: 5, id: Message_Start_Process:5:9a76db24-33d5-11e6-b73e-b827eb5fc0fd]
        Message_Start_Process[version: 7, id: Message_Start_Process:7:abfe133b-cf5a-11e6-a187-acde48001122]
        Message_Start_Process[version: 12, id: Message_Start_Process:12:5f982e82-d126-11e6-838d-acde48001122]
        Instantiating_Process[version: 1, id: Instantiating_Process:1:60265917-33bd-11e6-b73e-b827eb5fc0fd]
        Message_Start_Process[version: 1, id: Message_Start_Process:1:60240f25-33bd-11e6-b73e-b827eb5fc0fd]
Deployment does not provide any case definitions.
14-Jan-2017 21:46:33.164 INFO [localhost-startStop-3] org.camunda.commons.logging.BaseLogger.logInfo SPIN-01010 Discovered Spin data format provider: org.camunda.spin.impl.json.jackson.format.JacksonJsonDataFormatProvider[name = application/json]
14-Jan-2017 21:46:33.166 INFO [localhost-startStop-3] org.camunda.commons.logging.BaseLogger.logInfo SPIN-01010 Discovered Spin data format provider: org.camunda.spin.impl.xml.dom.format.DomXmlDataFormatProvider[name = application/xml]
14-Jan-2017 21:46:33.168 INFO [localhost-startStop-3] org.camunda.commons.logging.BaseLogger.logInfo SPIN-01009 Discovered Spin data format: org.camunda.spin.impl.xml.dom.format.DomXmlDataFormat[name = application/xml]
14-Jan-2017 21:46:33.169 INFO [localhost-startStop-3] org.camunda.commons.logging.BaseLogger.logInfo SPIN-01009 Discovered Spin data format: org.camunda.spin.impl.json.jackson.format.JacksonJsonDataFormat[name = application/json]
14-Jan-2017 21:46:33.169 INFO [localhost-startStop-3] org.camunda.commons.logging.BaseLogger.logInfo ENGINE-08050 Process application UT Mist Camunda App successfully deployed
14-Jan-2017 21:46:33.172 INFO [localhost-startStop-3] org.apache.catalina.startup.HostConfig.deployWAR Deployment of web application archive /Users/agabaisaac/iot/mist-framework/mist-camunda-tomcat/server/apache-tomcat-8.0.24/webapps/mistBpmn.war has finished in 1,133 ms
14-Jan-2017 21:46:48.084 INFO [http-nio-8080-exec-10] null.null 2017-01-14 21:46:48.083 Here  in the  final task  to remove and kill containers started
14-Jan-2017 21:46:50.096 INFO [http-nio-8080-exec-10] null.null Here is Acess to open Hab '123'...
14-Jan-2017 21:46:50.101 INFO [http-nio-8080-exec-10] ee.ut.mobilelab.mistbpmn.StartMistContainers.execute 2017-01-14 21:46:48.083 Camunda made Mist-docker Intialization 

14-Jan-2017 21:46:59.251 INFO [http-nio-8080-exec-10] null.null 2017-01-14 21:46:48.083 Mist-docker  started 

14-Jan-2017 21:46:59.252 INFO [http-nio-8080-exec-10] null.null 2017-01-14 21:46:48.083  Request made to Mist-docker from Camunda 

14-Jan-2017 21:47:04.731 INFO [http-nio-8080-exec-10] null.null 2017-01-14 21:46:48.083 Camunda received results from Mist-docker 

14-Jan-2017 21:47:04.731 INFO [http-nio-8080-exec-10] null.null {"precipitations":0,"airpressure":1000.3,"windspeedmax":2.8,"relativehumidity":85,"visibility":20,"airtemperature":-0.1,"wmocode":26038,"name":"Tallinn-Harku","windspeed":1.4,"phenomenon":"Cloudy with clear spells","winddirection":254}

14-Jan-2017 21:47:04.733 INFO [http-nio-8080-exec-10] null.null 2017-01-14 21:47:04.733 Here in Desired Task.
14-Jan-2017 21:47:04.733 INFO [http-nio-8080-exec-10] null.null 2017-01-14 21:47:04.733 Here is deviceId '123'...
14-Jan-2017 21:47:04.733 INFO [http-nio-8080-exec-10] null.null 2017-01-14 21:47:04.733 Here is the response  that was returned from previous task '{"precipitations":0,"airpressure":1000.3,"windspeedmax":2.8,"relativehumidity":85,"visibility":20,"airtemperature":-0.1,"wmocode":26038,"name":"Tallinn-Harku","windspeed":1.4,"phenomenon":"Cloudy with clear spells","winddirection":254}

14-Jan-2017 21:47:04.734 INFO [http-nio-8080-exec-10] ee.ut.mobilelab.mistbpmn.DesiredTask.execute 2017-01-14 21:47:04.733 Here  Desired Task ended 
14-Jan-2017 21:47:04.735 INFO [http-nio-8080-exec-10] null.null 2017-01-14 21:47:04.735 Here  in the  final task  to remove and kill containers started
14-Jan-2017 21:47:06.742 INFO [http-nio-8080-exec-10] null.null 2017-01-14 21:47:04.735 Result from stopping container started 63bf8d24ffea 

14-Jan-2017 21:47:10.756 INFO [http-nio-8080-exec-10] ee.ut.mobilelab.mistbpmn.FinalTask.execute 2017-01-14 21:47:04.735 Result from stopping containers finished63bf8d24ffea 

