03-Jan-2017 00:04:22.266 INFO [http-nio-8080-exec-86] org.camunda.commons.logging.BaseLogger.logInfo ENGINE-08051 Process application UT Mist Camunda App undeployed
03-Jan-2017 00:04:22.774 INFO [http-nio-8080-exec-86] org.apache.catalina.startup.HostConfig.undeploy Undeploying context [/mist-2.1]
03-Jan-2017 00:26:01.401 INFO [http-nio-8080-exec-103] org.apache.catalina.startup.HostConfig.deployWAR Deploying web application archive /Users/agabaisaac/iot/camunda-rasberry/server/apache-tomcat-8.0.24/webapps/mistBpmn.war
03-Jan-2017 00:26:02.391 INFO [http-nio-8080-exec-103] org.camunda.commons.logging.BaseLogger.logInfo ENGINE-07015 Detected @ProcessApplication class 'ee.ut.mobilelab.mistbpmn.InstantiateProcessByMessageDelegate'
03-Jan-2017 00:26:02.403 INFO [http-nio-8080-exec-103] org.camunda.commons.logging.BaseLogger.logInfo ENGINE-08024 Found processes.xml file at file:/Users/agabaisaac/iot/camunda-rasberry/server/apache-tomcat-8.0.24/webapps/mistBpmn/WEB-INF/classes/META-INF/processes.xml
03-Jan-2017 00:26:02.406 INFO [http-nio-8080-exec-103] org.camunda.commons.logging.BaseLogger.logInfo ENGINE-08023 Deployment summary for process archive 'ut-mist-camunda': 

        message_start_process.bpmn

03-Jan-2017 00:26:02.418 INFO [http-nio-8080-exec-103] org.camunda.commons.logging.BaseLogger.logInfo ENGINE-07021 ProcessApplication 'UT Mist Camunda App' registered for DB deployments [e1f18845-33d2-11e6-b73e-b827eb5fc0fd, bcd6b3a0-cf71-11e6-a944-acde48001122, d0623bc3-33d8-11e6-a1b0-b827eb5fc0fd, 9deea0f4-d127-11e6-838d-acde48001122, d038d192-cfba-11e6-a944-acde48001122, 5f4f4dbf-cfbd-11e6-a944-acde48001122, 27c43c73-33c3-11e6-b73e-b827eb5fc0fd, b017fc03-cf94-11e6-a944-acde48001122, 6a1214fa-33d1-11e6-b73e-b827eb5fc0fd, 9a58f2df-33d5-11e6-b73e-b827eb5fc0fd, abfa69b9-cf5a-11e6-a187-acde48001122, 5f960ba0-d126-11e6-838d-acde48001122, 5ffc14c0-33bd-11e6-b73e-b827eb5fc0fd]. Will execute process definitions 

        Instantiating_Process[version: 4, id: Instantiating_Process:4:e20bee1c-33d2-11e6-b73e-b827eb5fc0fd]
        Message_Start_Process[version: 4, id: Message_Start_Process:4:e20a195a-33d2-11e6-b73e-b827eb5fc0fd]
        Message_Start_Process[version: 8, id: Message_Start_Process:8:bcd8d682-cf71-11e6-a944-acde48001122]
        Instantiating_Process[version: 6, id: Instantiating_Process:6:d07cc8aa-33d8-11e6-a1b0-b827eb5fc0fd]
        Message_Start_Process[version: 6, id: Message_Start_Process:6:d07a7eb8-33d8-11e6-a1b0-b827eb5fc0fd]
        Message_Start_Process[version: 13, id: Message_Start_Process:13:9df09cc6-d127-11e6-838d-acde48001122]
        Message_Start_Process[version: 10, id: Message_Start_Process:10:d03af474-cfba-11e6-a944-acde48001122]
        Message_Start_Process[version: 11, id: Message_Start_Process:11:5f50fb71-cfbd-11e6-a944-acde48001122]
        Instantiating_Process[version: 2, id: Instantiating_Process:2:27fe383a-33c3-11e6-b73e-b827eb5fc0fd]
        Message_Start_Process[version: 2, id: Message_Start_Process:2:27fc6378-33c3-11e6-b73e-b827eb5fc0fd]
        Message_Start_Process[version: 9, id: Message_Start_Process:9:b01a9416-cf94-11e6-a944-acde48001122]
        Instantiating_Process[version: 3, id: Instantiating_Process:3:6a4cd411-33d1-11e6-b73e-b827eb5fc0fd]
        Message_Start_Process[version: 3, id: Message_Start_Process:3:6a4ab12f-33d1-11e6-b73e-b827eb5fc0fd]
        Instantiating_Process[version: 5, id: Instantiating_Process:5:9a783ab6-33d5-11e6-b73e-b827eb5fc0fd]
        Message_Start_Process[version: 5, id: Message_Start_Process:5:9a76db24-33d5-11e6-b73e-b827eb5fc0fd]
        Message_Start_Process[version: 7, id: Message_Start_Process:7:abfe133b-cf5a-11e6-a187-acde48001122]
        Message_Start_Process[version: 12, id: Message_Start_Process:12:5f982e82-d126-11e6-838d-acde48001122]
        Instantiating_Process[version: 1, id: Instantiating_Process:1:60265917-33bd-11e6-b73e-b827eb5fc0fd]
        Message_Start_Process[version: 1, id: Message_Start_Process:1:60240f25-33bd-11e6-b73e-b827eb5fc0fd]
Deployment does not provide any case definitions.
03-Jan-2017 00:26:02.419 INFO [http-nio-8080-exec-103] org.camunda.commons.logging.BaseLogger.logInfo SPIN-01010 Discovered Spin data format provider: org.camunda.spin.impl.json.jackson.format.JacksonJsonDataFormatProvider[name = application/json]
03-Jan-2017 00:26:02.420 INFO [http-nio-8080-exec-103] org.camunda.commons.logging.BaseLogger.logInfo SPIN-01010 Discovered Spin data format provider: org.camunda.spin.impl.xml.dom.format.DomXmlDataFormatProvider[name = application/xml]
03-Jan-2017 00:26:02.421 INFO [http-nio-8080-exec-103] org.camunda.commons.logging.BaseLogger.logInfo SPIN-01009 Discovered Spin data format: org.camunda.spin.impl.xml.dom.format.DomXmlDataFormat[name = application/xml]
03-Jan-2017 00:26:02.421 INFO [http-nio-8080-exec-103] org.camunda.commons.logging.BaseLogger.logInfo SPIN-01009 Discovered Spin data format: org.camunda.spin.impl.json.jackson.format.JacksonJsonDataFormat[name = application/json]
03-Jan-2017 00:26:02.422 INFO [http-nio-8080-exec-103] org.camunda.commons.logging.BaseLogger.logInfo ENGINE-08050 Process application UT Mist Camunda App successfully deployed
03-Jan-2017 00:26:02.423 INFO [http-nio-8080-exec-103] org.apache.catalina.startup.HostConfig.deployWAR Deployment of web application archive /Users/agabaisaac/iot/camunda-rasberry/server/apache-tomcat-8.0.24/webapps/mistBpmn.war has finished in 1,022 ms
03-Jan-2017 00:26:27.054 INFO [http-nio-8080-exec-98] null.null Here is Acess to open Hab '127'...
03-Jan-2017 00:26:27.064 INFO [http-nio-8080-exec-98] null.null 2017-01-03 00:26:27.053 Camunda made Mist-docker Intialization 

03-Jan-2017 00:26:36.807 INFO [http-nio-8080-exec-98] null.null 2017-01-03 00:26:27.053 Mist-docker  started 

03-Jan-2017 00:26:36.807 INFO [http-nio-8080-exec-98] null.null 2017-01-03 00:26:27.053  Request made to Mist-docker from Camunda 

03-Jan-2017 00:26:42.294 INFO [http-nio-8080-exec-98] null.null 2017-01-03 00:26:27.053 Camunda received results from Mist-docker 

03-Jan-2017 00:26:42.294 INFO [http-nio-8080-exec-98] ee.ut.mobilelab.mistbpmn.StartMistContainers.execute {"precipitations":0,"airpressure":1001.2,"windspeedmax":2.9,"relativehumidity":96,"visibility":0.9,"airtemperature":-3,"wmocode":26038,"name":"Tallinn-Harku","windspeed":1.8,"phenomenon":"Moderate snowfall","winddirection":168}

03-Jan-2017 00:26:42.299 INFO [http-nio-8080-exec-98] null.null 2017-01-03 00:26:42.298 Here is result 'false

03-Jan-2017 00:26:42.299 INFO [http-nio-8080-exec-98] ee.ut.mobilelab.mistbpmn.UnDesiredTask.execute 2017-01-03 00:26:42.298 Here  in the  un desired task 
03-Jan-2017 00:26:42.301 INFO [http-nio-8080-exec-98] null.null 2017-01-03 00:26:42.3 Here  in the  final task  to remove and kill containers started
03-Jan-2017 00:26:44.329 INFO [http-nio-8080-exec-98] null.null 2017-01-03 00:26:42.3 Result from stopping container started ce75f336e3e5 

03-Jan-2017 00:26:48.349 INFO [http-nio-8080-exec-98] null.null 2017-01-03 00:26:42.3 Result from stopping containers finishedce75f336e3e5 

03-Jan-2017 00:38:08.929 INFO [http-nio-8080-exec-96] null.null Here is Acess to open Hab '123'...
03-Jan-2017 00:38:08.939 INFO [http-nio-8080-exec-96] null.null 2017-01-03 00:38:08.929 Camunda made Mist-docker Intialization 

03-Jan-2017 00:38:18.429 INFO [http-nio-8080-exec-96] null.null 2017-01-03 00:38:08.929 Mist-docker  started 

03-Jan-2017 00:38:18.429 INFO [http-nio-8080-exec-96] null.null 2017-01-03 00:38:08.929  Request made to Mist-docker from Camunda 

03-Jan-2017 00:38:23.944 INFO [http-nio-8080-exec-96] null.null 2017-01-03 00:38:08.929 Camunda received results from Mist-docker 

03-Jan-2017 00:38:23.944 INFO [http-nio-8080-exec-96] null.null {"precipitations":0,"airpressure":1001.3,"windspeedmax":2.9,"relativehumidity":96,"visibility":1.4,"airtemperature":-3,"wmocode":26038,"name":"Tallinn-Harku","windspeed":1.7,"phenomenon":"Moderate snowfall","winddirection":163}

03-Jan-2017 00:38:23.949 INFO [http-nio-8080-exec-96] null.null 2017-01-03 00:38:23.949 Here in Desired Task.
03-Jan-2017 00:38:23.949 INFO [http-nio-8080-exec-96] null.null 2017-01-03 00:38:23.949 Here is deviceId '123'...
03-Jan-2017 00:38:23.949 INFO [http-nio-8080-exec-96] ee.ut.mobilelab.mistbpmn.DesiredTask.execute 2017-01-03 00:38:23.949 Here is the response  that was returned from previous task '{"precipitations":0,"airpressure":1001.3,"windspeedmax":2.9,"relativehumidity":96,"visibility":1.4,"airtemperature":-3,"wmocode":26038,"name":"Tallinn-Harku","windspeed":1.7,"phenomenon":"Moderate snowfall","winddirection":163}

03-Jan-2017 00:38:23.949 INFO [http-nio-8080-exec-96] ee.ut.mobilelab.mistbpmn.DesiredTask.execute 2017-01-03 00:38:23.949 Here  Desired Task ended 
03-Jan-2017 00:38:23.950 INFO [http-nio-8080-exec-96] null.null 2017-01-03 00:38:23.95 Here  in the  final task  to remove and kill containers started
03-Jan-2017 00:38:25.964 INFO [http-nio-8080-exec-96] null.null 2017-01-03 00:38:23.95 Result from stopping container started 2faf6511893d 

03-Jan-2017 00:38:29.990 INFO [http-nio-8080-exec-96] null.null 2017-01-03 00:38:23.95 Result from stopping containers finished2faf6511893d 

