09-Jan-2017 00:04:10.993 INFO [http-nio-8080-exec-10] org.apache.catalina.core.ApplicationContext.log HTMLManager: init: Associated with Deployer 'Catalina:type=Deployer,host=localhost'
09-Jan-2017 00:04:10.993 INFO [http-nio-8080-exec-10] org.apache.catalina.core.ApplicationContext.log HTMLManager: init: Global resources are available
09-Jan-2017 00:04:11.003 INFO [http-nio-8080-exec-10] org.apache.catalina.core.ApplicationContext.log HTMLManager: list: Listing contexts for virtual host 'localhost'
09-Jan-2017 00:06:01.189 INFO [http-nio-8080-exec-8] org.apache.catalina.core.ApplicationContext.log Manager: init: Associated with Deployer 'Catalina:type=Deployer,host=localhost'
09-Jan-2017 00:06:01.189 INFO [http-nio-8080-exec-8] org.apache.catalina.core.ApplicationContext.log Manager: init: Global resources are available
09-Jan-2017 00:06:01.189 INFO [http-nio-8080-exec-8] org.apache.catalina.core.ApplicationContext.log Manager: deploy: Deploying web application '/mistBpmn'
09-Jan-2017 00:06:01.189 INFO [http-nio-8080-exec-8] org.apache.catalina.core.ApplicationContext.log Manager: Uploading WAR file to /Users/agabaisaac/iot/mist-framework/camunda-tomcat/server/apache-tomcat-8.0.24/webapps/mistBpmn.war.tmp
09-Jan-2017 00:06:08.411 INFO [http-nio-8080-exec-1] org.apache.catalina.core.ApplicationContext.log Manager: deploy: Deploying web application '/mistBpmn'
09-Jan-2017 00:06:08.411 INFO [http-nio-8080-exec-1] org.apache.catalina.core.ApplicationContext.log Manager: Uploading WAR file to /Users/agabaisaac/iot/mist-framework/camunda-tomcat/server/apache-tomcat-8.0.24/webapps/mistBpmn.war.tmp
09-Jan-2017 00:06:12.514 INFO [http-nio-8080-exec-9] org.apache.catalina.core.ApplicationContext.log Manager: deploy: Deploying web application '/mistBpmn'
09-Jan-2017 00:06:12.514 INFO [http-nio-8080-exec-9] org.apache.catalina.core.ApplicationContext.log Manager: Uploading WAR file to /Users/agabaisaac/iot/mist-framework/camunda-tomcat/server/apache-tomcat-8.0.24/webapps/mistBpmn.war.tmp
09-Jan-2017 00:07:30.972 INFO [http-nio-8080-exec-8] org.apache.catalina.core.ApplicationContext.log Manager: undeploy: Undeploying web application at '/mistBpmn'
09-Jan-2017 00:07:35.911 INFO [http-nio-8080-exec-9] org.apache.catalina.core.ApplicationContext.log HTMLManager: list: Listing contexts for virtual host 'localhost'
09-Jan-2017 00:07:58.345 INFO [http-nio-8080-exec-1] org.apache.catalina.core.ApplicationContext.log Manager: undeploy: Undeploying web application at '/mistBpmn'
09-Jan-2017 00:10:56.556 INFO [http-nio-8080-exec-15] org.apache.catalina.core.ApplicationContext.log Manager: deploy: Deploying web application '/mistBpmn'
09-Jan-2017 00:10:56.556 INFO [http-nio-8080-exec-15] org.apache.catalina.core.ApplicationContext.log Manager: Uploading WAR file to /Users/agabaisaac/iot/mist-framework/camunda-tomcat/server/apache-tomcat-8.0.24/webapps/mistBpmn.war.tmp
09-Jan-2017 00:11:05.345 INFO [http-nio-8080-exec-16] org.apache.catalina.core.ApplicationContext.log HTMLManager: list: Listing contexts for virtual host 'localhost'
09-Jan-2017 00:26:47.342 INFO [http-nio-8080-exec-19] org.apache.catalina.core.ApplicationContext.log Manager: deploy: Deploying web application '/mistBpmn'
09-Jan-2017 00:26:47.343 INFO [http-nio-8080-exec-19] org.apache.catalina.core.ApplicationContext.log Manager: Uploading WAR file to /Users/agabaisaac/iot/mist-framework/camunda-tomcat/server/apache-tomcat-8.0.24/webapps/mistBpmn.war.tmp
09-Jan-2017 00:32:53.236 INFO [http-nio-8080-exec-26] org.apache.catalina.core.ApplicationContext.log Manager: deploy: Deploying web application '/mistBpmn'
09-Jan-2017 00:32:53.237 INFO [http-nio-8080-exec-26] org.apache.catalina.core.ApplicationContext.log Manager: Uploading WAR file to /Users/agabaisaac/iot/mist-framework/camunda-tomcat/server/apache-tomcat-8.0.24/webapps/mistBpmn.war.tmp
09-Jan-2017 00:36:17.258 INFO [http-nio-8080-exec-32] org.apache.catalina.core.ApplicationContext.log Manager: deploy: Deploying web application '/mistBpmn'
09-Jan-2017 00:36:17.258 INFO [http-nio-8080-exec-32] org.apache.catalina.core.ApplicationContext.log Manager: Uploading WAR file to /Users/agabaisaac/iot/mist-framework/camunda-tomcat/server/apache-tomcat-8.0.24/webapps/mistBpmn.war.tmp
09-Jan-2017 00:49:06.511 INFO [http-nio-8080-exec-35] org.apache.catalina.core.ApplicationContext.log Manager: deploy: Deploying web application '/mistBpmn'
09-Jan-2017 00:49:06.511 INFO [http-nio-8080-exec-35] org.apache.catalina.core.ApplicationContext.log Manager: Uploading WAR file to /Users/agabaisaac/iot/mist-framework/camunda-tomcat/server/apache-tomcat-8.0.24/webapps/mistBpmn.war.tmp
09-Jan-2017 00:56:01.513 INFO [http-nio-8080-exec-45] org.apache.catalina.core.ApplicationContext.log Manager: deploy: Deploying web application '/mistBpmn'
09-Jan-2017 00:56:01.513 INFO [http-nio-8080-exec-45] org.apache.catalina.core.ApplicationContext.log Manager: Uploading WAR file to /Users/agabaisaac/iot/mist-framework/camunda-tomcat/server/apache-tomcat-8.0.24/webapps/mistBpmn.war.tmp
09-Jan-2017 00:56:03.005 INFO [http-nio-8080-exec-47] org.apache.catalina.core.ApplicationContext.log Manager: deploy: Deploying web application '/mistBpmn'
09-Jan-2017 00:56:03.005 INFO [http-nio-8080-exec-47] org.apache.catalina.core.ApplicationContext.log Manager: Uploading WAR file to /Users/agabaisaac/iot/mist-framework/camunda-tomcat/server/apache-tomcat-8.0.24/webapps/mistBpmn.war.tmp
09-Jan-2017 01:08:26.906 INFO [http-nio-8080-exec-53] org.apache.catalina.core.ApplicationContext.log Manager: deploy: Deploying web application '/mistBpmn'
09-Jan-2017 01:08:26.906 INFO [http-nio-8080-exec-53] org.apache.catalina.core.ApplicationContext.log Manager: Uploading WAR file to /Users/agabaisaac/iot/mist-framework/camunda-tomcat/server/apache-tomcat-8.0.24/webapps/mistBpmn.war.tmp
09-Jan-2017 01:08:29.058 INFO [http-nio-8080-exec-55] org.apache.catalina.core.ApplicationContext.log Manager: deploy: Deploying web application '/mistBpmn'
09-Jan-2017 01:08:29.058 INFO [http-nio-8080-exec-55] org.apache.catalina.core.ApplicationContext.log Manager: Uploading WAR file to /Users/agabaisaac/iot/mist-framework/camunda-tomcat/server/apache-tomcat-8.0.24/webapps/mistBpmn.war.tmp
09-Jan-2017 01:29:27.955 INFO [http-nio-8080-exec-63] org.apache.catalina.core.ApplicationContext.log Manager: deploy: Deploying web application '/mistBpmn'
09-Jan-2017 01:29:27.955 INFO [http-nio-8080-exec-63] org.apache.catalina.core.ApplicationContext.log Manager: Uploading WAR file to /Users/agabaisaac/iot/mist-framework/camunda-tomcat/server/apache-tomcat-8.0.24/webapps/mistBpmn.war.tmp
09-Jan-2017 01:31:20.972 INFO [http-nio-8080-exec-71] org.apache.catalina.core.ApplicationContext.log Manager: undeploy: Undeploying web application at '/mistBpmn'
09-Jan-2017 01:34:13.794 INFO [http-nio-8080-exec-75] org.apache.catalina.core.ApplicationContext.log Manager: deploy: Deploying web application '/mistBpmn'
09-Jan-2017 01:34:13.794 INFO [http-nio-8080-exec-75] org.apache.catalina.core.ApplicationContext.log Manager: Uploading WAR file to /Users/agabaisaac/iot/mist-framework/camunda-tomcat/server/apache-tomcat-8.0.24/webapps/mistBpmn.war.tmp
09-Jan-2017 01:46:28.642 INFO [http-nio-8080-exec-75] org.apache.catalina.core.ApplicationContext.log Manager: deploy: Deploying web application '/mistBpmn'
09-Jan-2017 01:46:28.642 INFO [http-nio-8080-exec-75] org.apache.catalina.core.ApplicationContext.log Manager: Uploading WAR file to /Users/agabaisaac/iot/mist-framework/camunda-tomcat/server/apache-tomcat-8.0.24/webapps/mistBpmn.war.tmp
09-Jan-2017 01:47:26.619 INFO [http-nio-8080-exec-82] org.apache.catalina.core.ApplicationContext.log Manager: deploy: Deploying web application '/mistBpmn'
09-Jan-2017 01:47:26.619 INFO [http-nio-8080-exec-82] org.apache.catalina.core.ApplicationContext.log Manager: Uploading WAR file to /Users/agabaisaac/iot/mist-framework/camunda-tomcat/server/apache-tomcat-8.0.24/webapps/mistBpmn.war.tmp
09-Jan-2017 01:49:16.002 INFO [http-nio-8080-exec-86] org.apache.catalina.core.ApplicationContext.log Manager: deploy: Deploying web application '/mistBpmn'
09-Jan-2017 01:49:16.002 INFO [http-nio-8080-exec-86] org.apache.catalina.core.ApplicationContext.log Manager: Uploading WAR file to /Users/agabaisaac/iot/mist-framework/camunda-tomcat/server/apache-tomcat-8.0.24/webapps/mistBpmn.war.tmp
