02-Apr-2017 02:24:05.659 INFO [main] org.apache.catalina.startup.VersionLoggerListener.log Server version:        Apache Tomcat/8.0.24
02-Apr-2017 02:24:05.661 INFO [main] org.apache.catalina.startup.VersionLoggerListener.log Server built:          Jul 1 2015 20:19:55 UTC
02-Apr-2017 02:24:05.661 INFO [main] org.apache.catalina.startup.VersionLoggerListener.log Server number:         8.0.24.0
02-Apr-2017 02:24:05.661 INFO [main] org.apache.catalina.startup.VersionLoggerListener.log OS Name:               Mac OS X
02-Apr-2017 02:24:05.661 INFO [main] org.apache.catalina.startup.VersionLoggerListener.log OS Version:            10.12.3
02-Apr-2017 02:24:05.661 INFO [main] org.apache.catalina.startup.VersionLoggerListener.log Architecture:          x86_64
02-Apr-2017 02:24:05.661 INFO [main] org.apache.catalina.startup.VersionLoggerListener.log Java Home:             /Library/Java/JavaVirtualMachines/jdk1.8.0_111.jdk/Contents/Home/jre
02-Apr-2017 02:24:05.662 INFO [main] org.apache.catalina.startup.VersionLoggerListener.log JVM Version:           1.8.0_111-b14
02-Apr-2017 02:24:05.662 INFO [main] org.apache.catalina.startup.VersionLoggerListener.log JVM Vendor:            Oracle Corporation
02-Apr-2017 02:24:05.662 INFO [main] org.apache.catalina.startup.VersionLoggerListener.log CATALINA_BASE:         /Users/agabaisaac/iot/camunda-rasberry/server/apache-tomcat-8.0.24
02-Apr-2017 02:24:05.662 INFO [main] org.apache.catalina.startup.VersionLoggerListener.log CATALINA_HOME:         /Users/agabaisaac/iot/camunda-rasberry/server/apache-tomcat-8.0.24
02-Apr-2017 02:24:05.662 INFO [main] org.apache.catalina.startup.VersionLoggerListener.log Command line argument: -Djava.util.logging.config.file=./server/apache-tomcat-8.0.24/conf/logging.properties
02-Apr-2017 02:24:05.663 INFO [main] org.apache.catalina.startup.VersionLoggerListener.log Command line argument: -Djava.util.logging.manager=org.apache.juli.ClassLoaderLogManager
02-Apr-2017 02:24:05.663 INFO [main] org.apache.catalina.startup.VersionLoggerListener.log Command line argument: -Xmx512m
02-Apr-2017 02:24:05.663 INFO [main] org.apache.catalina.startup.VersionLoggerListener.log Command line argument: -XX:MaxPermSize=256m
02-Apr-2017 02:24:05.663 INFO [main] org.apache.catalina.startup.VersionLoggerListener.log Command line argument: -XX:PermSize=256m
02-Apr-2017 02:24:05.663 INFO [main] org.apache.catalina.startup.VersionLoggerListener.log Command line argument: -Djava.endorsed.dirs=./server/apache-tomcat-8.0.24/endorsed
02-Apr-2017 02:24:05.663 INFO [main] org.apache.catalina.startup.VersionLoggerListener.log Command line argument: -Dcatalina.base=./server/apache-tomcat-8.0.24
02-Apr-2017 02:24:05.663 INFO [main] org.apache.catalina.startup.VersionLoggerListener.log Command line argument: -Dcatalina.home=./server/apache-tomcat-8.0.24
02-Apr-2017 02:24:05.663 INFO [main] org.apache.catalina.startup.VersionLoggerListener.log Command line argument: -Djava.io.tmpdir=./server/apache-tomcat-8.0.24/temp
02-Apr-2017 02:24:05.663 INFO [main] org.apache.catalina.core.AprLifecycleListener.lifecycleEvent The APR based Apache Tomcat Native library which allows optimal performance in production environments was not found on the java.library.path: /Users/agabaisaac/Library/Java/Extensions:/Library/Java/Extensions:/Network/Library/Java/Extensions:/System/Library/Java/Extensions:/usr/lib/java:.
02-Apr-2017 02:24:05.861 INFO [main] org.apache.coyote.AbstractProtocol.init Initializing ProtocolHandler ["http-nio-8080"]
02-Apr-2017 02:24:05.901 INFO [main] org.apache.tomcat.util.net.NioSelectorPool.getSharedSelector Using a shared selector for servlet write/read
02-Apr-2017 02:24:05.904 INFO [main] org.apache.coyote.AbstractProtocol.init Initializing ProtocolHandler ["ajp-nio-8009"]
02-Apr-2017 02:24:05.905 INFO [main] org.apache.tomcat.util.net.NioSelectorPool.getSharedSelector Using a shared selector for servlet write/read
02-Apr-2017 02:24:05.906 INFO [main] org.apache.catalina.startup.Catalina.load Initialization processed in 782 ms
02-Apr-2017 02:24:05.932 WARNING [main] org.apache.tomcat.jdbc.pool.ConnectionPool.init maxIdle is larger than maxActive, setting maxIdle to: 20
02-Apr-2017 02:24:08.621 INFO [main] org.camunda.commons.logging.BaseLogger.logInfo ENGINE-08046 Found camunda bpm platform configuration in CATALINA_BASE/CATALINA_HOME conf directory [/Users/agabaisaac/iot/camunda-rasberry/server/apache-tomcat-8.0.24/conf/bpm-platform.xml] at 'file:/Users/agabaisaac/iot/camunda-rasberry/server/apache-tomcat-8.0.24/conf/bpm-platform.xml'
02-Apr-2017 02:24:08.855 INFO [main] org.camunda.commons.logging.BaseLogger.logInfo ENGINE-12003 Plugin 'ProcessApplicationEventListenerPlugin' activated on process engine 'default'
02-Apr-2017 02:24:08.863 INFO [main] org.camunda.commons.logging.BaseLogger.logInfo ENGINE-12003 Plugin 'SpinProcessEnginePlugin' activated on process engine 'default'
02-Apr-2017 02:24:08.868 INFO [main] org.camunda.commons.logging.BaseLogger.logInfo SPIN-01010 Discovered Spin data format provider: org.camunda.spin.impl.json.jackson.format.JacksonJsonDataFormatProvider[name = application/json]
02-Apr-2017 02:24:09.071 INFO [main] org.camunda.commons.logging.BaseLogger.logInfo SPIN-01010 Discovered Spin data format provider: org.camunda.spin.impl.xml.dom.format.DomXmlDataFormatProvider[name = application/xml]
02-Apr-2017 02:24:09.092 INFO [main] org.camunda.commons.logging.BaseLogger.logInfo SPIN-01009 Discovered Spin data format: org.camunda.spin.impl.xml.dom.format.DomXmlDataFormat[name = application/xml]
02-Apr-2017 02:24:09.092 INFO [main] org.camunda.commons.logging.BaseLogger.logInfo SPIN-01009 Discovered Spin data format: org.camunda.spin.impl.json.jackson.format.JacksonJsonDataFormat[name = application/json]
02-Apr-2017 02:24:09.092 INFO [main] org.camunda.commons.logging.BaseLogger.logInfo ENGINE-12003 Plugin 'ConnectProcessEnginePlugin' activated on process engine 'default'
02-Apr-2017 02:24:09.314 INFO [main] org.camunda.commons.logging.BaseLogger.logInfo CNCT-01004 Discovered provider for connector id 'http-connector' and class 'org.camunda.connect.httpclient.impl.HttpConnectorImpl': 'org.camunda.connect.httpclient.impl.HttpConnectorProviderImpl'
02-Apr-2017 02:24:09.317 INFO [main] org.camunda.commons.logging.BaseLogger.logInfo CNCT-01004 Discovered provider for connector id 'soap-http-connector' and class 'org.camunda.connect.httpclient.soap.impl.SoapHttpConnectorImpl': 'org.camunda.connect.httpclient.soap.impl.SoapHttpConnectorProviderImpl'
02-Apr-2017 02:24:11.508 INFO [main] org.camunda.commons.logging.BaseLogger.logInfo ENGINE-00001 Process Engine default created.
02-Apr-2017 02:24:11.509 INFO [main] org.camunda.commons.logging.BaseLogger.logInfo ENGINE-14014 Starting up the JobExecutor[org.camunda.bpm.engine.impl.jobexecutor.RuntimeContainerJobExecutor].
02-Apr-2017 02:24:11.511 INFO [Thread-6] org.camunda.commons.logging.BaseLogger.logInfo ENGINE-14018 JobExecutor[org.camunda.bpm.engine.impl.jobexecutor.RuntimeContainerJobExecutor] starting to acquire jobs
02-Apr-2017 02:24:11.644 INFO [main] org.camunda.commons.logging.BaseLogger.logInfo ENGINE-08048 Camunda BPM platform sucessfully started at 'Apache Tomcat/8.0.24'.
02-Apr-2017 02:24:11.658 INFO [main] org.apache.catalina.core.StandardService.startInternal Starting service Catalina
02-Apr-2017 02:24:11.658 INFO [main] org.apache.catalina.core.StandardEngine.startInternal Starting Servlet Engine: Apache Tomcat/8.0.24
02-Apr-2017 02:24:11.670 INFO [localhost-startStop-1] org.apache.catalina.startup.HostConfig.deployDirectory Deploying web application directory /Users/agabaisaac/iot/camunda-rasberry/server/apache-tomcat-8.0.24/webapps/camunda
02-Apr-2017 02:24:13.526 INFO [localhost-startStop-1] org.apache.jasper.servlet.TldScanner.scanJars At least one JAR was scanned for TLDs yet contained no TLDs. Enable debug logging for this logger for a complete list of JARs that were scanned but no TLDs were found in them. Skipping unneeded JARs during scanning can improve startup time and JSP compilation time.
02-Apr-2017 02:24:14.205 INFO [localhost-startStop-1] org.apache.catalina.startup.HostConfig.deployDirectory Deployment of web application directory /Users/agabaisaac/iot/camunda-rasberry/server/apache-tomcat-8.0.24/webapps/camunda has finished in 2,535 ms
02-Apr-2017 02:24:14.205 INFO [localhost-startStop-1] org.apache.catalina.startup.HostConfig.deployDirectory Deploying web application directory /Users/agabaisaac/iot/camunda-rasberry/server/apache-tomcat-8.0.24/webapps/camunda-welcome
02-Apr-2017 02:24:15.183 INFO [localhost-startStop-1] org.apache.jasper.servlet.TldScanner.scanJars At least one JAR was scanned for TLDs yet contained no TLDs. Enable debug logging for this logger for a complete list of JARs that were scanned but no TLDs were found in them. Skipping unneeded JARs during scanning can improve startup time and JSP compilation time.
02-Apr-2017 02:24:15.186 INFO [localhost-startStop-1] org.apache.catalina.startup.HostConfig.deployDirectory Deployment of web application directory /Users/agabaisaac/iot/camunda-rasberry/server/apache-tomcat-8.0.24/webapps/camunda-welcome has finished in 981 ms
02-Apr-2017 02:24:15.186 INFO [localhost-startStop-1] org.apache.catalina.startup.HostConfig.deployDirectory Deploying web application directory /Users/agabaisaac/iot/camunda-rasberry/server/apache-tomcat-8.0.24/webapps/engine-rest
02-Apr-2017 02:24:16.450 INFO [localhost-startStop-1] org.apache.jasper.servlet.TldScanner.scanJars At least one JAR was scanned for TLDs yet contained no TLDs. Enable debug logging for this logger for a complete list of JARs that were scanned but no TLDs were found in them. Skipping unneeded JARs during scanning can improve startup time and JSP compilation time.
02-Apr-2017 02:24:16.559 INFO [localhost-startStop-1] org.jboss.resteasy.logging.impl.Slf4jLogger.info Deploying javax.ws.rs.core.Application: class org.camunda.bpm.engine.rest.impl.application.DefaultApplication
02-Apr-2017 02:24:16.658 INFO [localhost-startStop-1] org.apache.catalina.startup.HostConfig.deployDirectory Deployment of web application directory /Users/agabaisaac/iot/camunda-rasberry/server/apache-tomcat-8.0.24/webapps/engine-rest has finished in 1,472 ms
02-Apr-2017 02:24:16.659 INFO [localhost-startStop-1] org.apache.catalina.startup.HostConfig.deployDirectory Deploying web application directory /Users/agabaisaac/iot/camunda-rasberry/server/apache-tomcat-8.0.24/webapps/h2
02-Apr-2017 02:24:17.631 INFO [localhost-startStop-1] org.apache.jasper.servlet.TldScanner.scanJars At least one JAR was scanned for TLDs yet contained no TLDs. Enable debug logging for this logger for a complete list of JARs that were scanned but no TLDs were found in them. Skipping unneeded JARs during scanning can improve startup time and JSP compilation time.
02-Apr-2017 02:24:17.637 INFO [localhost-startStop-1] org.apache.catalina.startup.HostConfig.deployDirectory Deployment of web application directory /Users/agabaisaac/iot/camunda-rasberry/server/apache-tomcat-8.0.24/webapps/h2 has finished in 977 ms
02-Apr-2017 02:24:17.637 INFO [localhost-startStop-1] org.apache.catalina.startup.HostConfig.deployDirectory Deploying web application directory /Users/agabaisaac/iot/camunda-rasberry/server/apache-tomcat-8.0.24/webapps/host-manager
02-Apr-2017 02:24:18.545 INFO [localhost-startStop-1] org.apache.jasper.servlet.TldScanner.scanJars At least one JAR was scanned for TLDs yet contained no TLDs. Enable debug logging for this logger for a complete list of JARs that were scanned but no TLDs were found in them. Skipping unneeded JARs during scanning can improve startup time and JSP compilation time.
02-Apr-2017 02:24:18.551 INFO [localhost-startStop-1] org.apache.catalina.startup.HostConfig.deployDirectory Deployment of web application directory /Users/agabaisaac/iot/camunda-rasberry/server/apache-tomcat-8.0.24/webapps/host-manager has finished in 913 ms
02-Apr-2017 02:24:18.551 INFO [localhost-startStop-1] org.apache.catalina.startup.HostConfig.deployDirectory Deploying web application directory /Users/agabaisaac/iot/camunda-rasberry/server/apache-tomcat-8.0.24/webapps/manager
02-Apr-2017 02:24:19.648 INFO [localhost-startStop-1] org.apache.jasper.servlet.TldScanner.scanJars At least one JAR was scanned for TLDs yet contained no TLDs. Enable debug logging for this logger for a complete list of JARs that were scanned but no TLDs were found in them. Skipping unneeded JARs during scanning can improve startup time and JSP compilation time.
02-Apr-2017 02:24:19.649 INFO [localhost-startStop-1] org.apache.catalina.startup.HostConfig.deployDirectory Deployment of web application directory /Users/agabaisaac/iot/camunda-rasberry/server/apache-tomcat-8.0.24/webapps/manager has finished in 1,098 ms
02-Apr-2017 02:24:19.650 INFO [localhost-startStop-1] org.apache.catalina.startup.HostConfig.deployDirectory Deploying web application directory /Users/agabaisaac/iot/camunda-rasberry/server/apache-tomcat-8.0.24/webapps/ROOT
02-Apr-2017 02:24:20.707 INFO [localhost-startStop-1] org.apache.jasper.servlet.TldScanner.scanJars At least one JAR was scanned for TLDs yet contained no TLDs. Enable debug logging for this logger for a complete list of JARs that were scanned but no TLDs were found in them. Skipping unneeded JARs during scanning can improve startup time and JSP compilation time.
02-Apr-2017 02:24:20.710 INFO [localhost-startStop-1] org.apache.catalina.startup.HostConfig.deployDirectory Deployment of web application directory /Users/agabaisaac/iot/camunda-rasberry/server/apache-tomcat-8.0.24/webapps/ROOT has finished in 1,059 ms
02-Apr-2017 02:24:20.714 INFO [main] org.apache.coyote.AbstractProtocol.start Starting ProtocolHandler ["http-nio-8080"]
02-Apr-2017 02:24:20.722 INFO [main] org.apache.coyote.AbstractProtocol.start Starting ProtocolHandler ["ajp-nio-8009"]
02-Apr-2017 02:24:20.723 INFO [main] org.apache.catalina.startup.Catalina.start Server startup in 14816 ms
