09-Mar-2017 19:37:12.701 INFO [main] org.apache.catalina.startup.VersionLoggerListener.log Server version:        Apache Tomcat/8.0.24
09-Mar-2017 19:37:12.702 INFO [main] org.apache.catalina.startup.VersionLoggerListener.log Server built:          Jul 1 2015 20:19:55 UTC
09-Mar-2017 19:37:12.703 INFO [main] org.apache.catalina.startup.VersionLoggerListener.log Server number:         8.0.24.0
09-Mar-2017 19:37:12.703 INFO [main] org.apache.catalina.startup.VersionLoggerListener.log OS Name:               Mac OS X
09-Mar-2017 19:37:12.703 INFO [main] org.apache.catalina.startup.VersionLoggerListener.log OS Version:            10.12.3
09-Mar-2017 19:37:12.703 INFO [main] org.apache.catalina.startup.VersionLoggerListener.log Architecture:          x86_64
09-Mar-2017 19:37:12.705 INFO [main] org.apache.catalina.startup.VersionLoggerListener.log Java Home:             /Library/Java/JavaVirtualMachines/jdk1.8.0_111.jdk/Contents/Home/jre
09-Mar-2017 19:37:12.705 INFO [main] org.apache.catalina.startup.VersionLoggerListener.log JVM Version:           1.8.0_111-b14
09-Mar-2017 19:37:12.705 INFO [main] org.apache.catalina.startup.VersionLoggerListener.log JVM Vendor:            Oracle Corporation
09-Mar-2017 19:37:12.706 INFO [main] org.apache.catalina.startup.VersionLoggerListener.log CATALINA_BASE:         /Users/agabaisaac/iot/camunda-rasberry/server/apache-tomcat-8.0.24
09-Mar-2017 19:37:12.706 INFO [main] org.apache.catalina.startup.VersionLoggerListener.log CATALINA_HOME:         /Users/agabaisaac/iot/camunda-rasberry/server/apache-tomcat-8.0.24
09-Mar-2017 19:37:12.706 INFO [main] org.apache.catalina.startup.VersionLoggerListener.log Command line argument: -Djava.util.logging.config.file=./server/apache-tomcat-8.0.24/conf/logging.properties
09-Mar-2017 19:37:12.706 INFO [main] org.apache.catalina.startup.VersionLoggerListener.log Command line argument: -Djava.util.logging.manager=org.apache.juli.ClassLoaderLogManager
09-Mar-2017 19:37:12.707 INFO [main] org.apache.catalina.startup.VersionLoggerListener.log Command line argument: -Xmx512m
09-Mar-2017 19:37:12.707 INFO [main] org.apache.catalina.startup.VersionLoggerListener.log Command line argument: -XX:MaxPermSize=256m
09-Mar-2017 19:37:12.707 INFO [main] org.apache.catalina.startup.VersionLoggerListener.log Command line argument: -XX:PermSize=256m
09-Mar-2017 19:37:12.707 INFO [main] org.apache.catalina.startup.VersionLoggerListener.log Command line argument: -Djava.endorsed.dirs=./server/apache-tomcat-8.0.24/endorsed
09-Mar-2017 19:37:12.707 INFO [main] org.apache.catalina.startup.VersionLoggerListener.log Command line argument: -Dcatalina.base=./server/apache-tomcat-8.0.24
09-Mar-2017 19:37:12.707 INFO [main] org.apache.catalina.startup.VersionLoggerListener.log Command line argument: -Dcatalina.home=./server/apache-tomcat-8.0.24
09-Mar-2017 19:37:12.707 INFO [main] org.apache.catalina.startup.VersionLoggerListener.log Command line argument: -Djava.io.tmpdir=./server/apache-tomcat-8.0.24/temp
09-Mar-2017 19:37:12.707 INFO [main] org.apache.catalina.core.AprLifecycleListener.lifecycleEvent The APR based Apache Tomcat Native library which allows optimal performance in production environments was not found on the java.library.path: /Users/agabaisaac/Library/Java/Extensions:/Library/Java/Extensions:/Network/Library/Java/Extensions:/System/Library/Java/Extensions:/usr/lib/java:.
09-Mar-2017 19:37:12.862 INFO [main] org.apache.coyote.AbstractProtocol.init Initializing ProtocolHandler ["http-nio-8080"]
09-Mar-2017 19:37:12.889 INFO [main] org.apache.tomcat.util.net.NioSelectorPool.getSharedSelector Using a shared selector for servlet write/read
09-Mar-2017 19:37:12.893 INFO [main] org.apache.coyote.AbstractProtocol.init Initializing ProtocolHandler ["ajp-nio-8009"]
09-Mar-2017 19:37:12.895 INFO [main] org.apache.tomcat.util.net.NioSelectorPool.getSharedSelector Using a shared selector for servlet write/read
09-Mar-2017 19:37:12.895 INFO [main] org.apache.catalina.startup.Catalina.load Initialization processed in 602 ms
09-Mar-2017 19:37:12.918 WARNING [main] org.apache.tomcat.jdbc.pool.ConnectionPool.init maxIdle is larger than maxActive, setting maxIdle to: 20
09-Mar-2017 19:37:15.479 INFO [main] org.camunda.commons.logging.BaseLogger.logInfo ENGINE-08046 Found camunda bpm platform configuration in CATALINA_BASE/CATALINA_HOME conf directory [/Users/agabaisaac/iot/camunda-rasberry/server/apache-tomcat-8.0.24/conf/bpm-platform.xml] at 'file:/Users/agabaisaac/iot/camunda-rasberry/server/apache-tomcat-8.0.24/conf/bpm-platform.xml'
09-Mar-2017 19:37:15.649 INFO [main] org.camunda.commons.logging.BaseLogger.logInfo ENGINE-12003 Plugin 'ProcessApplicationEventListenerPlugin' activated on process engine 'default'
09-Mar-2017 19:37:15.657 INFO [main] org.camunda.commons.logging.BaseLogger.logInfo ENGINE-12003 Plugin 'SpinProcessEnginePlugin' activated on process engine 'default'
09-Mar-2017 19:37:15.663 INFO [main] org.camunda.commons.logging.BaseLogger.logInfo SPIN-01010 Discovered Spin data format provider: org.camunda.spin.impl.json.jackson.format.JacksonJsonDataFormatProvider[name = application/json]
09-Mar-2017 19:37:15.866 INFO [main] org.camunda.commons.logging.BaseLogger.logInfo SPIN-01010 Discovered Spin data format provider: org.camunda.spin.impl.xml.dom.format.DomXmlDataFormatProvider[name = application/xml]
09-Mar-2017 19:37:15.877 INFO [main] org.camunda.commons.logging.BaseLogger.logInfo SPIN-01009 Discovered Spin data format: org.camunda.spin.impl.xml.dom.format.DomXmlDataFormat[name = application/xml]
09-Mar-2017 19:37:15.877 INFO [main] org.camunda.commons.logging.BaseLogger.logInfo SPIN-01009 Discovered Spin data format: org.camunda.spin.impl.json.jackson.format.JacksonJsonDataFormat[name = application/json]
09-Mar-2017 19:37:15.877 INFO [main] org.camunda.commons.logging.BaseLogger.logInfo ENGINE-12003 Plugin 'ConnectProcessEnginePlugin' activated on process engine 'default'
09-Mar-2017 19:37:16.089 INFO [main] org.camunda.commons.logging.BaseLogger.logInfo CNCT-01004 Discovered provider for connector id 'http-connector' and class 'org.camunda.connect.httpclient.impl.HttpConnectorImpl': 'org.camunda.connect.httpclient.impl.HttpConnectorProviderImpl'
09-Mar-2017 19:37:16.092 INFO [main] org.camunda.commons.logging.BaseLogger.logInfo CNCT-01004 Discovered provider for connector id 'soap-http-connector' and class 'org.camunda.connect.httpclient.soap.impl.SoapHttpConnectorImpl': 'org.camunda.connect.httpclient.soap.impl.SoapHttpConnectorProviderImpl'
09-Mar-2017 19:37:17.961 INFO [main] org.camunda.commons.logging.BaseLogger.logInfo ENGINE-00001 Process Engine default created.
09-Mar-2017 19:37:17.962 INFO [main] org.camunda.commons.logging.BaseLogger.logInfo ENGINE-14014 Starting up the JobExecutor[org.camunda.bpm.engine.impl.jobexecutor.RuntimeContainerJobExecutor].
09-Mar-2017 19:37:17.963 INFO [Thread-6] org.camunda.commons.logging.BaseLogger.logInfo ENGINE-14018 JobExecutor[org.camunda.bpm.engine.impl.jobexecutor.RuntimeContainerJobExecutor] starting to acquire jobs
09-Mar-2017 19:37:22.969 INFO [main] org.camunda.commons.logging.BaseLogger.logInfo ENGINE-08048 Camunda BPM platform sucessfully started at 'Apache Tomcat/8.0.24'.
09-Mar-2017 19:37:22.987 INFO [main] org.apache.catalina.core.StandardService.startInternal Starting service Catalina
09-Mar-2017 19:37:22.988 INFO [main] org.apache.catalina.core.StandardEngine.startInternal Starting Servlet Engine: Apache Tomcat/8.0.24
09-Mar-2017 19:37:23.015 INFO [localhost-startStop-1] org.apache.catalina.startup.HostConfig.deployWAR Deploying web application archive /Users/agabaisaac/iot/camunda-rasberry/server/apache-tomcat-8.0.24/webapps/mist-0.war
09-Mar-2017 19:37:24.442 INFO [localhost-startStop-1] org.camunda.commons.logging.BaseLogger.logInfo ENGINE-07015 Detected @ProcessApplication class 'ee.ut.mobilelab.mistbpmn.InstantiateProcessByMessageDelegate'
09-Mar-2017 19:37:24.477 INFO [localhost-startStop-1] org.apache.jasper.servlet.TldScanner.scanJars At least one JAR was scanned for TLDs yet contained no TLDs. Enable debug logging for this logger for a complete list of JARs that were scanned but no TLDs were found in them. Skipping unneeded JARs during scanning can improve startup time and JSP compilation time.
09-Mar-2017 19:37:24.512 INFO [localhost-startStop-1] org.camunda.commons.logging.BaseLogger.logInfo ENGINE-08024 Found processes.xml file at file:/Users/agabaisaac/iot/camunda-rasberry/server/apache-tomcat-8.0.24/webapps/mist-0/WEB-INF/classes/META-INF/processes.xml
09-Mar-2017 19:37:24.539 INFO [localhost-startStop-1] org.camunda.commons.logging.BaseLogger.logInfo ENGINE-08023 Deployment summary for process archive 'ut-mist-camunda': 

        message_start_process.bpmn

09-Mar-2017 19:37:25.105 INFO [localhost-startStop-1] org.camunda.commons.logging.BaseLogger.logInfo ENGINE-07021 ProcessApplication 'UT Mist Camunda App' registered for DB deployments [557d81f5-f7a2-11e6-8329-acde48001122, e1f18845-33d2-11e6-b73e-b827eb5fc0fd, d251e21c-f0bf-11e6-9933-26026f7bcb37, 63895eaa-f5c8-11e6-9566-acde48001122, 9deea0f4-d127-11e6-838d-acde48001122, d038d192-cfba-11e6-a944-acde48001122, 5f4f4dbf-cfbd-11e6-a944-acde48001122, 27c43c73-33c3-11e6-b73e-b827eb5fc0fd, b017fc03-cf94-11e6-a944-acde48001122, d726c9a8-f5c3-11e6-9566-acde48001122, 6a1214fa-33d1-11e6-b73e-b827eb5fc0fd, 90d60624-f0b9-11e6-b2ca-26026f7bcb37, 9a58f2df-33d5-11e6-b73e-b827eb5fc0fd, abfa69b9-cf5a-11e6-a187-acde48001122, 5f960ba0-d126-11e6-838d-acde48001122, 22184e03-f5c1-11e6-b9bd-acde48001122, 233363c0-f5cd-11e6-9566-acde48001122, bf2013d0-f1f9-11e6-8973-acde48001122, 7ef97e6f-f569-11e6-b9bd-acde48001122, 17b00199-f5c2-11e6-9566-acde48001122, bcd6b3a0-cf71-11e6-a944-acde48001122, 91459142-f56b-11e6-b9bd-acde48001122, d0623bc3-33d8-11e6-a1b0-b827eb5fc0fd, fb4c0de1-f56b-11e6-b9bd-acde48001122, 97fd6554-f5c4-11e6-9566-acde48001122, fccbfdbd-f1f4-11e6-80f5-acde48001122, 45d666de-f0be-11e6-b2ca-26026f7bcb37, b9094a81-f7af-11e6-8329-acde48001122, 5ffc14c0-33bd-11e6-b73e-b827eb5fc0fd]. Will execute process definitions 

        Message_Start_Process[version: 28, id: Message_Start_Process:28:5583ea97-f7a2-11e6-8329-acde48001122]
        Instantiating_Process[version: 4, id: Instantiating_Process:4:e20bee1c-33d2-11e6-b73e-b827eb5fc0fd]
        Message_Start_Process[version: 4, id: Message_Start_Process:4:e20a195a-33d2-11e6-b73e-b827eb5fc0fd]
        Message_Start_Process[version: 16, id: Message_Start_Process:16:d259351e-f0bf-11e6-9933-26026f7bcb37]
        Message_Start_Process[version: 26, id: Message_Start_Process:26:638a701c-f5c8-11e6-9566-acde48001122]
        Message_Start_Process[version: 13, id: Message_Start_Process:13:9df09cc6-d127-11e6-838d-acde48001122]
        Message_Start_Process[version: 10, id: Message_Start_Process:10:d03af474-cfba-11e6-a944-acde48001122]
        Message_Start_Process[version: 11, id: Message_Start_Process:11:5f50fb71-cfbd-11e6-a944-acde48001122]
        Instantiating_Process[version: 2, id: Instantiating_Process:2:27fe383a-33c3-11e6-b73e-b827eb5fc0fd]
        Message_Start_Process[version: 2, id: Message_Start_Process:2:27fc6378-33c3-11e6-b73e-b827eb5fc0fd]
        Message_Start_Process[version: 9, id: Message_Start_Process:9:b01a9416-cf94-11e6-a944-acde48001122]
        Message_Start_Process[version: 24, id: Message_Start_Process:24:d7289e6a-f5c3-11e6-9566-acde48001122]
        Instantiating_Process[version: 3, id: Instantiating_Process:3:6a4cd411-33d1-11e6-b73e-b827eb5fc0fd]
        Message_Start_Process[version: 3, id: Message_Start_Process:3:6a4ab12f-33d1-11e6-b73e-b827eb5fc0fd]
        Message_Start_Process[version: 14, id: Message_Start_Process:14:90e08d76-f0b9-11e6-b2ca-26026f7bcb37]
        Instantiating_Process[version: 5, id: Instantiating_Process:5:9a783ab6-33d5-11e6-b73e-b827eb5fc0fd]
        Message_Start_Process[version: 5, id: Message_Start_Process:5:9a76db24-33d5-11e6-b73e-b827eb5fc0fd]
        Message_Start_Process[version: 7, id: Message_Start_Process:7:abfe133b-cf5a-11e6-a187-acde48001122]
        Message_Start_Process[version: 12, id: Message_Start_Process:12:5f982e82-d126-11e6-838d-acde48001122]
        Message_Start_Process[version: 22, id: Message_Start_Process:22:22195f75-f5c1-11e6-b9bd-acde48001122]
        Message_Start_Process[version: 27, id: Message_Start_Process:27:23344e22-f5cd-11e6-9566-acde48001122]
        Message_Start_Process[version: 18, id: Message_Start_Process:18:bf21e892-f1f9-11e6-8973-acde48001122]
        Message_Start_Process[version: 19, id: Message_Start_Process:19:7f005c41-f569-11e6-b9bd-acde48001122]
        Message_Start_Process[version: 23, id: Message_Start_Process:23:17b66a3b-f5c2-11e6-9566-acde48001122]
        Message_Start_Process[version: 8, id: Message_Start_Process:8:bcd8d682-cf71-11e6-a944-acde48001122]
        Message_Start_Process[version: 20, id: Message_Start_Process:20:9146f0d4-f56b-11e6-b9bd-acde48001122]
        Instantiating_Process[version: 6, id: Instantiating_Process:6:d07cc8aa-33d8-11e6-a1b0-b827eb5fc0fd]
        Message_Start_Process[version: 6, id: Message_Start_Process:6:d07a7eb8-33d8-11e6-a1b0-b827eb5fc0fd]
        Message_Start_Process[version: 21, id: Message_Start_Process:21:fb4d4663-f56b-11e6-b9bd-acde48001122]
        Message_Start_Process[version: 25, id: Message_Start_Process:25:97feebf6-f5c4-11e6-9566-acde48001122]
        Message_Start_Process[version: 17, id: Message_Start_Process:17:fcd2665f-f1f4-11e6-80f5-acde48001122]
        Message_Start_Process[version: 15, id: Message_Start_Process:15:45d81490-f0be-11e6-b2ca-26026f7bcb37]
        Message_Start_Process[version: 29, id: Message_Start_Process:29:b90a8303-f7af-11e6-8329-acde48001122]
        Instantiating_Process[version: 1, id: Instantiating_Process:1:60265917-33bd-11e6-b73e-b827eb5fc0fd]
        Message_Start_Process[version: 1, id: Message_Start_Process:1:60240f25-33bd-11e6-b73e-b827eb5fc0fd]
Deployment does not provide any case definitions.
09-Mar-2017 19:37:25.110 INFO [localhost-startStop-1] org.camunda.commons.logging.BaseLogger.logInfo SPIN-01010 Discovered Spin data format provider: org.camunda.spin.impl.json.jackson.format.JacksonJsonDataFormatProvider[name = application/json]
09-Mar-2017 19:37:25.111 INFO [localhost-startStop-1] org.camunda.commons.logging.BaseLogger.logInfo SPIN-01010 Discovered Spin data format provider: org.camunda.spin.impl.xml.dom.format.DomXmlDataFormatProvider[name = application/xml]
09-Mar-2017 19:37:25.112 INFO [localhost-startStop-1] org.camunda.commons.logging.BaseLogger.logInfo SPIN-01009 Discovered Spin data format: org.camunda.spin.impl.xml.dom.format.DomXmlDataFormat[name = application/xml]
09-Mar-2017 19:37:25.112 INFO [localhost-startStop-1] org.camunda.commons.logging.BaseLogger.logInfo SPIN-01009 Discovered Spin data format: org.camunda.spin.impl.json.jackson.format.JacksonJsonDataFormat[name = application/json]
09-Mar-2017 19:37:25.114 INFO [localhost-startStop-1] org.camunda.commons.logging.BaseLogger.logInfo ENGINE-08050 Process application UT Mist Camunda App successfully deployed
09-Mar-2017 19:37:25.146 INFO [localhost-startStop-1] org.apache.catalina.startup.HostConfig.deployWAR Deployment of web application archive /Users/agabaisaac/iot/camunda-rasberry/server/apache-tomcat-8.0.24/webapps/mist-0.war has finished in 2,130 ms
09-Mar-2017 19:37:25.147 INFO [localhost-startStop-1] org.apache.catalina.startup.HostConfig.deployDirectory Deploying web application directory /Users/agabaisaac/iot/camunda-rasberry/server/apache-tomcat-8.0.24/webapps/camunda
09-Mar-2017 19:37:26.474 INFO [localhost-startStop-1] org.apache.jasper.servlet.TldScanner.scanJars At least one JAR was scanned for TLDs yet contained no TLDs. Enable debug logging for this logger for a complete list of JARs that were scanned but no TLDs were found in them. Skipping unneeded JARs during scanning can improve startup time and JSP compilation time.
09-Mar-2017 19:37:26.763 INFO [localhost-startStop-1] org.apache.catalina.startup.HostConfig.deployDirectory Deployment of web application directory /Users/agabaisaac/iot/camunda-rasberry/server/apache-tomcat-8.0.24/webapps/camunda has finished in 1,616 ms
09-Mar-2017 19:37:26.763 INFO [localhost-startStop-1] org.apache.catalina.startup.HostConfig.deployDirectory Deploying web application directory /Users/agabaisaac/iot/camunda-rasberry/server/apache-tomcat-8.0.24/webapps/camunda-welcome
09-Mar-2017 19:37:27.755 INFO [localhost-startStop-1] org.apache.jasper.servlet.TldScanner.scanJars At least one JAR was scanned for TLDs yet contained no TLDs. Enable debug logging for this logger for a complete list of JARs that were scanned but no TLDs were found in them. Skipping unneeded JARs during scanning can improve startup time and JSP compilation time.
09-Mar-2017 19:37:27.756 INFO [localhost-startStop-1] org.apache.catalina.startup.HostConfig.deployDirectory Deployment of web application directory /Users/agabaisaac/iot/camunda-rasberry/server/apache-tomcat-8.0.24/webapps/camunda-welcome has finished in 993 ms
09-Mar-2017 19:37:27.757 INFO [localhost-startStop-1] org.apache.catalina.startup.HostConfig.deployDirectory Deploying web application directory /Users/agabaisaac/iot/camunda-rasberry/server/apache-tomcat-8.0.24/webapps/engine-rest
09-Mar-2017 19:37:28.816 INFO [localhost-startStop-1] org.apache.jasper.servlet.TldScanner.scanJars At least one JAR was scanned for TLDs yet contained no TLDs. Enable debug logging for this logger for a complete list of JARs that were scanned but no TLDs were found in them. Skipping unneeded JARs during scanning can improve startup time and JSP compilation time.
09-Mar-2017 19:37:28.895 INFO [localhost-startStop-1] org.jboss.resteasy.logging.impl.Slf4jLogger.info Deploying javax.ws.rs.core.Application: class org.camunda.bpm.engine.rest.impl.application.DefaultApplication
09-Mar-2017 19:37:28.971 INFO [localhost-startStop-1] org.apache.catalina.startup.HostConfig.deployDirectory Deployment of web application directory /Users/agabaisaac/iot/camunda-rasberry/server/apache-tomcat-8.0.24/webapps/engine-rest has finished in 1,214 ms
09-Mar-2017 19:37:28.971 INFO [localhost-startStop-1] org.apache.catalina.startup.HostConfig.deployDirectory Deploying web application directory /Users/agabaisaac/iot/camunda-rasberry/server/apache-tomcat-8.0.24/webapps/h2
09-Mar-2017 19:37:29.864 INFO [localhost-startStop-1] org.apache.jasper.servlet.TldScanner.scanJars At least one JAR was scanned for TLDs yet contained no TLDs. Enable debug logging for this logger for a complete list of JARs that were scanned but no TLDs were found in them. Skipping unneeded JARs during scanning can improve startup time and JSP compilation time.
09-Mar-2017 19:37:34.873 INFO [localhost-startStop-1] org.apache.catalina.startup.HostConfig.deployDirectory Deployment of web application directory /Users/agabaisaac/iot/camunda-rasberry/server/apache-tomcat-8.0.24/webapps/h2 has finished in 5,902 ms
09-Mar-2017 19:37:34.873 INFO [localhost-startStop-1] org.apache.catalina.startup.HostConfig.deployDirectory Deploying web application directory /Users/agabaisaac/iot/camunda-rasberry/server/apache-tomcat-8.0.24/webapps/host-manager
09-Mar-2017 19:37:35.779 INFO [localhost-startStop-1] org.apache.jasper.servlet.TldScanner.scanJars At least one JAR was scanned for TLDs yet contained no TLDs. Enable debug logging for this logger for a complete list of JARs that were scanned but no TLDs were found in them. Skipping unneeded JARs during scanning can improve startup time and JSP compilation time.
09-Mar-2017 19:37:35.790 INFO [localhost-startStop-1] org.apache.catalina.startup.HostConfig.deployDirectory Deployment of web application directory /Users/agabaisaac/iot/camunda-rasberry/server/apache-tomcat-8.0.24/webapps/host-manager has finished in 917 ms
09-Mar-2017 19:37:35.790 INFO [localhost-startStop-1] org.apache.catalina.startup.HostConfig.deployDirectory Deploying web application directory /Users/agabaisaac/iot/camunda-rasberry/server/apache-tomcat-8.0.24/webapps/manager
09-Mar-2017 19:37:36.695 INFO [localhost-startStop-1] org.apache.jasper.servlet.TldScanner.scanJars At least one JAR was scanned for TLDs yet contained no TLDs. Enable debug logging for this logger for a complete list of JARs that were scanned but no TLDs were found in them. Skipping unneeded JARs during scanning can improve startup time and JSP compilation time.
09-Mar-2017 19:37:36.697 INFO [localhost-startStop-1] org.apache.catalina.startup.HostConfig.deployDirectory Deployment of web application directory /Users/agabaisaac/iot/camunda-rasberry/server/apache-tomcat-8.0.24/webapps/manager has finished in 907 ms
09-Mar-2017 19:37:36.697 INFO [localhost-startStop-1] org.apache.catalina.startup.HostConfig.deployDirectory Deploying web application directory /Users/agabaisaac/iot/camunda-rasberry/server/apache-tomcat-8.0.24/webapps/ROOT
09-Mar-2017 19:37:37.661 INFO [localhost-startStop-1] org.apache.jasper.servlet.TldScanner.scanJars At least one JAR was scanned for TLDs yet contained no TLDs. Enable debug logging for this logger for a complete list of JARs that were scanned but no TLDs were found in them. Skipping unneeded JARs during scanning can improve startup time and JSP compilation time.
09-Mar-2017 19:37:37.663 INFO [localhost-startStop-1] org.apache.catalina.startup.HostConfig.deployDirectory Deployment of web application directory /Users/agabaisaac/iot/camunda-rasberry/server/apache-tomcat-8.0.24/webapps/ROOT has finished in 966 ms
09-Mar-2017 19:37:37.673 INFO [main] org.apache.coyote.AbstractProtocol.start Starting ProtocolHandler ["http-nio-8080"]
09-Mar-2017 19:37:37.680 INFO [main] org.apache.coyote.AbstractProtocol.start Starting ProtocolHandler ["ajp-nio-8009"]
09-Mar-2017 19:37:37.680 INFO [main] org.apache.catalina.startup.Catalina.start Server startup in 24785 ms
09-Mar-2017 19:39:24.914 INFO [http-nio-8080-exec-2] org.camunda.commons.logging.BaseLogger.logInfo ENGINE-08051 Process application UT Mist Camunda App undeployed
09-Mar-2017 19:39:25.433 INFO [http-nio-8080-exec-2] org.apache.catalina.startup.HostConfig.undeploy Undeploying context [/mist-0]
09-Mar-2017 19:39:58.833 INFO [http-nio-8080-exec-6] org.apache.catalina.startup.HostConfig.deployWAR Deploying web application archive /Users/agabaisaac/iot/camunda-rasberry/server/apache-tomcat-8.0.24/webapps/mistBpmn.war
09-Mar-2017 19:39:59.829 INFO [http-nio-8080-exec-6] org.camunda.commons.logging.BaseLogger.logInfo ENGINE-07015 Detected @ProcessApplication class 'ee.ut.mobilelab.mistbpmn.InstantiateProcessByMessageDelegate'
09-Mar-2017 19:39:59.848 INFO [http-nio-8080-exec-6] org.camunda.commons.logging.BaseLogger.logInfo ENGINE-08024 Found processes.xml file at file:/Users/agabaisaac/iot/camunda-rasberry/server/apache-tomcat-8.0.24/webapps/mistBpmn/WEB-INF/classes/META-INF/processes.xml
09-Mar-2017 19:39:59.854 INFO [http-nio-8080-exec-6] org.camunda.commons.logging.BaseLogger.logInfo ENGINE-08023 Deployment summary for process archive 'ut-mist-camunda': 

        message_start_process.bpmn

09-Mar-2017 19:39:59.893 INFO [http-nio-8080-exec-6] org.camunda.commons.logging.BaseLogger.logInfo ENGINE-07021 ProcessApplication 'UT Mist Camunda App' registered for DB deployments [557d81f5-f7a2-11e6-8329-acde48001122, e1f18845-33d2-11e6-b73e-b827eb5fc0fd, d251e21c-f0bf-11e6-9933-26026f7bcb37, 63895eaa-f5c8-11e6-9566-acde48001122, 9deea0f4-d127-11e6-838d-acde48001122, d038d192-cfba-11e6-a944-acde48001122, 5f4f4dbf-cfbd-11e6-a944-acde48001122, 27c43c73-33c3-11e6-b73e-b827eb5fc0fd, b017fc03-cf94-11e6-a944-acde48001122, d726c9a8-f5c3-11e6-9566-acde48001122, 6a1214fa-33d1-11e6-b73e-b827eb5fc0fd, 90d60624-f0b9-11e6-b2ca-26026f7bcb37, 9a58f2df-33d5-11e6-b73e-b827eb5fc0fd, abfa69b9-cf5a-11e6-a187-acde48001122, 5f960ba0-d126-11e6-838d-acde48001122, 22184e03-f5c1-11e6-b9bd-acde48001122, 233363c0-f5cd-11e6-9566-acde48001122, bf2013d0-f1f9-11e6-8973-acde48001122, 7ef97e6f-f569-11e6-b9bd-acde48001122, 17b00199-f5c2-11e6-9566-acde48001122, bcd6b3a0-cf71-11e6-a944-acde48001122, 91459142-f56b-11e6-b9bd-acde48001122, d0623bc3-33d8-11e6-a1b0-b827eb5fc0fd, fb4c0de1-f56b-11e6-b9bd-acde48001122, 97fd6554-f5c4-11e6-9566-acde48001122, fccbfdbd-f1f4-11e6-80f5-acde48001122, 45d666de-f0be-11e6-b2ca-26026f7bcb37, b9094a81-f7af-11e6-8329-acde48001122, 5ffc14c0-33bd-11e6-b73e-b827eb5fc0fd]. Will execute process definitions 

        Message_Start_Process[version: 28, id: Message_Start_Process:28:5583ea97-f7a2-11e6-8329-acde48001122]
        Instantiating_Process[version: 4, id: Instantiating_Process:4:e20bee1c-33d2-11e6-b73e-b827eb5fc0fd]
        Message_Start_Process[version: 4, id: Message_Start_Process:4:e20a195a-33d2-11e6-b73e-b827eb5fc0fd]
        Message_Start_Process[version: 16, id: Message_Start_Process:16:d259351e-f0bf-11e6-9933-26026f7bcb37]
        Message_Start_Process[version: 26, id: Message_Start_Process:26:638a701c-f5c8-11e6-9566-acde48001122]
        Message_Start_Process[version: 13, id: Message_Start_Process:13:9df09cc6-d127-11e6-838d-acde48001122]
        Message_Start_Process[version: 10, id: Message_Start_Process:10:d03af474-cfba-11e6-a944-acde48001122]
        Message_Start_Process[version: 11, id: Message_Start_Process:11:5f50fb71-cfbd-11e6-a944-acde48001122]
        Instantiating_Process[version: 2, id: Instantiating_Process:2:27fe383a-33c3-11e6-b73e-b827eb5fc0fd]
        Message_Start_Process[version: 2, id: Message_Start_Process:2:27fc6378-33c3-11e6-b73e-b827eb5fc0fd]
        Message_Start_Process[version: 9, id: Message_Start_Process:9:b01a9416-cf94-11e6-a944-acde48001122]
        Message_Start_Process[version: 24, id: Message_Start_Process:24:d7289e6a-f5c3-11e6-9566-acde48001122]
        Instantiating_Process[version: 3, id: Instantiating_Process:3:6a4cd411-33d1-11e6-b73e-b827eb5fc0fd]
        Message_Start_Process[version: 3, id: Message_Start_Process:3:6a4ab12f-33d1-11e6-b73e-b827eb5fc0fd]
        Message_Start_Process[version: 14, id: Message_Start_Process:14:90e08d76-f0b9-11e6-b2ca-26026f7bcb37]
        Instantiating_Process[version: 5, id: Instantiating_Process:5:9a783ab6-33d5-11e6-b73e-b827eb5fc0fd]
        Message_Start_Process[version: 5, id: Message_Start_Process:5:9a76db24-33d5-11e6-b73e-b827eb5fc0fd]
        Message_Start_Process[version: 7, id: Message_Start_Process:7:abfe133b-cf5a-11e6-a187-acde48001122]
        Message_Start_Process[version: 12, id: Message_Start_Process:12:5f982e82-d126-11e6-838d-acde48001122]
        Message_Start_Process[version: 22, id: Message_Start_Process:22:22195f75-f5c1-11e6-b9bd-acde48001122]
        Message_Start_Process[version: 27, id: Message_Start_Process:27:23344e22-f5cd-11e6-9566-acde48001122]
        Message_Start_Process[version: 18, id: Message_Start_Process:18:bf21e892-f1f9-11e6-8973-acde48001122]
        Message_Start_Process[version: 19, id: Message_Start_Process:19:7f005c41-f569-11e6-b9bd-acde48001122]
        Message_Start_Process[version: 23, id: Message_Start_Process:23:17b66a3b-f5c2-11e6-9566-acde48001122]
        Message_Start_Process[version: 8, id: Message_Start_Process:8:bcd8d682-cf71-11e6-a944-acde48001122]
        Message_Start_Process[version: 20, id: Message_Start_Process:20:9146f0d4-f56b-11e6-b9bd-acde48001122]
        Instantiating_Process[version: 6, id: Instantiating_Process:6:d07cc8aa-33d8-11e6-a1b0-b827eb5fc0fd]
        Message_Start_Process[version: 6, id: Message_Start_Process:6:d07a7eb8-33d8-11e6-a1b0-b827eb5fc0fd]
        Message_Start_Process[version: 21, id: Message_Start_Process:21:fb4d4663-f56b-11e6-b9bd-acde48001122]
        Message_Start_Process[version: 25, id: Message_Start_Process:25:97feebf6-f5c4-11e6-9566-acde48001122]
        Message_Start_Process[version: 17, id: Message_Start_Process:17:fcd2665f-f1f4-11e6-80f5-acde48001122]
        Message_Start_Process[version: 15, id: Message_Start_Process:15:45d81490-f0be-11e6-b2ca-26026f7bcb37]
        Message_Start_Process[version: 29, id: Message_Start_Process:29:b90a8303-f7af-11e6-8329-acde48001122]
        Instantiating_Process[version: 1, id: Instantiating_Process:1:60265917-33bd-11e6-b73e-b827eb5fc0fd]
        Message_Start_Process[version: 1, id: Message_Start_Process:1:60240f25-33bd-11e6-b73e-b827eb5fc0fd]
Deployment does not provide any case definitions.
09-Mar-2017 19:39:59.895 INFO [http-nio-8080-exec-6] org.camunda.commons.logging.BaseLogger.logInfo SPIN-01010 Discovered Spin data format provider: org.camunda.spin.impl.json.jackson.format.JacksonJsonDataFormatProvider[name = application/json]
09-Mar-2017 19:39:59.896 INFO [http-nio-8080-exec-6] org.camunda.commons.logging.BaseLogger.logInfo SPIN-01010 Discovered Spin data format provider: org.camunda.spin.impl.xml.dom.format.DomXmlDataFormatProvider[name = application/xml]
09-Mar-2017 19:39:59.897 INFO [http-nio-8080-exec-6] org.camunda.commons.logging.BaseLogger.logInfo SPIN-01009 Discovered Spin data format: org.camunda.spin.impl.xml.dom.format.DomXmlDataFormat[name = application/xml]
09-Mar-2017 19:39:59.898 INFO [http-nio-8080-exec-6] org.camunda.commons.logging.BaseLogger.logInfo SPIN-01009 Discovered Spin data format: org.camunda.spin.impl.json.jackson.format.JacksonJsonDataFormat[name = application/json]
09-Mar-2017 19:39:59.899 INFO [http-nio-8080-exec-6] org.camunda.commons.logging.BaseLogger.logInfo ENGINE-08050 Process application UT Mist Camunda App successfully deployed
09-Mar-2017 19:39:59.902 INFO [http-nio-8080-exec-6] org.apache.catalina.startup.HostConfig.deployWAR Deployment of web application archive /Users/agabaisaac/iot/camunda-rasberry/server/apache-tomcat-8.0.24/webapps/mistBpmn.war has finished in 1,068 ms
09-Mar-2017 19:43:53.943 INFO [http-nio-8080-exec-9] org.camunda.commons.logging.BaseLogger.logInfo ENGINE-08051 Process application UT Mist Camunda App undeployed
09-Mar-2017 19:43:54.466 INFO [http-nio-8080-exec-9] org.apache.catalina.startup.HostConfig.undeploy Undeploying context [/mistBpmn]
09-Mar-2017 19:57:35.864 INFO [Thread-8] org.camunda.commons.logging.BaseLogger.logInfo ENGINE-14015 Shutting down the JobExecutor[org.camunda.bpm.engine.impl.jobexecutor.RuntimeContainerJobExecutor]
09-Mar-2017 19:57:35.864 INFO [20] org.camunda.commons.logging.BaseLogger.logInfo ENGINE-14020 JobExecutor[org.camunda.bpm.engine.impl.jobexecutor.RuntimeContainerJobExecutor] stopped job acquisition
09-Mar-2017 19:57:35.870 INFO [Thread-8] org.camunda.commons.logging.BaseLogger.logInfo ENGINE-00007 Process Engine default closed
09-Mar-2017 19:57:35.870 INFO [Thread-8] org.camunda.commons.logging.BaseLogger.logInfo ENGINE-08049 Camunda BPM platform stopped at 'Apache Tomcat/8.0.24'
09-Mar-2017 19:57:35.870 INFO [Thread-8] org.apache.coyote.AbstractProtocol.pause Pausing ProtocolHandler ["http-nio-8080"]
09-Mar-2017 19:57:38.937 INFO [Thread-8] org.apache.coyote.AbstractProtocol.pause Pausing ProtocolHandler ["ajp-nio-8009"]
09-Mar-2017 19:57:38.989 INFO [Thread-8] org.apache.catalina.core.StandardService.stopInternal Stopping service Catalina
09-Mar-2017 19:57:39.034 INFO [Thread-8] org.apache.coyote.AbstractProtocol.stop Stopping ProtocolHandler ["http-nio-8080"]
09-Mar-2017 19:57:39.093 INFO [Thread-8] org.apache.coyote.AbstractProtocol.stop Stopping ProtocolHandler ["ajp-nio-8009"]
09-Mar-2017 19:57:39.094 INFO [Thread-8] org.apache.coyote.AbstractProtocol.destroy Destroying ProtocolHandler ["http-nio-8080"]
09-Mar-2017 19:57:39.094 INFO [Thread-8] org.apache.coyote.AbstractProtocol.destroy Destroying ProtocolHandler ["ajp-nio-8009"]
09-Mar-2017 20:00:04.069 INFO [main] org.apache.catalina.startup.VersionLoggerListener.log Server version:        Apache Tomcat/8.0.24
09-Mar-2017 20:00:04.071 INFO [main] org.apache.catalina.startup.VersionLoggerListener.log Server built:          Jul 1 2015 20:19:55 UTC
09-Mar-2017 20:00:04.071 INFO [main] org.apache.catalina.startup.VersionLoggerListener.log Server number:         8.0.24.0
09-Mar-2017 20:00:04.071 INFO [main] org.apache.catalina.startup.VersionLoggerListener.log OS Name:               Mac OS X
09-Mar-2017 20:00:04.072 INFO [main] org.apache.catalina.startup.VersionLoggerListener.log OS Version:            10.12.3
09-Mar-2017 20:00:04.072 INFO [main] org.apache.catalina.startup.VersionLoggerListener.log Architecture:          x86_64
09-Mar-2017 20:00:04.072 INFO [main] org.apache.catalina.startup.VersionLoggerListener.log Java Home:             /Library/Java/JavaVirtualMachines/jdk1.8.0_111.jdk/Contents/Home/jre
09-Mar-2017 20:00:04.072 INFO [main] org.apache.catalina.startup.VersionLoggerListener.log JVM Version:           1.8.0_111-b14
09-Mar-2017 20:00:04.072 INFO [main] org.apache.catalina.startup.VersionLoggerListener.log JVM Vendor:            Oracle Corporation
09-Mar-2017 20:00:04.072 INFO [main] org.apache.catalina.startup.VersionLoggerListener.log CATALINA_BASE:         /Users/agabaisaac/iot/camunda-rasberry/server/apache-tomcat-8.0.24
09-Mar-2017 20:00:04.072 INFO [main] org.apache.catalina.startup.VersionLoggerListener.log CATALINA_HOME:         /Users/agabaisaac/iot/camunda-rasberry/server/apache-tomcat-8.0.24
09-Mar-2017 20:00:04.073 INFO [main] org.apache.catalina.startup.VersionLoggerListener.log Command line argument: -Djava.util.logging.config.file=./server/apache-tomcat-8.0.24/conf/logging.properties
09-Mar-2017 20:00:04.073 INFO [main] org.apache.catalina.startup.VersionLoggerListener.log Command line argument: -Djava.util.logging.manager=org.apache.juli.ClassLoaderLogManager
09-Mar-2017 20:00:04.073 INFO [main] org.apache.catalina.startup.VersionLoggerListener.log Command line argument: -Xmx512m
09-Mar-2017 20:00:04.073 INFO [main] org.apache.catalina.startup.VersionLoggerListener.log Command line argument: -XX:MaxPermSize=256m
09-Mar-2017 20:00:04.073 INFO [main] org.apache.catalina.startup.VersionLoggerListener.log Command line argument: -XX:PermSize=256m
09-Mar-2017 20:00:04.073 INFO [main] org.apache.catalina.startup.VersionLoggerListener.log Command line argument: -Djava.endorsed.dirs=./server/apache-tomcat-8.0.24/endorsed
09-Mar-2017 20:00:04.073 INFO [main] org.apache.catalina.startup.VersionLoggerListener.log Command line argument: -Dcatalina.base=./server/apache-tomcat-8.0.24
09-Mar-2017 20:00:04.073 INFO [main] org.apache.catalina.startup.VersionLoggerListener.log Command line argument: -Dcatalina.home=./server/apache-tomcat-8.0.24
09-Mar-2017 20:00:04.073 INFO [main] org.apache.catalina.startup.VersionLoggerListener.log Command line argument: -Djava.io.tmpdir=./server/apache-tomcat-8.0.24/temp
09-Mar-2017 20:00:04.074 INFO [main] org.apache.catalina.core.AprLifecycleListener.lifecycleEvent The APR based Apache Tomcat Native library which allows optimal performance in production environments was not found on the java.library.path: /Users/agabaisaac/Library/Java/Extensions:/Library/Java/Extensions:/Network/Library/Java/Extensions:/System/Library/Java/Extensions:/usr/lib/java:.
09-Mar-2017 20:00:04.280 INFO [main] org.apache.coyote.AbstractProtocol.init Initializing ProtocolHandler ["http-nio-8080"]
09-Mar-2017 20:00:04.316 INFO [main] org.apache.tomcat.util.net.NioSelectorPool.getSharedSelector Using a shared selector for servlet write/read
09-Mar-2017 20:00:04.318 INFO [main] org.apache.coyote.AbstractProtocol.init Initializing ProtocolHandler ["ajp-nio-8009"]
09-Mar-2017 20:00:04.319 INFO [main] org.apache.tomcat.util.net.NioSelectorPool.getSharedSelector Using a shared selector for servlet write/read
09-Mar-2017 20:00:04.320 INFO [main] org.apache.catalina.startup.Catalina.load Initialization processed in 762 ms
09-Mar-2017 20:00:04.348 WARNING [main] org.apache.tomcat.jdbc.pool.ConnectionPool.init maxIdle is larger than maxActive, setting maxIdle to: 20
09-Mar-2017 20:00:06.785 INFO [main] org.camunda.commons.logging.BaseLogger.logInfo ENGINE-08046 Found camunda bpm platform configuration in CATALINA_BASE/CATALINA_HOME conf directory [/Users/agabaisaac/iot/camunda-rasberry/server/apache-tomcat-8.0.24/conf/bpm-platform.xml] at 'file:/Users/agabaisaac/iot/camunda-rasberry/server/apache-tomcat-8.0.24/conf/bpm-platform.xml'
09-Mar-2017 20:00:07.005 INFO [main] org.camunda.commons.logging.BaseLogger.logInfo ENGINE-12003 Plugin 'ProcessApplicationEventListenerPlugin' activated on process engine 'default'
09-Mar-2017 20:00:07.015 INFO [main] org.camunda.commons.logging.BaseLogger.logInfo ENGINE-12003 Plugin 'SpinProcessEnginePlugin' activated on process engine 'default'
09-Mar-2017 20:00:07.020 INFO [main] org.camunda.commons.logging.BaseLogger.logInfo SPIN-01010 Discovered Spin data format provider: org.camunda.spin.impl.json.jackson.format.JacksonJsonDataFormatProvider[name = application/json]
09-Mar-2017 20:00:07.217 INFO [main] org.camunda.commons.logging.BaseLogger.logInfo SPIN-01010 Discovered Spin data format provider: org.camunda.spin.impl.xml.dom.format.DomXmlDataFormatProvider[name = application/xml]
09-Mar-2017 20:00:07.243 INFO [main] org.camunda.commons.logging.BaseLogger.logInfo SPIN-01009 Discovered Spin data format: org.camunda.spin.impl.xml.dom.format.DomXmlDataFormat[name = application/xml]
09-Mar-2017 20:00:07.243 INFO [main] org.camunda.commons.logging.BaseLogger.logInfo SPIN-01009 Discovered Spin data format: org.camunda.spin.impl.json.jackson.format.JacksonJsonDataFormat[name = application/json]
09-Mar-2017 20:00:07.243 INFO [main] org.camunda.commons.logging.BaseLogger.logInfo ENGINE-12003 Plugin 'ConnectProcessEnginePlugin' activated on process engine 'default'
09-Mar-2017 20:00:07.470 INFO [main] org.camunda.commons.logging.BaseLogger.logInfo CNCT-01004 Discovered provider for connector id 'http-connector' and class 'org.camunda.connect.httpclient.impl.HttpConnectorImpl': 'org.camunda.connect.httpclient.impl.HttpConnectorProviderImpl'
09-Mar-2017 20:00:07.472 INFO [main] org.camunda.commons.logging.BaseLogger.logInfo CNCT-01004 Discovered provider for connector id 'soap-http-connector' and class 'org.camunda.connect.httpclient.soap.impl.SoapHttpConnectorImpl': 'org.camunda.connect.httpclient.soap.impl.SoapHttpConnectorProviderImpl'
09-Mar-2017 20:00:09.045 INFO [main] org.camunda.commons.logging.BaseLogger.logInfo ENGINE-00001 Process Engine default created.
09-Mar-2017 20:00:09.046 INFO [main] org.camunda.commons.logging.BaseLogger.logInfo ENGINE-14014 Starting up the JobExecutor[org.camunda.bpm.engine.impl.jobexecutor.RuntimeContainerJobExecutor].
09-Mar-2017 20:00:09.047 INFO [Thread-6] org.camunda.commons.logging.BaseLogger.logInfo ENGINE-14018 JobExecutor[org.camunda.bpm.engine.impl.jobexecutor.RuntimeContainerJobExecutor] starting to acquire jobs
09-Mar-2017 20:00:14.061 INFO [main] org.camunda.commons.logging.BaseLogger.logInfo ENGINE-08048 Camunda BPM platform sucessfully started at 'Apache Tomcat/8.0.24'.
09-Mar-2017 20:00:14.074 INFO [main] org.apache.catalina.core.StandardService.startInternal Starting service Catalina
09-Mar-2017 20:00:14.074 INFO [main] org.apache.catalina.core.StandardEngine.startInternal Starting Servlet Engine: Apache Tomcat/8.0.24
09-Mar-2017 20:00:14.083 INFO [localhost-startStop-1] org.apache.catalina.startup.HostConfig.deployDirectory Deploying web application directory /Users/agabaisaac/iot/camunda-rasberry/server/apache-tomcat-8.0.24/webapps/camunda
09-Mar-2017 20:00:15.674 INFO [localhost-startStop-1] org.apache.jasper.servlet.TldScanner.scanJars At least one JAR was scanned for TLDs yet contained no TLDs. Enable debug logging for this logger for a complete list of JARs that were scanned but no TLDs were found in them. Skipping unneeded JARs during scanning can improve startup time and JSP compilation time.
09-Mar-2017 20:00:16.130 INFO [localhost-startStop-1] org.apache.catalina.startup.HostConfig.deployDirectory Deployment of web application directory /Users/agabaisaac/iot/camunda-rasberry/server/apache-tomcat-8.0.24/webapps/camunda has finished in 2,047 ms
09-Mar-2017 20:00:16.131 INFO [localhost-startStop-1] org.apache.catalina.startup.HostConfig.deployDirectory Deploying web application directory /Users/agabaisaac/iot/camunda-rasberry/server/apache-tomcat-8.0.24/webapps/camunda-welcome
09-Mar-2017 20:00:16.906 INFO [localhost-startStop-1] org.apache.jasper.servlet.TldScanner.scanJars At least one JAR was scanned for TLDs yet contained no TLDs. Enable debug logging for this logger for a complete list of JARs that were scanned but no TLDs were found in them. Skipping unneeded JARs during scanning can improve startup time and JSP compilation time.
09-Mar-2017 20:00:16.908 INFO [localhost-startStop-1] org.apache.catalina.startup.HostConfig.deployDirectory Deployment of web application directory /Users/agabaisaac/iot/camunda-rasberry/server/apache-tomcat-8.0.24/webapps/camunda-welcome has finished in 778 ms
09-Mar-2017 20:00:16.908 INFO [localhost-startStop-1] org.apache.catalina.startup.HostConfig.deployDirectory Deploying web application directory /Users/agabaisaac/iot/camunda-rasberry/server/apache-tomcat-8.0.24/webapps/engine-rest
09-Mar-2017 20:00:17.943 INFO [localhost-startStop-1] org.apache.jasper.servlet.TldScanner.scanJars At least one JAR was scanned for TLDs yet contained no TLDs. Enable debug logging for this logger for a complete list of JARs that were scanned but no TLDs were found in them. Skipping unneeded JARs during scanning can improve startup time and JSP compilation time.
09-Mar-2017 20:00:18.025 INFO [localhost-startStop-1] org.jboss.resteasy.logging.impl.Slf4jLogger.info Deploying javax.ws.rs.core.Application: class org.camunda.bpm.engine.rest.impl.application.DefaultApplication
09-Mar-2017 20:00:18.087 INFO [localhost-startStop-1] org.apache.catalina.startup.HostConfig.deployDirectory Deployment of web application directory /Users/agabaisaac/iot/camunda-rasberry/server/apache-tomcat-8.0.24/webapps/engine-rest has finished in 1,179 ms
09-Mar-2017 20:00:18.087 INFO [localhost-startStop-1] org.apache.catalina.startup.HostConfig.deployDirectory Deploying web application directory /Users/agabaisaac/iot/camunda-rasberry/server/apache-tomcat-8.0.24/webapps/h2
09-Mar-2017 20:00:18.857 INFO [localhost-startStop-1] org.apache.jasper.servlet.TldScanner.scanJars At least one JAR was scanned for TLDs yet contained no TLDs. Enable debug logging for this logger for a complete list of JARs that were scanned but no TLDs were found in them. Skipping unneeded JARs during scanning can improve startup time and JSP compilation time.
09-Mar-2017 20:00:23.865 INFO [localhost-startStop-1] org.apache.catalina.startup.HostConfig.deployDirectory Deployment of web application directory /Users/agabaisaac/iot/camunda-rasberry/server/apache-tomcat-8.0.24/webapps/h2 has finished in 5,777 ms
09-Mar-2017 20:00:23.865 INFO [localhost-startStop-1] org.apache.catalina.startup.HostConfig.deployDirectory Deploying web application directory /Users/agabaisaac/iot/camunda-rasberry/server/apache-tomcat-8.0.24/webapps/host-manager
09-Mar-2017 20:00:24.585 INFO [localhost-startStop-1] org.apache.jasper.servlet.TldScanner.scanJars At least one JAR was scanned for TLDs yet contained no TLDs. Enable debug logging for this logger for a complete list of JARs that were scanned but no TLDs were found in them. Skipping unneeded JARs during scanning can improve startup time and JSP compilation time.
09-Mar-2017 20:00:24.596 INFO [localhost-startStop-1] org.apache.catalina.startup.HostConfig.deployDirectory Deployment of web application directory /Users/agabaisaac/iot/camunda-rasberry/server/apache-tomcat-8.0.24/webapps/host-manager has finished in 730 ms
09-Mar-2017 20:00:24.596 INFO [localhost-startStop-1] org.apache.catalina.startup.HostConfig.deployDirectory Deploying web application directory /Users/agabaisaac/iot/camunda-rasberry/server/apache-tomcat-8.0.24/webapps/manager
09-Mar-2017 20:00:25.303 INFO [localhost-startStop-1] org.apache.jasper.servlet.TldScanner.scanJars At least one JAR was scanned for TLDs yet contained no TLDs. Enable debug logging for this logger for a complete list of JARs that were scanned but no TLDs were found in them. Skipping unneeded JARs during scanning can improve startup time and JSP compilation time.
09-Mar-2017 20:00:25.394 INFO [localhost-startStop-1] org.apache.catalina.startup.HostConfig.deployDirectory Deployment of web application directory /Users/agabaisaac/iot/camunda-rasberry/server/apache-tomcat-8.0.24/webapps/manager has finished in 798 ms
09-Mar-2017 20:00:25.395 INFO [localhost-startStop-1] org.apache.catalina.startup.HostConfig.deployDirectory Deploying web application directory /Users/agabaisaac/iot/camunda-rasberry/server/apache-tomcat-8.0.24/webapps/ROOT
09-Mar-2017 20:00:26.094 INFO [localhost-startStop-1] org.apache.jasper.servlet.TldScanner.scanJars At least one JAR was scanned for TLDs yet contained no TLDs. Enable debug logging for this logger for a complete list of JARs that were scanned but no TLDs were found in them. Skipping unneeded JARs during scanning can improve startup time and JSP compilation time.
09-Mar-2017 20:00:26.095 INFO [localhost-startStop-1] org.apache.catalina.startup.HostConfig.deployDirectory Deployment of web application directory /Users/agabaisaac/iot/camunda-rasberry/server/apache-tomcat-8.0.24/webapps/ROOT has finished in 700 ms
09-Mar-2017 20:00:26.105 INFO [main] org.apache.coyote.AbstractProtocol.start Starting ProtocolHandler ["http-nio-8080"]
09-Mar-2017 20:00:26.113 INFO [main] org.apache.coyote.AbstractProtocol.start Starting ProtocolHandler ["ajp-nio-8009"]
09-Mar-2017 20:00:26.113 INFO [main] org.apache.catalina.startup.Catalina.start Server startup in 21793 ms
09-Mar-2017 23:00:01.433 INFO [ContainerBackgroundProcessor[StandardEngine[Catalina]]] org.apache.catalina.startup.HostConfig.reload Reloading context [/manager]
09-Mar-2017 23:00:01.434 INFO [ContainerBackgroundProcessor[StandardEngine[Catalina]]] org.apache.catalina.core.StandardContext.reload Reloading Context with name [/manager] has started
09-Mar-2017 23:00:02.387 INFO [ContainerBackgroundProcessor[StandardEngine[Catalina]]] org.apache.jasper.servlet.TldScanner.scanJars At least one JAR was scanned for TLDs yet contained no TLDs. Enable debug logging for this logger for a complete list of JARs that were scanned but no TLDs were found in them. Skipping unneeded JARs during scanning can improve startup time and JSP compilation time.
09-Mar-2017 23:00:02.390 INFO [ContainerBackgroundProcessor[StandardEngine[Catalina]]] org.apache.catalina.core.StandardContext.reload Reloading Context with name [/manager] is completed
09-Mar-2017 23:01:26.651 INFO [main] org.apache.catalina.core.StandardServer.await A valid shutdown command was received via the shutdown port. Stopping the Server instance.
09-Mar-2017 23:01:26.652 INFO [main] org.camunda.commons.logging.BaseLogger.logInfo ENGINE-14015 Shutting down the JobExecutor[org.camunda.bpm.engine.impl.jobexecutor.RuntimeContainerJobExecutor]
09-Mar-2017 23:01:26.652 INFO [20] org.camunda.commons.logging.BaseLogger.logInfo ENGINE-14020 JobExecutor[org.camunda.bpm.engine.impl.jobexecutor.RuntimeContainerJobExecutor] stopped job acquisition
09-Mar-2017 23:01:26.656 INFO [main] org.camunda.commons.logging.BaseLogger.logInfo ENGINE-00007 Process Engine default closed
09-Mar-2017 23:01:26.656 INFO [main] org.camunda.commons.logging.BaseLogger.logInfo ENGINE-08049 Camunda BPM platform stopped at 'Apache Tomcat/8.0.24'
09-Mar-2017 23:01:26.657 INFO [main] org.apache.coyote.AbstractProtocol.pause Pausing ProtocolHandler ["http-nio-8080"]
09-Mar-2017 23:01:26.713 INFO [main] org.apache.coyote.AbstractProtocol.pause Pausing ProtocolHandler ["ajp-nio-8009"]
09-Mar-2017 23:01:26.764 INFO [main] org.apache.catalina.core.StandardService.stopInternal Stopping service Catalina
09-Mar-2017 23:01:26.795 INFO [main] org.apache.coyote.AbstractProtocol.stop Stopping ProtocolHandler ["http-nio-8080"]
09-Mar-2017 23:01:26.797 INFO [main] org.apache.coyote.AbstractProtocol.stop Stopping ProtocolHandler ["ajp-nio-8009"]
09-Mar-2017 23:01:26.798 INFO [main] org.apache.coyote.AbstractProtocol.destroy Destroying ProtocolHandler ["http-nio-8080"]
09-Mar-2017 23:01:26.798 INFO [main] org.apache.coyote.AbstractProtocol.destroy Destroying ProtocolHandler ["ajp-nio-8009"]
09-Mar-2017 23:01:41.139 INFO [main] org.apache.catalina.startup.VersionLoggerListener.log Server version:        Apache Tomcat/8.0.24
09-Mar-2017 23:01:41.140 INFO [main] org.apache.catalina.startup.VersionLoggerListener.log Server built:          Jul 1 2015 20:19:55 UTC
09-Mar-2017 23:01:41.141 INFO [main] org.apache.catalina.startup.VersionLoggerListener.log Server number:         8.0.24.0
09-Mar-2017 23:01:41.141 INFO [main] org.apache.catalina.startup.VersionLoggerListener.log OS Name:               Mac OS X
09-Mar-2017 23:01:41.141 INFO [main] org.apache.catalina.startup.VersionLoggerListener.log OS Version:            10.12.3
09-Mar-2017 23:01:41.141 INFO [main] org.apache.catalina.startup.VersionLoggerListener.log Architecture:          x86_64
09-Mar-2017 23:01:41.143 INFO [main] org.apache.catalina.startup.VersionLoggerListener.log Java Home:             /Library/Java/JavaVirtualMachines/jdk1.8.0_111.jdk/Contents/Home/jre
09-Mar-2017 23:01:41.143 INFO [main] org.apache.catalina.startup.VersionLoggerListener.log JVM Version:           1.8.0_111-b14
09-Mar-2017 23:01:41.143 INFO [main] org.apache.catalina.startup.VersionLoggerListener.log JVM Vendor:            Oracle Corporation
09-Mar-2017 23:01:41.144 INFO [main] org.apache.catalina.startup.VersionLoggerListener.log CATALINA_BASE:         /Users/agabaisaac/iot/camunda-rasberry/server/apache-tomcat-8.0.24
09-Mar-2017 23:01:41.144 INFO [main] org.apache.catalina.startup.VersionLoggerListener.log CATALINA_HOME:         /Users/agabaisaac/iot/camunda-rasberry/server/apache-tomcat-8.0.24
09-Mar-2017 23:01:41.144 INFO [main] org.apache.catalina.startup.VersionLoggerListener.log Command line argument: -Djava.util.logging.config.file=./server/apache-tomcat-8.0.24/conf/logging.properties
09-Mar-2017 23:01:41.144 INFO [main] org.apache.catalina.startup.VersionLoggerListener.log Command line argument: -Djava.util.logging.manager=org.apache.juli.ClassLoaderLogManager
09-Mar-2017 23:01:41.145 INFO [main] org.apache.catalina.startup.VersionLoggerListener.log Command line argument: -Xmx512m
09-Mar-2017 23:01:41.145 INFO [main] org.apache.catalina.startup.VersionLoggerListener.log Command line argument: -XX:MaxPermSize=256m
09-Mar-2017 23:01:41.145 INFO [main] org.apache.catalina.startup.VersionLoggerListener.log Command line argument: -XX:PermSize=256m
09-Mar-2017 23:01:41.145 INFO [main] org.apache.catalina.startup.VersionLoggerListener.log Command line argument: -Djava.endorsed.dirs=./server/apache-tomcat-8.0.24/endorsed
09-Mar-2017 23:01:41.145 INFO [main] org.apache.catalina.startup.VersionLoggerListener.log Command line argument: -Dcatalina.base=./server/apache-tomcat-8.0.24
09-Mar-2017 23:01:41.145 INFO [main] org.apache.catalina.startup.VersionLoggerListener.log Command line argument: -Dcatalina.home=./server/apache-tomcat-8.0.24
09-Mar-2017 23:01:41.145 INFO [main] org.apache.catalina.startup.VersionLoggerListener.log Command line argument: -Djava.io.tmpdir=./server/apache-tomcat-8.0.24/temp
09-Mar-2017 23:01:41.146 INFO [main] org.apache.catalina.core.AprLifecycleListener.lifecycleEvent The APR based Apache Tomcat Native library which allows optimal performance in production environments was not found on the java.library.path: /Users/agabaisaac/Library/Java/Extensions:/Library/Java/Extensions:/Network/Library/Java/Extensions:/System/Library/Java/Extensions:/usr/lib/java:.
09-Mar-2017 23:01:41.289 INFO [main] org.apache.coyote.AbstractProtocol.init Initializing ProtocolHandler ["http-nio-8080"]
09-Mar-2017 23:01:41.315 INFO [main] org.apache.tomcat.util.net.NioSelectorPool.getSharedSelector Using a shared selector for servlet write/read
09-Mar-2017 23:01:41.317 INFO [main] org.apache.coyote.AbstractProtocol.init Initializing ProtocolHandler ["ajp-nio-8009"]
09-Mar-2017 23:01:41.318 INFO [main] org.apache.tomcat.util.net.NioSelectorPool.getSharedSelector Using a shared selector for servlet write/read
09-Mar-2017 23:01:41.319 INFO [main] org.apache.catalina.startup.Catalina.load Initialization processed in 530 ms
09-Mar-2017 23:01:41.339 WARNING [main] org.apache.tomcat.jdbc.pool.ConnectionPool.init maxIdle is larger than maxActive, setting maxIdle to: 20
09-Mar-2017 23:01:43.701 INFO [main] org.camunda.commons.logging.BaseLogger.logInfo ENGINE-08046 Found camunda bpm platform configuration in CATALINA_BASE/CATALINA_HOME conf directory [/Users/agabaisaac/iot/camunda-rasberry/server/apache-tomcat-8.0.24/conf/bpm-platform.xml] at 'file:/Users/agabaisaac/iot/camunda-rasberry/server/apache-tomcat-8.0.24/conf/bpm-platform.xml'
09-Mar-2017 23:01:43.824 INFO [main] org.camunda.commons.logging.BaseLogger.logInfo ENGINE-12003 Plugin 'ProcessApplicationEventListenerPlugin' activated on process engine 'default'
09-Mar-2017 23:01:43.828 INFO [main] org.camunda.commons.logging.BaseLogger.logInfo ENGINE-12003 Plugin 'SpinProcessEnginePlugin' activated on process engine 'default'
09-Mar-2017 23:01:43.832 INFO [main] org.camunda.commons.logging.BaseLogger.logInfo SPIN-01010 Discovered Spin data format provider: org.camunda.spin.impl.json.jackson.format.JacksonJsonDataFormatProvider[name = application/json]
09-Mar-2017 23:01:43.947 INFO [main] org.camunda.commons.logging.BaseLogger.logInfo SPIN-01010 Discovered Spin data format provider: org.camunda.spin.impl.xml.dom.format.DomXmlDataFormatProvider[name = application/xml]
09-Mar-2017 23:01:43.955 INFO [main] org.camunda.commons.logging.BaseLogger.logInfo SPIN-01009 Discovered Spin data format: org.camunda.spin.impl.xml.dom.format.DomXmlDataFormat[name = application/xml]
09-Mar-2017 23:01:43.955 INFO [main] org.camunda.commons.logging.BaseLogger.logInfo SPIN-01009 Discovered Spin data format: org.camunda.spin.impl.json.jackson.format.JacksonJsonDataFormat[name = application/json]
09-Mar-2017 23:01:43.955 INFO [main] org.camunda.commons.logging.BaseLogger.logInfo ENGINE-12003 Plugin 'ConnectProcessEnginePlugin' activated on process engine 'default'
09-Mar-2017 23:01:44.111 INFO [main] org.camunda.commons.logging.BaseLogger.logInfo CNCT-01004 Discovered provider for connector id 'http-connector' and class 'org.camunda.connect.httpclient.impl.HttpConnectorImpl': 'org.camunda.connect.httpclient.impl.HttpConnectorProviderImpl'
09-Mar-2017 23:01:44.113 INFO [main] org.camunda.commons.logging.BaseLogger.logInfo CNCT-01004 Discovered provider for connector id 'soap-http-connector' and class 'org.camunda.connect.httpclient.soap.impl.SoapHttpConnectorImpl': 'org.camunda.connect.httpclient.soap.impl.SoapHttpConnectorProviderImpl'
09-Mar-2017 23:01:45.777 INFO [main] org.camunda.commons.logging.BaseLogger.logInfo ENGINE-00001 Process Engine default created.
09-Mar-2017 23:01:45.778 INFO [main] org.camunda.commons.logging.BaseLogger.logInfo ENGINE-14014 Starting up the JobExecutor[org.camunda.bpm.engine.impl.jobexecutor.RuntimeContainerJobExecutor].
09-Mar-2017 23:01:45.779 INFO [Thread-6] org.camunda.commons.logging.BaseLogger.logInfo ENGINE-14018 JobExecutor[org.camunda.bpm.engine.impl.jobexecutor.RuntimeContainerJobExecutor] starting to acquire jobs
09-Mar-2017 23:01:50.787 INFO [main] org.camunda.commons.logging.BaseLogger.logInfo ENGINE-08048 Camunda BPM platform sucessfully started at 'Apache Tomcat/8.0.24'.
09-Mar-2017 23:01:50.798 INFO [main] org.apache.catalina.core.StandardService.startInternal Starting service Catalina
09-Mar-2017 23:01:50.798 INFO [main] org.apache.catalina.core.StandardEngine.startInternal Starting Servlet Engine: Apache Tomcat/8.0.24
09-Mar-2017 23:01:50.804 INFO [localhost-startStop-1] org.apache.catalina.startup.HostConfig.deployDirectory Deploying web application directory /Users/agabaisaac/iot/camunda-rasberry/server/apache-tomcat-8.0.24/webapps/camunda
09-Mar-2017 23:01:52.248 INFO [localhost-startStop-1] org.apache.jasper.servlet.TldScanner.scanJars At least one JAR was scanned for TLDs yet contained no TLDs. Enable debug logging for this logger for a complete list of JARs that were scanned but no TLDs were found in them. Skipping unneeded JARs during scanning can improve startup time and JSP compilation time.
09-Mar-2017 23:01:52.730 INFO [localhost-startStop-1] org.apache.catalina.startup.HostConfig.deployDirectory Deployment of web application directory /Users/agabaisaac/iot/camunda-rasberry/server/apache-tomcat-8.0.24/webapps/camunda has finished in 1,925 ms
09-Mar-2017 23:01:52.730 INFO [localhost-startStop-1] org.apache.catalina.startup.HostConfig.deployDirectory Deploying web application directory /Users/agabaisaac/iot/camunda-rasberry/server/apache-tomcat-8.0.24/webapps/camunda-welcome
09-Mar-2017 23:01:53.632 INFO [localhost-startStop-1] org.apache.jasper.servlet.TldScanner.scanJars At least one JAR was scanned for TLDs yet contained no TLDs. Enable debug logging for this logger for a complete list of JARs that were scanned but no TLDs were found in them. Skipping unneeded JARs during scanning can improve startup time and JSP compilation time.
09-Mar-2017 23:01:53.634 INFO [localhost-startStop-1] org.apache.catalina.startup.HostConfig.deployDirectory Deployment of web application directory /Users/agabaisaac/iot/camunda-rasberry/server/apache-tomcat-8.0.24/webapps/camunda-welcome has finished in 904 ms
09-Mar-2017 23:01:53.634 INFO [localhost-startStop-1] org.apache.catalina.startup.HostConfig.deployDirectory Deploying web application directory /Users/agabaisaac/iot/camunda-rasberry/server/apache-tomcat-8.0.24/webapps/engine-rest
09-Mar-2017 23:01:54.754 INFO [localhost-startStop-1] org.apache.jasper.servlet.TldScanner.scanJars At least one JAR was scanned for TLDs yet contained no TLDs. Enable debug logging for this logger for a complete list of JARs that were scanned but no TLDs were found in them. Skipping unneeded JARs during scanning can improve startup time and JSP compilation time.
09-Mar-2017 23:01:54.842 INFO [localhost-startStop-1] org.jboss.resteasy.logging.impl.Slf4jLogger.info Deploying javax.ws.rs.core.Application: class org.camunda.bpm.engine.rest.impl.application.DefaultApplication
09-Mar-2017 23:01:54.927 INFO [localhost-startStop-1] org.apache.catalina.startup.HostConfig.deployDirectory Deployment of web application directory /Users/agabaisaac/iot/camunda-rasberry/server/apache-tomcat-8.0.24/webapps/engine-rest has finished in 1,292 ms
09-Mar-2017 23:01:54.927 INFO [localhost-startStop-1] org.apache.catalina.startup.HostConfig.deployDirectory Deploying web application directory /Users/agabaisaac/iot/camunda-rasberry/server/apache-tomcat-8.0.24/webapps/h2
09-Mar-2017 23:01:55.778 INFO [localhost-startStop-1] org.apache.jasper.servlet.TldScanner.scanJars At least one JAR was scanned for TLDs yet contained no TLDs. Enable debug logging for this logger for a complete list of JARs that were scanned but no TLDs were found in them. Skipping unneeded JARs during scanning can improve startup time and JSP compilation time.
09-Mar-2017 23:02:00.786 INFO [localhost-startStop-1] org.apache.catalina.startup.HostConfig.deployDirectory Deployment of web application directory /Users/agabaisaac/iot/camunda-rasberry/server/apache-tomcat-8.0.24/webapps/h2 has finished in 5,859 ms
09-Mar-2017 23:02:00.786 INFO [localhost-startStop-1] org.apache.catalina.startup.HostConfig.deployDirectory Deploying web application directory /Users/agabaisaac/iot/camunda-rasberry/server/apache-tomcat-8.0.24/webapps/host-manager
09-Mar-2017 23:02:01.587 INFO [localhost-startStop-1] org.apache.jasper.servlet.TldScanner.scanJars At least one JAR was scanned for TLDs yet contained no TLDs. Enable debug logging for this logger for a complete list of JARs that were scanned but no TLDs were found in them. Skipping unneeded JARs during scanning can improve startup time and JSP compilation time.
09-Mar-2017 23:02:01.590 INFO [localhost-startStop-1] org.apache.catalina.startup.HostConfig.deployDirectory Deployment of web application directory /Users/agabaisaac/iot/camunda-rasberry/server/apache-tomcat-8.0.24/webapps/host-manager has finished in 804 ms
09-Mar-2017 23:02:01.590 INFO [localhost-startStop-1] org.apache.catalina.startup.HostConfig.deployDirectory Deploying web application directory /Users/agabaisaac/iot/camunda-rasberry/server/apache-tomcat-8.0.24/webapps/manager
09-Mar-2017 23:02:02.394 INFO [localhost-startStop-1] org.apache.jasper.servlet.TldScanner.scanJars At least one JAR was scanned for TLDs yet contained no TLDs. Enable debug logging for this logger for a complete list of JARs that were scanned but no TLDs were found in them. Skipping unneeded JARs during scanning can improve startup time and JSP compilation time.
09-Mar-2017 23:02:02.455 INFO [localhost-startStop-1] org.apache.catalina.startup.HostConfig.deployDirectory Deployment of web application directory /Users/agabaisaac/iot/camunda-rasberry/server/apache-tomcat-8.0.24/webapps/manager has finished in 865 ms
09-Mar-2017 23:02:02.455 INFO [localhost-startStop-1] org.apache.catalina.startup.HostConfig.deployDirectory Deploying web application directory /Users/agabaisaac/iot/camunda-rasberry/server/apache-tomcat-8.0.24/webapps/ROOT
09-Mar-2017 23:02:03.255 INFO [localhost-startStop-1] org.apache.jasper.servlet.TldScanner.scanJars At least one JAR was scanned for TLDs yet contained no TLDs. Enable debug logging for this logger for a complete list of JARs that were scanned but no TLDs were found in them. Skipping unneeded JARs during scanning can improve startup time and JSP compilation time.
09-Mar-2017 23:02:03.256 INFO [localhost-startStop-1] org.apache.catalina.startup.HostConfig.deployDirectory Deployment of web application directory /Users/agabaisaac/iot/camunda-rasberry/server/apache-tomcat-8.0.24/webapps/ROOT has finished in 801 ms
09-Mar-2017 23:02:03.260 INFO [main] org.apache.coyote.AbstractProtocol.start Starting ProtocolHandler ["http-nio-8080"]
09-Mar-2017 23:02:03.264 INFO [main] org.apache.coyote.AbstractProtocol.start Starting ProtocolHandler ["ajp-nio-8009"]
09-Mar-2017 23:02:03.265 INFO [main] org.apache.catalina.startup.Catalina.start Server startup in 21945 ms
