23-Mar-2017 17:10:52.629 INFO [main] org.apache.catalina.startup.VersionLoggerListener.log Server version:        Apache Tomcat/8.0.24
23-Mar-2017 17:10:52.631 INFO [main] org.apache.catalina.startup.VersionLoggerListener.log Server built:          Jul 1 2015 20:19:55 UTC
23-Mar-2017 17:10:52.631 INFO [main] org.apache.catalina.startup.VersionLoggerListener.log Server number:         8.0.24.0
23-Mar-2017 17:10:52.631 INFO [main] org.apache.catalina.startup.VersionLoggerListener.log OS Name:               Mac OS X
23-Mar-2017 17:10:52.631 INFO [main] org.apache.catalina.startup.VersionLoggerListener.log OS Version:            10.12.3
23-Mar-2017 17:10:52.631 INFO [main] org.apache.catalina.startup.VersionLoggerListener.log Architecture:          x86_64
23-Mar-2017 17:10:52.631 INFO [main] org.apache.catalina.startup.VersionLoggerListener.log Java Home:             /Library/Java/JavaVirtualMachines/jdk1.8.0_111.jdk/Contents/Home/jre
23-Mar-2017 17:10:52.631 INFO [main] org.apache.catalina.startup.VersionLoggerListener.log JVM Version:           1.8.0_111-b14
23-Mar-2017 17:10:52.631 INFO [main] org.apache.catalina.startup.VersionLoggerListener.log JVM Vendor:            Oracle Corporation
23-Mar-2017 17:10:52.631 INFO [main] org.apache.catalina.startup.VersionLoggerListener.log CATALINA_BASE:         /Users/agabaisaac/iot/camunda-rasberry/server/apache-tomcat-8.0.24
23-Mar-2017 17:10:52.631 INFO [main] org.apache.catalina.startup.VersionLoggerListener.log CATALINA_HOME:         /Users/agabaisaac/iot/camunda-rasberry/server/apache-tomcat-8.0.24
23-Mar-2017 17:10:52.632 INFO [main] org.apache.catalina.startup.VersionLoggerListener.log Command line argument: -Djava.util.logging.config.file=./server/apache-tomcat-8.0.24/conf/logging.properties
23-Mar-2017 17:10:52.632 INFO [main] org.apache.catalina.startup.VersionLoggerListener.log Command line argument: -Djava.util.logging.manager=org.apache.juli.ClassLoaderLogManager
23-Mar-2017 17:10:52.632 INFO [main] org.apache.catalina.startup.VersionLoggerListener.log Command line argument: -Xmx512m
23-Mar-2017 17:10:52.632 INFO [main] org.apache.catalina.startup.VersionLoggerListener.log Command line argument: -XX:MaxPermSize=256m
23-Mar-2017 17:10:52.632 INFO [main] org.apache.catalina.startup.VersionLoggerListener.log Command line argument: -XX:PermSize=256m
23-Mar-2017 17:10:52.632 INFO [main] org.apache.catalina.startup.VersionLoggerListener.log Command line argument: -Djava.endorsed.dirs=./server/apache-tomcat-8.0.24/endorsed
23-Mar-2017 17:10:52.633 INFO [main] org.apache.catalina.startup.VersionLoggerListener.log Command line argument: -Dcatalina.base=./server/apache-tomcat-8.0.24
23-Mar-2017 17:10:52.633 INFO [main] org.apache.catalina.startup.VersionLoggerListener.log Command line argument: -Dcatalina.home=./server/apache-tomcat-8.0.24
23-Mar-2017 17:10:52.633 INFO [main] org.apache.catalina.startup.VersionLoggerListener.log Command line argument: -Djava.io.tmpdir=./server/apache-tomcat-8.0.24/temp
23-Mar-2017 17:10:52.633 INFO [main] org.apache.catalina.core.AprLifecycleListener.lifecycleEvent The APR based Apache Tomcat Native library which allows optimal performance in production environments was not found on the java.library.path: /Users/agabaisaac/Library/Java/Extensions:/Library/Java/Extensions:/Network/Library/Java/Extensions:/System/Library/Java/Extensions:/usr/lib/java:.
23-Mar-2017 17:10:52.838 INFO [main] org.apache.coyote.AbstractProtocol.init Initializing ProtocolHandler ["http-nio-8080"]
23-Mar-2017 17:10:52.875 INFO [main] org.apache.tomcat.util.net.NioSelectorPool.getSharedSelector Using a shared selector for servlet write/read
23-Mar-2017 17:10:52.877 INFO [main] org.apache.coyote.AbstractProtocol.init Initializing ProtocolHandler ["ajp-nio-8009"]
23-Mar-2017 17:10:52.878 INFO [main] org.apache.tomcat.util.net.NioSelectorPool.getSharedSelector Using a shared selector for servlet write/read
23-Mar-2017 17:10:52.879 INFO [main] org.apache.catalina.startup.Catalina.load Initialization processed in 772 ms
23-Mar-2017 17:10:52.908 WARNING [main] org.apache.tomcat.jdbc.pool.ConnectionPool.init maxIdle is larger than maxActive, setting maxIdle to: 20
23-Mar-2017 17:10:55.446 INFO [main] org.camunda.commons.logging.BaseLogger.logInfo ENGINE-08046 Found camunda bpm platform configuration in CATALINA_BASE/CATALINA_HOME conf directory [/Users/agabaisaac/iot/camunda-rasberry/server/apache-tomcat-8.0.24/conf/bpm-platform.xml] at 'file:/Users/agabaisaac/iot/camunda-rasberry/server/apache-tomcat-8.0.24/conf/bpm-platform.xml'
23-Mar-2017 17:10:55.667 INFO [main] org.camunda.commons.logging.BaseLogger.logInfo ENGINE-12003 Plugin 'ProcessApplicationEventListenerPlugin' activated on process engine 'default'
23-Mar-2017 17:10:55.677 INFO [main] org.camunda.commons.logging.BaseLogger.logInfo ENGINE-12003 Plugin 'SpinProcessEnginePlugin' activated on process engine 'default'
23-Mar-2017 17:10:55.685 INFO [main] org.camunda.commons.logging.BaseLogger.logInfo SPIN-01010 Discovered Spin data format provider: org.camunda.spin.impl.json.jackson.format.JacksonJsonDataFormatProvider[name = application/json]
23-Mar-2017 17:10:55.896 INFO [main] org.camunda.commons.logging.BaseLogger.logInfo SPIN-01010 Discovered Spin data format provider: org.camunda.spin.impl.xml.dom.format.DomXmlDataFormatProvider[name = application/xml]
23-Mar-2017 17:10:55.916 INFO [main] org.camunda.commons.logging.BaseLogger.logInfo SPIN-01009 Discovered Spin data format: org.camunda.spin.impl.xml.dom.format.DomXmlDataFormat[name = application/xml]
23-Mar-2017 17:10:55.916 INFO [main] org.camunda.commons.logging.BaseLogger.logInfo SPIN-01009 Discovered Spin data format: org.camunda.spin.impl.json.jackson.format.JacksonJsonDataFormat[name = application/json]
23-Mar-2017 17:10:55.916 INFO [main] org.camunda.commons.logging.BaseLogger.logInfo ENGINE-12003 Plugin 'ConnectProcessEnginePlugin' activated on process engine 'default'
23-Mar-2017 17:10:56.123 INFO [main] org.camunda.commons.logging.BaseLogger.logInfo CNCT-01004 Discovered provider for connector id 'http-connector' and class 'org.camunda.connect.httpclient.impl.HttpConnectorImpl': 'org.camunda.connect.httpclient.impl.HttpConnectorProviderImpl'
23-Mar-2017 17:10:56.126 INFO [main] org.camunda.commons.logging.BaseLogger.logInfo CNCT-01004 Discovered provider for connector id 'soap-http-connector' and class 'org.camunda.connect.httpclient.soap.impl.SoapHttpConnectorImpl': 'org.camunda.connect.httpclient.soap.impl.SoapHttpConnectorProviderImpl'
23-Mar-2017 17:10:57.792 INFO [main] org.camunda.commons.logging.BaseLogger.logInfo ENGINE-00001 Process Engine default created.
23-Mar-2017 17:10:57.793 INFO [main] org.camunda.commons.logging.BaseLogger.logInfo ENGINE-14014 Starting up the JobExecutor[org.camunda.bpm.engine.impl.jobexecutor.RuntimeContainerJobExecutor].
23-Mar-2017 17:10:57.794 INFO [Thread-6] org.camunda.commons.logging.BaseLogger.logInfo ENGINE-14018 JobExecutor[org.camunda.bpm.engine.impl.jobexecutor.RuntimeContainerJobExecutor] starting to acquire jobs
23-Mar-2017 17:11:02.800 INFO [main] org.camunda.commons.logging.BaseLogger.logInfo ENGINE-08048 Camunda BPM platform sucessfully started at 'Apache Tomcat/8.0.24'.
23-Mar-2017 17:11:02.812 INFO [main] org.apache.catalina.core.StandardService.startInternal Starting service Catalina
23-Mar-2017 17:11:02.812 INFO [main] org.apache.catalina.core.StandardEngine.startInternal Starting Servlet Engine: Apache Tomcat/8.0.24
23-Mar-2017 17:11:02.820 INFO [localhost-startStop-1] org.apache.catalina.startup.HostConfig.deployDirectory Deploying web application directory /Users/agabaisaac/iot/camunda-rasberry/server/apache-tomcat-8.0.24/webapps/camunda
23-Mar-2017 17:11:04.533 INFO [localhost-startStop-1] org.apache.jasper.servlet.TldScanner.scanJars At least one JAR was scanned for TLDs yet contained no TLDs. Enable debug logging for this logger for a complete list of JARs that were scanned but no TLDs were found in them. Skipping unneeded JARs during scanning can improve startup time and JSP compilation time.
23-Mar-2017 17:11:05.046 INFO [localhost-startStop-1] org.apache.catalina.startup.HostConfig.deployDirectory Deployment of web application directory /Users/agabaisaac/iot/camunda-rasberry/server/apache-tomcat-8.0.24/webapps/camunda has finished in 2,226 ms
23-Mar-2017 17:11:05.047 INFO [localhost-startStop-1] org.apache.catalina.startup.HostConfig.deployDirectory Deploying web application directory /Users/agabaisaac/iot/camunda-rasberry/server/apache-tomcat-8.0.24/webapps/camunda-welcome
23-Mar-2017 17:11:05.867 INFO [localhost-startStop-1] org.apache.jasper.servlet.TldScanner.scanJars At least one JAR was scanned for TLDs yet contained no TLDs. Enable debug logging for this logger for a complete list of JARs that were scanned but no TLDs were found in them. Skipping unneeded JARs during scanning can improve startup time and JSP compilation time.
23-Mar-2017 17:11:05.869 INFO [localhost-startStop-1] org.apache.catalina.startup.HostConfig.deployDirectory Deployment of web application directory /Users/agabaisaac/iot/camunda-rasberry/server/apache-tomcat-8.0.24/webapps/camunda-welcome has finished in 823 ms
23-Mar-2017 17:11:05.869 INFO [localhost-startStop-1] org.apache.catalina.startup.HostConfig.deployDirectory Deploying web application directory /Users/agabaisaac/iot/camunda-rasberry/server/apache-tomcat-8.0.24/webapps/engine-rest
23-Mar-2017 17:11:07.116 INFO [localhost-startStop-1] org.apache.jasper.servlet.TldScanner.scanJars At least one JAR was scanned for TLDs yet contained no TLDs. Enable debug logging for this logger for a complete list of JARs that were scanned but no TLDs were found in them. Skipping unneeded JARs during scanning can improve startup time and JSP compilation time.
23-Mar-2017 17:11:07.219 INFO [localhost-startStop-1] org.jboss.resteasy.logging.impl.Slf4jLogger.info Deploying javax.ws.rs.core.Application: class org.camunda.bpm.engine.rest.impl.application.DefaultApplication
23-Mar-2017 17:11:07.298 INFO [localhost-startStop-1] org.apache.catalina.startup.HostConfig.deployDirectory Deployment of web application directory /Users/agabaisaac/iot/camunda-rasberry/server/apache-tomcat-8.0.24/webapps/engine-rest has finished in 1,429 ms
23-Mar-2017 17:11:07.298 INFO [localhost-startStop-1] org.apache.catalina.startup.HostConfig.deployDirectory Deploying web application directory /Users/agabaisaac/iot/camunda-rasberry/server/apache-tomcat-8.0.24/webapps/h2
23-Mar-2017 17:11:08.152 INFO [localhost-startStop-1] org.apache.jasper.servlet.TldScanner.scanJars At least one JAR was scanned for TLDs yet contained no TLDs. Enable debug logging for this logger for a complete list of JARs that were scanned but no TLDs were found in them. Skipping unneeded JARs during scanning can improve startup time and JSP compilation time.
23-Mar-2017 17:11:13.158 INFO [localhost-startStop-1] org.apache.catalina.startup.HostConfig.deployDirectory Deployment of web application directory /Users/agabaisaac/iot/camunda-rasberry/server/apache-tomcat-8.0.24/webapps/h2 has finished in 5,860 ms
23-Mar-2017 17:11:13.158 INFO [localhost-startStop-1] org.apache.catalina.startup.HostConfig.deployDirectory Deploying web application directory /Users/agabaisaac/iot/camunda-rasberry/server/apache-tomcat-8.0.24/webapps/host-manager
23-Mar-2017 17:11:14.053 INFO [localhost-startStop-1] org.apache.jasper.servlet.TldScanner.scanJars At least one JAR was scanned for TLDs yet contained no TLDs. Enable debug logging for this logger for a complete list of JARs that were scanned but no TLDs were found in them. Skipping unneeded JARs during scanning can improve startup time and JSP compilation time.
23-Mar-2017 17:11:14.059 INFO [localhost-startStop-1] org.apache.catalina.startup.HostConfig.deployDirectory Deployment of web application directory /Users/agabaisaac/iot/camunda-rasberry/server/apache-tomcat-8.0.24/webapps/host-manager has finished in 901 ms
23-Mar-2017 17:11:14.059 INFO [localhost-startStop-1] org.apache.catalina.startup.HostConfig.deployDirectory Deploying web application directory /Users/agabaisaac/iot/camunda-rasberry/server/apache-tomcat-8.0.24/webapps/manager
23-Mar-2017 17:11:14.940 INFO [localhost-startStop-1] org.apache.jasper.servlet.TldScanner.scanJars At least one JAR was scanned for TLDs yet contained no TLDs. Enable debug logging for this logger for a complete list of JARs that were scanned but no TLDs were found in them. Skipping unneeded JARs during scanning can improve startup time and JSP compilation time.
23-Mar-2017 17:11:14.942 INFO [localhost-startStop-1] org.apache.catalina.startup.HostConfig.deployDirectory Deployment of web application directory /Users/agabaisaac/iot/camunda-rasberry/server/apache-tomcat-8.0.24/webapps/manager has finished in 883 ms
23-Mar-2017 17:11:14.942 INFO [localhost-startStop-1] org.apache.catalina.startup.HostConfig.deployDirectory Deploying web application directory /Users/agabaisaac/iot/camunda-rasberry/server/apache-tomcat-8.0.24/webapps/ROOT
23-Mar-2017 17:11:15.843 INFO [localhost-startStop-1] org.apache.jasper.servlet.TldScanner.scanJars At least one JAR was scanned for TLDs yet contained no TLDs. Enable debug logging for this logger for a complete list of JARs that were scanned but no TLDs were found in them. Skipping unneeded JARs during scanning can improve startup time and JSP compilation time.
23-Mar-2017 17:11:15.844 INFO [localhost-startStop-1] org.apache.catalina.startup.HostConfig.deployDirectory Deployment of web application directory /Users/agabaisaac/iot/camunda-rasberry/server/apache-tomcat-8.0.24/webapps/ROOT has finished in 902 ms
23-Mar-2017 17:11:15.849 INFO [main] org.apache.coyote.AbstractProtocol.start Starting ProtocolHandler ["http-nio-8080"]
23-Mar-2017 17:11:15.855 INFO [main] org.apache.coyote.AbstractProtocol.start Starting ProtocolHandler ["ajp-nio-8009"]
23-Mar-2017 17:11:15.856 INFO [main] org.apache.catalina.startup.Catalina.start Server startup in 22977 ms
