05-Apr-2017 00:00:17.377 SEVERE [http-nio-8080-exec-41] org.camunda.commons.logging.BaseLogger.logError ENGINE-16006 BPMN Stack Trace:
	Task_04wdk9f (activity-execute, ConcurrentExecution[b4d4ee7a-1979-11e7-ac60-acde48001122], pa=UT Mist Deployer App)
	Task_04wdk9f
	  ^
	  |
	ExclusiveGateway_0hrf2ol
	  ^
	  |
	ExclusiveGateway_0a3ps97
	  ^
	  |
	Task_15xi7y8
	  ^
	  |
	ExclusiveGateway_0hrf2ol
	  ^
	  |
	StartEvent_03g2xth

05-Apr-2017 00:00:17.378 SEVERE [http-nio-8080-exec-41] org.camunda.commons.logging.BaseLogger.logError ENGINE-16004 Exception while closing command context: ENGINE-09008 Exception while instantiating class 'ee.ut.mobilelab.mistbpmnMistRequestTwo': ENGINE-09017 Cannot load class 'ee.ut.mobilelab.mistbpmnMistRequestTwo': ee.ut.mobilelab.mistbpmnMistRequestTwo
 org.camunda.bpm.engine.ProcessEngineException: ENGINE-09008 Exception while instantiating class 'ee.ut.mobilelab.mistbpmnMistRequestTwo': ENGINE-09017 Cannot load class 'ee.ut.mobilelab.mistbpmnMistRequestTwo': ee.ut.mobilelab.mistbpmnMistRequestTwo
	at org.camunda.bpm.engine.impl.util.EngineUtilLogger.exceptionWhileInstantiatingClass(EngineUtilLogger.java:78)
	at org.camunda.bpm.engine.impl.util.ClassDelegateUtil.instantiateDelegate(ClassDelegateUtil.java:50)
	at org.camunda.bpm.engine.impl.bpmn.behavior.ClassDelegateActivityBehavior.getActivityBehaviorInstance(ClassDelegateActivityBehavior.java:109)
	at org.camunda.bpm.engine.impl.bpmn.behavior.ClassDelegateActivityBehavior$1.call(ClassDelegateActivityBehavior.java:65)
	at org.camunda.bpm.engine.impl.bpmn.behavior.ClassDelegateActivityBehavior$1.call(ClassDelegateActivityBehavior.java:62)
	at org.camunda.bpm.engine.impl.bpmn.behavior.AbstractBpmnActivityBehavior.executeWithErrorPropagation(AbstractBpmnActivityBehavior.java:105)
	at org.camunda.bpm.engine.impl.bpmn.behavior.ClassDelegateActivityBehavior.execute(ClassDelegateActivityBehavior.java:62)
	at org.camunda.bpm.engine.impl.pvm.runtime.operation.PvmAtomicOperationActivityExecute.execute(PvmAtomicOperationActivityExecute.java:41)
	at org.camunda.bpm.engine.impl.pvm.runtime.operation.PvmAtomicOperationActivityExecute.execute(PvmAtomicOperationActivityExecute.java:26)
	at org.camunda.bpm.engine.impl.interceptor.AtomicOperationInvocation.execute(AtomicOperationInvocation.java:81)
	at org.camunda.bpm.engine.impl.interceptor.CommandContext.invokeNext(CommandContext.java:187)
	at org.camunda.bpm.engine.impl.interceptor.CommandContext.performNext(CommandContext.java:166)
	at org.camunda.bpm.engine.impl.interceptor.CommandContext.performOperation(CommandContext.java:141)
	at org.camunda.bpm.engine.impl.persistence.entity.ExecutionEntity.performOperation(ExecutionEntity.java:589)
	at org.camunda.bpm.engine.impl.persistence.entity.ExecutionEntity.performOperation(ExecutionEntity.java:565)
	at org.camunda.bpm.engine.impl.pvm.runtime.operation.PvmAtomicOperationTransitionNotifyListenerStart.eventNotificationsCompleted(PvmAtomicOperationTransitionNotifyListenerStart.java:56)
	at org.camunda.bpm.engine.impl.pvm.runtime.operation.PvmAtomicOperationTransitionNotifyListenerStart.eventNotificationsCompleted(PvmAtomicOperationTransitionNotifyListenerStart.java:26)
	at org.camunda.bpm.engine.impl.core.operation.AbstractEventAtomicOperation.execute(AbstractEventAtomicOperation.java:65)
	at org.camunda.bpm.engine.impl.interceptor.AtomicOperationInvocation.execute(AtomicOperationInvocation.java:81)
	at org.camunda.bpm.engine.impl.interceptor.CommandContext.invokeNext(CommandContext.java:187)
	at org.camunda.bpm.engine.impl.interceptor.CommandContext.performNext(CommandContext.java:166)
	at org.camunda.bpm.engine.impl.interceptor.CommandContext.performOperation(CommandContext.java:141)
	at org.camunda.bpm.engine.impl.interceptor.CommandContext.performOperation(CommandContext.java:131)
	at org.camunda.bpm.engine.impl.persistence.entity.ExecutionEntity.performOperationSync(ExecutionEntity.java:600)
	at org.camunda.bpm.engine.impl.persistence.entity.ExecutionEntity.performOperationSync(ExecutionEntity.java:575)
	at org.camunda.bpm.engine.impl.core.operation.AbstractEventAtomicOperation.execute(AbstractEventAtomicOperation.java:58)
	at org.camunda.bpm.engine.impl.interceptor.AtomicOperationInvocation.execute(AtomicOperationInvocation.java:81)
	at org.camunda.bpm.engine.impl.interceptor.CommandContext.invokeNext(CommandContext.java:187)
	at org.camunda.bpm.engine.impl.interceptor.CommandContext.performNext(CommandContext.java:166)
	at org.camunda.bpm.engine.impl.interceptor.CommandContext.performOperation(CommandContext.java:141)
	at org.camunda.bpm.engine.impl.interceptor.CommandContext.performOperation(CommandContext.java:131)
	at org.camunda.bpm.engine.impl.persistence.entity.ExecutionEntity.performOperationSync(ExecutionEntity.java:600)
	at org.camunda.bpm.engine.impl.persistence.entity.ExecutionEntity.performOperationSync(ExecutionEntity.java:575)
	at org.camunda.bpm.engine.impl.core.operation.AbstractEventAtomicOperation.execute(AbstractEventAtomicOperation.java:58)
	at org.camunda.bpm.engine.impl.interceptor.AtomicOperationInvocation.execute(AtomicOperationInvocation.java:81)
	at org.camunda.bpm.engine.impl.interceptor.CommandContext.invokeNext(CommandContext.java:187)
	at org.camunda.bpm.engine.impl.interceptor.CommandContext.performNext(CommandContext.java:166)
	at org.camunda.bpm.engine.impl.interceptor.CommandContext.performOperation(CommandContext.java:141)
	at org.camunda.bpm.engine.impl.interceptor.CommandContext.performOperation(CommandContext.java:131)
	at org.camunda.bpm.engine.impl.persistence.entity.ExecutionEntity.performOperationSync(ExecutionEntity.java:600)
	at org.camunda.bpm.engine.impl.persistence.entity.ExecutionEntity.performOperationSync(ExecutionEntity.java:575)
	at org.camunda.bpm.engine.impl.core.operation.AbstractEventAtomicOperation.execute(AbstractEventAtomicOperation.java:58)
	at org.camunda.bpm.engine.impl.interceptor.AtomicOperationInvocation.execute(AtomicOperationInvocation.java:81)
	at org.camunda.bpm.engine.impl.interceptor.CommandContext.invokeNext(CommandContext.java:187)
	at org.camunda.bpm.engine.impl.interceptor.CommandContext.performNext(CommandContext.java:166)
	at org.camunda.bpm.engine.impl.interceptor.CommandContext.performOperation(CommandContext.java:141)
	at org.camunda.bpm.engine.impl.persistence.entity.ExecutionEntity.performOperation(ExecutionEntity.java:589)
	at org.camunda.bpm.engine.impl.persistence.entity.ExecutionEntity.performOperation(ExecutionEntity.java:565)
	at org.camunda.bpm.engine.impl.pvm.runtime.operation.PvmAtomicOperationTransitionCreateScope.scopeCreated(PvmAtomicOperationTransitionCreateScope.java:34)
	at org.camunda.bpm.engine.impl.pvm.runtime.operation.PvmAtomicOperationCreateScope.execute(PvmAtomicOperationCreateScope.java:49)
	at org.camunda.bpm.engine.impl.pvm.runtime.operation.PvmAtomicOperationCreateScope.execute(PvmAtomicOperationCreateScope.java:23)
	at org.camunda.bpm.engine.impl.interceptor.AtomicOperationInvocation.execute(AtomicOperationInvocation.java:81)
	at org.camunda.bpm.engine.impl.interceptor.CommandContext.invokeNext(CommandContext.java:187)
	at org.camunda.bpm.engine.impl.interceptor.CommandContext.performNext(CommandContext.java:174)
	at org.camunda.bpm.engine.impl.interceptor.CommandContext$1.call(CommandContext.java:157)
	at org.camunda.bpm.engine.impl.interceptor.CommandContext$1.call(CommandContext.java:155)
	at org.camunda.bpm.engine.impl.context.ProcessApplicationClassloaderInterceptor.call(ProcessApplicationClassloaderInterceptor.java:44)
	at org.camunda.bpm.application.AbstractProcessApplication.execute(AbstractProcessApplication.java:117)
	at org.camunda.bpm.application.AbstractProcessApplication.execute(AbstractProcessApplication.java:130)
	at org.camunda.bpm.engine.impl.context.Context.executeWithinProcessApplication(Context.java:192)
	at org.camunda.bpm.engine.impl.interceptor.CommandContext.performNext(CommandContext.java:155)
	at org.camunda.bpm.engine.impl.interceptor.CommandContext.performOperation(CommandContext.java:141)
	at org.camunda.bpm.engine.impl.persistence.entity.ExecutionEntity.performOperation(ExecutionEntity.java:589)
	at org.camunda.bpm.engine.impl.persistence.entity.ExecutionEntity.performOperation(ExecutionEntity.java:565)
	at org.camunda.bpm.engine.impl.pvm.runtime.PvmExecutionImpl.start(PvmExecutionImpl.java:230)
	at org.camunda.bpm.engine.impl.persistence.entity.ExecutionEntity.start(ExecutionEntity.java:427)
	at org.camunda.bpm.engine.impl.cmd.AbstractCorrelateMessageCmd.instantiateProcess(AbstractCorrelateMessageCmd.java:59)
	at org.camunda.bpm.engine.impl.cmd.CorrelateMessageCmd.execute(CorrelateMessageCmd.java:69)
	at org.camunda.bpm.engine.impl.cmd.CorrelateMessageCmd.execute(CorrelateMessageCmd.java:34)
	at org.camunda.bpm.engine.impl.interceptor.CommandExecutorImpl.execute(CommandExecutorImpl.java:24)
	at org.camunda.bpm.engine.impl.interceptor.CommandContextInterceptor.execute(CommandContextInterceptor.java:104)
	at org.camunda.bpm.engine.impl.interceptor.ProcessApplicationContextInterceptor.execute(ProcessApplicationContextInterceptor.java:66)
	at org.camunda.bpm.engine.impl.interceptor.LogInterceptor.execute(LogInterceptor.java:30)
	at org.camunda.bpm.engine.impl.MessageCorrelationBuilderImpl.execute(MessageCorrelationBuilderImpl.java:201)
	at org.camunda.bpm.engine.impl.MessageCorrelationBuilderImpl.correlate(MessageCorrelationBuilderImpl.java:152)
	at org.camunda.bpm.engine.rest.impl.MessageRestServiceImpl.deliverMessage(MessageRestServiceImpl.java:50)
	at sun.reflect.NativeMethodAccessorImpl.invoke0(Native Method)
	at sun.reflect.NativeMethodAccessorImpl.invoke(NativeMethodAccessorImpl.java:62)
	at sun.reflect.DelegatingMethodAccessorImpl.invoke(DelegatingMethodAccessorImpl.java:43)
	at java.lang.reflect.Method.invoke(Method.java:498)
	at org.jboss.resteasy.core.MethodInjectorImpl.invoke(MethodInjectorImpl.java:167)
	at org.jboss.resteasy.core.ResourceMethod.invokeOnTarget(ResourceMethod.java:257)
	at org.jboss.resteasy.core.ResourceMethod.invoke(ResourceMethod.java:222)
	at org.jboss.resteasy.core.ResourceLocator.invokeOnTargetObject(ResourceLocator.java:159)
	at org.jboss.resteasy.core.ResourceLocator.invoke(ResourceLocator.java:92)
	at org.jboss.resteasy.core.SynchronousDispatcher.getResponse(SynchronousDispatcher.java:542)
	at org.jboss.resteasy.core.SynchronousDispatcher.invoke(SynchronousDispatcher.java:524)
	at org.jboss.resteasy.core.SynchronousDispatcher.invokePropagateNotFound(SynchronousDispatcher.java:169)
	at org.jboss.resteasy.plugins.server.servlet.ServletContainerDispatcher.service(ServletContainerDispatcher.java:212)
	at org.jboss.resteasy.plugins.server.servlet.FilterDispatcher.doFilter(FilterDispatcher.java:59)
	at org.apache.catalina.core.ApplicationFilterChain.internalDoFilter(ApplicationFilterChain.java:239)
	at org.apache.catalina.core.ApplicationFilterChain.doFilter(ApplicationFilterChain.java:206)
	at org.camunda.bpm.engine.rest.filter.CacheControlFilter.doFilter(CacheControlFilter.java:41)
	at org.apache.catalina.core.ApplicationFilterChain.internalDoFilter(ApplicationFilterChain.java:239)
	at org.apache.catalina.core.ApplicationFilterChain.doFilter(ApplicationFilterChain.java:206)
	at org.apache.catalina.core.StandardWrapperValve.invoke(StandardWrapperValve.java:219)
	at org.apache.catalina.core.StandardContextValve.invoke(StandardContextValve.java:106)
	at org.apache.catalina.authenticator.AuthenticatorBase.invoke(AuthenticatorBase.java:502)
	at org.apache.catalina.core.StandardHostValve.invoke(StandardHostValve.java:142)
	at org.apache.catalina.valves.ErrorReportValve.invoke(ErrorReportValve.java:79)
	at org.apache.catalina.valves.AbstractAccessLogValve.invoke(AbstractAccessLogValve.java:617)
	at org.apache.catalina.core.StandardEngineValve.invoke(StandardEngineValve.java:88)
	at org.apache.catalina.connector.CoyoteAdapter.service(CoyoteAdapter.java:518)
	at org.apache.coyote.http11.AbstractHttp11Processor.process(AbstractHttp11Processor.java:1091)
	at org.apache.coyote.AbstractProtocol$AbstractConnectionHandler.process(AbstractProtocol.java:668)
	at org.apache.tomcat.util.net.NioEndpoint$SocketProcessor.doRun(NioEndpoint.java:1527)
	at org.apache.tomcat.util.net.NioEndpoint$SocketProcessor.run(NioEndpoint.java:1484)
	at java.util.concurrent.ThreadPoolExecutor.runWorker(ThreadPoolExecutor.java:1142)
	at java.util.concurrent.ThreadPoolExecutor$Worker.run(ThreadPoolExecutor.java:617)
	at org.apache.tomcat.util.threads.TaskThread$WrappingRunnable.run(TaskThread.java:61)
	at java.lang.Thread.run(Thread.java:745)
Caused by: org.camunda.bpm.engine.ClassLoadingException: ENGINE-09017 Cannot load class 'ee.ut.mobilelab.mistbpmnMistRequestTwo': ee.ut.mobilelab.mistbpmnMistRequestTwo
	at org.camunda.bpm.engine.impl.util.EngineUtilLogger.classLoadingException(EngineUtilLogger.java:135)
	at org.camunda.bpm.engine.impl.util.ReflectUtil.loadClass(ReflectUtil.java:107)
	at org.camunda.bpm.engine.impl.util.ClassDelegateUtil.instantiateDelegate(ClassDelegateUtil.java:42)
	... 109 more
Caused by: java.lang.ClassNotFoundException: ee.ut.mobilelab.mistbpmnMistRequestTwo
	at org.apache.catalina.loader.WebappClassLoaderBase.loadClass(WebappClassLoaderBase.java:1313)
	at org.apache.catalina.loader.WebappClassLoaderBase.loadClass(WebappClassLoaderBase.java:1164)
	at java.lang.Class.forName0(Native Method)
	at java.lang.Class.forName(Class.java:348)
	at org.camunda.bpm.engine.impl.util.ReflectUtil.loadClass(ReflectUtil.java:84)
	... 110 more

05-Apr-2017 00:00:17.380 WARNING [http-nio-8080-exec-41] org.camunda.bpm.engine.rest.exception.ProcessEngineExceptionHandler.toResponse org.camunda.bpm.engine.ProcessEngineException: ENGINE-09008 Exception while instantiating class 'ee.ut.mobilelab.mistbpmnMistRequestTwo': ENGINE-09017 Cannot load class 'ee.ut.mobilelab.mistbpmnMistRequestTwo': ee.ut.mobilelab.mistbpmnMistRequestTwo
	at org.camunda.bpm.engine.impl.util.EngineUtilLogger.exceptionWhileInstantiatingClass(EngineUtilLogger.java:78)
	at org.camunda.bpm.engine.impl.util.ClassDelegateUtil.instantiateDelegate(ClassDelegateUtil.java:50)
	at org.camunda.bpm.engine.impl.bpmn.behavior.ClassDelegateActivityBehavior.getActivityBehaviorInstance(ClassDelegateActivityBehavior.java:109)
	at org.camunda.bpm.engine.impl.bpmn.behavior.ClassDelegateActivityBehavior$1.call(ClassDelegateActivityBehavior.java:65)
	at org.camunda.bpm.engine.impl.bpmn.behavior.ClassDelegateActivityBehavior$1.call(ClassDelegateActivityBehavior.java:62)
	at org.camunda.bpm.engine.impl.bpmn.behavior.AbstractBpmnActivityBehavior.executeWithErrorPropagation(AbstractBpmnActivityBehavior.java:105)
	at org.camunda.bpm.engine.impl.bpmn.behavior.ClassDelegateActivityBehavior.execute(ClassDelegateActivityBehavior.java:62)
	at org.camunda.bpm.engine.impl.pvm.runtime.operation.PvmAtomicOperationActivityExecute.execute(PvmAtomicOperationActivityExecute.java:41)
	at org.camunda.bpm.engine.impl.pvm.runtime.operation.PvmAtomicOperationActivityExecute.execute(PvmAtomicOperationActivityExecute.java:26)
	at org.camunda.bpm.engine.impl.interceptor.AtomicOperationInvocation.execute(AtomicOperationInvocation.java:81)
	at org.camunda.bpm.engine.impl.interceptor.CommandContext.invokeNext(CommandContext.java:187)
	at org.camunda.bpm.engine.impl.interceptor.CommandContext.performNext(CommandContext.java:166)
	at org.camunda.bpm.engine.impl.interceptor.CommandContext.performOperation(CommandContext.java:141)
	at org.camunda.bpm.engine.impl.persistence.entity.ExecutionEntity.performOperation(ExecutionEntity.java:589)
	at org.camunda.bpm.engine.impl.persistence.entity.ExecutionEntity.performOperation(ExecutionEntity.java:565)
	at org.camunda.bpm.engine.impl.pvm.runtime.operation.PvmAtomicOperationTransitionNotifyListenerStart.eventNotificationsCompleted(PvmAtomicOperationTransitionNotifyListenerStart.java:56)
	at org.camunda.bpm.engine.impl.pvm.runtime.operation.PvmAtomicOperationTransitionNotifyListenerStart.eventNotificationsCompleted(PvmAtomicOperationTransitionNotifyListenerStart.java:26)
	at org.camunda.bpm.engine.impl.core.operation.AbstractEventAtomicOperation.execute(AbstractEventAtomicOperation.java:65)
	at org.camunda.bpm.engine.impl.interceptor.AtomicOperationInvocation.execute(AtomicOperationInvocation.java:81)
	at org.camunda.bpm.engine.impl.interceptor.CommandContext.invokeNext(CommandContext.java:187)
	at org.camunda.bpm.engine.impl.interceptor.CommandContext.performNext(CommandContext.java:166)
	at org.camunda.bpm.engine.impl.interceptor.CommandContext.performOperation(CommandContext.java:141)
	at org.camunda.bpm.engine.impl.interceptor.CommandContext.performOperation(CommandContext.java:131)
	at org.camunda.bpm.engine.impl.persistence.entity.ExecutionEntity.performOperationSync(ExecutionEntity.java:600)
	at org.camunda.bpm.engine.impl.persistence.entity.ExecutionEntity.performOperationSync(ExecutionEntity.java:575)
	at org.camunda.bpm.engine.impl.core.operation.AbstractEventAtomicOperation.execute(AbstractEventAtomicOperation.java:58)
	at org.camunda.bpm.engine.impl.interceptor.AtomicOperationInvocation.execute(AtomicOperationInvocation.java:81)
	at org.camunda.bpm.engine.impl.interceptor.CommandContext.invokeNext(CommandContext.java:187)
	at org.camunda.bpm.engine.impl.interceptor.CommandContext.performNext(CommandContext.java:166)
	at org.camunda.bpm.engine.impl.interceptor.CommandContext.performOperation(CommandContext.java:141)
	at org.camunda.bpm.engine.impl.interceptor.CommandContext.performOperation(CommandContext.java:131)
	at org.camunda.bpm.engine.impl.persistence.entity.ExecutionEntity.performOperationSync(ExecutionEntity.java:600)
	at org.camunda.bpm.engine.impl.persistence.entity.ExecutionEntity.performOperationSync(ExecutionEntity.java:575)
	at org.camunda.bpm.engine.impl.core.operation.AbstractEventAtomicOperation.execute(AbstractEventAtomicOperation.java:58)
	at org.camunda.bpm.engine.impl.interceptor.AtomicOperationInvocation.execute(AtomicOperationInvocation.java:81)
	at org.camunda.bpm.engine.impl.interceptor.CommandContext.invokeNext(CommandContext.java:187)
	at org.camunda.bpm.engine.impl.interceptor.CommandContext.performNext(CommandContext.java:166)
	at org.camunda.bpm.engine.impl.interceptor.CommandContext.performOperation(CommandContext.java:141)
	at org.camunda.bpm.engine.impl.interceptor.CommandContext.performOperation(CommandContext.java:131)
	at org.camunda.bpm.engine.impl.persistence.entity.ExecutionEntity.performOperationSync(ExecutionEntity.java:600)
	at org.camunda.bpm.engine.impl.persistence.entity.ExecutionEntity.performOperationSync(ExecutionEntity.java:575)
	at org.camunda.bpm.engine.impl.core.operation.AbstractEventAtomicOperation.execute(AbstractEventAtomicOperation.java:58)
	at org.camunda.bpm.engine.impl.interceptor.AtomicOperationInvocation.execute(AtomicOperationInvocation.java:81)
	at org.camunda.bpm.engine.impl.interceptor.CommandContext.invokeNext(CommandContext.java:187)
	at org.camunda.bpm.engine.impl.interceptor.CommandContext.performNext(CommandContext.java:166)
	at org.camunda.bpm.engine.impl.interceptor.CommandContext.performOperation(CommandContext.java:141)
	at org.camunda.bpm.engine.impl.persistence.entity.ExecutionEntity.performOperation(ExecutionEntity.java:589)
	at org.camunda.bpm.engine.impl.persistence.entity.ExecutionEntity.performOperation(ExecutionEntity.java:565)
	at org.camunda.bpm.engine.impl.pvm.runtime.operation.PvmAtomicOperationTransitionCreateScope.scopeCreated(PvmAtomicOperationTransitionCreateScope.java:34)
	at org.camunda.bpm.engine.impl.pvm.runtime.operation.PvmAtomicOperationCreateScope.execute(PvmAtomicOperationCreateScope.java:49)
	at org.camunda.bpm.engine.impl.pvm.runtime.operation.PvmAtomicOperationCreateScope.execute(PvmAtomicOperationCreateScope.java:23)
	at org.camunda.bpm.engine.impl.interceptor.AtomicOperationInvocation.execute(AtomicOperationInvocation.java:81)
	at org.camunda.bpm.engine.impl.interceptor.CommandContext.invokeNext(CommandContext.java:187)
	at org.camunda.bpm.engine.impl.interceptor.CommandContext.performNext(CommandContext.java:174)
	at org.camunda.bpm.engine.impl.interceptor.CommandContext$1.call(CommandContext.java:157)
	at org.camunda.bpm.engine.impl.interceptor.CommandContext$1.call(CommandContext.java:155)
	at org.camunda.bpm.engine.impl.context.ProcessApplicationClassloaderInterceptor.call(ProcessApplicationClassloaderInterceptor.java:44)
	at org.camunda.bpm.application.AbstractProcessApplication.execute(AbstractProcessApplication.java:117)
	at org.camunda.bpm.application.AbstractProcessApplication.execute(AbstractProcessApplication.java:130)
	at org.camunda.bpm.engine.impl.context.Context.executeWithinProcessApplication(Context.java:192)
	at org.camunda.bpm.engine.impl.interceptor.CommandContext.performNext(CommandContext.java:155)
	at org.camunda.bpm.engine.impl.interceptor.CommandContext.performOperation(CommandContext.java:141)
	at org.camunda.bpm.engine.impl.persistence.entity.ExecutionEntity.performOperation(ExecutionEntity.java:589)
	at org.camunda.bpm.engine.impl.persistence.entity.ExecutionEntity.performOperation(ExecutionEntity.java:565)
	at org.camunda.bpm.engine.impl.pvm.runtime.PvmExecutionImpl.start(PvmExecutionImpl.java:230)
	at org.camunda.bpm.engine.impl.persistence.entity.ExecutionEntity.start(ExecutionEntity.java:427)
	at org.camunda.bpm.engine.impl.cmd.AbstractCorrelateMessageCmd.instantiateProcess(AbstractCorrelateMessageCmd.java:59)
	at org.camunda.bpm.engine.impl.cmd.CorrelateMessageCmd.execute(CorrelateMessageCmd.java:69)
	at org.camunda.bpm.engine.impl.cmd.CorrelateMessageCmd.execute(CorrelateMessageCmd.java:34)
	at org.camunda.bpm.engine.impl.interceptor.CommandExecutorImpl.execute(CommandExecutorImpl.java:24)
	at org.camunda.bpm.engine.impl.interceptor.CommandContextInterceptor.execute(CommandContextInterceptor.java:104)
	at org.camunda.bpm.engine.impl.interceptor.ProcessApplicationContextInterceptor.execute(ProcessApplicationContextInterceptor.java:66)
	at org.camunda.bpm.engine.impl.interceptor.LogInterceptor.execute(LogInterceptor.java:30)
	at org.camunda.bpm.engine.impl.MessageCorrelationBuilderImpl.execute(MessageCorrelationBuilderImpl.java:201)
	at org.camunda.bpm.engine.impl.MessageCorrelationBuilderImpl.correlate(MessageCorrelationBuilderImpl.java:152)
	at org.camunda.bpm.engine.rest.impl.MessageRestServiceImpl.deliverMessage(MessageRestServiceImpl.java:50)
	at sun.reflect.NativeMethodAccessorImpl.invoke0(Native Method)
	at sun.reflect.NativeMethodAccessorImpl.invoke(NativeMethodAccessorImpl.java:62)
	at sun.reflect.DelegatingMethodAccessorImpl.invoke(DelegatingMethodAccessorImpl.java:43)
	at java.lang.reflect.Method.invoke(Method.java:498)
	at org.jboss.resteasy.core.MethodInjectorImpl.invoke(MethodInjectorImpl.java:167)
	at org.jboss.resteasy.core.ResourceMethod.invokeOnTarget(ResourceMethod.java:257)
	at org.jboss.resteasy.core.ResourceMethod.invoke(ResourceMethod.java:222)
	at org.jboss.resteasy.core.ResourceLocator.invokeOnTargetObject(ResourceLocator.java:159)
	at org.jboss.resteasy.core.ResourceLocator.invoke(ResourceLocator.java:92)
	at org.jboss.resteasy.core.SynchronousDispatcher.getResponse(SynchronousDispatcher.java:542)
	at org.jboss.resteasy.core.SynchronousDispatcher.invoke(SynchronousDispatcher.java:524)
	at org.jboss.resteasy.core.SynchronousDispatcher.invokePropagateNotFound(SynchronousDispatcher.java:169)
	at org.jboss.resteasy.plugins.server.servlet.ServletContainerDispatcher.service(ServletContainerDispatcher.java:212)
	at org.jboss.resteasy.plugins.server.servlet.FilterDispatcher.doFilter(FilterDispatcher.java:59)
	at org.apache.catalina.core.ApplicationFilterChain.internalDoFilter(ApplicationFilterChain.java:239)
	at org.apache.catalina.core.ApplicationFilterChain.doFilter(ApplicationFilterChain.java:206)
	at org.camunda.bpm.engine.rest.filter.CacheControlFilter.doFilter(CacheControlFilter.java:41)
	at org.apache.catalina.core.ApplicationFilterChain.internalDoFilter(ApplicationFilterChain.java:239)
	at org.apache.catalina.core.ApplicationFilterChain.doFilter(ApplicationFilterChain.java:206)
	at org.apache.catalina.core.StandardWrapperValve.invoke(StandardWrapperValve.java:219)
	at org.apache.catalina.core.StandardContextValve.invoke(StandardContextValve.java:106)
	at org.apache.catalina.authenticator.AuthenticatorBase.invoke(AuthenticatorBase.java:502)
	at org.apache.catalina.core.StandardHostValve.invoke(StandardHostValve.java:142)
	at org.apache.catalina.valves.ErrorReportValve.invoke(ErrorReportValve.java:79)
	at org.apache.catalina.valves.AbstractAccessLogValve.invoke(AbstractAccessLogValve.java:617)
	at org.apache.catalina.core.StandardEngineValve.invoke(StandardEngineValve.java:88)
	at org.apache.catalina.connector.CoyoteAdapter.service(CoyoteAdapter.java:518)
	at org.apache.coyote.http11.AbstractHttp11Processor.process(AbstractHttp11Processor.java:1091)
	at org.apache.coyote.AbstractProtocol$AbstractConnectionHandler.process(AbstractProtocol.java:668)
	at org.apache.tomcat.util.net.NioEndpoint$SocketProcessor.doRun(NioEndpoint.java:1527)
	at org.apache.tomcat.util.net.NioEndpoint$SocketProcessor.run(NioEndpoint.java:1484)
	at java.util.concurrent.ThreadPoolExecutor.runWorker(ThreadPoolExecutor.java:1142)
	at java.util.concurrent.ThreadPoolExecutor$Worker.run(ThreadPoolExecutor.java:617)
	at org.apache.tomcat.util.threads.TaskThread$WrappingRunnable.run(TaskThread.java:61)
	at java.lang.Thread.run(Thread.java:745)
Caused by: org.camunda.bpm.engine.ClassLoadingException: ENGINE-09017 Cannot load class 'ee.ut.mobilelab.mistbpmnMistRequestTwo': ee.ut.mobilelab.mistbpmnMistRequestTwo
	at org.camunda.bpm.engine.impl.util.EngineUtilLogger.classLoadingException(EngineUtilLogger.java:135)
	at org.camunda.bpm.engine.impl.util.ReflectUtil.loadClass(ReflectUtil.java:107)
	at org.camunda.bpm.engine.impl.util.ClassDelegateUtil.instantiateDelegate(ClassDelegateUtil.java:42)
	... 109 more
Caused by: java.lang.ClassNotFoundException: ee.ut.mobilelab.mistbpmnMistRequestTwo
	at org.apache.catalina.loader.WebappClassLoaderBase.loadClass(WebappClassLoaderBase.java:1313)
	at org.apache.catalina.loader.WebappClassLoaderBase.loadClass(WebappClassLoaderBase.java:1164)
	at java.lang.Class.forName0(Native Method)
	at java.lang.Class.forName(Class.java:348)
	at org.camunda.bpm.engine.impl.util.ReflectUtil.loadClass(ReflectUtil.java:84)
	... 110 more

05-Apr-2017 00:02:26.080 INFO [http-nio-8080-exec-43] org.apache.catalina.core.StandardContext.reload Reloading Context with name [/deployer-0] has started
05-Apr-2017 00:02:26.113 INFO [http-nio-8080-exec-43] org.camunda.commons.logging.BaseLogger.logInfo ENGINE-08051 Process application UT Mist Deployer App undeployed
05-Apr-2017 00:02:26.978 INFO [http-nio-8080-exec-43] org.camunda.commons.logging.BaseLogger.logInfo ENGINE-07015 Detected @ProcessApplication class 'ee.ut.mobilelab.mistbpmn.InstantiateProcessByMessageDelegate'
05-Apr-2017 00:02:26.990 INFO [http-nio-8080-exec-43] org.camunda.commons.logging.BaseLogger.logInfo ENGINE-08024 Found processes.xml file at file:/Users/agabaisaac/iot/camunda-rasberry/server/apache-tomcat-8.0.24/webapps/deployer-0/WEB-INF/classes/META-INF/processes.xml
05-Apr-2017 00:02:26.993 INFO [http-nio-8080-exec-43] org.camunda.commons.logging.BaseLogger.logInfo ENGINE-08023 Deployment summary for process archive 'ut-mist-deployer': 

        mist_deployer_process.bpmn
        message_start_process.bpmn

05-Apr-2017 00:02:27.011 INFO [http-nio-8080-exec-43] org.camunda.commons.logging.BaseLogger.logInfo ENGINE-07021 ProcessApplication 'UT Mist Deployer App' registered for DB deployments [6ea28ffc-1968-11e7-ac60-acde48001122, ab2fec12-1972-11e7-ac60-acde48001122, 8f3df9d3-1979-11e7-ac60-acde48001122]. Will execute process definitions 

        Mist_Deployer_Process[version: 1, id: Mist_Deployer_Process:1:6eaec4ff-1968-11e7-ac60-acde48001122]
        Mist_Deployer_Process[version: 2, id: Mist_Deployer_Process:2:ab356a55-1972-11e7-ac60-acde48001122]
        Mist_Deployer_Process[version: 3, id: Mist_Deployer_Process:3:8f42dbd6-1979-11e7-ac60-acde48001122]
Deployment does not provide any case definitions.
05-Apr-2017 00:02:27.012 INFO [http-nio-8080-exec-43] org.camunda.commons.logging.BaseLogger.logInfo SPIN-01010 Discovered Spin data format provider: org.camunda.spin.impl.json.jackson.format.JacksonJsonDataFormatProvider[name = application/json]
05-Apr-2017 00:02:27.013 INFO [http-nio-8080-exec-43] org.camunda.commons.logging.BaseLogger.logInfo SPIN-01010 Discovered Spin data format provider: org.camunda.spin.impl.xml.dom.format.DomXmlDataFormatProvider[name = application/xml]
05-Apr-2017 00:02:27.014 INFO [http-nio-8080-exec-43] org.camunda.commons.logging.BaseLogger.logInfo SPIN-01009 Discovered Spin data format: org.camunda.spin.impl.xml.dom.format.DomXmlDataFormat[name = application/xml]
05-Apr-2017 00:02:27.014 INFO [http-nio-8080-exec-43] org.camunda.commons.logging.BaseLogger.logInfo SPIN-01009 Discovered Spin data format: org.camunda.spin.impl.json.jackson.format.JacksonJsonDataFormat[name = application/json]
05-Apr-2017 00:02:27.014 INFO [http-nio-8080-exec-43] org.camunda.commons.logging.BaseLogger.logInfo ENGINE-08050 Process application UT Mist Deployer App successfully deployed
05-Apr-2017 00:02:27.017 INFO [http-nio-8080-exec-43] org.apache.catalina.core.StandardContext.reload Reloading Context with name [/deployer-0] is completed
05-Apr-2017 00:02:34.923 INFO [http-nio-8080-exec-48] org.camunda.commons.logging.BaseLogger.logInfo ENGINE-08051 Process application UT Mist Deployer App undeployed
05-Apr-2017 00:02:35.443 INFO [http-nio-8080-exec-48] org.apache.catalina.startup.HostConfig.undeploy Undeploying context [/deployer-0]
05-Apr-2017 00:02:53.846 INFO [http-nio-8080-exec-46] org.apache.catalina.startup.HostConfig.deployWAR Deploying web application archive /Users/agabaisaac/iot/camunda-rasberry/server/apache-tomcat-8.0.24/webapps/deployer-0.war
05-Apr-2017 00:02:54.716 INFO [http-nio-8080-exec-46] org.camunda.commons.logging.BaseLogger.logInfo ENGINE-07015 Detected @ProcessApplication class 'ee.ut.mobilelab.mistbpmn.InstantiateProcessByMessageDelegate'
05-Apr-2017 00:02:54.728 INFO [http-nio-8080-exec-46] org.camunda.commons.logging.BaseLogger.logInfo ENGINE-08024 Found processes.xml file at file:/Users/agabaisaac/iot/camunda-rasberry/server/apache-tomcat-8.0.24/webapps/deployer-0/WEB-INF/classes/META-INF/processes.xml
05-Apr-2017 00:02:54.730 INFO [http-nio-8080-exec-46] org.camunda.commons.logging.BaseLogger.logInfo ENGINE-08023 Deployment summary for process archive 'ut-mist-deployer': 

        mist_deployer_process.bpmn
        message_start_process.bpmn

05-Apr-2017 00:02:54.744 INFO [http-nio-8080-exec-46] org.camunda.commons.logging.BaseLogger.logInfo ENGINE-01002 Ignoring non-executable process with id 'Process_1'. Set the attribute isExecutable="true" to deploy this process.
05-Apr-2017 00:02:54.748 INFO [http-nio-8080-exec-46] org.camunda.commons.logging.BaseLogger.logInfo ENGINE-07021 ProcessApplication 'UT Mist Deployer App' registered for DB deployments [6ea28ffc-1968-11e7-ac60-acde48001122, ab2fec12-1972-11e7-ac60-acde48001122, 8f3df9d3-1979-11e7-ac60-acde48001122, 12a0c4c7-197a-11e7-ac60-acde48001122]. Will execute process definitions 

        Mist_Deployer_Process[version: 1, id: Mist_Deployer_Process:1:6eaec4ff-1968-11e7-ac60-acde48001122]
        Mist_Deployer_Process[version: 2, id: Mist_Deployer_Process:2:ab356a55-1972-11e7-ac60-acde48001122]
        Mist_Deployer_Process[version: 3, id: Mist_Deployer_Process:3:8f42dbd6-1979-11e7-ac60-acde48001122]
        Mist_Deployer_Process[version: 4, id: Mist_Deployer_Process:4:12a2c09a-197a-11e7-ac60-acde48001122]
Deployment does not provide any case definitions.
05-Apr-2017 00:02:54.756 INFO [http-nio-8080-exec-46] org.camunda.commons.logging.BaseLogger.logInfo SPIN-01010 Discovered Spin data format provider: org.camunda.spin.impl.json.jackson.format.JacksonJsonDataFormatProvider[name = application/json]
05-Apr-2017 00:02:54.757 INFO [http-nio-8080-exec-46] org.camunda.commons.logging.BaseLogger.logInfo SPIN-01010 Discovered Spin data format provider: org.camunda.spin.impl.xml.dom.format.DomXmlDataFormatProvider[name = application/xml]
05-Apr-2017 00:02:54.758 INFO [http-nio-8080-exec-46] org.camunda.commons.logging.BaseLogger.logInfo SPIN-01009 Discovered Spin data format: org.camunda.spin.impl.xml.dom.format.DomXmlDataFormat[name = application/xml]
05-Apr-2017 00:02:54.758 INFO [http-nio-8080-exec-46] org.camunda.commons.logging.BaseLogger.logInfo SPIN-01009 Discovered Spin data format: org.camunda.spin.impl.json.jackson.format.JacksonJsonDataFormat[name = application/json]
05-Apr-2017 00:02:54.759 INFO [http-nio-8080-exec-46] org.camunda.commons.logging.BaseLogger.logInfo ENGINE-08050 Process application UT Mist Deployer App successfully deployed
05-Apr-2017 00:02:54.762 INFO [http-nio-8080-exec-46] org.apache.catalina.startup.HostConfig.deployWAR Deployment of web application archive /Users/agabaisaac/iot/camunda-rasberry/server/apache-tomcat-8.0.24/webapps/deployer-0.war has finished in 915 ms
05-Apr-2017 00:13:06.981 INFO [http-nio-8080-exec-54] org.camunda.commons.logging.BaseLogger.logInfo ENGINE-08051 Process application UT Mist Deployer App undeployed
05-Apr-2017 00:13:07.502 INFO [http-nio-8080-exec-54] org.apache.catalina.startup.HostConfig.undeploy Undeploying context [/deployer-0]
05-Apr-2017 00:13:40.713 INFO [http-nio-8080-exec-53] org.apache.catalina.startup.HostConfig.deployWAR Deploying web application archive /Users/agabaisaac/iot/camunda-rasberry/server/apache-tomcat-8.0.24/webapps/deployer-0.war
05-Apr-2017 00:13:41.612 INFO [http-nio-8080-exec-53] org.camunda.commons.logging.BaseLogger.logInfo ENGINE-07015 Detected @ProcessApplication class 'ee.ut.mobilelab.mistbpmn.InstantiateProcessByMessageDelegate'
05-Apr-2017 00:13:41.625 INFO [http-nio-8080-exec-53] org.camunda.commons.logging.BaseLogger.logInfo ENGINE-08024 Found processes.xml file at file:/Users/agabaisaac/iot/camunda-rasberry/server/apache-tomcat-8.0.24/webapps/deployer-0/WEB-INF/classes/META-INF/processes.xml
05-Apr-2017 00:13:41.627 INFO [http-nio-8080-exec-53] org.camunda.commons.logging.BaseLogger.logInfo ENGINE-08023 Deployment summary for process archive 'ut-mist-deployer': 

        mist_deployer_process.bpmn
        message_start_process.bpmn

05-Apr-2017 00:13:41.645 INFO [http-nio-8080-exec-53] org.camunda.commons.logging.BaseLogger.logInfo ENGINE-07021 ProcessApplication 'UT Mist Deployer App' registered for DB deployments [6ea28ffc-1968-11e7-ac60-acde48001122, ab2fec12-1972-11e7-ac60-acde48001122, 8f3df9d3-1979-11e7-ac60-acde48001122, 12a0c4c7-197a-11e7-ac60-acde48001122]. Will execute process definitions 

        Mist_Deployer_Process[version: 1, id: Mist_Deployer_Process:1:6eaec4ff-1968-11e7-ac60-acde48001122]
        Mist_Deployer_Process[version: 2, id: Mist_Deployer_Process:2:ab356a55-1972-11e7-ac60-acde48001122]
        Mist_Deployer_Process[version: 3, id: Mist_Deployer_Process:3:8f42dbd6-1979-11e7-ac60-acde48001122]
        Mist_Deployer_Process[version: 4, id: Mist_Deployer_Process:4:12a2c09a-197a-11e7-ac60-acde48001122]
Deployment does not provide any case definitions.
05-Apr-2017 00:13:41.646 INFO [http-nio-8080-exec-53] org.camunda.commons.logging.BaseLogger.logInfo SPIN-01010 Discovered Spin data format provider: org.camunda.spin.impl.json.jackson.format.JacksonJsonDataFormatProvider[name = application/json]
05-Apr-2017 00:13:41.647 INFO [http-nio-8080-exec-53] org.camunda.commons.logging.BaseLogger.logInfo SPIN-01010 Discovered Spin data format provider: org.camunda.spin.impl.xml.dom.format.DomXmlDataFormatProvider[name = application/xml]
05-Apr-2017 00:13:41.649 INFO [http-nio-8080-exec-53] org.camunda.commons.logging.BaseLogger.logInfo SPIN-01009 Discovered Spin data format: org.camunda.spin.impl.xml.dom.format.DomXmlDataFormat[name = application/xml]
05-Apr-2017 00:13:41.649 INFO [http-nio-8080-exec-53] org.camunda.commons.logging.BaseLogger.logInfo SPIN-01009 Discovered Spin data format: org.camunda.spin.impl.json.jackson.format.JacksonJsonDataFormat[name = application/json]
05-Apr-2017 00:13:41.650 INFO [http-nio-8080-exec-53] org.camunda.commons.logging.BaseLogger.logInfo ENGINE-08050 Process application UT Mist Deployer App successfully deployed
05-Apr-2017 00:13:41.653 INFO [http-nio-8080-exec-53] org.apache.catalina.startup.HostConfig.deployWAR Deployment of web application archive /Users/agabaisaac/iot/camunda-rasberry/server/apache-tomcat-8.0.24/webapps/deployer-0.war has finished in 939 ms
05-Apr-2017 00:16:35.362 INFO [http-nio-8080-exec-62] org.camunda.commons.logging.BaseLogger.logInfo ENGINE-01002 Ignoring non-executable process with id 'Process_1'. Set the attribute isExecutable="true" to deploy this process.
05-Apr-2017 00:22:16.123 INFO [http-nio-8080-exec-63] org.camunda.commons.logging.BaseLogger.logInfo ENGINE-08051 Process application UT Mist Deployer App undeployed
05-Apr-2017 00:22:16.634 INFO [http-nio-8080-exec-63] org.apache.catalina.startup.HostConfig.undeploy Undeploying context [/deployer-0]
05-Apr-2017 00:23:09.174 INFO [http-nio-8080-exec-67] org.apache.catalina.startup.HostConfig.deployWAR Deploying web application archive /Users/agabaisaac/iot/camunda-rasberry/server/apache-tomcat-8.0.24/webapps/deployer-0.war
05-Apr-2017 00:23:10.068 INFO [http-nio-8080-exec-67] org.camunda.commons.logging.BaseLogger.logInfo ENGINE-07015 Detected @ProcessApplication class 'ee.ut.mobilelab.mistbpmn.InstantiateProcessByMessageDelegate'
05-Apr-2017 00:23:10.081 INFO [http-nio-8080-exec-67] org.camunda.commons.logging.BaseLogger.logInfo ENGINE-08024 Found processes.xml file at file:/Users/agabaisaac/iot/camunda-rasberry/server/apache-tomcat-8.0.24/webapps/deployer-0/WEB-INF/classes/META-INF/processes.xml
05-Apr-2017 00:23:10.084 INFO [http-nio-8080-exec-67] org.camunda.commons.logging.BaseLogger.logInfo ENGINE-08023 Deployment summary for process archive 'ut-mist-deployer': 

        mist_deployer_process.bpmn
        message_start_process.bpmn

05-Apr-2017 00:23:10.100 INFO [http-nio-8080-exec-67] org.camunda.commons.logging.BaseLogger.logInfo ENGINE-07021 ProcessApplication 'UT Mist Deployer App' registered for DB deployments [6ea28ffc-1968-11e7-ac60-acde48001122, ab2fec12-1972-11e7-ac60-acde48001122, 8f3df9d3-1979-11e7-ac60-acde48001122, 12a0c4c7-197a-11e7-ac60-acde48001122]. Will execute process definitions 

        Mist_Deployer_Process[version: 1, id: Mist_Deployer_Process:1:6eaec4ff-1968-11e7-ac60-acde48001122]
        Mist_Deployer_Process[version: 2, id: Mist_Deployer_Process:2:ab356a55-1972-11e7-ac60-acde48001122]
        Mist_Deployer_Process[version: 3, id: Mist_Deployer_Process:3:8f42dbd6-1979-11e7-ac60-acde48001122]
        Mist_Deployer_Process[version: 4, id: Mist_Deployer_Process:4:12a2c09a-197a-11e7-ac60-acde48001122]
Deployment does not provide any case definitions.
05-Apr-2017 00:23:10.101 INFO [http-nio-8080-exec-67] org.camunda.commons.logging.BaseLogger.logInfo SPIN-01010 Discovered Spin data format provider: org.camunda.spin.impl.json.jackson.format.JacksonJsonDataFormatProvider[name = application/json]
05-Apr-2017 00:23:10.102 INFO [http-nio-8080-exec-67] org.camunda.commons.logging.BaseLogger.logInfo SPIN-01010 Discovered Spin data format provider: org.camunda.spin.impl.xml.dom.format.DomXmlDataFormatProvider[name = application/xml]
05-Apr-2017 00:23:10.103 INFO [http-nio-8080-exec-67] org.camunda.commons.logging.BaseLogger.logInfo SPIN-01009 Discovered Spin data format: org.camunda.spin.impl.xml.dom.format.DomXmlDataFormat[name = application/xml]
05-Apr-2017 00:23:10.103 INFO [http-nio-8080-exec-67] org.camunda.commons.logging.BaseLogger.logInfo SPIN-01009 Discovered Spin data format: org.camunda.spin.impl.json.jackson.format.JacksonJsonDataFormat[name = application/json]
05-Apr-2017 00:23:10.103 INFO [http-nio-8080-exec-67] org.camunda.commons.logging.BaseLogger.logInfo ENGINE-08050 Process application UT Mist Deployer App successfully deployed
05-Apr-2017 00:23:10.105 INFO [http-nio-8080-exec-67] org.apache.catalina.startup.HostConfig.deployWAR Deployment of web application archive /Users/agabaisaac/iot/camunda-rasberry/server/apache-tomcat-8.0.24/webapps/deployer-0.war has finished in 931 ms
05-Apr-2017 00:25:24.863 INFO [http-nio-8080-exec-72] org.camunda.commons.logging.BaseLogger.logInfo ENGINE-01002 Ignoring non-executable process with id 'Process_1'. Set the attribute isExecutable="true" to deploy this process.
05-Apr-2017 00:25:24.869 INFO [http-nio-8080-exec-72] null.null HERE IN THE MIST ONE
05-Apr-2017 00:25:24.871 INFO [http-nio-8080-exec-72] null.null HERE IN THE MIST TWO
05-Apr-2017 00:39:46.111 INFO [http-nio-8080-exec-73] org.camunda.commons.logging.BaseLogger.logInfo ENGINE-08051 Process application UT Mist Deployer App undeployed
05-Apr-2017 00:39:46.627 INFO [http-nio-8080-exec-73] org.apache.catalina.startup.HostConfig.undeploy Undeploying context [/deployer-0]
05-Apr-2017 00:42:33.014 INFO [http-nio-8080-exec-83] org.apache.catalina.startup.HostConfig.deployWAR Deploying web application archive /Users/agabaisaac/iot/camunda-rasberry/server/apache-tomcat-8.0.24/webapps/deployer-0.war
05-Apr-2017 00:42:34.121 INFO [http-nio-8080-exec-83] org.camunda.commons.logging.BaseLogger.logInfo ENGINE-07015 Detected @ProcessApplication class 'ee.ut.mobilelab.mistbpmn.InstantiateProcessByMessageDelegate'
05-Apr-2017 00:42:34.141 INFO [http-nio-8080-exec-83] org.camunda.commons.logging.BaseLogger.logInfo ENGINE-08024 Found processes.xml file at file:/Users/agabaisaac/iot/camunda-rasberry/server/apache-tomcat-8.0.24/webapps/deployer-0/WEB-INF/classes/META-INF/processes.xml
05-Apr-2017 00:42:34.145 INFO [http-nio-8080-exec-83] org.camunda.commons.logging.BaseLogger.logInfo ENGINE-08023 Deployment summary for process archive 'ut-mist-deployer': 

        mist_deployer_process.bpmn
        message_start_process.bpmn

05-Apr-2017 00:42:34.171 INFO [http-nio-8080-exec-83] org.camunda.commons.logging.BaseLogger.logInfo ENGINE-07021 ProcessApplication 'UT Mist Deployer App' registered for DB deployments [6ea28ffc-1968-11e7-ac60-acde48001122, ab2fec12-1972-11e7-ac60-acde48001122, 8f3df9d3-1979-11e7-ac60-acde48001122, 12a0c4c7-197a-11e7-ac60-acde48001122]. Will execute process definitions 

        Mist_Deployer_Process[version: 1, id: Mist_Deployer_Process:1:6eaec4ff-1968-11e7-ac60-acde48001122]
        Mist_Deployer_Process[version: 2, id: Mist_Deployer_Process:2:ab356a55-1972-11e7-ac60-acde48001122]
        Mist_Deployer_Process[version: 3, id: Mist_Deployer_Process:3:8f42dbd6-1979-11e7-ac60-acde48001122]
        Mist_Deployer_Process[version: 4, id: Mist_Deployer_Process:4:12a2c09a-197a-11e7-ac60-acde48001122]
Deployment does not provide any case definitions.
05-Apr-2017 00:42:34.173 INFO [http-nio-8080-exec-83] org.camunda.commons.logging.BaseLogger.logInfo SPIN-01010 Discovered Spin data format provider: org.camunda.spin.impl.json.jackson.format.JacksonJsonDataFormatProvider[name = application/json]
05-Apr-2017 00:42:34.176 INFO [http-nio-8080-exec-83] org.camunda.commons.logging.BaseLogger.logInfo SPIN-01010 Discovered Spin data format provider: org.camunda.spin.impl.xml.dom.format.DomXmlDataFormatProvider[name = application/xml]
05-Apr-2017 00:42:34.179 INFO [http-nio-8080-exec-83] org.camunda.commons.logging.BaseLogger.logInfo SPIN-01009 Discovered Spin data format: org.camunda.spin.impl.xml.dom.format.DomXmlDataFormat[name = application/xml]
05-Apr-2017 00:42:34.179 INFO [http-nio-8080-exec-83] org.camunda.commons.logging.BaseLogger.logInfo SPIN-01009 Discovered Spin data format: org.camunda.spin.impl.json.jackson.format.JacksonJsonDataFormat[name = application/json]
05-Apr-2017 00:42:34.180 INFO [http-nio-8080-exec-83] org.camunda.commons.logging.BaseLogger.logInfo ENGINE-08050 Process application UT Mist Deployer App successfully deployed
05-Apr-2017 00:42:34.181 INFO [http-nio-8080-exec-83] org.apache.catalina.startup.HostConfig.deployWAR Deployment of web application archive /Users/agabaisaac/iot/camunda-rasberry/server/apache-tomcat-8.0.24/webapps/deployer-0.war has finished in 1,168 ms
05-Apr-2017 00:43:28.036 INFO [http-nio-8080-exec-82] org.camunda.commons.logging.BaseLogger.logInfo ENGINE-01002 Ignoring non-executable process with id 'Process_1'. Set the attribute isExecutable="true" to deploy this process.
05-Apr-2017 00:43:28.045 INFO [http-nio-8080-exec-82] null.null HERE IN THE MIST ONE
05-Apr-2017 00:44:43.815 SEVERE [http-nio-8080-exec-82] org.camunda.commons.logging.BaseLogger.logError ENGINE-16006 BPMN Stack Trace:
	Task_15xi7y8 (activity-execute, ConcurrentExecution[bcfdf3e7-197f-11e7-ac60-acde48001122], pa=UT Mist Deployer App)
	Task_15xi7y8
	  ^
	  |
	ExclusiveGateway_0hrf2ol
	  ^
	  |
	StartEvent_03g2xth

05-Apr-2017 00:44:43.815 SEVERE [http-nio-8080-exec-82] org.camunda.commons.logging.BaseLogger.logError ENGINE-16004 Exception while closing command context: couldn't execute activity <serviceTask id="Task_15xi7y8" ...>: Connect to 138.68.176.11:8098 [/138.68.176.11] failed: Operation timed out (Connection timed out)
 org.camunda.bpm.engine.impl.pvm.PvmException: couldn't execute activity <serviceTask id="Task_15xi7y8" ...>: Connect to 138.68.176.11:8098 [/138.68.176.11] failed: Operation timed out (Connection timed out)
	at org.camunda.bpm.engine.impl.pvm.runtime.operation.PvmAtomicOperationActivityExecute.execute(PvmAtomicOperationActivityExecute.java:45)
	at org.camunda.bpm.engine.impl.pvm.runtime.operation.PvmAtomicOperationActivityExecute.execute(PvmAtomicOperationActivityExecute.java:26)
	at org.camunda.bpm.engine.impl.interceptor.AtomicOperationInvocation.execute(AtomicOperationInvocation.java:81)
	at org.camunda.bpm.engine.impl.interceptor.CommandContext.invokeNext(CommandContext.java:187)
	at org.camunda.bpm.engine.impl.interceptor.CommandContext.performNext(CommandContext.java:166)
	at org.camunda.bpm.engine.impl.interceptor.CommandContext.performOperation(CommandContext.java:141)
	at org.camunda.bpm.engine.impl.persistence.entity.ExecutionEntity.performOperation(ExecutionEntity.java:589)
	at org.camunda.bpm.engine.impl.persistence.entity.ExecutionEntity.performOperation(ExecutionEntity.java:565)
	at org.camunda.bpm.engine.impl.pvm.runtime.operation.PvmAtomicOperationTransitionNotifyListenerStart.eventNotificationsCompleted(PvmAtomicOperationTransitionNotifyListenerStart.java:56)
	at org.camunda.bpm.engine.impl.pvm.runtime.operation.PvmAtomicOperationTransitionNotifyListenerStart.eventNotificationsCompleted(PvmAtomicOperationTransitionNotifyListenerStart.java:26)
	at org.camunda.bpm.engine.impl.core.operation.AbstractEventAtomicOperation.execute(AbstractEventAtomicOperation.java:65)
	at org.camunda.bpm.engine.impl.interceptor.AtomicOperationInvocation.execute(AtomicOperationInvocation.java:81)
	at org.camunda.bpm.engine.impl.interceptor.CommandContext.invokeNext(CommandContext.java:187)
	at org.camunda.bpm.engine.impl.interceptor.CommandContext.performNext(CommandContext.java:166)
	at org.camunda.bpm.engine.impl.interceptor.CommandContext.performOperation(CommandContext.java:141)
	at org.camunda.bpm.engine.impl.interceptor.CommandContext.performOperation(CommandContext.java:131)
	at org.camunda.bpm.engine.impl.persistence.entity.ExecutionEntity.performOperationSync(ExecutionEntity.java:600)
	at org.camunda.bpm.engine.impl.persistence.entity.ExecutionEntity.performOperationSync(ExecutionEntity.java:575)
	at org.camunda.bpm.engine.impl.core.operation.AbstractEventAtomicOperation.execute(AbstractEventAtomicOperation.java:58)
	at org.camunda.bpm.engine.impl.interceptor.AtomicOperationInvocation.execute(AtomicOperationInvocation.java:81)
	at org.camunda.bpm.engine.impl.interceptor.CommandContext.invokeNext(CommandContext.java:187)
	at org.camunda.bpm.engine.impl.interceptor.CommandContext.performNext(CommandContext.java:166)
	at org.camunda.bpm.engine.impl.interceptor.CommandContext.performOperation(CommandContext.java:141)
	at org.camunda.bpm.engine.impl.interceptor.CommandContext.performOperation(CommandContext.java:131)
	at org.camunda.bpm.engine.impl.persistence.entity.ExecutionEntity.performOperationSync(ExecutionEntity.java:600)
	at org.camunda.bpm.engine.impl.persistence.entity.ExecutionEntity.performOperationSync(ExecutionEntity.java:575)
	at org.camunda.bpm.engine.impl.core.operation.AbstractEventAtomicOperation.execute(AbstractEventAtomicOperation.java:58)
	at org.camunda.bpm.engine.impl.interceptor.AtomicOperationInvocation.execute(AtomicOperationInvocation.java:81)
	at org.camunda.bpm.engine.impl.interceptor.CommandContext.invokeNext(CommandContext.java:187)
	at org.camunda.bpm.engine.impl.interceptor.CommandContext.performNext(CommandContext.java:166)
	at org.camunda.bpm.engine.impl.interceptor.CommandContext.performOperation(CommandContext.java:141)
	at org.camunda.bpm.engine.impl.interceptor.CommandContext.performOperation(CommandContext.java:131)
	at org.camunda.bpm.engine.impl.persistence.entity.ExecutionEntity.performOperationSync(ExecutionEntity.java:600)
	at org.camunda.bpm.engine.impl.persistence.entity.ExecutionEntity.performOperationSync(ExecutionEntity.java:575)
	at org.camunda.bpm.engine.impl.core.operation.AbstractEventAtomicOperation.execute(AbstractEventAtomicOperation.java:58)
	at org.camunda.bpm.engine.impl.interceptor.AtomicOperationInvocation.execute(AtomicOperationInvocation.java:81)
	at org.camunda.bpm.engine.impl.interceptor.CommandContext.invokeNext(CommandContext.java:187)
	at org.camunda.bpm.engine.impl.interceptor.CommandContext.performNext(CommandContext.java:166)
	at org.camunda.bpm.engine.impl.interceptor.CommandContext.performOperation(CommandContext.java:141)
	at org.camunda.bpm.engine.impl.persistence.entity.ExecutionEntity.performOperation(ExecutionEntity.java:589)
	at org.camunda.bpm.engine.impl.persistence.entity.ExecutionEntity.performOperation(ExecutionEntity.java:565)
	at org.camunda.bpm.engine.impl.pvm.runtime.operation.PvmAtomicOperationTransitionCreateScope.scopeCreated(PvmAtomicOperationTransitionCreateScope.java:34)
	at org.camunda.bpm.engine.impl.pvm.runtime.operation.PvmAtomicOperationCreateScope.execute(PvmAtomicOperationCreateScope.java:49)
	at org.camunda.bpm.engine.impl.pvm.runtime.operation.PvmAtomicOperationCreateScope.execute(PvmAtomicOperationCreateScope.java:23)
	at org.camunda.bpm.engine.impl.interceptor.AtomicOperationInvocation.execute(AtomicOperationInvocation.java:81)
	at org.camunda.bpm.engine.impl.interceptor.CommandContext.invokeNext(CommandContext.java:187)
	at org.camunda.bpm.engine.impl.interceptor.CommandContext.performNext(CommandContext.java:174)
	at org.camunda.bpm.engine.impl.interceptor.CommandContext$1.call(CommandContext.java:157)
	at org.camunda.bpm.engine.impl.interceptor.CommandContext$1.call(CommandContext.java:155)
	at org.camunda.bpm.engine.impl.context.ProcessApplicationClassloaderInterceptor.call(ProcessApplicationClassloaderInterceptor.java:44)
	at org.camunda.bpm.application.AbstractProcessApplication.execute(AbstractProcessApplication.java:117)
	at org.camunda.bpm.application.AbstractProcessApplication.execute(AbstractProcessApplication.java:130)
	at org.camunda.bpm.engine.impl.context.Context.executeWithinProcessApplication(Context.java:192)
	at org.camunda.bpm.engine.impl.interceptor.CommandContext.performNext(CommandContext.java:155)
	at org.camunda.bpm.engine.impl.interceptor.CommandContext.performOperation(CommandContext.java:141)
	at org.camunda.bpm.engine.impl.persistence.entity.ExecutionEntity.performOperation(ExecutionEntity.java:589)
	at org.camunda.bpm.engine.impl.persistence.entity.ExecutionEntity.performOperation(ExecutionEntity.java:565)
	at org.camunda.bpm.engine.impl.pvm.runtime.PvmExecutionImpl.start(PvmExecutionImpl.java:230)
	at org.camunda.bpm.engine.impl.persistence.entity.ExecutionEntity.start(ExecutionEntity.java:427)
	at org.camunda.bpm.engine.impl.cmd.AbstractCorrelateMessageCmd.instantiateProcess(AbstractCorrelateMessageCmd.java:59)
	at org.camunda.bpm.engine.impl.cmd.CorrelateMessageCmd.execute(CorrelateMessageCmd.java:69)
	at org.camunda.bpm.engine.impl.cmd.CorrelateMessageCmd.execute(CorrelateMessageCmd.java:34)
	at org.camunda.bpm.engine.impl.interceptor.CommandExecutorImpl.execute(CommandExecutorImpl.java:24)
	at org.camunda.bpm.engine.impl.interceptor.CommandContextInterceptor.execute(CommandContextInterceptor.java:104)
	at org.camunda.bpm.engine.impl.interceptor.ProcessApplicationContextInterceptor.execute(ProcessApplicationContextInterceptor.java:66)
	at org.camunda.bpm.engine.impl.interceptor.LogInterceptor.execute(LogInterceptor.java:30)
	at org.camunda.bpm.engine.impl.MessageCorrelationBuilderImpl.execute(MessageCorrelationBuilderImpl.java:201)
	at org.camunda.bpm.engine.impl.MessageCorrelationBuilderImpl.correlate(MessageCorrelationBuilderImpl.java:152)
	at org.camunda.bpm.engine.rest.impl.MessageRestServiceImpl.deliverMessage(MessageRestServiceImpl.java:50)
	at sun.reflect.NativeMethodAccessorImpl.invoke0(Native Method)
	at sun.reflect.NativeMethodAccessorImpl.invoke(NativeMethodAccessorImpl.java:62)
	at sun.reflect.DelegatingMethodAccessorImpl.invoke(DelegatingMethodAccessorImpl.java:43)
	at java.lang.reflect.Method.invoke(Method.java:498)
	at org.jboss.resteasy.core.MethodInjectorImpl.invoke(MethodInjectorImpl.java:167)
	at org.jboss.resteasy.core.ResourceMethod.invokeOnTarget(ResourceMethod.java:257)
	at org.jboss.resteasy.core.ResourceMethod.invoke(ResourceMethod.java:222)
	at org.jboss.resteasy.core.ResourceLocator.invokeOnTargetObject(ResourceLocator.java:159)
	at org.jboss.resteasy.core.ResourceLocator.invoke(ResourceLocator.java:92)
	at org.jboss.resteasy.core.SynchronousDispatcher.getResponse(SynchronousDispatcher.java:542)
	at org.jboss.resteasy.core.SynchronousDispatcher.invoke(SynchronousDispatcher.java:524)
	at org.jboss.resteasy.core.SynchronousDispatcher.invokePropagateNotFound(SynchronousDispatcher.java:169)
	at org.jboss.resteasy.plugins.server.servlet.ServletContainerDispatcher.service(ServletContainerDispatcher.java:212)
	at org.jboss.resteasy.plugins.server.servlet.FilterDispatcher.doFilter(FilterDispatcher.java:59)
	at org.apache.catalina.core.ApplicationFilterChain.internalDoFilter(ApplicationFilterChain.java:239)
	at org.apache.catalina.core.ApplicationFilterChain.doFilter(ApplicationFilterChain.java:206)
	at org.camunda.bpm.engine.rest.filter.CacheControlFilter.doFilter(CacheControlFilter.java:41)
	at org.apache.catalina.core.ApplicationFilterChain.internalDoFilter(ApplicationFilterChain.java:239)
	at org.apache.catalina.core.ApplicationFilterChain.doFilter(ApplicationFilterChain.java:206)
	at org.apache.catalina.core.StandardWrapperValve.invoke(StandardWrapperValve.java:219)
	at org.apache.catalina.core.StandardContextValve.invoke(StandardContextValve.java:106)
	at org.apache.catalina.authenticator.AuthenticatorBase.invoke(AuthenticatorBase.java:502)
	at org.apache.catalina.core.StandardHostValve.invoke(StandardHostValve.java:142)
	at org.apache.catalina.valves.ErrorReportValve.invoke(ErrorReportValve.java:79)
	at org.apache.catalina.valves.AbstractAccessLogValve.invoke(AbstractAccessLogValve.java:617)
	at org.apache.catalina.core.StandardEngineValve.invoke(StandardEngineValve.java:88)
	at org.apache.catalina.connector.CoyoteAdapter.service(CoyoteAdapter.java:518)
	at org.apache.coyote.http11.AbstractHttp11Processor.process(AbstractHttp11Processor.java:1091)
	at org.apache.coyote.AbstractProtocol$AbstractConnectionHandler.process(AbstractProtocol.java:668)
	at org.apache.tomcat.util.net.NioEndpoint$SocketProcessor.doRun(NioEndpoint.java:1527)
	at org.apache.tomcat.util.net.NioEndpoint$SocketProcessor.run(NioEndpoint.java:1484)
	at java.util.concurrent.ThreadPoolExecutor.runWorker(ThreadPoolExecutor.java:1142)
	at java.util.concurrent.ThreadPoolExecutor$Worker.run(ThreadPoolExecutor.java:617)
	at org.apache.tomcat.util.threads.TaskThread$WrappingRunnable.run(TaskThread.java:61)
	at java.lang.Thread.run(Thread.java:745)
Caused by: org.apache.http.conn.HttpHostConnectException: Connect to 138.68.176.11:8098 [/138.68.176.11] failed: Operation timed out (Connection timed out)
	at org.apache.http.impl.conn.HttpClientConnectionOperator.connect(HttpClientConnectionOperator.java:138)
	at org.apache.http.impl.conn.PoolingHttpClientConnectionManager.connect(PoolingHttpClientConnectionManager.java:314)
	at org.apache.http.impl.execchain.MainClientExec.establishRoute(MainClientExec.java:357)
	at org.apache.http.impl.execchain.MainClientExec.execute(MainClientExec.java:218)
	at org.apache.http.impl.execchain.ProtocolExec.execute(ProtocolExec.java:194)
	at org.apache.http.impl.execchain.RetryExec.execute(RetryExec.java:85)
	at org.apache.http.impl.execchain.RedirectExec.execute(RedirectExec.java:108)
	at org.apache.http.impl.client.InternalHttpClient.doExecute(InternalHttpClient.java:186)
	at org.apache.http.impl.client.CloseableHttpClient.execute(CloseableHttpClient.java:82)
	at org.apache.http.impl.client.CloseableHttpClient.execute(CloseableHttpClient.java:106)
	at org.apache.http.impl.client.CloseableHttpClient.execute(CloseableHttpClient.java:57)
	at ee.ut.mobilelab.mistbpmn.MistRequestOne.execute(MistRequestOne.java:59)
	at org.camunda.bpm.engine.impl.bpmn.delegate.JavaDelegateInvocation.invoke(JavaDelegateInvocation.java:36)
	at org.camunda.bpm.engine.impl.delegate.DelegateInvocation.proceed(DelegateInvocation.java:54)
	at org.camunda.bpm.engine.impl.delegate.DefaultDelegateInterceptor.handleInvocationInContext(DefaultDelegateInterceptor.java:87)
	at org.camunda.bpm.engine.impl.delegate.DefaultDelegateInterceptor.handleInvocation(DefaultDelegateInterceptor.java:59)
	at org.camunda.bpm.engine.impl.bpmn.behavior.ServiceTaskJavaDelegateActivityBehavior.execute(ServiceTaskJavaDelegateActivityBehavior.java:49)
	at org.camunda.bpm.engine.impl.bpmn.behavior.ServiceTaskJavaDelegateActivityBehavior.execute(ServiceTaskJavaDelegateActivityBehavior.java:40)
	at org.camunda.bpm.engine.impl.bpmn.behavior.ClassDelegateActivityBehavior$1.call(ClassDelegateActivityBehavior.java:65)
	at org.camunda.bpm.engine.impl.bpmn.behavior.ClassDelegateActivityBehavior$1.call(ClassDelegateActivityBehavior.java:62)
	at org.camunda.bpm.engine.impl.bpmn.behavior.AbstractBpmnActivityBehavior.executeWithErrorPropagation(AbstractBpmnActivityBehavior.java:105)
	at org.camunda.bpm.engine.impl.bpmn.behavior.ClassDelegateActivityBehavior.execute(ClassDelegateActivityBehavior.java:62)
	at org.camunda.bpm.engine.impl.pvm.runtime.operation.PvmAtomicOperationActivityExecute.execute(PvmAtomicOperationActivityExecute.java:41)
	... 103 more
Caused by: java.net.ConnectException: Operation timed out (Connection timed out)
	at java.net.PlainSocketImpl.socketConnect(Native Method)
	at java.net.AbstractPlainSocketImpl.doConnect(AbstractPlainSocketImpl.java:350)
	at java.net.AbstractPlainSocketImpl.connectToAddress(AbstractPlainSocketImpl.java:206)
	at java.net.AbstractPlainSocketImpl.connect(AbstractPlainSocketImpl.java:188)
	at java.net.SocksSocketImpl.connect(SocksSocketImpl.java:392)
	at java.net.Socket.connect(Socket.java:589)
	at org.apache.http.conn.socket.PlainConnectionSocketFactory.connectSocket(PlainConnectionSocketFactory.java:72)
	at org.apache.http.impl.conn.HttpClientConnectionOperator.connect(HttpClientConnectionOperator.java:118)
	... 125 more

05-Apr-2017 00:44:43.817 WARNING [http-nio-8080-exec-82] org.camunda.bpm.engine.rest.exception.ProcessEngineExceptionHandler.toResponse org.camunda.bpm.engine.impl.pvm.PvmException: couldn't execute activity <serviceTask id="Task_15xi7y8" ...>: Connect to 138.68.176.11:8098 [/138.68.176.11] failed: Operation timed out (Connection timed out)
	at org.camunda.bpm.engine.impl.pvm.runtime.operation.PvmAtomicOperationActivityExecute.execute(PvmAtomicOperationActivityExecute.java:45)
	at org.camunda.bpm.engine.impl.pvm.runtime.operation.PvmAtomicOperationActivityExecute.execute(PvmAtomicOperationActivityExecute.java:26)
	at org.camunda.bpm.engine.impl.interceptor.AtomicOperationInvocation.execute(AtomicOperationInvocation.java:81)
	at org.camunda.bpm.engine.impl.interceptor.CommandContext.invokeNext(CommandContext.java:187)
	at org.camunda.bpm.engine.impl.interceptor.CommandContext.performNext(CommandContext.java:166)
	at org.camunda.bpm.engine.impl.interceptor.CommandContext.performOperation(CommandContext.java:141)
	at org.camunda.bpm.engine.impl.persistence.entity.ExecutionEntity.performOperation(ExecutionEntity.java:589)
	at org.camunda.bpm.engine.impl.persistence.entity.ExecutionEntity.performOperation(ExecutionEntity.java:565)
	at org.camunda.bpm.engine.impl.pvm.runtime.operation.PvmAtomicOperationTransitionNotifyListenerStart.eventNotificationsCompleted(PvmAtomicOperationTransitionNotifyListenerStart.java:56)
	at org.camunda.bpm.engine.impl.pvm.runtime.operation.PvmAtomicOperationTransitionNotifyListenerStart.eventNotificationsCompleted(PvmAtomicOperationTransitionNotifyListenerStart.java:26)
	at org.camunda.bpm.engine.impl.core.operation.AbstractEventAtomicOperation.execute(AbstractEventAtomicOperation.java:65)
	at org.camunda.bpm.engine.impl.interceptor.AtomicOperationInvocation.execute(AtomicOperationInvocation.java:81)
	at org.camunda.bpm.engine.impl.interceptor.CommandContext.invokeNext(CommandContext.java:187)
	at org.camunda.bpm.engine.impl.interceptor.CommandContext.performNext(CommandContext.java:166)
	at org.camunda.bpm.engine.impl.interceptor.CommandContext.performOperation(CommandContext.java:141)
	at org.camunda.bpm.engine.impl.interceptor.CommandContext.performOperation(CommandContext.java:131)
	at org.camunda.bpm.engine.impl.persistence.entity.ExecutionEntity.performOperationSync(ExecutionEntity.java:600)
	at org.camunda.bpm.engine.impl.persistence.entity.ExecutionEntity.performOperationSync(ExecutionEntity.java:575)
	at org.camunda.bpm.engine.impl.core.operation.AbstractEventAtomicOperation.execute(AbstractEventAtomicOperation.java:58)
	at org.camunda.bpm.engine.impl.interceptor.AtomicOperationInvocation.execute(AtomicOperationInvocation.java:81)
	at org.camunda.bpm.engine.impl.interceptor.CommandContext.invokeNext(CommandContext.java:187)
	at org.camunda.bpm.engine.impl.interceptor.CommandContext.performNext(CommandContext.java:166)
	at org.camunda.bpm.engine.impl.interceptor.CommandContext.performOperation(CommandContext.java:141)
	at org.camunda.bpm.engine.impl.interceptor.CommandContext.performOperation(CommandContext.java:131)
	at org.camunda.bpm.engine.impl.persistence.entity.ExecutionEntity.performOperationSync(ExecutionEntity.java:600)
	at org.camunda.bpm.engine.impl.persistence.entity.ExecutionEntity.performOperationSync(ExecutionEntity.java:575)
	at org.camunda.bpm.engine.impl.core.operation.AbstractEventAtomicOperation.execute(AbstractEventAtomicOperation.java:58)
	at org.camunda.bpm.engine.impl.interceptor.AtomicOperationInvocation.execute(AtomicOperationInvocation.java:81)
	at org.camunda.bpm.engine.impl.interceptor.CommandContext.invokeNext(CommandContext.java:187)
	at org.camunda.bpm.engine.impl.interceptor.CommandContext.performNext(CommandContext.java:166)
	at org.camunda.bpm.engine.impl.interceptor.CommandContext.performOperation(CommandContext.java:141)
	at org.camunda.bpm.engine.impl.interceptor.CommandContext.performOperation(CommandContext.java:131)
	at org.camunda.bpm.engine.impl.persistence.entity.ExecutionEntity.performOperationSync(ExecutionEntity.java:600)
	at org.camunda.bpm.engine.impl.persistence.entity.ExecutionEntity.performOperationSync(ExecutionEntity.java:575)
	at org.camunda.bpm.engine.impl.core.operation.AbstractEventAtomicOperation.execute(AbstractEventAtomicOperation.java:58)
	at org.camunda.bpm.engine.impl.interceptor.AtomicOperationInvocation.execute(AtomicOperationInvocation.java:81)
	at org.camunda.bpm.engine.impl.interceptor.CommandContext.invokeNext(CommandContext.java:187)
	at org.camunda.bpm.engine.impl.interceptor.CommandContext.performNext(CommandContext.java:166)
	at org.camunda.bpm.engine.impl.interceptor.CommandContext.performOperation(CommandContext.java:141)
	at org.camunda.bpm.engine.impl.persistence.entity.ExecutionEntity.performOperation(ExecutionEntity.java:589)
	at org.camunda.bpm.engine.impl.persistence.entity.ExecutionEntity.performOperation(ExecutionEntity.java:565)
	at org.camunda.bpm.engine.impl.pvm.runtime.operation.PvmAtomicOperationTransitionCreateScope.scopeCreated(PvmAtomicOperationTransitionCreateScope.java:34)
	at org.camunda.bpm.engine.impl.pvm.runtime.operation.PvmAtomicOperationCreateScope.execute(PvmAtomicOperationCreateScope.java:49)
	at org.camunda.bpm.engine.impl.pvm.runtime.operation.PvmAtomicOperationCreateScope.execute(PvmAtomicOperationCreateScope.java:23)
	at org.camunda.bpm.engine.impl.interceptor.AtomicOperationInvocation.execute(AtomicOperationInvocation.java:81)
	at org.camunda.bpm.engine.impl.interceptor.CommandContext.invokeNext(CommandContext.java:187)
	at org.camunda.bpm.engine.impl.interceptor.CommandContext.performNext(CommandContext.java:174)
	at org.camunda.bpm.engine.impl.interceptor.CommandContext$1.call(CommandContext.java:157)
	at org.camunda.bpm.engine.impl.interceptor.CommandContext$1.call(CommandContext.java:155)
	at org.camunda.bpm.engine.impl.context.ProcessApplicationClassloaderInterceptor.call(ProcessApplicationClassloaderInterceptor.java:44)
	at org.camunda.bpm.application.AbstractProcessApplication.execute(AbstractProcessApplication.java:117)
	at org.camunda.bpm.application.AbstractProcessApplication.execute(AbstractProcessApplication.java:130)
	at org.camunda.bpm.engine.impl.context.Context.executeWithinProcessApplication(Context.java:192)
	at org.camunda.bpm.engine.impl.interceptor.CommandContext.performNext(CommandContext.java:155)
	at org.camunda.bpm.engine.impl.interceptor.CommandContext.performOperation(CommandContext.java:141)
	at org.camunda.bpm.engine.impl.persistence.entity.ExecutionEntity.performOperation(ExecutionEntity.java:589)
	at org.camunda.bpm.engine.impl.persistence.entity.ExecutionEntity.performOperation(ExecutionEntity.java:565)
	at org.camunda.bpm.engine.impl.pvm.runtime.PvmExecutionImpl.start(PvmExecutionImpl.java:230)
	at org.camunda.bpm.engine.impl.persistence.entity.ExecutionEntity.start(ExecutionEntity.java:427)
	at org.camunda.bpm.engine.impl.cmd.AbstractCorrelateMessageCmd.instantiateProcess(AbstractCorrelateMessageCmd.java:59)
	at org.camunda.bpm.engine.impl.cmd.CorrelateMessageCmd.execute(CorrelateMessageCmd.java:69)
	at org.camunda.bpm.engine.impl.cmd.CorrelateMessageCmd.execute(CorrelateMessageCmd.java:34)
	at org.camunda.bpm.engine.impl.interceptor.CommandExecutorImpl.execute(CommandExecutorImpl.java:24)
	at org.camunda.bpm.engine.impl.interceptor.CommandContextInterceptor.execute(CommandContextInterceptor.java:104)
	at org.camunda.bpm.engine.impl.interceptor.ProcessApplicationContextInterceptor.execute(ProcessApplicationContextInterceptor.java:66)
	at org.camunda.bpm.engine.impl.interceptor.LogInterceptor.execute(LogInterceptor.java:30)
	at org.camunda.bpm.engine.impl.MessageCorrelationBuilderImpl.execute(MessageCorrelationBuilderImpl.java:201)
	at org.camunda.bpm.engine.impl.MessageCorrelationBuilderImpl.correlate(MessageCorrelationBuilderImpl.java:152)
	at org.camunda.bpm.engine.rest.impl.MessageRestServiceImpl.deliverMessage(MessageRestServiceImpl.java:50)
	at sun.reflect.NativeMethodAccessorImpl.invoke0(Native Method)
	at sun.reflect.NativeMethodAccessorImpl.invoke(NativeMethodAccessorImpl.java:62)
	at sun.reflect.DelegatingMethodAccessorImpl.invoke(DelegatingMethodAccessorImpl.java:43)
	at java.lang.reflect.Method.invoke(Method.java:498)
	at org.jboss.resteasy.core.MethodInjectorImpl.invoke(MethodInjectorImpl.java:167)
	at org.jboss.resteasy.core.ResourceMethod.invokeOnTarget(ResourceMethod.java:257)
	at org.jboss.resteasy.core.ResourceMethod.invoke(ResourceMethod.java:222)
	at org.jboss.resteasy.core.ResourceLocator.invokeOnTargetObject(ResourceLocator.java:159)
	at org.jboss.resteasy.core.ResourceLocator.invoke(ResourceLocator.java:92)
	at org.jboss.resteasy.core.SynchronousDispatcher.getResponse(SynchronousDispatcher.java:542)
	at org.jboss.resteasy.core.SynchronousDispatcher.invoke(SynchronousDispatcher.java:524)
	at org.jboss.resteasy.core.SynchronousDispatcher.invokePropagateNotFound(SynchronousDispatcher.java:169)
	at org.jboss.resteasy.plugins.server.servlet.ServletContainerDispatcher.service(ServletContainerDispatcher.java:212)
	at org.jboss.resteasy.plugins.server.servlet.FilterDispatcher.doFilter(FilterDispatcher.java:59)
	at org.apache.catalina.core.ApplicationFilterChain.internalDoFilter(ApplicationFilterChain.java:239)
	at org.apache.catalina.core.ApplicationFilterChain.doFilter(ApplicationFilterChain.java:206)
	at org.camunda.bpm.engine.rest.filter.CacheControlFilter.doFilter(CacheControlFilter.java:41)
	at org.apache.catalina.core.ApplicationFilterChain.internalDoFilter(ApplicationFilterChain.java:239)
	at org.apache.catalina.core.ApplicationFilterChain.doFilter(ApplicationFilterChain.java:206)
	at org.apache.catalina.core.StandardWrapperValve.invoke(StandardWrapperValve.java:219)
	at org.apache.catalina.core.StandardContextValve.invoke(StandardContextValve.java:106)
	at org.apache.catalina.authenticator.AuthenticatorBase.invoke(AuthenticatorBase.java:502)
	at org.apache.catalina.core.StandardHostValve.invoke(StandardHostValve.java:142)
	at org.apache.catalina.valves.ErrorReportValve.invoke(ErrorReportValve.java:79)
	at org.apache.catalina.valves.AbstractAccessLogValve.invoke(AbstractAccessLogValve.java:617)
	at org.apache.catalina.core.StandardEngineValve.invoke(StandardEngineValve.java:88)
	at org.apache.catalina.connector.CoyoteAdapter.service(CoyoteAdapter.java:518)
	at org.apache.coyote.http11.AbstractHttp11Processor.process(AbstractHttp11Processor.java:1091)
	at org.apache.coyote.AbstractProtocol$AbstractConnectionHandler.process(AbstractProtocol.java:668)
	at org.apache.tomcat.util.net.NioEndpoint$SocketProcessor.doRun(NioEndpoint.java:1527)
	at org.apache.tomcat.util.net.NioEndpoint$SocketProcessor.run(NioEndpoint.java:1484)
	at java.util.concurrent.ThreadPoolExecutor.runWorker(ThreadPoolExecutor.java:1142)
	at java.util.concurrent.ThreadPoolExecutor$Worker.run(ThreadPoolExecutor.java:617)
	at org.apache.tomcat.util.threads.TaskThread$WrappingRunnable.run(TaskThread.java:61)
	at java.lang.Thread.run(Thread.java:745)
Caused by: org.apache.http.conn.HttpHostConnectException: Connect to 138.68.176.11:8098 [/138.68.176.11] failed: Operation timed out (Connection timed out)
	at org.apache.http.impl.conn.HttpClientConnectionOperator.connect(HttpClientConnectionOperator.java:138)
	at org.apache.http.impl.conn.PoolingHttpClientConnectionManager.connect(PoolingHttpClientConnectionManager.java:314)
	at org.apache.http.impl.execchain.MainClientExec.establishRoute(MainClientExec.java:357)
	at org.apache.http.impl.execchain.MainClientExec.execute(MainClientExec.java:218)
	at org.apache.http.impl.execchain.ProtocolExec.execute(ProtocolExec.java:194)
	at org.apache.http.impl.execchain.RetryExec.execute(RetryExec.java:85)
	at org.apache.http.impl.execchain.RedirectExec.execute(RedirectExec.java:108)
	at org.apache.http.impl.client.InternalHttpClient.doExecute(InternalHttpClient.java:186)
	at org.apache.http.impl.client.CloseableHttpClient.execute(CloseableHttpClient.java:82)
	at org.apache.http.impl.client.CloseableHttpClient.execute(CloseableHttpClient.java:106)
	at org.apache.http.impl.client.CloseableHttpClient.execute(CloseableHttpClient.java:57)
	at ee.ut.mobilelab.mistbpmn.MistRequestOne.execute(MistRequestOne.java:59)
	at org.camunda.bpm.engine.impl.bpmn.delegate.JavaDelegateInvocation.invoke(JavaDelegateInvocation.java:36)
	at org.camunda.bpm.engine.impl.delegate.DelegateInvocation.proceed(DelegateInvocation.java:54)
	at org.camunda.bpm.engine.impl.delegate.DefaultDelegateInterceptor.handleInvocationInContext(DefaultDelegateInterceptor.java:87)
	at org.camunda.bpm.engine.impl.delegate.DefaultDelegateInterceptor.handleInvocation(DefaultDelegateInterceptor.java:59)
	at org.camunda.bpm.engine.impl.bpmn.behavior.ServiceTaskJavaDelegateActivityBehavior.execute(ServiceTaskJavaDelegateActivityBehavior.java:49)
	at org.camunda.bpm.engine.impl.bpmn.behavior.ServiceTaskJavaDelegateActivityBehavior.execute(ServiceTaskJavaDelegateActivityBehavior.java:40)
	at org.camunda.bpm.engine.impl.bpmn.behavior.ClassDelegateActivityBehavior$1.call(ClassDelegateActivityBehavior.java:65)
	at org.camunda.bpm.engine.impl.bpmn.behavior.ClassDelegateActivityBehavior$1.call(ClassDelegateActivityBehavior.java:62)
	at org.camunda.bpm.engine.impl.bpmn.behavior.AbstractBpmnActivityBehavior.executeWithErrorPropagation(AbstractBpmnActivityBehavior.java:105)
	at org.camunda.bpm.engine.impl.bpmn.behavior.ClassDelegateActivityBehavior.execute(ClassDelegateActivityBehavior.java:62)
	at org.camunda.bpm.engine.impl.pvm.runtime.operation.PvmAtomicOperationActivityExecute.execute(PvmAtomicOperationActivityExecute.java:41)
	... 103 more
Caused by: java.net.ConnectException: Operation timed out (Connection timed out)
	at java.net.PlainSocketImpl.socketConnect(Native Method)
	at java.net.AbstractPlainSocketImpl.doConnect(AbstractPlainSocketImpl.java:350)
	at java.net.AbstractPlainSocketImpl.connectToAddress(AbstractPlainSocketImpl.java:206)
	at java.net.AbstractPlainSocketImpl.connect(AbstractPlainSocketImpl.java:188)
	at java.net.SocksSocketImpl.connect(SocksSocketImpl.java:392)
	at java.net.Socket.connect(Socket.java:589)
	at org.apache.http.conn.socket.PlainConnectionSocketFactory.connectSocket(PlainConnectionSocketFactory.java:72)
	at org.apache.http.impl.conn.HttpClientConnectionOperator.connect(HttpClientConnectionOperator.java:118)
	... 125 more

05-Apr-2017 09:21:24.760 INFO [Thread-8] org.camunda.commons.logging.BaseLogger.logInfo ENGINE-14015 Shutting down the JobExecutor[org.camunda.bpm.engine.impl.jobexecutor.RuntimeContainerJobExecutor]
05-Apr-2017 09:21:24.777 INFO [20] org.camunda.commons.logging.BaseLogger.logInfo ENGINE-14020 JobExecutor[org.camunda.bpm.engine.impl.jobexecutor.RuntimeContainerJobExecutor] stopped job acquisition
05-Apr-2017 09:21:24.937 INFO [Thread-8] org.camunda.commons.logging.BaseLogger.logInfo ENGINE-08051 Process application UT Mist Deployer App undeployed
05-Apr-2017 09:21:24.953 INFO [Thread-8] org.camunda.commons.logging.BaseLogger.logInfo ENGINE-00007 Process Engine default closed
05-Apr-2017 09:21:24.954 INFO [Thread-8] org.camunda.commons.logging.BaseLogger.logInfo ENGINE-08049 Camunda BPM platform stopped at 'Apache Tomcat/8.0.24'
05-Apr-2017 09:21:24.957 INFO [Thread-8] org.apache.coyote.AbstractProtocol.pause Pausing ProtocolHandler ["http-nio-8080"]
05-Apr-2017 09:21:25.022 INFO [Thread-8] org.apache.coyote.AbstractProtocol.pause Pausing ProtocolHandler ["ajp-nio-8009"]
05-Apr-2017 09:21:25.078 INFO [Thread-8] org.apache.catalina.core.StandardService.stopInternal Stopping service Catalina
05-Apr-2017 09:21:25.159 WARNING [localhost-startStop-2] org.camunda.commons.logging.BaseLogger.logWarn ENGINE-07017 Calling undeploy() on process application that is not deployed.
05-Apr-2017 09:21:25.272 INFO [Thread-8] org.apache.coyote.AbstractProtocol.stop Stopping ProtocolHandler ["http-nio-8080"]
05-Apr-2017 09:21:25.358 INFO [Thread-8] org.apache.coyote.AbstractProtocol.stop Stopping ProtocolHandler ["ajp-nio-8009"]
05-Apr-2017 09:21:25.447 INFO [Thread-8] org.apache.coyote.AbstractProtocol.destroy Destroying ProtocolHandler ["http-nio-8080"]
05-Apr-2017 09:21:25.449 INFO [Thread-8] org.apache.coyote.AbstractProtocol.destroy Destroying ProtocolHandler ["ajp-nio-8009"]
