07-Apr-2017 00:12:29.701 INFO [main] org.apache.catalina.startup.VersionLoggerListener.log Server version:        Apache Tomcat/8.0.24
07-Apr-2017 00:12:29.703 INFO [main] org.apache.catalina.startup.VersionLoggerListener.log Server built:          Jul 1 2015 20:19:55 UTC
07-Apr-2017 00:12:29.703 INFO [main] org.apache.catalina.startup.VersionLoggerListener.log Server number:         8.0.24.0
07-Apr-2017 00:12:29.703 INFO [main] org.apache.catalina.startup.VersionLoggerListener.log OS Name:               Mac OS X
07-Apr-2017 00:12:29.703 INFO [main] org.apache.catalina.startup.VersionLoggerListener.log OS Version:            10.12.3
07-Apr-2017 00:12:29.703 INFO [main] org.apache.catalina.startup.VersionLoggerListener.log Architecture:          x86_64
07-Apr-2017 00:12:29.703 INFO [main] org.apache.catalina.startup.VersionLoggerListener.log Java Home:             /Library/Java/JavaVirtualMachines/jdk1.8.0_111.jdk/Contents/Home/jre
07-Apr-2017 00:12:29.704 INFO [main] org.apache.catalina.startup.VersionLoggerListener.log JVM Version:           1.8.0_111-b14
07-Apr-2017 00:12:29.704 INFO [main] org.apache.catalina.startup.VersionLoggerListener.log JVM Vendor:            Oracle Corporation
07-Apr-2017 00:12:29.704 INFO [main] org.apache.catalina.startup.VersionLoggerListener.log CATALINA_BASE:         /Users/agabaisaac/iot/camunda-rasberry/server/apache-tomcat-8.0.24
07-Apr-2017 00:12:29.704 INFO [main] org.apache.catalina.startup.VersionLoggerListener.log CATALINA_HOME:         /Users/agabaisaac/iot/camunda-rasberry/server/apache-tomcat-8.0.24
07-Apr-2017 00:12:29.705 INFO [main] org.apache.catalina.startup.VersionLoggerListener.log Command line argument: -Djava.util.logging.config.file=./server/apache-tomcat-8.0.24/conf/logging.properties
07-Apr-2017 00:12:29.705 INFO [main] org.apache.catalina.startup.VersionLoggerListener.log Command line argument: -Djava.util.logging.manager=org.apache.juli.ClassLoaderLogManager
07-Apr-2017 00:12:29.705 INFO [main] org.apache.catalina.startup.VersionLoggerListener.log Command line argument: -Xmx512m
07-Apr-2017 00:12:29.705 INFO [main] org.apache.catalina.startup.VersionLoggerListener.log Command line argument: -XX:MaxPermSize=256m
07-Apr-2017 00:12:29.706 INFO [main] org.apache.catalina.startup.VersionLoggerListener.log Command line argument: -XX:PermSize=256m
07-Apr-2017 00:12:29.706 INFO [main] org.apache.catalina.startup.VersionLoggerListener.log Command line argument: -Djava.endorsed.dirs=./server/apache-tomcat-8.0.24/endorsed
07-Apr-2017 00:12:29.706 INFO [main] org.apache.catalina.startup.VersionLoggerListener.log Command line argument: -Dcatalina.base=./server/apache-tomcat-8.0.24
07-Apr-2017 00:12:29.706 INFO [main] org.apache.catalina.startup.VersionLoggerListener.log Command line argument: -Dcatalina.home=./server/apache-tomcat-8.0.24
07-Apr-2017 00:12:29.706 INFO [main] org.apache.catalina.startup.VersionLoggerListener.log Command line argument: -Djava.io.tmpdir=./server/apache-tomcat-8.0.24/temp
07-Apr-2017 00:12:29.706 INFO [main] org.apache.catalina.core.AprLifecycleListener.lifecycleEvent The APR based Apache Tomcat Native library which allows optimal performance in production environments was not found on the java.library.path: /Users/agabaisaac/Library/Java/Extensions:/Library/Java/Extensions:/Network/Library/Java/Extensions:/System/Library/Java/Extensions:/usr/lib/java:.
07-Apr-2017 00:12:29.865 INFO [main] org.apache.coyote.AbstractProtocol.init Initializing ProtocolHandler ["http-nio-8080"]
07-Apr-2017 00:12:29.896 INFO [main] org.apache.tomcat.util.net.NioSelectorPool.getSharedSelector Using a shared selector for servlet write/read
07-Apr-2017 00:12:29.898 INFO [main] org.apache.coyote.AbstractProtocol.init Initializing ProtocolHandler ["ajp-nio-8009"]
07-Apr-2017 00:12:29.900 INFO [main] org.apache.tomcat.util.net.NioSelectorPool.getSharedSelector Using a shared selector for servlet write/read
07-Apr-2017 00:12:29.900 INFO [main] org.apache.catalina.startup.Catalina.load Initialization processed in 608 ms
07-Apr-2017 00:12:29.921 WARNING [main] org.apache.tomcat.jdbc.pool.ConnectionPool.init maxIdle is larger than maxActive, setting maxIdle to: 20
07-Apr-2017 00:12:32.477 INFO [main] org.camunda.commons.logging.BaseLogger.logInfo ENGINE-08046 Found camunda bpm platform configuration in CATALINA_BASE/CATALINA_HOME conf directory [/Users/agabaisaac/iot/camunda-rasberry/server/apache-tomcat-8.0.24/conf/bpm-platform.xml] at 'file:/Users/agabaisaac/iot/camunda-rasberry/server/apache-tomcat-8.0.24/conf/bpm-platform.xml'
07-Apr-2017 00:12:32.692 INFO [main] org.camunda.commons.logging.BaseLogger.logInfo ENGINE-12003 Plugin 'ProcessApplicationEventListenerPlugin' activated on process engine 'default'
07-Apr-2017 00:12:32.700 INFO [main] org.camunda.commons.logging.BaseLogger.logInfo ENGINE-12003 Plugin 'SpinProcessEnginePlugin' activated on process engine 'default'
07-Apr-2017 00:12:32.706 INFO [main] org.camunda.commons.logging.BaseLogger.logInfo SPIN-01010 Discovered Spin data format provider: org.camunda.spin.impl.json.jackson.format.JacksonJsonDataFormatProvider[name = application/json]
07-Apr-2017 00:12:32.909 INFO [main] org.camunda.commons.logging.BaseLogger.logInfo SPIN-01010 Discovered Spin data format provider: org.camunda.spin.impl.xml.dom.format.DomXmlDataFormatProvider[name = application/xml]
07-Apr-2017 00:12:32.920 INFO [main] org.camunda.commons.logging.BaseLogger.logInfo SPIN-01009 Discovered Spin data format: org.camunda.spin.impl.xml.dom.format.DomXmlDataFormat[name = application/xml]
07-Apr-2017 00:12:32.921 INFO [main] org.camunda.commons.logging.BaseLogger.logInfo SPIN-01009 Discovered Spin data format: org.camunda.spin.impl.json.jackson.format.JacksonJsonDataFormat[name = application/json]
07-Apr-2017 00:12:32.921 INFO [main] org.camunda.commons.logging.BaseLogger.logInfo ENGINE-12003 Plugin 'ConnectProcessEnginePlugin' activated on process engine 'default'
07-Apr-2017 00:12:33.128 INFO [main] org.camunda.commons.logging.BaseLogger.logInfo CNCT-01004 Discovered provider for connector id 'http-connector' and class 'org.camunda.connect.httpclient.impl.HttpConnectorImpl': 'org.camunda.connect.httpclient.impl.HttpConnectorProviderImpl'
07-Apr-2017 00:12:33.130 INFO [main] org.camunda.commons.logging.BaseLogger.logInfo CNCT-01004 Discovered provider for connector id 'soap-http-connector' and class 'org.camunda.connect.httpclient.soap.impl.SoapHttpConnectorImpl': 'org.camunda.connect.httpclient.soap.impl.SoapHttpConnectorProviderImpl'
07-Apr-2017 00:12:34.933 INFO [main] org.camunda.commons.logging.BaseLogger.logInfo ENGINE-00001 Process Engine default created.
07-Apr-2017 00:12:34.934 INFO [main] org.camunda.commons.logging.BaseLogger.logInfo ENGINE-14014 Starting up the JobExecutor[org.camunda.bpm.engine.impl.jobexecutor.RuntimeContainerJobExecutor].
07-Apr-2017 00:12:34.935 INFO [Thread-6] org.camunda.commons.logging.BaseLogger.logInfo ENGINE-14018 JobExecutor[org.camunda.bpm.engine.impl.jobexecutor.RuntimeContainerJobExecutor] starting to acquire jobs
07-Apr-2017 00:12:35.107 INFO [main] org.camunda.commons.logging.BaseLogger.logInfo ENGINE-08048 Camunda BPM platform sucessfully started at 'Apache Tomcat/8.0.24'.
07-Apr-2017 00:12:35.120 INFO [main] org.apache.catalina.core.StandardService.startInternal Starting service Catalina
07-Apr-2017 00:12:35.120 INFO [main] org.apache.catalina.core.StandardEngine.startInternal Starting Servlet Engine: Apache Tomcat/8.0.24
07-Apr-2017 00:12:35.150 INFO [localhost-startStop-1] org.apache.catalina.startup.HostConfig.deployWAR Deploying web application archive /Users/agabaisaac/iot/camunda-rasberry/server/apache-tomcat-8.0.24/webapps/deployer-0.war
07-Apr-2017 00:12:36.571 INFO [localhost-startStop-1] org.camunda.commons.logging.BaseLogger.logInfo ENGINE-07015 Detected @ProcessApplication class 'ee.ut.mobilelab.mistbpmn.InstantiateProcessByMessageDelegate'
07-Apr-2017 00:12:36.607 INFO [localhost-startStop-1] org.apache.jasper.servlet.TldScanner.scanJars At least one JAR was scanned for TLDs yet contained no TLDs. Enable debug logging for this logger for a complete list of JARs that were scanned but no TLDs were found in them. Skipping unneeded JARs during scanning can improve startup time and JSP compilation time.
07-Apr-2017 00:12:36.635 INFO [localhost-startStop-1] org.camunda.commons.logging.BaseLogger.logInfo ENGINE-08024 Found processes.xml file at file:/Users/agabaisaac/iot/camunda-rasberry/server/apache-tomcat-8.0.24/webapps/deployer-0/WEB-INF/classes/META-INF/processes.xml
07-Apr-2017 00:12:36.647 INFO [localhost-startStop-1] org.camunda.commons.logging.BaseLogger.logInfo ENGINE-08023 Deployment summary for process archive 'ut-mist-deployer': 

        mist_deployer_process.bpmn
        message_start_process.bpmn

07-Apr-2017 00:12:37.205 INFO [localhost-startStop-1] org.camunda.commons.logging.BaseLogger.logInfo ENGINE-07021 ProcessApplication 'UT Mist Deployer App' registered for DB deployments [6ea28ffc-1968-11e7-ac60-acde48001122, ab2fec12-1972-11e7-ac60-acde48001122, 8f3df9d3-1979-11e7-ac60-acde48001122, 12a0c4c7-197a-11e7-ac60-acde48001122]. Will execute process definitions 

        Mist_Deployer_Process[version: 1, id: Mist_Deployer_Process:1:6eaec4ff-1968-11e7-ac60-acde48001122]
        Mist_Deployer_Process[version: 2, id: Mist_Deployer_Process:2:ab356a55-1972-11e7-ac60-acde48001122]
        Mist_Deployer_Process[version: 3, id: Mist_Deployer_Process:3:8f42dbd6-1979-11e7-ac60-acde48001122]
        Mist_Deployer_Process[version: 4, id: Mist_Deployer_Process:4:12a2c09a-197a-11e7-ac60-acde48001122]
Deployment does not provide any case definitions.
07-Apr-2017 00:12:37.211 INFO [localhost-startStop-1] org.camunda.commons.logging.BaseLogger.logInfo SPIN-01010 Discovered Spin data format provider: org.camunda.spin.impl.json.jackson.format.JacksonJsonDataFormatProvider[name = application/json]
07-Apr-2017 00:12:37.211 INFO [localhost-startStop-1] org.camunda.commons.logging.BaseLogger.logInfo SPIN-01010 Discovered Spin data format provider: org.camunda.spin.impl.xml.dom.format.DomXmlDataFormatProvider[name = application/xml]
07-Apr-2017 00:12:37.212 INFO [localhost-startStop-1] org.camunda.commons.logging.BaseLogger.logInfo SPIN-01009 Discovered Spin data format: org.camunda.spin.impl.xml.dom.format.DomXmlDataFormat[name = application/xml]
07-Apr-2017 00:12:37.212 INFO [localhost-startStop-1] org.camunda.commons.logging.BaseLogger.logInfo SPIN-01009 Discovered Spin data format: org.camunda.spin.impl.json.jackson.format.JacksonJsonDataFormat[name = application/json]
07-Apr-2017 00:12:37.214 INFO [localhost-startStop-1] org.camunda.commons.logging.BaseLogger.logInfo ENGINE-08050 Process application UT Mist Deployer App successfully deployed
07-Apr-2017 00:12:37.248 INFO [localhost-startStop-1] org.apache.catalina.startup.HostConfig.deployWAR Deployment of web application archive /Users/agabaisaac/iot/camunda-rasberry/server/apache-tomcat-8.0.24/webapps/deployer-0.war has finished in 2,097 ms
07-Apr-2017 00:12:37.249 INFO [localhost-startStop-1] org.apache.catalina.startup.HostConfig.deployDirectory Deploying web application directory /Users/agabaisaac/iot/camunda-rasberry/server/apache-tomcat-8.0.24/webapps/camunda
07-Apr-2017 00:12:38.487 INFO [localhost-startStop-1] org.apache.jasper.servlet.TldScanner.scanJars At least one JAR was scanned for TLDs yet contained no TLDs. Enable debug logging for this logger for a complete list of JARs that were scanned but no TLDs were found in them. Skipping unneeded JARs during scanning can improve startup time and JSP compilation time.
07-Apr-2017 00:12:38.707 INFO [localhost-startStop-1] org.apache.catalina.startup.HostConfig.deployDirectory Deployment of web application directory /Users/agabaisaac/iot/camunda-rasberry/server/apache-tomcat-8.0.24/webapps/camunda has finished in 1,458 ms
07-Apr-2017 00:12:38.708 INFO [localhost-startStop-1] org.apache.catalina.startup.HostConfig.deployDirectory Deploying web application directory /Users/agabaisaac/iot/camunda-rasberry/server/apache-tomcat-8.0.24/webapps/camunda-welcome
07-Apr-2017 00:12:39.523 INFO [localhost-startStop-1] org.apache.jasper.servlet.TldScanner.scanJars At least one JAR was scanned for TLDs yet contained no TLDs. Enable debug logging for this logger for a complete list of JARs that were scanned but no TLDs were found in them. Skipping unneeded JARs during scanning can improve startup time and JSP compilation time.
07-Apr-2017 00:12:39.526 INFO [localhost-startStop-1] org.apache.catalina.startup.HostConfig.deployDirectory Deployment of web application directory /Users/agabaisaac/iot/camunda-rasberry/server/apache-tomcat-8.0.24/webapps/camunda-welcome has finished in 818 ms
07-Apr-2017 00:12:39.526 INFO [localhost-startStop-1] org.apache.catalina.startup.HostConfig.deployDirectory Deploying web application directory /Users/agabaisaac/iot/camunda-rasberry/server/apache-tomcat-8.0.24/webapps/engine-rest
07-Apr-2017 00:12:40.535 INFO [localhost-startStop-1] org.apache.jasper.servlet.TldScanner.scanJars At least one JAR was scanned for TLDs yet contained no TLDs. Enable debug logging for this logger for a complete list of JARs that were scanned but no TLDs were found in them. Skipping unneeded JARs during scanning can improve startup time and JSP compilation time.
07-Apr-2017 00:12:40.620 INFO [localhost-startStop-1] org.jboss.resteasy.logging.impl.Slf4jLogger.info Deploying javax.ws.rs.core.Application: class org.camunda.bpm.engine.rest.impl.application.DefaultApplication
07-Apr-2017 00:12:40.679 INFO [localhost-startStop-1] org.apache.catalina.startup.HostConfig.deployDirectory Deployment of web application directory /Users/agabaisaac/iot/camunda-rasberry/server/apache-tomcat-8.0.24/webapps/engine-rest has finished in 1,153 ms
07-Apr-2017 00:12:40.679 INFO [localhost-startStop-1] org.apache.catalina.startup.HostConfig.deployDirectory Deploying web application directory /Users/agabaisaac/iot/camunda-rasberry/server/apache-tomcat-8.0.24/webapps/h2
07-Apr-2017 00:12:41.493 INFO [localhost-startStop-1] org.apache.jasper.servlet.TldScanner.scanJars At least one JAR was scanned for TLDs yet contained no TLDs. Enable debug logging for this logger for a complete list of JARs that were scanned but no TLDs were found in them. Skipping unneeded JARs during scanning can improve startup time and JSP compilation time.
07-Apr-2017 00:12:41.498 INFO [localhost-startStop-1] org.apache.catalina.startup.HostConfig.deployDirectory Deployment of web application directory /Users/agabaisaac/iot/camunda-rasberry/server/apache-tomcat-8.0.24/webapps/h2 has finished in 819 ms
07-Apr-2017 00:12:41.498 INFO [localhost-startStop-1] org.apache.catalina.startup.HostConfig.deployDirectory Deploying web application directory /Users/agabaisaac/iot/camunda-rasberry/server/apache-tomcat-8.0.24/webapps/host-manager
07-Apr-2017 00:12:42.302 INFO [localhost-startStop-1] org.apache.jasper.servlet.TldScanner.scanJars At least one JAR was scanned for TLDs yet contained no TLDs. Enable debug logging for this logger for a complete list of JARs that were scanned but no TLDs were found in them. Skipping unneeded JARs during scanning can improve startup time and JSP compilation time.
07-Apr-2017 00:12:42.310 INFO [localhost-startStop-1] org.apache.catalina.startup.HostConfig.deployDirectory Deployment of web application directory /Users/agabaisaac/iot/camunda-rasberry/server/apache-tomcat-8.0.24/webapps/host-manager has finished in 811 ms
07-Apr-2017 00:12:42.310 INFO [localhost-startStop-1] org.apache.catalina.startup.HostConfig.deployDirectory Deploying web application directory /Users/agabaisaac/iot/camunda-rasberry/server/apache-tomcat-8.0.24/webapps/manager
07-Apr-2017 00:12:43.133 INFO [localhost-startStop-1] org.apache.jasper.servlet.TldScanner.scanJars At least one JAR was scanned for TLDs yet contained no TLDs. Enable debug logging for this logger for a complete list of JARs that were scanned but no TLDs were found in them. Skipping unneeded JARs during scanning can improve startup time and JSP compilation time.
07-Apr-2017 00:12:43.134 INFO [localhost-startStop-1] org.apache.catalina.startup.HostConfig.deployDirectory Deployment of web application directory /Users/agabaisaac/iot/camunda-rasberry/server/apache-tomcat-8.0.24/webapps/manager has finished in 824 ms
07-Apr-2017 00:12:43.135 INFO [localhost-startStop-1] org.apache.catalina.startup.HostConfig.deployDirectory Deploying web application directory /Users/agabaisaac/iot/camunda-rasberry/server/apache-tomcat-8.0.24/webapps/ROOT
07-Apr-2017 00:12:43.919 INFO [localhost-startStop-1] org.apache.jasper.servlet.TldScanner.scanJars At least one JAR was scanned for TLDs yet contained no TLDs. Enable debug logging for this logger for a complete list of JARs that were scanned but no TLDs were found in them. Skipping unneeded JARs during scanning can improve startup time and JSP compilation time.
07-Apr-2017 00:12:43.925 INFO [localhost-startStop-1] org.apache.catalina.startup.HostConfig.deployDirectory Deployment of web application directory /Users/agabaisaac/iot/camunda-rasberry/server/apache-tomcat-8.0.24/webapps/ROOT has finished in 790 ms
07-Apr-2017 00:12:43.930 INFO [main] org.apache.coyote.AbstractProtocol.start Starting ProtocolHandler ["http-nio-8080"]
07-Apr-2017 00:12:43.936 INFO [main] org.apache.coyote.AbstractProtocol.start Starting ProtocolHandler ["ajp-nio-8009"]
07-Apr-2017 00:12:43.937 INFO [main] org.apache.catalina.startup.Catalina.start Server startup in 14036 ms
07-Apr-2017 09:45:14.348 INFO [Thread-8] org.camunda.commons.logging.BaseLogger.logInfo ENGINE-14015 Shutting down the JobExecutor[org.camunda.bpm.engine.impl.jobexecutor.RuntimeContainerJobExecutor]
07-Apr-2017 09:45:14.356 INFO [20] org.camunda.commons.logging.BaseLogger.logInfo ENGINE-14020 JobExecutor[org.camunda.bpm.engine.impl.jobexecutor.RuntimeContainerJobExecutor] stopped job acquisition
07-Apr-2017 09:45:14.628 INFO [Thread-8] org.camunda.commons.logging.BaseLogger.logInfo ENGINE-08051 Process application UT Mist Deployer App undeployed
07-Apr-2017 09:45:14.636 INFO [Thread-8] org.camunda.commons.logging.BaseLogger.logInfo ENGINE-00007 Process Engine default closed
07-Apr-2017 09:45:14.637 INFO [Thread-8] org.camunda.commons.logging.BaseLogger.logInfo ENGINE-08049 Camunda BPM platform stopped at 'Apache Tomcat/8.0.24'
07-Apr-2017 09:45:14.640 INFO [Thread-8] org.apache.coyote.AbstractProtocol.pause Pausing ProtocolHandler ["http-nio-8080"]
07-Apr-2017 09:45:17.715 INFO [Thread-8] org.apache.coyote.AbstractProtocol.pause Pausing ProtocolHandler ["ajp-nio-8009"]
07-Apr-2017 09:45:17.768 INFO [Thread-8] org.apache.catalina.core.StandardService.stopInternal Stopping service Catalina
07-Apr-2017 09:45:17.822 WARNING [localhost-startStop-2] org.camunda.commons.logging.BaseLogger.logWarn ENGINE-07017 Calling undeploy() on process application that is not deployed.
07-Apr-2017 09:45:17.860 INFO [Thread-8] org.apache.coyote.AbstractProtocol.stop Stopping ProtocolHandler ["http-nio-8080"]
07-Apr-2017 09:45:17.938 INFO [Thread-8] org.apache.coyote.AbstractProtocol.stop Stopping ProtocolHandler ["ajp-nio-8009"]
07-Apr-2017 09:45:17.943 INFO [Thread-8] org.apache.coyote.AbstractProtocol.destroy Destroying ProtocolHandler ["http-nio-8080"]
07-Apr-2017 09:45:17.944 INFO [Thread-8] org.apache.coyote.AbstractProtocol.destroy Destroying ProtocolHandler ["ajp-nio-8009"]
